Log file open, 08/18/18 17:51:38
LogWindows: Failed to load 'aqProf.dll' (GetLastError=126)
LogWindows: File 'aqProf.dll' does not exist
LogWindows: Failed to load 'VtuneApi.dll' (GetLastError=126)
LogWindows: File 'VtuneApi.dll' does not exist
LogWindows: Failed to load 'VtuneApi32e.dll' (GetLastError=126)
LogWindows: File 'VtuneApi32e.dll' does not exist
LogInit: Display: Running engine for game: Am_i_Free
LogPlatformFile: Not using cached read wrapper
LogInit: Display: RandInit(-823460451) SRandInit(-823460451).
LogInit: Read version file with build ID '3944462'
LogInit: Overriding engine version to CL 4033788, compatible CL 3944462
LogInit: Registered custom module enumerator with build ID '3944462'
LogTaskGraph: Started task graph with 5 named threads and 23 total threads with 3 sets of task threads.
LogStats: Stats thread started at 0.276943
LogD3D11RHI: Aftermath initialized
LogICUInternationalization: Display: ICU TimeZone Detection - Raw Offset: +2:00, Platform Override: ''
LogModuleManager: Display: Found up-to-date module file ../../../Engine/Plugins/Marketplace/Substance/Binaries/Win64/UE4Editor-SubstanceCore.dll (API version 3944462).
LogModuleManager: Display: Found up-to-date module file ../../../Engine/Plugins/Marketplace/Substance/Binaries/Win64/UE4Editor-SubstanceEditor.dll (API version 3944462).
LogModuleManager: Display: Found up-to-date module file ../../../Engine/Plugins/Marketplace/Substance/Binaries/Win64/UE4Editor-SubstanceSource.dll (API version 3944462).
LogModuleManager: Display: Found up-to-date module file ../../../Engine/Plugins/Marketplace/Substance/Binaries/Win64/UE4Editor-SubstanceLiveLink.dll (API version 3944462).
LogModuleManager: Display: Found up-to-date module file ../../../Engine/Plugins/2D/Paper2D/Binaries/Win64/UE4Editor-Paper2D.dll (API version 3944462).
LogModuleManager: Display: Found up-to-date module file ../../../Engine/Plugins/2D/Paper2D/Binaries/Win64/UE4Editor-Paper2DEditor.dll (API version 3944462).
LogModuleManager: Display: Found up-to-date module file ../../../Engine/Plugins/2D/Paper2D/Binaries/Win64/UE4Editor-PaperSpriteSheetImporter.dll (API version 3944462).
LogModuleManager: Display: Found up-to-date module file ../../../Engine/Plugins/2D/Paper2D/Binaries/Win64/UE4Editor-PaperTiledImporter.dll (API version 3944462).
LogModuleManager: Display: Found up-to-date module file ../../../Engine/Plugins/2D/Paper2D/Binaries/Win64/UE4Editor-SmartSnapping.dll (API version 3944462).
LogModuleManager: Display: Found up-to-date module file ../../../Engine/Plugins/Blendables/LightPropagationVolume/Binaries/Win64/UE4Editor-LightPropagationVolumeRuntime.dll (API version 3944462).
LogModuleManager: Display: Found up-to-date module file ../../../Engine/Plugins/Blendables/LightPropagationVolume/Binaries/Win64/UE4Editor-LightPropagationVolumeEditor.dll (API version 3944462).
LogModuleManager: Display: Found up-to-date module file ../../../Engine/Plugins/Developer/CLionSourceCodeAccess/Binaries/Win64/UE4Editor-CLionSourceCodeAccess.dll (API version 3944462).
LogModuleManager: Display: Found up-to-date module file ../../../Engine/Plugins/Developer/GitSourceControl/Binaries/Win64/UE4Editor-GitSourceControl.dll (API version 3944462).
LogModuleManager: Display: Found up-to-date module file ../../../Engine/Plugins/Developer/PerforceSourceControl/Binaries/Win64/UE4Editor-PerforceSourceControl.dll (API version 3944462).
LogModuleManager: Display: Found up-to-date module file ../../../Engine/Plugins/Developer/SubversionSourceControl/Binaries/Win64/UE4Editor-SubversionSourceControl.dll (API version 3944462).
LogModuleManager: Display: Found up-to-date module file ../../../Engine/Plugins/Developer/UObjectPlugin/Binaries/Win64/UE4Editor-UObjectPlugin.dll (API version 3944462).
LogModuleManager: Display: Found up-to-date module file ../../../Engine/Plugins/Developer/VisualStudioCodeSourceCodeAccess/Binaries/Win64/UE4Editor-VisualStudioCodeSourceCodeAccess.dll (API version 3944462).
LogModuleManager: Display: Found up-to-date module file ../../../Engine/Plugins/Developer/VisualStudioSourceCodeAccess/Binaries/Win64/UE4Editor-VisualStudioSourceCodeAccess.dll (API version 3944462).
LogModuleManager: Display: Found up-to-date module file ../../../Engine/Plugins/Editor/AssetManagerEditor/Binaries/Win64/UE4Editor-AssetManagerEditor.dll (API version 3944462).
LogModuleManager: Display: Found up-to-date module file ../../../Engine/Plugins/Editor/CryptoKeys/Binaries/Win64/UE4Editor-CryptoKeys.dll (API version 3944462).
LogModuleManager: Display: Found up-to-date module file ../../../Engine/Plugins/Editor/CryptoKeys/Binaries/Win64/UE4Editor-CryptoKeysOpenSSL.dll (API version 3944462).
LogModuleManager: Display: Found up-to-date module file ../../../Engine/Plugins/Editor/DataValidation/Binaries/Win64/UE4Editor-DataValidation.dll (API version 3944462).
LogModuleManager: Display: Found up-to-date module file ../../../Engine/Plugins/Editor/FacialAnimation/Binaries/Win64/UE4Editor-FacialAnimation.dll (API version 3944462).
LogModuleManager: Display: Found up-to-date module file ../../../Engine/Plugins/Editor/FacialAnimation/Binaries/Win64/UE4Editor-FacialAnimationEditor.dll (API version 3944462).
LogModuleManager: Display: Found up-to-date module file ../../../Engine/Plugins/Editor/GameplayTagsEditor/Binaries/Win64/UE4Editor-GameplayTagsEditor.dll (API version 3944462).
LogModuleManager: Display: Found up-to-date module file ../../../Engine/Plugins/Editor/MobileLauncherProfileWizard/Binaries/Win64/UE4Editor-MobileLauncherProfileWizard.dll (API version 3944462).
LogModuleManager: Display: Found up-to-date module file ../../../Engine/Plugins/Editor/PluginBrowser/Binaries/Win64/UE4Editor-PluginBrowser.dll (API version 3944462).
LogModuleManager: Display: Found up-to-date module file ../../../Engine/Plugins/Editor/SpeedTreeImporter/Binaries/Win64/UE4Editor-SpeedTreeImporter.dll (API version 3944462).
LogModuleManager: Display: Found up-to-date module file ../../../Engine/Plugins/Enterprise/DatasmithContent/Binaries/Win64/UE4Editor-DatasmithContent.dll (API version 3944462).
LogModuleManager: Display: Found up-to-date module file ../../../Engine/Plugins/Experimental/AlembicImporter/Binaries/Win64/UE4Editor-AlembicImporter.dll (API version 3944462).
LogModuleManager: Display: Found up-to-date module file ../../../Engine/Plugins/Experimental/AlembicImporter/Binaries/Win64/UE4Editor-AlembicLibrary.dll (API version 3944462).
LogModuleManager: Display: Found up-to-date module file ../../../Engine/Plugins/Experimental/CharacterAI/Binaries/Win64/UE4Editor-CharacterAI.dll (API version 3944462).
LogModuleManager: Display: Found up-to-date module file ../../../Engine/Plugins/Experimental/HTML5Networking/Binaries/Win64/UE4Editor-HTML5Networking.dll (API version 3944462).
LogModuleManager: Display: Found up-to-date module file ../../../Engine/Plugins/Media/AndroidMedia/Binaries/Win64/UE4Editor-AndroidMediaEditor.dll (API version 3944462).
LogModuleManager: Display: Found up-to-date module file ../../../Engine/Plugins/Media/AndroidMedia/Binaries/Win64/UE4Editor-AndroidMediaFactory.dll (API version 3944462).
LogModuleManager: Display: Found up-to-date module file ../../../Engine/Plugins/Media/AvfMedia/Binaries/Win64/UE4Editor-AvfMediaEditor.dll (API version 3944462).
LogModuleManager: Display: Found up-to-date module file ../../../Engine/Plugins/Media/AvfMedia/Binaries/Win64/UE4Editor-AvfMediaFactory.dll (API version 3944462).
LogModuleManager: Display: Found up-to-date module file ../../../Engine/Plugins/Media/AvfMedia/Binaries/Win64/UE4Editor-AvfMediaFactory.dll (API version 3944462).
LogModuleManager: Display: Found up-to-date module file ../../../Engine/Plugins/Media/ImgMedia/Binaries/Win64/UE4Editor-ImgMedia.dll (API version 3944462).
LogModuleManager: Display: Found up-to-date module file ../../../Engine/Plugins/Media/ImgMedia/Binaries/Win64/UE4Editor-ImgMediaEditor.dll (API version 3944462).
LogModuleManager: Display: Found up-to-date module file ../../../Engine/Plugins/Media/ImgMedia/Binaries/Win64/UE4Editor-ImgMediaFactory.dll (API version 3944462).
LogModuleManager: Display: Found up-to-date module file ../../../Engine/Plugins/Media/ImgMedia/Binaries/Win64/UE4Editor-ImgMediaFactory.dll (API version 3944462).
LogModuleManager: Display: Found up-to-date module file ../../../Engine/Plugins/Media/ImgMedia/Binaries/Win64/UE4Editor-OpenExrWrapper.dll (API version 3944462).
LogModuleManager: Display: Found up-to-date module file ../../../Engine/Plugins/Media/LinearTimecode/Binaries/Win64/UE4Editor-LinearTimecode.dll (API version 3944462).
LogModuleManager: Display: Found up-to-date module file ../../../Engine/Plugins/Media/MediaCompositing/Binaries/Win64/UE4Editor-MediaCompositing.dll (API version 3944462).
LogModuleManager: Display: Found up-to-date module file ../../../Engine/Plugins/Media/MediaCompositing/Binaries/Win64/UE4Editor-MediaCompositingEditor.dll (API version 3944462).
LogModuleManager: Display: Found up-to-date module file ../../../Engine/Plugins/Media/MediaPlayerEditor/Binaries/Win64/UE4Editor-MediaPlayerEditor.dll (API version 3944462).
LogModuleManager: Display: Found up-to-date module file ../../../Engine/Plugins/Media/WmfMedia/Binaries/Win64/UE4Editor-WmfMedia.dll (API version 3944462).
LogModuleManager: Display: Found up-to-date module file ../../../Engine/Plugins/Media/WmfMedia/Binaries/Win64/UE4Editor-WmfMediaEditor.dll (API version 3944462).
LogModuleManager: Display: Found up-to-date module file ../../../Engine/Plugins/Media/WmfMedia/Binaries/Win64/UE4Editor-WmfMediaFactory.dll (API version 3944462).
LogModuleManager: Display: Found up-to-date module file ../../../Engine/Plugins/Media/WmfMedia/Binaries/Win64/UE4Editor-WmfMediaFactory.dll (API version 3944462).
LogModuleManager: Display: Found up-to-date module file ../../../Engine/Plugins/Messaging/TcpMessaging/Binaries/Win64/UE4Editor-TcpMessaging.dll (API version 3944462).
LogModuleManager: Display: Found up-to-date module file ../../../Engine/Plugins/Messaging/UdpMessaging/Binaries/Win64/UE4Editor-UdpMessaging.dll (API version 3944462).
LogModuleManager: Display: Found up-to-date module file ../../../Engine/Plugins/MovieScene/ActorSequence/Binaries/Win64/UE4Editor-ActorSequence.dll (API version 3944462).
LogModuleManager: Display: Found up-to-date module file ../../../Engine/Plugins/MovieScene/LevelSequenceEditor/Binaries/Win64/UE4Editor-LevelSequenceEditor.dll (API version 3944462).
LogModuleManager: Display: Found up-to-date module file ../../../Engine/Plugins/MovieScene/MatineeToLevelSequence/Binaries/Win64/UE4Editor-MatineeToLevelSequence.dll (API version 3944462).
LogModuleManager: Display: Found up-to-date module file ../../../Engine/Plugins/NetcodeUnitTest/NetcodeUnitTest/Binaries/Win64/UE4Editor-NetcodeUnitTest.dll (API version 3944462).
LogModuleManager: Display: Found up-to-date module file ../../../Engine/Plugins/NetcodeUnitTest/NUTUnrealEngine4/Binaries/Win64/UE4Editor-NUTUnrealEngine4.dll (API version 3944462).
LogModuleManager: Display: Found up-to-date module file ../../../Engine/Plugins/Online/OnlineSubsystem/Binaries/Win64/UE4Editor-OnlineSubsystem.dll (API version 3944462).
LogModuleManager: Display: Found up-to-date module file ../../../Engine/Plugins/Runtime/AndroidPermission/Binaries/Win64/UE4Editor-AndroidPermission.dll (API version 3944462).
LogModuleManager: Display: Found up-to-date module file ../../../Engine/Plugins/Online/OnlineSubsystemNull/Binaries/Win64/UE4Editor-OnlineSubsystemNull.dll (API version 3944462).
LogModuleManager: Display: Found up-to-date module file ../../../Engine/Plugins/Online/OnlineSubsystemUtils/Binaries/Win64/UE4Editor-OnlineSubsystemUtils.dll (API version 3944462).
LogModuleManager: Display: Found up-to-date module file ../../../Engine/Plugins/Online/OnlineSubsystemUtils/Binaries/Win64/UE4Editor-OnlineBlueprintSupport.dll (API version 3944462).
LogModuleManager: Display: Found up-to-date module file ../../../Engine/Plugins/Runtime/AndroidDeviceProfileSelector/Binaries/Win64/UE4Editor-AndroidDeviceProfileSelector.dll (API version 3944462).
LogModuleManager: Display: Found up-to-date module file ../../../Engine/Plugins/Runtime/AppleARKit/Binaries/Win64/UE4Editor-AppleARKit.dll (API version 3944462).
LogModuleManager: Display: Found up-to-date module file ../../../Engine/Plugins/Runtime/ProceduralMeshComponent/Binaries/Win64/UE4Editor-ProceduralMeshComponent.dll (API version 3944462).
LogModuleManager: Display: Found up-to-date module file ../../../Engine/Plugins/Runtime/ProceduralMeshComponent/Binaries/Win64/UE4Editor-ProceduralMeshComponentEditor.dll (API version 3944462).
LogModuleManager: Display: Found up-to-date module file ../../../Engine/Plugins/Animation/LiveLink/Binaries/Win64/UE4Editor-LiveLink.dll (API version 3944462).
LogModuleManager: Display: Found up-to-date module file ../../../Engine/Plugins/Animation/LiveLink/Binaries/Win64/UE4Editor-LiveLinkEditor.dll (API version 3944462).
LogModuleManager: Display: Found up-to-date module file ../../../Engine/Plugins/Runtime/ArchVisCharacter/Binaries/Win64/UE4Editor-ArchVisCharacter.dll (API version 3944462).
LogModuleManager: Display: Found up-to-date module file ../../../Engine/Plugins/Runtime/AudioCapture/Binaries/Win64/UE4Editor-AudioCapture.dll (API version 3944462).
LogModuleManager: Display: Found up-to-date module file ../../../Engine/Plugins/Runtime/AudioCapture/Binaries/Win64/UE4Editor-AudioCaptureEditor.dll (API version 3944462).
LogModuleManager: Display: Found up-to-date module file ../../../Engine/Plugins/Runtime/CableComponent/Binaries/Win64/UE4Editor-CableComponent.dll (API version 3944462).
LogModuleManager: Display: Found up-to-date module file ../../../Engine/Plugins/Runtime/CustomMeshComponent/Binaries/Win64/UE4Editor-CustomMeshComponent.dll (API version 3944462).
LogModuleManager: Display: Found up-to-date module file ../../../Engine/Plugins/Runtime/ExampleDeviceProfileSelector/Binaries/Win64/UE4Editor-ExampleDeviceProfileSelector.dll (API version 3944462).
LogModuleManager: Display: Found up-to-date module file ../../../Engine/Plugins/Runtime/ImmediatePhysics/Binaries/Win64/UE4Editor-ImmediatePhysics.dll (API version 3944462).
LogModuleManager: Display: Found up-to-date module file ../../../Engine/Plugins/Runtime/ImmediatePhysics/Binaries/Win64/UE4Editor-ImmediatePhysicsEditor.dll (API version 3944462).
LogModuleManager: Display: Found up-to-date module file ../../../Engine/Plugins/Runtime/LocationServicesBPLibrary/Binaries/Win64/UE4Editor-LocationServicesBPLibrary.dll (API version 3944462).
LogModuleManager: Display: Found up-to-date module file ../../../Engine/Plugins/Runtime/MobilePatchingUtils/Binaries/Win64/UE4Editor-MobilePatchingUtils.dll (API version 3944462).
LogModuleManager: Display: Found up-to-date module file ../../../Engine/Plugins/Runtime/Oculus/OculusVR/Binaries/Win64/UE4Editor-OculusHMD.dll (API version 3944462).
LogModuleManager: Display: Found up-to-date module file ../../../Engine/Plugins/Runtime/Oculus/OculusVR/Binaries/Win64/UE4Editor-OculusInput.dll (API version 3944462).
LogModuleManager: Display: Found up-to-date module file ../../../Engine/Plugins/Runtime/Oculus/OculusVR/Binaries/Win64/UE4Editor-OculusEditor.dll (API version 3944462).
LogModuleManager: Display: Found up-to-date module file ../../../Engine/Plugins/Runtime/PhysXVehicles/Binaries/Win64/UE4Editor-PhysXVehicles.dll (API version 3944462).
LogModuleManager: Display: Found up-to-date module file ../../../Engine/Plugins/Runtime/PhysXVehicles/Binaries/Win64/UE4Editor-PhysXVehiclesEditor.dll (API version 3944462).
LogModuleManager: Display: Found up-to-date module file ../../../Engine/Plugins/Runtime/RuntimePhysXCooking/Binaries/Win64/UE4Editor-RuntimePhysXCooking.dll (API version 3944462).
LogModuleManager: Display: Found up-to-date module file ../../../Engine/Plugins/Runtime/Steam/SteamVR/Binaries/Win64/UE4Editor-SteamVR.dll (API version 3944462).
LogModuleManager: Display: Found up-to-date module file ../../../Engine/Plugins/Runtime/Steam/SteamVR/Binaries/Win64/UE4Editor-SteamVRController.dll (API version 3944462).
LogModuleManager: Display: Found up-to-date module file ../../../Engine/Plugins/Runtime/WindowsMoviePlayer/Binaries/Win64/UE4Editor-WindowsMoviePlayer.dll (API version 3944462).
LogPluginManager: Mounting plugin Paper2D
LogPluginManager: Mounting plugin LiveLink
LogPluginManager: Mounting plugin LightPropagationVolume
LogPluginManager: Mounting plugin CLionSourceCodeAccess
LogPluginManager: Mounting plugin CodeLiteSourceCodeAccess
LogPluginManager: Mounting plugin GitSourceControl
LogPluginManager: Mounting plugin KDevelopSourceCodeAccess
LogPluginManager: Mounting plugin NullSourceCodeAccess
LogPluginManager: Mounting plugin PerforceSourceControl
LogPluginManager: Mounting plugin SubversionSourceControl
LogPluginManager: Mounting plugin UObjectPlugin
LogPluginManager: Mounting plugin VisualStudioCodeSourceCodeAccess
LogPluginManager: Mounting plugin VisualStudioSourceCodeAccess
LogPluginManager: Mounting plugin XCodeSourceCodeAccess
LogPluginManager: Mounting plugin AssetManagerEditor
LogPluginManager: Mounting plugin CryptoKeys
LogPluginManager: Mounting plugin DataValidation
LogPluginManager: Mounting plugin FacialAnimation
LogPluginManager: Mounting plugin GameplayTagsEditor
LogPluginManager: Mounting plugin MobileLauncherProfileWizard
LogPluginManager: Mounting plugin PluginBrowser
LogPluginManager: Mounting plugin SpeedTreeImporter
LogPluginManager: Mounting plugin DatasmithContent
LogPluginManager: Mounting plugin AlembicImporter
LogPluginManager: Mounting plugin CharacterAI
LogPluginManager: Mounting plugin HTML5Networking
LogPluginManager: Mounting plugin Substance
LogPluginManager: Mounting plugin AndroidMedia
LogPluginManager: Mounting plugin AvfMedia
LogPluginManager: Mounting plugin ImgMedia
LogPluginManager: Mounting plugin LinearTimecode
LogPluginManager: Mounting plugin MediaCompositing
LogPluginManager: Mounting plugin MediaPlayerEditor
LogPluginManager: Mounting plugin WmfMedia
LogPluginManager: Mounting plugin TcpMessaging
LogPluginManager: Mounting plugin UdpMessaging
LogPluginManager: Mounting plugin ActorSequence
LogPluginManager: Mounting plugin LevelSequenceEditor
LogPluginManager: Mounting plugin MatineeToLevelSequence
LogPluginManager: Mounting plugin NetcodeUnitTest
LogPluginManager: Mounting plugin NUTUnrealEngine4
LogPluginManager: Mounting plugin OnlineSubsystemGooglePlay
LogPluginManager: Mounting plugin OnlineSubsystemIOS
LogPluginManager: Mounting plugin OnlineSubsystem
LogPluginManager: Mounting plugin OnlineSubsystemNull
LogPluginManager: Mounting plugin OnlineSubsystemUtils
LogPluginManager: Mounting plugin AndroidDeviceProfileSelector
LogPluginManager: Mounting plugin AndroidMoviePlayer
LogPluginManager: Mounting plugin AndroidPermission
LogPluginManager: Mounting plugin AppleARKit
LogPluginManager: Mounting plugin AppleMoviePlayer
LogPluginManager: Mounting plugin ArchVisCharacter
LogPluginManager: Mounting plugin AudioCapture
LogPluginManager: Mounting plugin CableComponent
LogPluginManager: Mounting plugin CustomMeshComponent
LogPluginManager: Mounting plugin ExampleDeviceProfileSelector
LogPluginManager: Mounting plugin GoogleCloudMessaging
LogPluginManager: Mounting plugin ImmediatePhysics
LogPluginManager: Mounting plugin IOSDeviceProfileSelector
LogPluginManager: Mounting plugin LinuxDeviceProfileSelector
LogPluginManager: Mounting plugin LocationServicesBPLibrary
LogPluginManager: Mounting plugin MobilePatchingUtils
LogPluginManager: Mounting plugin OculusVR
LogPluginManager: Plugin shader directory ../../../Engine/Plugins/Runtime/Oculus/OculusVR/Shaders found
LogPluginManager: Mapping shader source directory ../../../Engine/Plugins/Runtime/Oculus/OculusVR/Shaders to virtual directory /Plugin/OculusVR
LogPluginManager: Mounting plugin PhysXVehicles
LogPluginManager: Mounting plugin ProceduralMeshComponent
LogPluginManager: Mounting plugin RuntimePhysXCooking
LogPluginManager: Mounting plugin SteamVR
LogPluginManager: Mounting plugin WindowsMoviePlayer
LogStreaming: Display: Took  1.169s to configure plugins.
LogInit: Using libcurl 7.47.1
LogInit:  - built for x86_64-pc-win32
LogInit:  - supports SSL with OpenSSL/1.0.2g
LogInit:  - supports HTTP deflate (compression) using libz 1.2.8
LogInit:  - other features:
LogInit:      CURL_VERSION_SSL
LogInit:      CURL_VERSION_LIBZ
LogInit:      CURL_VERSION_IPV6
LogInit:      CURL_VERSION_ASYNCHDNS
LogInit:      CURL_VERSION_LARGEFILE
LogInit:      CURL_VERSION_IDN
LogInit:  CurlRequestOptions (configurable via config and command line):
LogInit:  - bVerifyPeer = false  - Libcurl will NOT verify peer certificate
LogInit:  - bUseHttpProxy = false  - Libcurl will NOT use HTTP proxy
LogInit:  - bDontReuseConnections = false  - Libcurl will reuse connections
LogInit:  - CertBundlePath = nullptr  - Libcurl will use whatever was configured at build time.
LogInit:  - MaxHostConnections = 16  - Libcurl will limit the number of connections to a host
LogInit:  - LocalHostAddr = Default
LogInit: WinSock: version 1.1 (2.2), MaxSocks=32767, MaxUdp=65467
LogInit: WinSock: I am DESKTOP-28I2SJ6 (192.168.0.18:0)
LogInit: Build: ++UE4+Release-4.19-CL-4033788
LogInit: Engine Version: 4.19.2-4033788+++UE4+Release-4.19
LogInit: Compatible Engine Version: 4.19.0-3944462+++UE4+Release-4.19
LogInit: Net CL: 3944462
LogDevObjectVersion: Number of dev versions registered: 18
LogDevObjectVersion:   Dev-Blueprints (B0D832E4-1F89-4F0D-ACCF-7EB736FD4AA2): 10
LogDevObjectVersion:   Dev-Build (E1C64328-A22C-4D53-A36C-8E866417BD8C): 0
LogDevObjectVersion:   Dev-Core (375EC13C-06E4-48FB-B500-84F0262A717E): 2
LogDevObjectVersion:   Dev-Editor (E4B068ED-F494-42E9-A231-DA0B2E46BB41): 23
LogDevObjectVersion:   Dev-Framework (CFFC743F-43B0-4480-9391-14DF171D2073): 33
LogDevObjectVersion:   Dev-Mobile (B02B49B5-BB20-44E9-A304-32B752E40360): 2
LogDevObjectVersion:   Dev-Networking (A4E4105C-59A1-49B5-A7C5-40C4547EDFEE): 0
LogDevObjectVersion:   Dev-Online (39C831C9-5AE6-47DC-9A44-9C173E1C8E7C): 0
LogDevObjectVersion:   Dev-Physics (78F01B33-EBEA-4F98-B9B4-84EACCB95AA2): 0
LogDevObjectVersion:   Dev-Platform (6631380F-2D4D-43E0-8009-CF276956A95A): 0
LogDevObjectVersion:   Dev-Rendering (12F88B9F-8875-4AFC-A67C-D90C383ABD29): 25
LogDevObjectVersion:   Dev-Sequencer (7B5AE74C-D270-4C10-A958-57980B212A5A): 6
LogDevObjectVersion:   Dev-VR (D7296918-1DD6-4BDD-9DE2-64A83CC13884): 1
LogDevObjectVersion:   Dev-LoadTimes (C2A15278-BFE7-4AFE-6C17-90FF531DF755): 1
LogDevObjectVersion:   Private-Geometry (6EACA3D4-40EC-4CC1-B786-8BED09428FC5): 2
LogDevObjectVersion:   Dev-AnimPhys (29E575DD-E0A3-4627-9D10-D276232CDCEA): 16
LogDevObjectVersion:   Dev-ReflectionCapture (6B266CEC-1EC7-4B8F-A30B-E4D90942FC07): 1
LogDevObjectVersion:   Dev-Automation (0DF73D61-A23F-47EA-B727-89E90C41499A): 1
LogInit: Compiled (64-bit): Apr 27 2018 02:06:57
LogInit: Compiled with Visual C++: 19.00.24215.01
LogInit: Build Configuration: Development
LogInit: Branch Name: ++UE4+Release-4.19
LogInit: Command Line:  
LogInit: Base Directory: C:/Program Files/Epic Games/UE_4.19/Engine/Binaries/Win64/
LogInit: Installed Engine Build: 1
LogStreaming: Display: Took  0.003s to delete old logs.
LogInit: Presizing for max 8388607 objects, including 0 objects not considered by GC, pre-allocating 0 bytes for permanent pool.
LogInit: Object subsystem initialized
[2018.08.18-14.51.40:553][  0]LogInit: Selected Device Profile: [Windows]
[2018.08.18-14.51.40:553][  0]LogInit: Applying CVar settings loaded from the selected device profile: [Windows]
[2018.08.18-14.51.40:573][  0]LogInit: Computer: DESKTOP-28I2SJ6
[2018.08.18-14.51.40:573][  0]LogInit: User: mglenovo
[2018.08.18-14.51.40:573][  0]LogInit: CPU Page size=4096, Cores=4
[2018.08.18-14.51.40:573][  0]LogInit: High frequency timer resolution =2.435779 MHz
[2018.08.18-14.51.40:574][  0]LogMemory: Memory total: Physical=15.9GB (16GB approx)
[2018.08.18-14.51.40:574][  0]LogMemory: Platform Memory Stats for Windows
[2018.08.18-14.51.40:574][  0]LogMemory: Process Physical Memory: 275.08 MB used, 275.08 MB peak
[2018.08.18-14.51.40:574][  0]LogMemory: Process Virtual Memory: 264.75 MB used, 264.75 MB peak
[2018.08.18-14.51.40:574][  0]LogMemory: Physical Memory: 4856.64 MB used,  11439.64 MB free, 16296.27 MB total
[2018.08.18-14.51.40:574][  0]LogMemory: Virtual Memory: 4795.27 MB used,  11439.64 MB free, 134217728.00 MB total
[2018.08.18-14.51.40:602][  0]LogInit: Using OS detected language (tr-TR).
[2018.08.18-14.51.40:602][  0]LogInit: Using OS detected locale (tr-TR).
[2018.08.18-14.51.40:606][  0]LogTextLocalizationManager: No localization for 'tr-TR' exists, so 'en' will be used for the language.
[2018.08.18-14.51.41:203][  0]LogStreaming: Display: Took  0.601s to EndInitTextLocalization.
[2018.08.18-14.51.41:204][  0]LogInit: Setting process to per monitor DPI aware
[2018.08.18-14.51.41:238][  0]LogSlate: New Slate User Created.  User Index 0, Is Virtual User: 0
[2018.08.18-14.51.41:238][  0]LogSlate: Slate User Registered.  User Index 0, Is Virtual User: 0
[2018.08.18-14.51.41:481][  0]LogD3D11RHI: D3D11 adapters:
[2018.08.18-14.51.42:260][  0]LogD3D11RHI:    0. 'NVIDIA GeForce GTX 860M' (Feature Level 11_0)
[2018.08.18-14.51.42:260][  0]LogD3D11RHI:       4064/0/8148 MB DedicatedVideo/DedicatedSystem/SharedSystem, Outputs:1, VendorId:0x10de
[2018.08.18-14.51.42:267][  0]LogD3D11RHI:    1. 'Intel(R) HD Graphics 4600' (Feature Level 11_0)
[2018.08.18-14.51.42:267][  0]LogD3D11RHI:       112/0/2048 MB DedicatedVideo/DedicatedSystem/SharedSystem, Outputs:0, VendorId:0x8086
[2018.08.18-14.51.42:269][  0]LogD3D11RHI:    2. 'Microsoft Basic Render Driver' (Feature Level 11_0)
[2018.08.18-14.51.42:269][  0]LogD3D11RHI:       0/0/8148 MB DedicatedVideo/DedicatedSystem/SharedSystem, Outputs:0, VendorId:0x1414
[2018.08.18-14.51.42:269][  0]LogD3D11RHI: Chosen D3D11 Adapter: 0
[2018.08.18-14.51.42:285][  0]LogD3D11RHI: Creating new Direct3DDevice
[2018.08.18-14.51.42:286][  0]LogD3D11RHI:     GPU DeviceId: 0x1392 (for the marketing name, search the web for "GPU Device Id")
[2018.08.18-14.51.42:286][  0]LogWindows: EnumDisplayDevices:
[2018.08.18-14.51.42:286][  0]LogWindows:    0. 'Intel(R) HD Graphics 4600' (P:1 D:1)
[2018.08.18-14.51.42:286][  0]LogWindows:    1. 'Intel(R) HD Graphics 4600' (P:0 D:0)
[2018.08.18-14.51.42:286][  0]LogWindows:    2. 'Intel(R) HD Graphics 4600' (P:0 D:0)
[2018.08.18-14.51.42:286][  0]LogWindows: DebugString: GetVideoDriverDetailsInvalid PrimaryIsNotTheChoosenAdapter GetVideoDriverDetailsInvalid PrimaryIsNotTheChoosenAdapter GetVideoDriverDetailsInvalid PrimaryIsNotTheChoosenAdapter FoundDriverCount:0 
[2018.08.18-14.51.42:286][  0]LogD3D11RHI:     Adapter Name: NVIDIA GeForce GTX 860M
[2018.08.18-14.51.42:286][  0]LogD3D11RHI:   Driver Version: Unknown (internal:Unknown, unified:Unknown)
[2018.08.18-14.51.42:286][  0]LogD3D11RHI:      Driver Date: Unknown
[2018.08.18-14.51.42:286][  0]LogRHI: Texture pool is 2845 MB (70% of 4064 MB)
[2018.08.18-14.51.42:306][  0]LogD3D11RHI: [Aftermath] Aftermath enabled but failed to initialize
[2018.08.18-14.51.42:306][  0]LogD3D11RHI: [Aftermath] Aftermath enabled and primed
[2018.08.18-14.51.42:306][  0]LogD3D11RHI: Async texture creation enabled
[2018.08.18-14.51.42:318][  0]LogD3D11RHI: GPU Timing Frequency: 1000.000000 (Debug: 2 1)
[2018.08.18-14.51.42:319][  0]LogShaderCompilers: Guid format shader working directory is -12 characters bigger than the processId version (../../../../../../Users/mg-lenovo/Documents/GitHub/VogsAmIFree/Intermediate/Shaders/WorkingDirectory/9808/).
[2018.08.18-14.51.42:319][  0]LogShaderCompilers: Cleaned the shader compiler working directory 'C:/Users/mg-lenovo/AppData/Local/Temp/UnrealShaderWorkingDir/3310C3674B5074A3108E989AE3A8A464/'.
[2018.08.18-14.51.42:649][  0]LogTemp: Display: Loaded TP AllDesktopTargetPlatform
[2018.08.18-14.51.42:667][  0]LogTemp: Display: Loaded TP MacClientTargetPlatform
[2018.08.18-14.51.42:685][  0]LogTemp: Display: Loaded TP MacNoEditorTargetPlatform
[2018.08.18-14.51.42:703][  0]LogTemp: Display: Loaded TP MacServerTargetPlatform
[2018.08.18-14.51.42:721][  0]LogTemp: Display: Loaded TP MacTargetPlatform
[2018.08.18-14.51.42:739][  0]LogTemp: Display: Loaded TP WindowsClientTargetPlatform
[2018.08.18-14.51.42:757][  0]LogTemp: Display: Loaded TP WindowsNoEditorTargetPlatform
[2018.08.18-14.51.42:775][  0]LogTemp: Display: Loaded TP WindowsServerTargetPlatform
[2018.08.18-14.51.42:784][  0]LogTemp: Display: Loaded TP WindowsTargetPlatform
[2018.08.18-14.51.42:800][  0]LogTemp: Display: Loaded TP Android_ASTCTargetPlatform
[2018.08.18-14.51.42:816][  0]LogTemp: Display: Loaded TP Android_ATCTargetPlatform
[2018.08.18-14.51.42:832][  0]LogTemp: Display: Loaded TP Android_DXTTargetPlatform
[2018.08.18-14.51.42:848][  0]LogTemp: Display: Loaded TP Android_ETC1aTargetPlatform
[2018.08.18-14.51.42:866][  0]LogTemp: Display: Loaded TP Android_ETC1TargetPlatform
[2018.08.18-14.51.42:887][  0]LogTemp: Display: Loaded TP Android_ETC2TargetPlatform
[2018.08.18-14.51.42:920][  0]LogTemp: Display: Loaded TP Android_MultiTargetPlatform
[2018.08.18-14.51.42:920][  0]LogTemp: Display: Loaded TP Android_PVRTCTargetPlatform
[2018.08.18-14.51.42:936][  0]LogTemp: Display: Loaded TP AndroidTargetPlatform
[2018.08.18-14.51.42:938][  0]LogTemp: Display: Loaded TP HTML5TargetPlatform
[2018.08.18-14.51.42:980][  0]LogTemp: Display: Loaded TP IOSTargetPlatform
[2018.08.18-14.51.42:995][  0]LogTemp: Display: Loaded TP TVOSTargetPlatform
[2018.08.18-14.51.43:011][  0]LogTemp: Display: Loaded TP LinuxClientTargetPlatform
[2018.08.18-14.51.43:027][  0]LogTemp: Display: Loaded TP LinuxNoEditorTargetPlatform
[2018.08.18-14.51.43:043][  0]LogTemp: Display: Loaded TP LinuxServerTargetPlatform
[2018.08.18-14.51.43:059][  0]LogTemp: Display: Loaded TP LinuxTargetPlatform
[2018.08.18-14.51.43:059][  0]LogTargetPlatformManager: Display: Building Assets For Windows
[2018.08.18-14.51.43:202][  0]LogXGEController: Cleaning working directory: C:/Users/mg-lenovo/AppData/Local/Temp/UnrealXGEWorkingDir/
[2018.08.18-14.51.43:202][  0]LogXGEController: Cannot use XGE Controller as Incredibuild is not installed on this machine.
[2018.08.18-14.51.43:203][  0]LogShaderCompilers: Cannot use XGE Shader Compiler as Incredibuild is not installed on this machine.
[2018.08.18-14.51.43:203][  0]LogShaderCompilers: Display: Using Local Shader Compiler.
[2018.08.18-14.51.44:140][  0]LogDerivedDataCache: Display: Max Cache Size: 512 MB
[2018.08.18-14.51.44:227][  0]LogDerivedDataCache: Loaded boot cache 0.09s 74MB C:/Users/mg-lenovo/AppData/Local/UnrealEngine/4.19/DerivedDataCache/Boot.ddc.
[2018.08.18-14.51.44:227][  0]LogDerivedDataCache: Display: Loaded Boot cache: C:/Users/mg-lenovo/AppData/Local/UnrealEngine/4.19/DerivedDataCache/Boot.ddc
[2018.08.18-14.51.44:227][  0]LogDerivedDataCache: FDerivedDataBackendGraph:  Pak pak cache file ../../../../../../Users/mg-lenovo/Documents/GitHub/VogsAmIFree/DerivedDataCache/DDC.ddp not found, will not use a pak cache.
[2018.08.18-14.51.44:227][  0]LogDerivedDataCache: Unable to find inner node Pak for hierarchical cache Hierarchy.
[2018.08.18-14.51.44:227][  0]LogDerivedDataCache: FDerivedDataBackendGraph:  CompressedPak pak cache file ../../../../../../Users/mg-lenovo/Documents/GitHub/VogsAmIFree/DerivedDataCache/Compressed.ddp not found, will not use a pak cache.
[2018.08.18-14.51.44:227][  0]LogDerivedDataCache: Unable to find inner node CompressedPak for hierarchical cache Hierarchy.
[2018.08.18-14.51.44:248][  0]LogDerivedDataCache: Display: Pak cache opened for reading ../../../Engine/DerivedDataCache/Compressed.ddp.
[2018.08.18-14.51.44:261][  0]LogDerivedDataCache: Using Local data cache path C:/Users/mg-lenovo/AppData/Local/UnrealEngine/Common/DerivedDataCache: Writable
[2018.08.18-14.51.44:261][  0]LogDerivedDataCache: Shared data cache path not found in *engine.ini, will not use an Shared cache.
[2018.08.18-14.51.44:261][  0]LogDerivedDataCache: Unable to find inner node Shared for hierarchical cache Hierarchy.
[2018.08.18-14.51.44:276][  0]LogMaterial: Verifying Global Shaders for PCD3D_SM5
[2018.08.18-14.51.44:276][  0]LogSlate: Using Freetype 2.6.0
[2018.08.18-14.51.44:277][  0]LogSlate: SlateFontCache - WITH_FREETYPE: 1, WITH_HARFBUZZ: 1
[2018.08.18-14.51.44:277][  0]LogSlate: SlateFontCache - WITH_FREETYPE: 1, WITH_HARFBUZZ: 1
[2018.08.18-14.51.44:429][  0]LogAssetRegistry: FAssetRegistry took 0.0284 seconds to start up
[2018.08.18-14.51.44:892][  0]LogInit: Selected Device Profile: [Windows]
[2018.08.18-14.51.45:112][  0]LogSimplygon: Simplygon DLL not present - disabling.
[2018.08.18-14.51.45:116][  0]LogMeshReduction: Using SimplygonSwarm for distributed automatic mesh merging
[2018.08.18-14.51.45:116][  0]LogMeshReduction: Using QuadricMeshReduction for automatic static mesh reduction
[2018.08.18-14.51.45:116][  0]LogMeshReduction: No automatic skeletal mesh reduction module available
[2018.08.18-14.51.45:116][  0]LogMeshReduction: No automatic mesh merging module available
[2018.08.18-14.51.45:116][  0]LogMeshMerging: No automatic mesh merging module available
[2018.08.18-14.51.45:157][  0]LogNetVersion: Am_i_Free , NetCL: 3944462, EngineNetVer: 2, GameNetVer: 0 (Checksum: 3243282978)
[2018.08.18-14.51.45:697][  0]LogPackageLocalizationCache: Processed 9 localized package path(s) for 1 prioritized culture(s) in 0.055159 seconds
[2018.08.18-14.51.45:705][  0]LogUObjectArray: 36728 objects as part of root set at end of initial load.
[2018.08.18-14.51.45:705][  0]LogUObjectAllocator: 7314312 out of 0 bytes used by permanent object pool.
[2018.08.18-14.51.45:705][  0]LogUObjectArray: CloseDisregardForGC: 0/0 objects in disregard for GC pool
[2018.08.18-14.51.47:887][  0]LogSubstanceCoreModule: Substance [CPU] Engine Loaded, Max Texture Size = 2048
[2018.08.18-14.51.47:914][  0]LogTcpMessaging: Initializing TcpMessaging bridge
[2018.08.18-14.51.47:950][  0]LogUdpMessaging: Initializing bridge on interface 0.0.0.0:0 to multicast group 230.0.0.1:6666.
[2018.08.18-14.51.48:419][  0]SourceControl: Source control is disabled
[2018.08.18-14.51.48:419][  0]SourceControl: Source control is disabled
[2018.08.18-14.51.48:442][  0]SourceControl: Source control is disabled
[2018.08.18-14.51.48:465][  0]SourceControl: Source control is disabled
[2018.08.18-14.51.49:092][  0]LogAndroidPermission: UAndroidPermissionCallbackProxy::GetInstance
[2018.08.18-14.51.49:282][  0]LogOcInput: OculusInput pre-init called
[2018.08.18-14.51.49:602][  0]LogEngine: Initializing Engine...
[2018.08.18-14.51.49:604][  0]LogHMD: Failed to initialize OpenVR with code 110
[2018.08.18-14.51.49:606][  0]LogStats: UGameplayTagsManager::ConstructGameplayTagTree: Construct from data asset -  0.000 s
[2018.08.18-14.51.49:606][  0]LogStats: UGameplayTagsManager::ConstructGameplayTagTree: GameplayTagTreeChangedEvent.Broadcast -  0.000 s
[2018.08.18-14.51.49:900][  0]LogAIModule: Creating AISystem for world Untitled
[2018.08.18-14.51.49:908][  0]LogInit: XAudio2 using 'Hoparlör (Realtek High Definition Audio)' : 2 channels at 48 kHz using 32 bits per sample (channel mask 0x3)
[2018.08.18-14.51.49:932][  0]LogInit: FAudioDevice initialized.
[2018.08.18-14.51.50:290][  0]LogDerivedDataCache: Saved boot cache 0.36s 74MB C:/Users/mg-lenovo/AppData/Local/UnrealEngine/4.19/DerivedDataCache/Boot.ddc.
[2018.08.18-14.51.50:330][  0]LogInit: Texture streaming: Enabled
[2018.08.18-14.51.50:353][  0]LogEngineSessionManager: EngineSessionManager initialized
[2018.08.18-14.51.50:375][  0]LogInit: Transaction tracking system initialized
[2018.08.18-14.51.50:405][  0]BlueprintLog: New page: Editor Load
[2018.08.18-14.51.50:500][  0]LocalizationService: Localization service is disabled
[2018.08.18-14.51.50:649][  0]LogUObjectGlobals: Created PersistentFrame Addr=0x00000216202155a0, Size=88, Default__Landscape_Sculpt_Mode_C Function /Engine/Tutorial/Landscape/Landscape_Sculpt_Mode.Landscape_Sculpt_Mode_C:ExecuteUbergraph_Landscape_Sculpt_Mode
[2018.08.18-14.51.50:652][  0]LogUObjectGlobals: Destroyed PersistentFrame Addr=0x00000216202155a0, Size=88
[2018.08.18-14.51.50:652][  0]LogUObjectGlobals: Created PersistentFrame Addr=0x00000216202155a0, Size=88, Default__Landscape_Sculpt_Mode_C Function /Engine/Transient.REINST_Landscape_Sculpt_Mode_C_3:ExecuteUbergraph_Landscape_Sculpt_Mode
[2018.08.18-14.51.50:655][  0]LogUObjectGlobals: Created PersistentFrame Addr=0x00000216246d3470, Size=80, Default__Landscape_Sculpt_Mode_C Function /Engine/Tutorial/Landscape/Landscape_Sculpt_Mode.Landscape_Sculpt_Mode_C:ExecuteUbergraph_Landscape_Sculpt_Mode
[2018.08.18-14.51.50:725][  0]LogConsoleResponse: Display: 
[2018.08.18-14.51.50:910][  0]LogCook: Display: Max memory allowance for cook 16384mb min free memory 0mb
[2018.08.18-14.51.50:910][  0]LogCook: Display: Mobile HDR setting 1
[2018.08.18-14.51.50:910][  0]LogGameplayTags: Display: UGameplayTagsManager::DoneAddingNativeTags. DelegateIsBound: 0
[2018.08.18-14.51.50:910][  0]LogStats: UGameplayTagsManager::ConstructGameplayTagTree: Construct from data asset -  0.000 s
[2018.08.18-14.51.50:910][  0]LogStats: UGameplayTagsManager::ConstructGameplayTagTree: GameplayTagTreeChangedEvent.Broadcast -  0.000 s
[2018.08.18-14.51.50:999][  0]LogFileCache: Scanning file cache for directory 'C:/Users/mg-lenovo/Documents/GitHub/VogsAmIFree/Content/' took 0.02s
[2018.08.18-14.51.51:382][  0]SourceControl: Source control is disabled
[2018.08.18-14.51.51:382][  0]Cmd: MAP LOAD FILE="../../../../../../Users/mg-lenovo/Documents/GitHub/VogsAmIFree/Content/map/Maps/Tech_demo.umap" TEMPLATE=0 SHOWPROGRESS=1 FEATURELEVEL=3
[2018.08.18-14.51.51:382][  0]LightingResults: New page: Lighting Build
[2018.08.18-14.51.51:386][  0]MapCheck: New page: Map Check
[2018.08.18-14.51.51:386][  0]LightingResults: New page: Lighting Build
[2018.08.18-14.51.51:399][  0]LogUObjectGlobals: Destroyed PersistentFrame Addr=0x00000216202155a0, Size=88
[2018.08.18-14.51.51:426][  0]LogUObjectGlobals: Created PersistentFrame Addr=0x0000021624243e40, Size=64, Default__ThirdPerson_AnimBP_C Function /Game/Mannequin/Animations/ThirdPerson_AnimBP.ThirdPerson_AnimBP_C:ExecuteUbergraph_ThirdPerson_AnimBP
[2018.08.18-14.51.51:439][  0]LogUObjectGlobals: Destroyed PersistentFrame Addr=0x0000021624243e40, Size=64
[2018.08.18-14.51.51:439][  0]LogUObjectGlobals: Created PersistentFrame Addr=0x0000021624243ec0, Size=64, Default__ThirdPerson_AnimBP_C Function /Engine/Transient.REINST_ThirdPerson_AnimBP_C_0:ExecuteUbergraph_ThirdPerson_AnimBP
[2018.08.18-14.51.51:449][  0]LogUObjectGlobals: Created PersistentFrame Addr=0x00000216241461b0, Size=72, Default__ThirdPerson_AnimBP_C Function /Game/Mannequin/Animations/ThirdPerson_AnimBP.ThirdPerson_AnimBP_C:ExecuteUbergraph_ThirdPerson_AnimBP
[2018.08.18-14.51.51:461][  0]LogUObjectGlobals: Created PersistentFrame Addr=0x000002162413ebc0, Size=32, Default__BP_Hidable_Ceiling_Master_C Function /Game/My_Bp/hide_master/BP_Hidable_Ceiling_Master.BP_Hidable_Ceiling_Master_C:ExecuteUbergraph_BP_Hidable_Ceiling_Master
[2018.08.18-14.51.51:468][  0]LogUObjectGlobals: Destroyed PersistentFrame Addr=0x000002162413ebc0, Size=32
[2018.08.18-14.51.51:468][  0]LogUObjectGlobals: Created PersistentFrame Addr=0x000002162413ebc0, Size=32, Default__BP_Hidable_Ceiling_Master_C Function /Engine/Transient.REINST_BP_Hidable_Ceiling_Master_C_6:ExecuteUbergraph_BP_Hidable_Ceiling_Master
[2018.08.18-14.51.51:473][  0]LogUObjectGlobals: Created PersistentFrame Addr=0x00000216240bf0a0, Size=32, Default__BP_Hidable_Ceiling_Master_C Function /Game/My_Bp/hide_master/BP_Hidable_Ceiling_Master.BP_Hidable_Ceiling_Master_C:ExecuteUbergraph_BP_Hidable_Ceiling_Master
[2018.08.18-14.51.51:479][  0]LogUObjectGlobals: Created PersistentFrame Addr=0x00000216240befa0, Size=32, Default__BP_Hidable_Master_C Function /Game/My_Bp/hide_master/BP_Hidable_Master.BP_Hidable_Master_C:ExecuteUbergraph_BP_Hidable_Master
[2018.08.18-14.51.51:486][  0]LogUObjectGlobals: Destroyed PersistentFrame Addr=0x00000216240befa0, Size=32
[2018.08.18-14.51.51:486][  0]LogUObjectGlobals: Created PersistentFrame Addr=0x00000216240befa0, Size=32, Default__BP_Hidable_Master_C Function /Engine/Transient.REINST_BP_Hidable_Master_C_8:ExecuteUbergraph_BP_Hidable_Master
[2018.08.18-14.51.51:491][  0]LogUObjectGlobals: Created PersistentFrame Addr=0x0000021623f8ef20, Size=32, Default__BP_Hidable_Master_C Function /Game/My_Bp/hide_master/BP_Hidable_Master.BP_Hidable_Master_C:ExecuteUbergraph_BP_Hidable_Master
[2018.08.18-14.51.51:532][  0]LogUObjectGlobals: Created PersistentFrame Addr=0x0000021623f23100, Size=672, Default__ThirdPersonCharacter_C Function /Game/ThirdPersonBP/Blueprints/ThirdPersonCharacter.ThirdPersonCharacter_C:ExecuteUbergraph_ThirdPersonCharacter
[2018.08.18-14.51.51:540][  0]LogUObjectGlobals: Destroyed PersistentFrame Addr=0x0000021623f23100, Size=672
[2018.08.18-14.51.51:540][  0]LogUObjectGlobals: Created PersistentFrame Addr=0x0000021623f23100, Size=672, Default__ThirdPersonCharacter_C Function /Engine/Transient.REINST_ThirdPersonCharacter_C_10:ExecuteUbergraph_ThirdPersonCharacter
[2018.08.18-14.51.51:547][  0]LogUObjectGlobals: Created PersistentFrame Addr=0x0000021623eab100, Size=672, Default__ThirdPersonCharacter_C Function /Game/ThirdPersonBP/Blueprints/ThirdPersonCharacter.ThirdPersonCharacter_C:ExecuteUbergraph_ThirdPersonCharacter
[2018.08.18-14.51.51:584][  0]LogUObjectGlobals: Created PersistentFrame Addr=0x0000021623ec34c0, Size=304, Default__door_C Function /Game/My_Bp/door/door.door_C:ExecuteUbergraph_door
[2018.08.18-14.51.51:596][  0]LogUObjectGlobals: Destroyed PersistentFrame Addr=0x0000021623ec34c0, Size=304
[2018.08.18-14.51.51:596][  0]LogUObjectGlobals: Created PersistentFrame Addr=0x0000021623ec34c0, Size=304, Default__door_C Function /Engine/Transient.REINST_door_C_14:ExecuteUbergraph_door
[2018.08.18-14.51.51:605][  0]LogUObjectGlobals: Created PersistentFrame Addr=0x0000021606fe7ec0, Size=304, Default__door_C Function /Game/My_Bp/door/door.door_C:ExecuteUbergraph_door
[2018.08.18-14.51.51:615][  0]LogUObjectGlobals: Created PersistentFrame Addr=0x0000021606fe7d80, Size=304, Default__lever_door_C Function /Game/My_Bp/door/lever_door.lever_door_C:ExecuteUbergraph_lever_door
[2018.08.18-14.51.51:627][  0]LogUObjectGlobals: Destroyed PersistentFrame Addr=0x0000021606fe7d80, Size=304
[2018.08.18-14.51.51:627][  0]LogUObjectGlobals: Created PersistentFrame Addr=0x0000021606fe7d80, Size=304, Default__lever_door_C Function /Engine/Transient.REINST_lever_door_C_16:ExecuteUbergraph_lever_door
[2018.08.18-14.51.51:636][  0]LogUObjectGlobals: Created PersistentFrame Addr=0x0000021606fe6980, Size=304, Default__lever_door_C Function /Game/My_Bp/door/lever_door.lever_door_C:ExecuteUbergraph_lever_door
[2018.08.18-14.51.51:692][  0]LogUObjectGlobals: Created PersistentFrame Addr=0x00000216071b1120, Size=148, Default__Dec_Things_Light_1_C Function /Game/My_Bp/prop_bp/Dec_Things_Light_1.Dec_Things_Light_1_C:ExecuteUbergraph_Dec_Things_Light_1
[2018.08.18-14.51.51:694][  0]LogUObjectGlobals: Destroyed PersistentFrame Addr=0x00000216071b1120, Size=148
[2018.08.18-14.51.51:694][  0]LogUObjectGlobals: Created PersistentFrame Addr=0x0000021607148b80, Size=148, Default__Dec_Things_Light_1_C Function /Engine/Transient.REINST_Dec_Things_Light_1_C_22:ExecuteUbergraph_Dec_Things_Light_1
[2018.08.18-14.51.51:696][  0]LogUObjectGlobals: Created PersistentFrame Addr=0x0000021623e099e0, Size=148, Default__Dec_Things_Light_1_C Function /Game/My_Bp/prop_bp/Dec_Things_Light_1.Dec_Things_Light_1_C:ExecuteUbergraph_Dec_Things_Light_1
[2018.08.18-14.51.51:994][  0]LogUObjectGlobals: Created PersistentFrame Addr=0x000002160756d300, Size=120, Default__Tech_demo_C Function /Game/map/Maps/Tech_demo.Tech_demo_C:ExecuteUbergraph_Tech_demo
[2018.08.18-14.51.51:996][  0]LogUObjectGlobals: Destroyed PersistentFrame Addr=0x000002160756d300, Size=120
[2018.08.18-14.51.51:996][  0]LogUObjectGlobals: Created PersistentFrame Addr=0x000002160756d300, Size=120, Default__Tech_demo_C Function /Engine/Transient.REINST_Tech_demo_C_30:ExecuteUbergraph_Tech_demo
[2018.08.18-14.51.51:999][  0]LogUObjectGlobals: Created PersistentFrame Addr=0x000002160756c800, Size=120, Default__Tech_demo_C Function /Game/map/Maps/Tech_demo.Tech_demo_C:ExecuteUbergraph_Tech_demo
[2018.08.18-14.51.52:348][  0]LogSkeletalMesh: Skeletal Mesh found in DDC [14.846174ms] /Game/Mannequin/Character/Mesh/SK_Mannequin.SK_Mannequin
[2018.08.18-14.51.52:496][  0]LogAIModule: Creating AISystem for world Tech_demo
[2018.08.18-14.51.52:857][  0]LogEditorServer: Finished looking for orphan Actors (0.000 secs)
[2018.08.18-14.51.52:877][  0]LogUObjectGlobals: Destroyed PersistentFrame Addr=0x0000021624243ec0, Size=64
[2018.08.18-14.51.52:877][  0]LogUObjectGlobals: Destroyed PersistentFrame Addr=0x000002162413ebc0, Size=32
[2018.08.18-14.51.52:877][  0]LogUObjectGlobals: Destroyed PersistentFrame Addr=0x00000216240befa0, Size=32
[2018.08.18-14.51.52:877][  0]LogUObjectGlobals: Destroyed PersistentFrame Addr=0x0000021623f23100, Size=672
[2018.08.18-14.51.52:877][  0]LogUObjectGlobals: Destroyed PersistentFrame Addr=0x0000021623ec34c0, Size=304
[2018.08.18-14.51.52:877][  0]LogUObjectGlobals: Destroyed PersistentFrame Addr=0x0000021606fe7d80, Size=304
[2018.08.18-14.51.52:877][  0]LogUObjectGlobals: Destroyed PersistentFrame Addr=0x0000021607148b80, Size=148
[2018.08.18-14.51.52:878][  0]LogUObjectGlobals: Destroyed PersistentFrame Addr=0x000002160756d300, Size=120
[2018.08.18-14.51.52:880][  0]Cmd: MAP CHECKDEP NOCLEARLOG
[2018.08.18-14.51.53:001][  0]MapCheck: Map check complete: 0 Error(s), 0 Warning(s), took 120,644ms to complete.
[2018.08.18-14.51.53:001][  0]LogFileHelpers: Loading map 'Tech_demo' took 1.619
[2018.08.18-14.51.53:165][  0]LogCollectionManager: Loaded 0 collections in 0.003511 seconds
[2018.08.18-14.51.53:209][  0]LogFileCache: Scanning file cache for directory 'C:/Users/mg-lenovo/Documents/GitHub/VogsAmIFree/Saved/Collections/' took 0.01s
[2018.08.18-14.51.53:209][  0]LogFileCache: Scanning file cache for directory 'C:/Users/mg-lenovo/Documents/GitHub/VogsAmIFree/Content/Developers/mglenovo/Collections/' took 0.01s
[2018.08.18-14.51.53:209][  0]LogFileCache: Scanning file cache for directory 'C:/Users/mg-lenovo/Documents/GitHub/VogsAmIFree/Content/Collections/' took 0.01s
[2018.08.18-14.51.53:209][  0]LogCollectionManager: Rebuilt the GUID cache for 0 collections in 0.000000 seconds
[2018.08.18-14.51.53:225][  0]LogContentBrowser: Native class hierarchy populated in 0.0156 seconds. Added 2466 classes and 564 folders.
[2018.08.18-14.51.53:234][  0]LogContentBrowser: Native class hierarchy updated for 'WidgetCarousel' in 0.0003 seconds. Added 0 classes and 0 folders.
[2018.08.18-14.51.53:299][  0]LogContentBrowser: Native class hierarchy updated for 'AddContentDialog' in 0.0003 seconds. Added 0 classes and 0 folders.
[2018.08.18-14.51.53:305][  0]LogContentBrowser: Native class hierarchy updated for 'SceneOutliner' in 0.0003 seconds. Added 1 classes and 2 folders.
[2018.08.18-14.51.53:402][  0]LogSlate: Took 0.000454 seconds to synchronously load lazily loaded font '../../../Engine/Content/Slate/Fonts/Roboto-Regular.ttf' (155K)
[2018.08.18-14.51.53:405][  0]LogSlate: Took 0.000264 seconds to synchronously load lazily loaded font '../../../Engine/Content/Slate/Fonts/Roboto-Bold.ttf' (160K)
[2018.08.18-14.51.53:415][  0]LogSlate: Took 0.000379 seconds to synchronously load lazily loaded font '../../../Engine/Content/Editor/Slate/Fonts/FontAwesome.ttf' (139K)
[2018.08.18-14.51.53:553][  0]LogRenderer: Reallocating scene render targets to support 1024x1024 Format 10 NumSamples 1 (Frame:1).
[2018.08.18-14.51.53:800][  0]LogContentBrowser: Native class hierarchy updated for 'HierarchicalLODOutliner' in 0.0003 seconds. Added 0 classes and 0 folders.
[2018.08.18-14.51.53:800][  0]LogLoad: (Engine Initialization) Total time: 15.97 seconds
[2018.08.18-14.51.53:801][  0]LogLoad: (Engine Initialization) Total Blueprint compile time: 0.00 seconds
[2018.08.18-14.51.54:162][  0]LogContentStreaming: Texture pool size now 1000 MB
[2018.08.18-14.51.54:226][  0]LogSlate: Took 0.000450 seconds to synchronously load lazily loaded font '../../../Engine/Content/Slate/Fonts/Roboto-Light.ttf' (167K)
[2018.08.18-14.51.54:240][  1]LogSubstanceLiveLink: Warning: Unable to send data along socket, closing connection
[2018.08.18-14.51.54:817][  2]LogAssetRegistry: Asset discovery search completed in 10.4109 seconds
[2018.08.18-14.51.54:820][  2]LogCollectionManager: Rebuilt the object cache for 0 collections in 0.000000 seconds (found 0 objects)
[2018.08.18-14.51.54:820][  2]LogCollectionManager: Fixed up redirectors for 0 collections in 0.000108 seconds (updated 0 objects)
[2018.08.18-14.51.55:158][  3]LogSlate: Took 0.000352 seconds to synchronously load lazily loaded font '../../../Engine/Content/Slate/Fonts/Roboto-Light.ttf' (167K)
[2018.08.18-14.51.58:951][100]LogSlate: FSceneViewport::OnFocusLost() reason 0
[2018.08.18-14.51.59:032][103]LogTemp: Repeating last play command: New Editor Window (PIE)
[2018.08.18-14.51.59:063][103]LogBlueprintUserMessages: Early PlayInEditor Detection: Level '/Game/map/Maps/Tech_demo.Tech_demo:PersistentLevel' has LevelScriptBlueprint '/Game/map/Maps/Tech_demo.Tech_demo:PersistentLevel.Tech_demo' with GeneratedClass '/Game/map/Maps/Tech_demo.Tech_demo_C' with ClassGeneratedBy '/Game/map/Maps/Tech_demo.Tech_demo:PersistentLevel.Tech_demo'
[2018.08.18-14.51.59:063][103]LogPlayLevel: PlayLevel: No blueprints needed recompiling
[2018.08.18-14.51.59:064][103]PIE: New page: PIE session: Tech_demo (18 Ağu 2018 20:51:59)
[2018.08.18-14.51.59:064][103]LogPlayLevel: Creating play world package: /Game/map/Maps/UEDPIE_0_Tech_demo
[2018.08.18-14.51.59:084][103]LogPlayLevel: PIE: StaticDuplicateObject took: (0.020098s)
[2018.08.18-14.51.59:085][103]LogAIModule: Creating AISystem for world Tech_demo
[2018.08.18-14.51.59:085][103]LogPlayLevel: PIE: World Init took: (0.000765s)
[2018.08.18-14.51.59:085][103]LogPlayLevel: PIE: Created PIE world by copying editor world from /Game/map/Maps/Tech_demo.Tech_demo to /Game/map/Maps/UEDPIE_0_Tech_demo.Tech_demo (0.021079s)
[2018.08.18-14.51.59:103][103]LogInit: XAudio2 using 'Hoparlör (Realtek High Definition Audio)' : 2 channels at 48 kHz using 32 bits per sample (channel mask 0x3)
[2018.08.18-14.51.59:118][103]LogInit: FAudioDevice initialized.
[2018.08.18-14.51.59:222][103]LogUObjectGlobals: Created PersistentFrame Addr=0x000002164e13a6e0, Size=16, Default__ThirdPersonGameMode_C Function /Game/ThirdPersonBP/Blueprints/ThirdPersonGameMode.ThirdPersonGameMode_C:ExecuteUbergraph_ThirdPersonGameMode
[2018.08.18-14.51.59:223][103]LogUObjectGlobals: Destroyed PersistentFrame Addr=0x000002164e13a6e0, Size=16
[2018.08.18-14.51.59:223][103]LogUObjectGlobals: Created PersistentFrame Addr=0x000002164e13a6e0, Size=16, Default__ThirdPersonGameMode_C Function /Engine/Transient.REINST_ThirdPersonGameMode_C_32:ExecuteUbergraph_ThirdPersonGameMode
[2018.08.18-14.51.59:224][103]LogUObjectGlobals: Created PersistentFrame Addr=0x000002164e13a6d0, Size=16, Default__ThirdPersonGameMode_C Function /Game/ThirdPersonBP/Blueprints/ThirdPersonGameMode.ThirdPersonGameMode_C:ExecuteUbergraph_ThirdPersonGameMode
[2018.08.18-14.51.59:227][103]LogLoad: Game class is 'ThirdPersonGameMode_C'
[2018.08.18-14.51.59:321][103]LogWorld: Bringing World /Game/map/Maps/UEDPIE_0_Tech_demo.Tech_demo up for play (max tick rate 60) at 2018.08.18-17.51.59
[2018.08.18-14.51.59:324][103]LogWorld: Bringing up level for play took: 0.095371
[2018.08.18-14.51.59:329][103]LogContentBrowser: Native class hierarchy updated for 'MovieSceneCapture' in 0.0004 seconds. Added 11 classes and 0 folders.
[2018.08.18-14.51.59:337][103]PIE: Play in editor start time for /Game/map/Maps/UEDPIE_0_Tech_demo -0,643
[2018.08.18-14.51.59:337][103]LogBlueprintUserMessages: Late PlayInEditor Detection: Level '/Game/map/Maps/Tech_demo.Tech_demo:PersistentLevel' has LevelScriptBlueprint '/Game/map/Maps/Tech_demo.Tech_demo:PersistentLevel.Tech_demo' with GeneratedClass '/Game/map/Maps/Tech_demo.Tech_demo_C' with ClassGeneratedBy '/Game/map/Maps/Tech_demo.Tech_demo:PersistentLevel.Tech_demo'
[2018.08.18-14.51.59:443][104]LogCharacterMovement: Warning: GetSimulationTimeStep() - Max iterations 8 hit while remaining time 0.100000 > MaxSimulationTimeStep (0.050) for 'ThirdPersonCharacter_C_0', movement 'Walking'
[2018.08.18-14.52.01:096][184]LogBlueprintUserMessages: Early EndPlayMap Detection: Level '/Game/map/Maps/Tech_demo.Tech_demo:PersistentLevel' has LevelScriptBlueprint '/Game/map/Maps/Tech_demo.Tech_demo:PersistentLevel.Tech_demo' with GeneratedClass '/Game/map/Maps/Tech_demo.Tech_demo_C' with ClassGeneratedBy '/Game/map/Maps/Tech_demo.Tech_demo:PersistentLevel.Tech_demo'
[2018.08.18-14.52.01:131][184]LogSlate: Window 'Am_i_Free Game Preview Standalone (64-bit/PCD3D_SM5)' being destroyed
[2018.08.18-14.52.01:187][184]LogBlueprintUserMessages: Late EndPlayMap Detection: Level '/Game/map/Maps/Tech_demo.Tech_demo:PersistentLevel' has LevelScriptBlueprint '/Game/map/Maps/Tech_demo.Tech_demo:PersistentLevel.Tech_demo' with GeneratedClass '/Game/map/Maps/Tech_demo.Tech_demo_C' with ClassGeneratedBy '/Game/map/Maps/Tech_demo.Tech_demo:PersistentLevel.Tech_demo'
[2018.08.18-14.52.01:205][184]LogUObjectGlobals: Destroyed PersistentFrame Addr=0x000002164e13a6e0, Size=16
[2018.08.18-14.52.14:353][962]LogEditorActor: Deleted Actor: StaticMeshActor
[2018.08.18-14.52.14:368][962]LogEditorActor: Deleted 1 Actors (0.024 secs)
[2018.08.18-14.52.15:570][ 34]LogTemp: Repeating last play command: New Editor Window (PIE)
[2018.08.18-14.52.15:600][ 34]LogBlueprintUserMessages: Early PlayInEditor Detection: Level '/Game/map/Maps/Tech_demo.Tech_demo:PersistentLevel' has LevelScriptBlueprint '/Game/map/Maps/Tech_demo.Tech_demo:PersistentLevel.Tech_demo' with GeneratedClass '/Game/map/Maps/Tech_demo.Tech_demo_C' with ClassGeneratedBy '/Game/map/Maps/Tech_demo.Tech_demo:PersistentLevel.Tech_demo'
[2018.08.18-14.52.15:601][ 34]LogPlayLevel: PlayLevel: No blueprints needed recompiling
[2018.08.18-14.52.15:601][ 34]PIE: New page: PIE session: Tech_demo (18 Ağu 2018 20:52:15)
[2018.08.18-14.52.15:601][ 34]LogPlayLevel: Creating play world package: /Game/map/Maps/UEDPIE_0_Tech_demo
[2018.08.18-14.52.15:620][ 34]LogPlayLevel: PIE: StaticDuplicateObject took: (0.019168s)
[2018.08.18-14.52.15:621][ 34]LogAIModule: Creating AISystem for world Tech_demo
[2018.08.18-14.52.15:621][ 34]LogPlayLevel: PIE: World Init took: (0.000843s)
[2018.08.18-14.52.15:621][ 34]LogPlayLevel: PIE: Created PIE world by copying editor world from /Game/map/Maps/Tech_demo.Tech_demo to /Game/map/Maps/UEDPIE_0_Tech_demo.Tech_demo (0.020207s)
[2018.08.18-14.52.15:639][ 34]LogInit: XAudio2 using 'Hoparlör (Realtek High Definition Audio)' : 2 channels at 48 kHz using 32 bits per sample (channel mask 0x3)
[2018.08.18-14.52.15:655][ 34]LogInit: FAudioDevice initialized.
[2018.08.18-14.52.15:739][ 34]LogLoad: Game class is 'ThirdPersonGameMode_C'
[2018.08.18-14.52.15:904][ 34]LogWorld: Bringing World /Game/map/Maps/UEDPIE_0_Tech_demo.Tech_demo up for play (max tick rate 60) at 2018.08.18-17.52.15
[2018.08.18-14.52.15:906][ 34]LogWorld: Bringing up level for play took: 0.165838
[2018.08.18-14.52.15:914][ 34]PIE: Play in editor start time for /Game/map/Maps/UEDPIE_0_Tech_demo -0,067
[2018.08.18-14.52.15:914][ 34]LogBlueprintUserMessages: Late PlayInEditor Detection: Level '/Game/map/Maps/Tech_demo.Tech_demo:PersistentLevel' has LevelScriptBlueprint '/Game/map/Maps/Tech_demo.Tech_demo:PersistentLevel.Tech_demo' with GeneratedClass '/Game/map/Maps/Tech_demo.Tech_demo_C' with ClassGeneratedBy '/Game/map/Maps/Tech_demo.Tech_demo:PersistentLevel.Tech_demo'
[2018.08.18-14.52.16:552][ 59]LogBlueprintUserMessages: Early EndPlayMap Detection: Level '/Game/map/Maps/Tech_demo.Tech_demo:PersistentLevel' has LevelScriptBlueprint '/Game/map/Maps/Tech_demo.Tech_demo:PersistentLevel.Tech_demo' with GeneratedClass '/Game/map/Maps/Tech_demo.Tech_demo_C' with ClassGeneratedBy '/Game/map/Maps/Tech_demo.Tech_demo:PersistentLevel.Tech_demo'
[2018.08.18-14.52.16:584][ 59]LogSlate: Window 'Am_i_Free Game Preview Standalone (64-bit/PCD3D_SM5)' being destroyed
[2018.08.18-14.52.16:636][ 59]LogBlueprintUserMessages: Late EndPlayMap Detection: Level '/Game/map/Maps/Tech_demo.Tech_demo:PersistentLevel' has LevelScriptBlueprint '/Game/map/Maps/Tech_demo.Tech_demo:PersistentLevel.Tech_demo' with GeneratedClass '/Game/map/Maps/Tech_demo.Tech_demo_C' with ClassGeneratedBy '/Game/map/Maps/Tech_demo.Tech_demo:PersistentLevel.Tech_demo'
[2018.08.18-14.52.24:771][535]LogNavigationPoint: PostEditMove Clear paths rebuilt
[2018.08.18-14.52.26:440][632]LogNavigationPoint: PostEditMove Clear paths rebuilt
[2018.08.18-14.52.27:072][667]LogEditorViewport: Clicking on Actor (LMB): ThirdPersonCharacter_C (ThirdPersonCharacter)
[2018.08.18-14.52.30:869][858]LogSlate: FSceneViewport::OnFocusLost() reason 0
[2018.08.18-14.52.30:956][863]LogTemp: Repeating last play command: New Editor Window (PIE)
[2018.08.18-14.52.30:988][863]LogBlueprintUserMessages: Early PlayInEditor Detection: Level '/Game/map/Maps/Tech_demo.Tech_demo:PersistentLevel' has LevelScriptBlueprint '/Game/map/Maps/Tech_demo.Tech_demo:PersistentLevel.Tech_demo' with GeneratedClass '/Game/map/Maps/Tech_demo.Tech_demo_C' with ClassGeneratedBy '/Game/map/Maps/Tech_demo.Tech_demo:PersistentLevel.Tech_demo'
[2018.08.18-14.52.30:988][863]LogPlayLevel: PlayLevel: No blueprints needed recompiling
[2018.08.18-14.52.30:988][863]PIE: New page: PIE session: Tech_demo (18 Ağu 2018 20:52:30)
[2018.08.18-14.52.30:988][863]LogPlayLevel: Creating play world package: /Game/map/Maps/UEDPIE_0_Tech_demo
[2018.08.18-14.52.31:007][863]LogPlayLevel: PIE: StaticDuplicateObject took: (0.019250s)
[2018.08.18-14.52.31:008][863]LogAIModule: Creating AISystem for world Tech_demo
[2018.08.18-14.52.31:008][863]LogPlayLevel: PIE: World Init took: (0.000743s)
[2018.08.18-14.52.31:008][863]LogPlayLevel: PIE: Created PIE world by copying editor world from /Game/map/Maps/Tech_demo.Tech_demo to /Game/map/Maps/UEDPIE_0_Tech_demo.Tech_demo (0.020185s)
[2018.08.18-14.52.31:057][863]LogInit: XAudio2 using 'Hoparlör (Realtek High Definition Audio)' : 2 channels at 48 kHz using 32 bits per sample (channel mask 0x3)
[2018.08.18-14.52.31:073][863]LogInit: FAudioDevice initialized.
[2018.08.18-14.52.31:157][863]LogLoad: Game class is 'ThirdPersonGameMode_C'
[2018.08.18-14.52.31:277][863]LogWorld: Bringing World /Game/map/Maps/UEDPIE_0_Tech_demo.Tech_demo up for play (max tick rate 60) at 2018.08.18-17.52.31
[2018.08.18-14.52.31:280][863]LogWorld: Bringing up level for play took: 0.122214
[2018.08.18-14.52.31:287][863]PIE: Play in editor start time for /Game/map/Maps/UEDPIE_0_Tech_demo -0,694
[2018.08.18-14.52.31:287][863]LogBlueprintUserMessages: Late PlayInEditor Detection: Level '/Game/map/Maps/Tech_demo.Tech_demo:PersistentLevel' has LevelScriptBlueprint '/Game/map/Maps/Tech_demo.Tech_demo:PersistentLevel.Tech_demo' with GeneratedClass '/Game/map/Maps/Tech_demo.Tech_demo_C' with ClassGeneratedBy '/Game/map/Maps/Tech_demo.Tech_demo:PersistentLevel.Tech_demo'
[2018.08.18-14.52.32:548][927]LogBlueprintUserMessages: Early EndPlayMap Detection: Level '/Game/map/Maps/Tech_demo.Tech_demo:PersistentLevel' has LevelScriptBlueprint '/Game/map/Maps/Tech_demo.Tech_demo:PersistentLevel.Tech_demo' with GeneratedClass '/Game/map/Maps/Tech_demo.Tech_demo_C' with ClassGeneratedBy '/Game/map/Maps/Tech_demo.Tech_demo:PersistentLevel.Tech_demo'
[2018.08.18-14.52.32:580][927]LogSlate: Window 'Am_i_Free Game Preview Standalone (64-bit/PCD3D_SM5)' being destroyed
[2018.08.18-14.52.32:635][927]LogBlueprintUserMessages: Late EndPlayMap Detection: Level '/Game/map/Maps/Tech_demo.Tech_demo:PersistentLevel' has LevelScriptBlueprint '/Game/map/Maps/Tech_demo.Tech_demo:PersistentLevel.Tech_demo' with GeneratedClass '/Game/map/Maps/Tech_demo.Tech_demo_C' with ClassGeneratedBy '/Game/map/Maps/Tech_demo.Tech_demo:PersistentLevel.Tech_demo'
[2018.08.18-14.52.37:286][194]LogSlate: FSceneViewport::OnFocusLost() reason 0
[2018.08.18-14.52.39:447][323]LogEditorViewport: Clicking on Actor (LMB): ThirdPersonCharacter_C (ThirdPersonCharacter)
[2018.08.18-14.52.42:198][464]LogEditorViewport: Clicking on Actor (LMB): PlayerStart (PlayerStart)
[2018.08.18-14.52.43:454][534]LogNavigationPoint: PostEditMove Clear paths rebuilt
[2018.08.18-14.52.44:644][603]LogSlate: FSceneViewport::OnFocusLost() reason 0
[2018.08.18-14.52.44:711][607]LogTemp: Repeating last play command: New Editor Window (PIE)
[2018.08.18-14.52.44:742][607]LogBlueprintUserMessages: Early PlayInEditor Detection: Level '/Game/map/Maps/Tech_demo.Tech_demo:PersistentLevel' has LevelScriptBlueprint '/Game/map/Maps/Tech_demo.Tech_demo:PersistentLevel.Tech_demo' with GeneratedClass '/Game/map/Maps/Tech_demo.Tech_demo_C' with ClassGeneratedBy '/Game/map/Maps/Tech_demo.Tech_demo:PersistentLevel.Tech_demo'
[2018.08.18-14.52.44:742][607]LogPlayLevel: PlayLevel: No blueprints needed recompiling
[2018.08.18-14.52.44:742][607]PIE: New page: PIE session: Tech_demo (18 Ağu 2018 20:52:44)
[2018.08.18-14.52.44:742][607]LogPlayLevel: Creating play world package: /Game/map/Maps/UEDPIE_0_Tech_demo
[2018.08.18-14.52.44:762][607]LogPlayLevel: PIE: StaticDuplicateObject took: (0.019612s)
[2018.08.18-14.52.44:763][607]LogAIModule: Creating AISystem for world Tech_demo
[2018.08.18-14.52.44:763][607]LogPlayLevel: PIE: World Init took: (0.001100s)
[2018.08.18-14.52.44:763][607]LogPlayLevel: PIE: Created PIE world by copying editor world from /Game/map/Maps/Tech_demo.Tech_demo to /Game/map/Maps/UEDPIE_0_Tech_demo.Tech_demo (0.020921s)
[2018.08.18-14.52.44:782][607]LogInit: XAudio2 using 'Hoparlör (Realtek High Definition Audio)' : 2 channels at 48 kHz using 32 bits per sample (channel mask 0x3)
[2018.08.18-14.52.44:798][607]LogInit: FAudioDevice initialized.
[2018.08.18-14.52.44:887][607]LogLoad: Game class is 'ThirdPersonGameMode_C'
[2018.08.18-14.52.44:983][607]LogWorld: Bringing World /Game/map/Maps/UEDPIE_0_Tech_demo.Tech_demo up for play (max tick rate 60) at 2018.08.18-17.52.44
[2018.08.18-14.52.44:985][607]LogWorld: Bringing up level for play took: 0.097091
[2018.08.18-14.52.44:994][607]PIE: Play in editor start time for /Game/map/Maps/UEDPIE_0_Tech_demo 1,014
[2018.08.18-14.52.44:994][607]LogBlueprintUserMessages: Late PlayInEditor Detection: Level '/Game/map/Maps/Tech_demo.Tech_demo:PersistentLevel' has LevelScriptBlueprint '/Game/map/Maps/Tech_demo.Tech_demo:PersistentLevel.Tech_demo' with GeneratedClass '/Game/map/Maps/Tech_demo.Tech_demo_C' with ClassGeneratedBy '/Game/map/Maps/Tech_demo.Tech_demo:PersistentLevel.Tech_demo'
[2018.08.18-14.52.46:912][709]LogSlate: Window 'Am_i_Free Game Preview Standalone (64-bit/PCD3D_SM5)' being destroyed
[2018.08.18-14.52.46:916][709]LogBlueprintUserMessages: Early EndPlayMap Detection: Level '/Game/map/Maps/Tech_demo.Tech_demo:PersistentLevel' has LevelScriptBlueprint '/Game/map/Maps/Tech_demo.Tech_demo:PersistentLevel.Tech_demo' with GeneratedClass '/Game/map/Maps/Tech_demo.Tech_demo_C' with ClassGeneratedBy '/Game/map/Maps/Tech_demo.Tech_demo:PersistentLevel.Tech_demo'
[2018.08.18-14.52.46:974][709]LogBlueprintUserMessages: Late EndPlayMap Detection: Level '/Game/map/Maps/Tech_demo.Tech_demo:PersistentLevel' has LevelScriptBlueprint '/Game/map/Maps/Tech_demo.Tech_demo:PersistentLevel.Tech_demo' with GeneratedClass '/Game/map/Maps/Tech_demo.Tech_demo_C' with ClassGeneratedBy '/Game/map/Maps/Tech_demo.Tech_demo:PersistentLevel.Tech_demo'
[2018.08.18-14.52.52:366][ 12]LogEditorViewport: Clicking on Actor (LMB): ThirdPersonCharacter_C (ThirdPersonCharacter)
[2018.08.18-14.52.53:352][ 52]LogEditorViewport: Clicking on Actor (CTRL LMB): PlayerStart (PlayerStart)
[2018.08.18-14.52.55:376][152]LogEditorViewport: Clicking on Actor (LMB): ThirdPersonCharacter_C (ThirdPersonCharacter)
[2018.08.18-14.52.56:054][182]LogEditorViewport: Clicking on Actor (LMB): gridmaker_C (floor)
[2018.08.18-14.52.56:921][228]LogEditorViewport: Clicking on Actor (LMB): door_C (door)
[2018.08.18-14.52.57:500][259]LogEditorViewport: Clicking on Actor (LMB): PlayerStart (PlayerStart)
[2018.08.18-14.52.59:403][370]LogNavigationPoint: PostEditMove Clear paths rebuilt
[2018.08.18-14.53.00:835][454]Cmd: POLY SELECT ALL
[2018.08.18-14.53.01:603][497]LogSlate: FSceneViewport::OnFocusLost() reason 0
[2018.08.18-14.53.01:669][501]LogTemp: Repeating last play command: New Editor Window (PIE)
[2018.08.18-14.53.01:703][501]LogBlueprintUserMessages: Early PlayInEditor Detection: Level '/Game/map/Maps/Tech_demo.Tech_demo:PersistentLevel' has LevelScriptBlueprint '/Game/map/Maps/Tech_demo.Tech_demo:PersistentLevel.Tech_demo' with GeneratedClass '/Game/map/Maps/Tech_demo.Tech_demo_C' with ClassGeneratedBy '/Game/map/Maps/Tech_demo.Tech_demo:PersistentLevel.Tech_demo'
[2018.08.18-14.53.01:703][501]LogPlayLevel: PlayLevel: No blueprints needed recompiling
[2018.08.18-14.53.01:703][501]PIE: New page: PIE session: Tech_demo (18 Ağu 2018 20:53:01)
[2018.08.18-14.53.01:703][501]LogPlayLevel: Creating play world package: /Game/map/Maps/UEDPIE_0_Tech_demo
[2018.08.18-14.53.01:724][501]LogPlayLevel: PIE: StaticDuplicateObject took: (0.020660s)
[2018.08.18-14.53.01:725][501]LogAIModule: Creating AISystem for world Tech_demo
[2018.08.18-14.53.01:725][501]LogPlayLevel: PIE: World Init took: (0.000874s)
[2018.08.18-14.53.01:725][501]LogPlayLevel: PIE: Created PIE world by copying editor world from /Game/map/Maps/Tech_demo.Tech_demo to /Game/map/Maps/UEDPIE_0_Tech_demo.Tech_demo (0.021754s)
[2018.08.18-14.53.01:743][501]LogInit: XAudio2 using 'Hoparlör (Realtek High Definition Audio)' : 2 channels at 48 kHz using 32 bits per sample (channel mask 0x3)
[2018.08.18-14.53.01:759][501]LogInit: FAudioDevice initialized.
[2018.08.18-14.53.01:847][501]LogLoad: Game class is 'ThirdPersonGameMode_C'
[2018.08.18-14.53.01:943][501]LogWorld: Bringing World /Game/map/Maps/UEDPIE_0_Tech_demo.Tech_demo up for play (max tick rate 60) at 2018.08.18-17.53.01
[2018.08.18-14.53.01:945][501]LogWorld: Bringing up level for play took: 0.097566
[2018.08.18-14.53.01:954][501]PIE: Play in editor start time for /Game/map/Maps/UEDPIE_0_Tech_demo -0,026
[2018.08.18-14.53.01:954][501]LogBlueprintUserMessages: Late PlayInEditor Detection: Level '/Game/map/Maps/Tech_demo.Tech_demo:PersistentLevel' has LevelScriptBlueprint '/Game/map/Maps/Tech_demo.Tech_demo:PersistentLevel.Tech_demo' with GeneratedClass '/Game/map/Maps/Tech_demo.Tech_demo_C' with ClassGeneratedBy '/Game/map/Maps/Tech_demo.Tech_demo:PersistentLevel.Tech_demo'
[2018.08.18-14.53.10:871][ 27]LogBlueprintUserMessages: Early EndPlayMap Detection: Level '/Game/map/Maps/Tech_demo.Tech_demo:PersistentLevel' has LevelScriptBlueprint '/Game/map/Maps/Tech_demo.Tech_demo:PersistentLevel.Tech_demo' with GeneratedClass '/Game/map/Maps/Tech_demo.Tech_demo_C' with ClassGeneratedBy '/Game/map/Maps/Tech_demo.Tech_demo:PersistentLevel.Tech_demo'
[2018.08.18-14.53.10:905][ 27]LogSlate: Window 'Am_i_Free Game Preview Standalone (64-bit/PCD3D_SM5)' being destroyed
[2018.08.18-14.53.10:959][ 27]LogBlueprintUserMessages: Late EndPlayMap Detection: Level '/Game/map/Maps/Tech_demo.Tech_demo:PersistentLevel' has LevelScriptBlueprint '/Game/map/Maps/Tech_demo.Tech_demo:PersistentLevel.Tech_demo' with GeneratedClass '/Game/map/Maps/Tech_demo.Tech_demo_C' with ClassGeneratedBy '/Game/map/Maps/Tech_demo.Tech_demo:PersistentLevel.Tech_demo'
[2018.08.18-14.53.33:015][340]LogEditorViewport: Clicking on Actor (LMB): PlayerStart (PlayerStart)
[2018.08.18-14.53.34:757][441]LogNavigationPoint: PostEditMove Clear paths rebuilt
[2018.08.18-14.53.35:290][471]LogEditorViewport: Clicking on Actor (LMB): ThirdPersonCharacter_C (ThirdPersonCharacter)
[2018.08.18-14.53.41:748][795]LogSlate: FSceneViewport::OnFocusLost() reason 2
[2018.08.18-14.53.41:882][795]Cmd: OBJ SAVEPACKAGE PACKAGE="/Game/map/Maps/Tech_demo" FILE="../../../../../../Users/mg-lenovo/Documents/GitHub/VogsAmIFree/Content/map/Maps/Tech_demo.umap" SILENT=true AUTOSAVING=false KEEPDIRTY=false
[2018.08.18-14.53.41:916][795]LogUObjectGlobals: Destroyed PersistentFrame Addr=0x000002160756c800, Size=120
[2018.08.18-14.53.41:916][795]LogUObjectGlobals: Created PersistentFrame Addr=0x00000216496b9180, Size=120, Default__Tech_demo_C Function /Engine/Transient.REINST_Tech_demo_C_36:ExecuteUbergraph_Tech_demo
[2018.08.18-14.53.41:919][795]LogUObjectGlobals: Created PersistentFrame Addr=0x00000216496baf00, Size=120, Default__Tech_demo_C Function /Game/map/Maps/Tech_demo.Tech_demo_C:ExecuteUbergraph_Tech_demo
[2018.08.18-14.53.42:332][795]LogSavePackage: Save=422.25ms
[2018.08.18-14.53.42:332][795]LogSavePackage: Moving '../../../../../../Users/mg-lenovo/Documents/GitHub/VogsAmIFree/Saved/Tech_demo9628EA4449074CCD0EAE7091481040BB.tmp' to '../../../../../../Users/mg-lenovo/Documents/GitHub/VogsAmIFree/Content/map/Maps/Tech_demo.umap'
[2018.08.18-14.53.42:338][795]LogSavePackage: Display: Finished SavePackage ../../../../../../Users/mg-lenovo/Documents/GitHub/VogsAmIFree/Content/map/Maps/Tech_demo.umap
[2018.08.18-14.53.42:397][795]LogFileHelpers: Saving map 'Tech_demo' took 0.630
[2018.08.18-14.53.42:721][808]LogSlate: FSceneViewport::OnFocusLost() reason 0
[2018.08.18-14.53.42:774][811]LogTemp: Repeating last play command: New Editor Window (PIE)
[2018.08.18-14.53.42:804][811]LogBlueprintUserMessages: Early PlayInEditor Detection: Level '/Game/map/Maps/Tech_demo.Tech_demo:PersistentLevel' has LevelScriptBlueprint '/Game/map/Maps/Tech_demo.Tech_demo:PersistentLevel.Tech_demo' with GeneratedClass '/Game/map/Maps/Tech_demo.Tech_demo_C' with ClassGeneratedBy '/Game/map/Maps/Tech_demo.Tech_demo:PersistentLevel.Tech_demo'
[2018.08.18-14.53.42:804][811]LogPlayLevel: PlayLevel: No blueprints needed recompiling
[2018.08.18-14.53.42:805][811]PIE: New page: PIE session: Tech_demo (18 Ağu 2018 20:53:42)
[2018.08.18-14.53.42:805][811]LogPlayLevel: Creating play world package: /Game/map/Maps/UEDPIE_0_Tech_demo
[2018.08.18-14.53.42:824][811]LogPlayLevel: PIE: StaticDuplicateObject took: (0.019339s)
[2018.08.18-14.53.42:825][811]LogAIModule: Creating AISystem for world Tech_demo
[2018.08.18-14.53.42:825][811]LogPlayLevel: PIE: World Init took: (0.000976s)
[2018.08.18-14.53.42:825][811]LogPlayLevel: PIE: Created PIE world by copying editor world from /Game/map/Maps/Tech_demo.Tech_demo to /Game/map/Maps/UEDPIE_0_Tech_demo.Tech_demo (0.020561s)
[2018.08.18-14.53.42:838][811]LogUObjectGlobals: Destroyed PersistentFrame Addr=0x00000216496b9180, Size=120
[2018.08.18-14.53.42:871][811]LogInit: XAudio2 using 'Hoparlör (Realtek High Definition Audio)' : 2 channels at 48 kHz using 32 bits per sample (channel mask 0x3)
[2018.08.18-14.53.42:887][811]LogInit: FAudioDevice initialized.
[2018.08.18-14.53.42:995][811]LogLoad: Game class is 'ThirdPersonGameMode_C'
[2018.08.18-14.53.43:106][811]LogWorld: Bringing World /Game/map/Maps/UEDPIE_0_Tech_demo.Tech_demo up for play (max tick rate 60) at 2018.08.18-17.53.43
[2018.08.18-14.53.43:109][811]LogWorld: Bringing up level for play took: 0.112168
[2018.08.18-14.53.43:117][811]PIE: Play in editor start time for /Game/map/Maps/UEDPIE_0_Tech_demo 1,137
[2018.08.18-14.53.43:117][811]LogBlueprintUserMessages: Late PlayInEditor Detection: Level '/Game/map/Maps/Tech_demo.Tech_demo:PersistentLevel' has LevelScriptBlueprint '/Game/map/Maps/Tech_demo.Tech_demo:PersistentLevel.Tech_demo' with GeneratedClass '/Game/map/Maps/Tech_demo.Tech_demo_C' with ClassGeneratedBy '/Game/map/Maps/Tech_demo.Tech_demo:PersistentLevel.Tech_demo'
[2018.08.18-14.53.47:673][ 73]LogBlueprintUserMessages: Early EndPlayMap Detection: Level '/Game/map/Maps/Tech_demo.Tech_demo:PersistentLevel' has LevelScriptBlueprint '/Game/map/Maps/Tech_demo.Tech_demo:PersistentLevel.Tech_demo' with GeneratedClass '/Game/map/Maps/Tech_demo.Tech_demo_C' with ClassGeneratedBy '/Game/map/Maps/Tech_demo.Tech_demo:PersistentLevel.Tech_demo'
[2018.08.18-14.53.47:705][ 73]LogSlate: Window 'Am_i_Free Game Preview Standalone (64-bit/PCD3D_SM5)' being destroyed
[2018.08.18-14.53.47:760][ 73]LogBlueprintUserMessages: Late EndPlayMap Detection: Level '/Game/map/Maps/Tech_demo.Tech_demo:PersistentLevel' has LevelScriptBlueprint '/Game/map/Maps/Tech_demo.Tech_demo:PersistentLevel.Tech_demo' with GeneratedClass '/Game/map/Maps/Tech_demo.Tech_demo_C' with ClassGeneratedBy '/Game/map/Maps/Tech_demo.Tech_demo:PersistentLevel.Tech_demo'
[2018.08.18-14.53.49:727][177]LogEditorViewport: Clicking on Actor (LMB): ThirdPersonCharacter_C (ThirdPersonCharacter)
[2018.08.18-14.53.50:698][220]LogEditorViewport: Clicking on Actor (LMB): PlayerStart (PlayerStart)
[2018.08.18-14.53.55:272][489]LogSlate: FSceneViewport::OnFocusLost() reason 0
[2018.08.18-14.53.55:338][493]LogTemp: Repeating last play command: New Editor Window (PIE)
[2018.08.18-14.53.55:372][493]LogBlueprintUserMessages: Early PlayInEditor Detection: Level '/Game/map/Maps/Tech_demo.Tech_demo:PersistentLevel' has LevelScriptBlueprint '/Game/map/Maps/Tech_demo.Tech_demo:PersistentLevel.Tech_demo' with GeneratedClass '/Game/map/Maps/Tech_demo.Tech_demo_C' with ClassGeneratedBy '/Game/map/Maps/Tech_demo.Tech_demo:PersistentLevel.Tech_demo'
[2018.08.18-14.53.55:372][493]LogPlayLevel: PlayLevel: No blueprints needed recompiling
[2018.08.18-14.53.55:372][493]PIE: New page: PIE session: Tech_demo (18 Ağu 2018 20:53:55)
[2018.08.18-14.53.55:373][493]LogPlayLevel: Creating play world package: /Game/map/Maps/UEDPIE_0_Tech_demo
[2018.08.18-14.53.55:394][493]LogPlayLevel: PIE: StaticDuplicateObject took: (0.021031s)
[2018.08.18-14.53.55:394][493]LogAIModule: Creating AISystem for world Tech_demo
[2018.08.18-14.53.55:395][493]LogPlayLevel: PIE: World Init took: (0.000994s)
[2018.08.18-14.53.55:395][493]LogPlayLevel: PIE: Created PIE world by copying editor world from /Game/map/Maps/Tech_demo.Tech_demo to /Game/map/Maps/UEDPIE_0_Tech_demo.Tech_demo (0.022274s)
[2018.08.18-14.53.55:415][493]LogInit: XAudio2 using 'Hoparlör (Realtek High Definition Audio)' : 2 channels at 48 kHz using 32 bits per sample (channel mask 0x3)
[2018.08.18-14.53.55:431][493]LogInit: FAudioDevice initialized.
[2018.08.18-14.53.55:517][493]LogLoad: Game class is 'ThirdPersonGameMode_C'
[2018.08.18-14.53.55:609][493]LogWorld: Bringing World /Game/map/Maps/UEDPIE_0_Tech_demo.Tech_demo up for play (max tick rate 60) at 2018.08.18-17.53.55
[2018.08.18-14.53.55:612][493]LogWorld: Bringing up level for play took: 0.094488
[2018.08.18-14.53.55:620][493]PIE: Play in editor start time for /Game/map/Maps/UEDPIE_0_Tech_demo -0,361
[2018.08.18-14.53.55:620][493]LogBlueprintUserMessages: Late PlayInEditor Detection: Level '/Game/map/Maps/Tech_demo.Tech_demo:PersistentLevel' has LevelScriptBlueprint '/Game/map/Maps/Tech_demo.Tech_demo:PersistentLevel.Tech_demo' with GeneratedClass '/Game/map/Maps/Tech_demo.Tech_demo_C' with ClassGeneratedBy '/Game/map/Maps/Tech_demo.Tech_demo:PersistentLevel.Tech_demo'
[2018.08.18-14.54.06:709][ 90]LogContentBrowser: Native class hierarchy updated for 'BlueprintGraph' in 0.0008 seconds. Added 116 classes and 0 folders.
[2018.08.18-14.54.07:097][ 90]LogUObjectGlobals: Created PersistentFrame Addr=0x0000021699fc9b38, Size=4, Default__SKEL_PROTO_BP_AnimBlueprint_0_C Function /Engine/Transient.SKEL_PROTO_BP_AnimBlueprint_0_C:ExecuteUbergraph_PROTO_BP_AnimBlueprint_0
[2018.08.18-14.54.07:098][ 90]LogUObjectGlobals: Created PersistentFrame Addr=0x0000021699fc9b30, Size=4, Default__PROTO_BP_AnimBlueprint_0_C Function /Engine/Transient.PROTO_BP_AnimBlueprint_0_C:ExecuteUbergraph_PROTO_BP_AnimBlueprint_0
[2018.08.18-14.54.07:684][ 90]LogSlate: Took 0.000262 seconds to synchronously load lazily loaded font '../../../Engine/Content/Slate/Fonts/Roboto-BoldCondensed.ttf' (158K)
[2018.08.18-14.54.07:881][ 91]LogSlate: Took 0.000257 seconds to synchronously load lazily loaded font '../../../Engine/Content/Slate/Fonts/Roboto-Italic.ttf' (157K)
[2018.08.18-14.54.12:309][123]LogSlate: Window 'Am_i_Free Game Preview Standalone (64-bit/PCD3D_SM5)' being destroyed
[2018.08.18-14.54.12:331][123]LogBlueprintUserMessages: Early EndPlayMap Detection: Level '/Game/map/Maps/Tech_demo.Tech_demo:PersistentLevel' has LevelScriptBlueprint '/Game/map/Maps/Tech_demo.Tech_demo:PersistentLevel.Tech_demo' with GeneratedClass '/Game/map/Maps/Tech_demo.Tech_demo_C' with ClassGeneratedBy '/Game/map/Maps/Tech_demo.Tech_demo:PersistentLevel.Tech_demo'
[2018.08.18-14.54.12:440][123]LogBlueprintUserMessages: Late EndPlayMap Detection: Level '/Game/map/Maps/Tech_demo.Tech_demo:PersistentLevel' has LevelScriptBlueprint '/Game/map/Maps/Tech_demo.Tech_demo:PersistentLevel.Tech_demo' with GeneratedClass '/Game/map/Maps/Tech_demo.Tech_demo_C' with ClassGeneratedBy '/Game/map/Maps/Tech_demo.Tech_demo:PersistentLevel.Tech_demo'
[2018.08.18-14.54.13:637][159]LogSlate: Window 'ThirdPersonCharacter' being destroyed
[2018.08.18-14.56.35:759][114]LogEditorViewport: Clicking on Actor (LMB): door_C (door)
[2018.08.18-14.56.37:719][227]LogSlate: FSceneViewport::OnFocusLost() reason 0
[2018.08.18-14.57.20:281][726]LogClass: Warning: In asset 'None', there is an enum property of type 'ECollisionChannel' with an invalid value of ''
[2018.08.18-14.57.20:281][726]LogClass: Warning: In asset 'None', there is an enum property of type 'ECollisionChannel' with an invalid value of ''
[2018.08.18-14.57.21:615][802]BlueprintLog: New page: Compile ThirdPersonCharacter
[2018.08.18-14.57.21:638][802]LogUObjectGlobals: Destroyed PersistentFrame Addr=0x0000021623eab100, Size=672
[2018.08.18-14.57.21:638][802]LogUObjectGlobals: Created PersistentFrame Addr=0x0000021623eab100, Size=672, Default__ThirdPersonCharacter_C Function /Engine/Transient.REINST_ThirdPersonCharacter_C_52:ExecuteUbergraph_ThirdPersonCharacter
[2018.08.18-14.57.21:645][802]LogUObjectGlobals: Created PersistentFrame Addr=0x00000216156dd300, Size=672, Default__ThirdPersonCharacter_C Function /Game/ThirdPersonBP/Blueprints/ThirdPersonCharacter.ThirdPersonCharacter_C:ExecuteUbergraph_ThirdPersonCharacter
[2018.08.18-14.57.23:907][904]LogTemp: Repeating last play command: New Editor Window (PIE)
[2018.08.18-14.57.23:964][904]LogBlueprintUserMessages: Early PlayInEditor Detection: Level '/Game/map/Maps/Tech_demo.Tech_demo:PersistentLevel' has LevelScriptBlueprint '/Game/map/Maps/Tech_demo.Tech_demo:PersistentLevel.Tech_demo' with GeneratedClass '/Game/map/Maps/Tech_demo.Tech_demo_C' with ClassGeneratedBy '/Game/map/Maps/Tech_demo.Tech_demo:PersistentLevel.Tech_demo'
[2018.08.18-14.57.23:964][904]LogPlayLevel: PlayLevel: No blueprints needed recompiling
[2018.08.18-14.57.23:964][904]PIE: New page: PIE session: Tech_demo (18 Ağu 2018 20:57:23)
[2018.08.18-14.57.23:964][904]LogPlayLevel: Creating play world package: /Game/map/Maps/UEDPIE_0_Tech_demo
[2018.08.18-14.57.23:989][904]LogPlayLevel: PIE: StaticDuplicateObject took: (0.024600s)
[2018.08.18-14.57.23:990][904]LogAIModule: Creating AISystem for world Tech_demo
[2018.08.18-14.57.23:990][904]LogPlayLevel: PIE: World Init took: (0.001001s)
[2018.08.18-14.57.23:990][904]LogPlayLevel: PIE: Created PIE world by copying editor world from /Game/map/Maps/Tech_demo.Tech_demo to /Game/map/Maps/UEDPIE_0_Tech_demo.Tech_demo (0.025848s)
[2018.08.18-14.57.24:026][904]LogInit: XAudio2 using 'Hoparlör (Realtek High Definition Audio)' : 2 channels at 48 kHz using 32 bits per sample (channel mask 0x3)
[2018.08.18-14.57.24:048][904]LogInit: FAudioDevice initialized.
[2018.08.18-14.57.24:142][904]LogLoad: Game class is 'ThirdPersonGameMode_C'
[2018.08.18-14.57.24:261][904]LogWorld: Bringing World /Game/map/Maps/UEDPIE_0_Tech_demo.Tech_demo up for play (max tick rate 60) at 2018.08.18-17.57.24
[2018.08.18-14.57.24:265][904]LogWorld: Bringing up level for play took: 0.121720
[2018.08.18-14.57.24:274][904]PIE: Play in editor start time for /Game/map/Maps/UEDPIE_0_Tech_demo 0,293
[2018.08.18-14.57.24:275][904]LogBlueprintUserMessages: Late PlayInEditor Detection: Level '/Game/map/Maps/Tech_demo.Tech_demo:PersistentLevel' has LevelScriptBlueprint '/Game/map/Maps/Tech_demo.Tech_demo:PersistentLevel.Tech_demo' with GeneratedClass '/Game/map/Maps/Tech_demo.Tech_demo_C' with ClassGeneratedBy '/Game/map/Maps/Tech_demo.Tech_demo:PersistentLevel.Tech_demo'
[2018.08.18-14.58.15:297][869]LogSlate: FSceneViewport::OnFocusLost() reason 0
[2018.08.18-14.58.22:722][246]LogSlate: Window 'Am_i_Free Game Preview Standalone (64-bit/PCD3D_SM5)' being destroyed
[2018.08.18-14.58.22:732][246]LogBlueprintUserMessages: Early EndPlayMap Detection: Level '/Game/map/Maps/Tech_demo.Tech_demo:PersistentLevel' has LevelScriptBlueprint '/Game/map/Maps/Tech_demo.Tech_demo:PersistentLevel.Tech_demo' with GeneratedClass '/Game/map/Maps/Tech_demo.Tech_demo_C' with ClassGeneratedBy '/Game/map/Maps/Tech_demo.Tech_demo:PersistentLevel.Tech_demo'
[2018.08.18-14.58.22:794][246]LogBlueprintUserMessages: Late EndPlayMap Detection: Level '/Game/map/Maps/Tech_demo.Tech_demo:PersistentLevel' has LevelScriptBlueprint '/Game/map/Maps/Tech_demo.Tech_demo:PersistentLevel.Tech_demo' with GeneratedClass '/Game/map/Maps/Tech_demo.Tech_demo_C' with ClassGeneratedBy '/Game/map/Maps/Tech_demo.Tech_demo:PersistentLevel.Tech_demo'
[2018.08.18-14.58.26:289][369]Cmd: OBJ SAVEPACKAGE PACKAGE="/Game/map/Maps/Tech_demo" FILE="../../../../../../Users/mg-lenovo/Documents/GitHub/VogsAmIFree/Content/map/Maps/Tech_demo.umap" SILENT=true AUTOSAVING=false KEEPDIRTY=false
[2018.08.18-14.58.26:340][369]LogUObjectGlobals: Destroyed PersistentFrame Addr=0x00000216496baf00, Size=120
[2018.08.18-14.58.26:340][369]LogUObjectGlobals: Created PersistentFrame Addr=0x000002169cb69c00, Size=120, Default__Tech_demo_C Function /Engine/Transient.REINST_Tech_demo_C_56:ExecuteUbergraph_Tech_demo
[2018.08.18-14.58.26:343][369]LogUObjectGlobals: Created PersistentFrame Addr=0x000002169cb68680, Size=120, Default__Tech_demo_C Function /Game/map/Maps/Tech_demo.Tech_demo_C:ExecuteUbergraph_Tech_demo
[2018.08.18-14.58.26:887][369]LogSavePackage: Save=553.85ms
[2018.08.18-14.58.26:887][369]LogSavePackage: Moving '../../../../../../Users/mg-lenovo/Documents/GitHub/VogsAmIFree/Saved/Tech_demo2C9E2D87492DFFD3027D9FAC001148E2.tmp' to '../../../../../../Users/mg-lenovo/Documents/GitHub/VogsAmIFree/Content/map/Maps/Tech_demo.umap'
[2018.08.18-14.58.26:891][369]LogSavePackage: Display: Finished SavePackage ../../../../../../Users/mg-lenovo/Documents/GitHub/VogsAmIFree/Content/map/Maps/Tech_demo.umap
[2018.08.18-14.58.26:982][369]LogFileHelpers: Saving map 'Tech_demo' took 0.814
[2018.08.18-14.58.27:152][369]LogSavePackage: Save=73.38ms
[2018.08.18-14.58.27:152][369]LogSavePackage: Moving '../../../../../../Users/mg-lenovo/Documents/GitHub/VogsAmIFree/Saved/ThirdPersonCharacterC9C57AC94E55461B9D7AE69CE2DE2CBC.tmp' to '../../../../../../Users/mg-lenovo/Documents/GitHub/VogsAmIFree/Content/ThirdPersonBP/Blueprints/ThirdPersonCharacter.uasset'
[2018.08.18-14.58.27:155][369]LogSavePackage: Display: Finished SavePackage ../../../../../../Users/mg-lenovo/Documents/GitHub/VogsAmIFree/Content/ThirdPersonBP/Blueprints/ThirdPersonCharacter.uasset
[2018.08.18-14.58.28:201][432]BlueprintLog: New page: Compile ThirdPersonCharacter
[2018.08.18-14.58.28:223][432]LogUObjectGlobals: Destroyed PersistentFrame Addr=0x00000216156dd300, Size=672
[2018.08.18-14.58.28:223][432]LogUObjectGlobals: Created PersistentFrame Addr=0x0000021633c4e200, Size=672, ThirdPersonCharacter_C_158 Function /Engine/Transient.REINST_ThirdPersonCharacter_C_60:ExecuteUbergraph_ThirdPersonCharacter
[2018.08.18-14.58.28:230][432]LogUObjectGlobals: Created PersistentFrame Addr=0x00000216156f0400, Size=672, Default__ThirdPersonCharacter_C Function /Game/ThirdPersonBP/Blueprints/ThirdPersonCharacter.ThirdPersonCharacter_C:ExecuteUbergraph_ThirdPersonCharacter
[2018.08.18-14.58.28:715][432]LogUObjectGlobals: Destroyed PersistentFrame Addr=0x000002169cb69c00, Size=120
[2018.08.18-14.58.29:398][457]LogSavePackage: Save=154.75ms
[2018.08.18-14.58.29:398][457]LogSavePackage: Moving '../../../../../../Users/mg-lenovo/Documents/GitHub/VogsAmIFree/Saved/ThirdPersonCharacter59B3E22D45B8224DDE503CB107869F4A.tmp' to '../../../../../../Users/mg-lenovo/Documents/GitHub/VogsAmIFree/Content/ThirdPersonBP/Blueprints/ThirdPersonCharacter.uasset'
[2018.08.18-14.58.29:400][457]LogSavePackage: Display: Finished SavePackage ../../../../../../Users/mg-lenovo/Documents/GitHub/VogsAmIFree/Content/ThirdPersonBP/Blueprints/ThirdPersonCharacter.uasset
[2018.08.18-14.58.29:978][492]LogActorComponent: UnregisterComponent: (/Engine/Transient.EditorFloorComp) Not registered. Aborting.
[2018.08.18-14.58.38:467][945]LogEditorViewport: Clicking on Actor (LMB): ThirdPersonCharacter_C (ThirdPersonCharacter)
[2018.08.18-14.58.39:394][982]LogEditorViewport: Clicking on Actor (CTRL LMB): PlayerStart (PlayerStart)
[2018.08.18-14.58.46:088][363]LogNavigationPoint: PostEditMove Clear paths rebuilt
[2018.08.18-14.58.47:670][437]LogUObjectGlobals: Destroyed PersistentFrame Addr=0x0000021623eab100, Size=672
[2018.08.18-14.58.47:670][437]LogUObjectGlobals: Destroyed PersistentFrame Addr=0x0000021633c4e200, Size=672
[2018.08.18-14.58.47:679][437]LogSlate: FSceneViewport::OnFocusLost() reason 2
[2018.08.18-14.58.47:814][437]Cmd: OBJ SAVEPACKAGE PACKAGE="/Game/map/Maps/Tech_demo" FILE="../../../../../../Users/mg-lenovo/Documents/GitHub/VogsAmIFree/Content/map/Maps/Tech_demo.umap" SILENT=true AUTOSAVING=false KEEPDIRTY=false
[2018.08.18-14.58.47:875][437]LogUObjectGlobals: Destroyed PersistentFrame Addr=0x000002169cb68680, Size=120
[2018.08.18-14.58.47:875][437]LogUObjectGlobals: Created PersistentFrame Addr=0x00000216a9cbd180, Size=120, Default__Tech_demo_C Function /Engine/Transient.REINST_Tech_demo_C_64:ExecuteUbergraph_Tech_demo
[2018.08.18-14.58.47:878][437]LogUObjectGlobals: Created PersistentFrame Addr=0x00000216a9cbe900, Size=120, Default__Tech_demo_C Function /Game/map/Maps/Tech_demo.Tech_demo_C:ExecuteUbergraph_Tech_demo
[2018.08.18-14.58.48:350][437]LogSavePackage: Save=481.36ms
[2018.08.18-14.58.48:350][437]LogSavePackage: Moving '../../../../../../Users/mg-lenovo/Documents/GitHub/VogsAmIFree/Saved/Tech_demo75C58CF84139F7218820B8A0025F661C.tmp' to '../../../../../../Users/mg-lenovo/Documents/GitHub/VogsAmIFree/Content/map/Maps/Tech_demo.umap'
[2018.08.18-14.58.48:354][437]LogSavePackage: Display: Finished SavePackage ../../../../../../Users/mg-lenovo/Documents/GitHub/VogsAmIFree/Content/map/Maps/Tech_demo.umap
[2018.08.18-14.58.48:434][437]LogFileHelpers: Saving map 'Tech_demo' took 0.734
[2018.08.18-14.58.48:818][446]LogSlate: FSceneViewport::OnFocusLost() reason 0
[2018.08.18-14.58.48:888][450]LogTemp: Repeating last play command: New Editor Window (PIE)
[2018.08.18-14.58.48:927][450]LogBlueprintUserMessages: Early PlayInEditor Detection: Level '/Game/map/Maps/Tech_demo.Tech_demo:PersistentLevel' has LevelScriptBlueprint '/Game/map/Maps/Tech_demo.Tech_demo:PersistentLevel.Tech_demo' with GeneratedClass '/Game/map/Maps/Tech_demo.Tech_demo_C' with ClassGeneratedBy '/Game/map/Maps/Tech_demo.Tech_demo:PersistentLevel.Tech_demo'
[2018.08.18-14.58.48:927][450]LogPlayLevel: PlayLevel: No blueprints needed recompiling
[2018.08.18-14.58.48:927][450]PIE: New page: PIE session: Tech_demo (18 Ağu 2018 20:58:48)
[2018.08.18-14.58.48:927][450]LogPlayLevel: Creating play world package: /Game/map/Maps/UEDPIE_0_Tech_demo
[2018.08.18-14.58.48:947][450]LogPlayLevel: PIE: StaticDuplicateObject took: (0.019349s)
[2018.08.18-14.58.48:948][450]LogAIModule: Creating AISystem for world Tech_demo
[2018.08.18-14.58.48:948][450]LogPlayLevel: PIE: World Init took: (0.000965s)
[2018.08.18-14.58.48:948][450]LogPlayLevel: PIE: Created PIE world by copying editor world from /Game/map/Maps/Tech_demo.Tech_demo to /Game/map/Maps/UEDPIE_0_Tech_demo.Tech_demo (0.020537s)
[2018.08.18-14.58.48:968][450]LogUObjectGlobals: Destroyed PersistentFrame Addr=0x00000216a9cbd180, Size=120
[2018.08.18-14.58.48:999][450]LogInit: XAudio2 using 'Hoparlör (Realtek High Definition Audio)' : 2 channels at 48 kHz using 32 bits per sample (channel mask 0x3)
[2018.08.18-14.58.49:017][450]LogInit: FAudioDevice initialized.
[2018.08.18-14.58.49:162][450]LogLoad: Game class is 'ThirdPersonGameMode_C'
[2018.08.18-14.58.49:280][450]LogWorld: Bringing World /Game/map/Maps/UEDPIE_0_Tech_demo.Tech_demo up for play (max tick rate 60) at 2018.08.18-17.58.49
[2018.08.18-14.58.49:282][450]LogWorld: Bringing up level for play took: 0.118922
[2018.08.18-14.58.49:290][450]PIE: Play in editor start time for /Game/map/Maps/UEDPIE_0_Tech_demo 1,309
[2018.08.18-14.58.49:290][450]LogBlueprintUserMessages: Late PlayInEditor Detection: Level '/Game/map/Maps/Tech_demo.Tech_demo:PersistentLevel' has LevelScriptBlueprint '/Game/map/Maps/Tech_demo.Tech_demo:PersistentLevel.Tech_demo' with GeneratedClass '/Game/map/Maps/Tech_demo.Tech_demo_C' with ClassGeneratedBy '/Game/map/Maps/Tech_demo.Tech_demo:PersistentLevel.Tech_demo'
[2018.08.18-14.58.50:367][486]LogBlueprintUserMessages: Early EndPlayMap Detection: Level '/Game/map/Maps/Tech_demo.Tech_demo:PersistentLevel' has LevelScriptBlueprint '/Game/map/Maps/Tech_demo.Tech_demo:PersistentLevel.Tech_demo' with GeneratedClass '/Game/map/Maps/Tech_demo.Tech_demo_C' with ClassGeneratedBy '/Game/map/Maps/Tech_demo.Tech_demo:PersistentLevel.Tech_demo'
[2018.08.18-14.58.50:413][486]LogSlate: Window 'Am_i_Free Game Preview Standalone (64-bit/PCD3D_SM5)' being destroyed
[2018.08.18-14.58.50:478][486]LogBlueprintUserMessages: Late EndPlayMap Detection: Level '/Game/map/Maps/Tech_demo.Tech_demo:PersistentLevel' has LevelScriptBlueprint '/Game/map/Maps/Tech_demo.Tech_demo:PersistentLevel.Tech_demo' with GeneratedClass '/Game/map/Maps/Tech_demo.Tech_demo_C' with ClassGeneratedBy '/Game/map/Maps/Tech_demo.Tech_demo:PersistentLevel.Tech_demo'
[2018.08.18-14.58.51:907][545]LogEditorViewport: Clicking on Actor (LMB): gridmaker_C (floor)
[2018.08.18-14.58.52:113][545]LogEditorViewport: Clicking on Component (LMB): InstancedStaticMeshComponent (grid)
[2018.08.18-14.59.46:849][604]LogEditorViewport: Clicking on Component (LMB): InstancedStaticMeshComponent (grid)
[2018.08.18-14.59.49:191][612]LogSlate: FSceneViewport::OnFocusLost() reason 0
