Log file open, 08/19/18 20:48:22
LogWindows: Failed to load 'aqProf.dll' (GetLastError=126)
LogWindows: File 'aqProf.dll' does not exist
LogWindows: Failed to load 'VtuneApi.dll' (GetLastError=126)
LogWindows: File 'VtuneApi.dll' does not exist
LogWindows: Failed to load 'VtuneApi32e.dll' (GetLastError=126)
LogWindows: File 'VtuneApi32e.dll' does not exist
LogInit: Display: Running engine for game: Am_i_Free
LogPlatformFile: Not using cached read wrapper
LogInit: Display: RandInit(-142413819) SRandInit(-142413819).
LogInit: Read version file with build ID '3944462'
LogInit: Overriding engine version to CL 4033788, compatible CL 3944462
LogInit: Registered custom module enumerator with build ID '3944462'
LogTaskGraph: Started task graph with 5 named threads and 23 total threads with 3 sets of task threads.
LogStats: Stats thread started at 0.296229
LogD3D11RHI: Aftermath initialized
LogICUInternationalization: Display: ICU TimeZone Detection - Raw Offset: +2:00, Platform Override: ''
LogModuleManager: Display: Found up-to-date module file ../../../Engine/Plugins/Marketplace/Substance/Binaries/Win64/UE4Editor-SubstanceCore.dll (API version 3944462).
LogModuleManager: Display: Found up-to-date module file ../../../Engine/Plugins/Marketplace/Substance/Binaries/Win64/UE4Editor-SubstanceEditor.dll (API version 3944462).
LogModuleManager: Display: Found up-to-date module file ../../../Engine/Plugins/Marketplace/Substance/Binaries/Win64/UE4Editor-SubstanceSource.dll (API version 3944462).
LogModuleManager: Display: Found up-to-date module file ../../../Engine/Plugins/Marketplace/Substance/Binaries/Win64/UE4Editor-SubstanceLiveLink.dll (API version 3944462).
LogModuleManager: Display: Found up-to-date module file ../../../Engine/Plugins/2D/Paper2D/Binaries/Win64/UE4Editor-Paper2D.dll (API version 3944462).
LogModuleManager: Display: Found up-to-date module file ../../../Engine/Plugins/2D/Paper2D/Binaries/Win64/UE4Editor-Paper2DEditor.dll (API version 3944462).
LogModuleManager: Display: Found up-to-date module file ../../../Engine/Plugins/2D/Paper2D/Binaries/Win64/UE4Editor-PaperSpriteSheetImporter.dll (API version 3944462).
LogModuleManager: Display: Found up-to-date module file ../../../Engine/Plugins/2D/Paper2D/Binaries/Win64/UE4Editor-PaperTiledImporter.dll (API version 3944462).
LogModuleManager: Display: Found up-to-date module file ../../../Engine/Plugins/2D/Paper2D/Binaries/Win64/UE4Editor-SmartSnapping.dll (API version 3944462).
LogModuleManager: Display: Found up-to-date module file ../../../Engine/Plugins/Blendables/LightPropagationVolume/Binaries/Win64/UE4Editor-LightPropagationVolumeRuntime.dll (API version 3944462).
LogModuleManager: Display: Found up-to-date module file ../../../Engine/Plugins/Blendables/LightPropagationVolume/Binaries/Win64/UE4Editor-LightPropagationVolumeEditor.dll (API version 3944462).
LogModuleManager: Display: Found up-to-date module file ../../../Engine/Plugins/Developer/CLionSourceCodeAccess/Binaries/Win64/UE4Editor-CLionSourceCodeAccess.dll (API version 3944462).
LogModuleManager: Display: Found up-to-date module file ../../../Engine/Plugins/Developer/GitSourceControl/Binaries/Win64/UE4Editor-GitSourceControl.dll (API version 3944462).
LogModuleManager: Display: Found up-to-date module file ../../../Engine/Plugins/Developer/PerforceSourceControl/Binaries/Win64/UE4Editor-PerforceSourceControl.dll (API version 3944462).
LogModuleManager: Display: Found up-to-date module file ../../../Engine/Plugins/Developer/SubversionSourceControl/Binaries/Win64/UE4Editor-SubversionSourceControl.dll (API version 3944462).
LogModuleManager: Display: Found up-to-date module file ../../../Engine/Plugins/Developer/UObjectPlugin/Binaries/Win64/UE4Editor-UObjectPlugin.dll (API version 3944462).
LogModuleManager: Display: Found up-to-date module file ../../../Engine/Plugins/Developer/VisualStudioCodeSourceCodeAccess/Binaries/Win64/UE4Editor-VisualStudioCodeSourceCodeAccess.dll (API version 3944462).
LogModuleManager: Display: Found up-to-date module file ../../../Engine/Plugins/Developer/VisualStudioSourceCodeAccess/Binaries/Win64/UE4Editor-VisualStudioSourceCodeAccess.dll (API version 3944462).
LogModuleManager: Display: Found up-to-date module file ../../../Engine/Plugins/Editor/AssetManagerEditor/Binaries/Win64/UE4Editor-AssetManagerEditor.dll (API version 3944462).
LogModuleManager: Display: Found up-to-date module file ../../../Engine/Plugins/Editor/CryptoKeys/Binaries/Win64/UE4Editor-CryptoKeys.dll (API version 3944462).
LogModuleManager: Display: Found up-to-date module file ../../../Engine/Plugins/Editor/CryptoKeys/Binaries/Win64/UE4Editor-CryptoKeysOpenSSL.dll (API version 3944462).
LogModuleManager: Display: Found up-to-date module file ../../../Engine/Plugins/Editor/DataValidation/Binaries/Win64/UE4Editor-DataValidation.dll (API version 3944462).
LogModuleManager: Display: Found up-to-date module file ../../../Engine/Plugins/Editor/FacialAnimation/Binaries/Win64/UE4Editor-FacialAnimation.dll (API version 3944462).
LogModuleManager: Display: Found up-to-date module file ../../../Engine/Plugins/Editor/FacialAnimation/Binaries/Win64/UE4Editor-FacialAnimationEditor.dll (API version 3944462).
LogModuleManager: Display: Found up-to-date module file ../../../Engine/Plugins/Editor/GameplayTagsEditor/Binaries/Win64/UE4Editor-GameplayTagsEditor.dll (API version 3944462).
LogModuleManager: Display: Found up-to-date module file ../../../Engine/Plugins/Editor/MobileLauncherProfileWizard/Binaries/Win64/UE4Editor-MobileLauncherProfileWizard.dll (API version 3944462).
LogModuleManager: Display: Found up-to-date module file ../../../Engine/Plugins/Editor/PluginBrowser/Binaries/Win64/UE4Editor-PluginBrowser.dll (API version 3944462).
LogModuleManager: Display: Found up-to-date module file ../../../Engine/Plugins/Editor/SpeedTreeImporter/Binaries/Win64/UE4Editor-SpeedTreeImporter.dll (API version 3944462).
LogModuleManager: Display: Found up-to-date module file ../../../Engine/Plugins/Enterprise/DatasmithContent/Binaries/Win64/UE4Editor-DatasmithContent.dll (API version 3944462).
LogModuleManager: Display: Found up-to-date module file ../../../Engine/Plugins/Experimental/AlembicImporter/Binaries/Win64/UE4Editor-AlembicImporter.dll (API version 3944462).
LogModuleManager: Display: Found up-to-date module file ../../../Engine/Plugins/Experimental/AlembicImporter/Binaries/Win64/UE4Editor-AlembicLibrary.dll (API version 3944462).
LogModuleManager: Display: Found up-to-date module file ../../../Engine/Plugins/Experimental/CharacterAI/Binaries/Win64/UE4Editor-CharacterAI.dll (API version 3944462).
LogModuleManager: Display: Found up-to-date module file ../../../Engine/Plugins/Experimental/HTML5Networking/Binaries/Win64/UE4Editor-HTML5Networking.dll (API version 3944462).
LogModuleManager: Display: Found up-to-date module file ../../../Engine/Plugins/Media/AndroidMedia/Binaries/Win64/UE4Editor-AndroidMediaEditor.dll (API version 3944462).
LogModuleManager: Display: Found up-to-date module file ../../../Engine/Plugins/Media/AndroidMedia/Binaries/Win64/UE4Editor-AndroidMediaFactory.dll (API version 3944462).
LogModuleManager: Display: Found up-to-date module file ../../../Engine/Plugins/Media/AvfMedia/Binaries/Win64/UE4Editor-AvfMediaEditor.dll (API version 3944462).
LogModuleManager: Display: Found up-to-date module file ../../../Engine/Plugins/Media/AvfMedia/Binaries/Win64/UE4Editor-AvfMediaFactory.dll (API version 3944462).
LogModuleManager: Display: Found up-to-date module file ../../../Engine/Plugins/Media/AvfMedia/Binaries/Win64/UE4Editor-AvfMediaFactory.dll (API version 3944462).
LogModuleManager: Display: Found up-to-date module file ../../../Engine/Plugins/Media/ImgMedia/Binaries/Win64/UE4Editor-ImgMedia.dll (API version 3944462).
LogModuleManager: Display: Found up-to-date module file ../../../Engine/Plugins/Media/ImgMedia/Binaries/Win64/UE4Editor-ImgMediaEditor.dll (API version 3944462).
LogModuleManager: Display: Found up-to-date module file ../../../Engine/Plugins/Media/ImgMedia/Binaries/Win64/UE4Editor-ImgMediaFactory.dll (API version 3944462).
LogModuleManager: Display: Found up-to-date module file ../../../Engine/Plugins/Media/ImgMedia/Binaries/Win64/UE4Editor-ImgMediaFactory.dll (API version 3944462).
LogModuleManager: Display: Found up-to-date module file ../../../Engine/Plugins/Media/ImgMedia/Binaries/Win64/UE4Editor-OpenExrWrapper.dll (API version 3944462).
LogModuleManager: Display: Found up-to-date module file ../../../Engine/Plugins/Media/LinearTimecode/Binaries/Win64/UE4Editor-LinearTimecode.dll (API version 3944462).
LogModuleManager: Display: Found up-to-date module file ../../../Engine/Plugins/Media/MediaCompositing/Binaries/Win64/UE4Editor-MediaCompositing.dll (API version 3944462).
LogModuleManager: Display: Found up-to-date module file ../../../Engine/Plugins/Media/MediaCompositing/Binaries/Win64/UE4Editor-MediaCompositingEditor.dll (API version 3944462).
LogModuleManager: Display: Found up-to-date module file ../../../Engine/Plugins/Media/MediaPlayerEditor/Binaries/Win64/UE4Editor-MediaPlayerEditor.dll (API version 3944462).
LogModuleManager: Display: Found up-to-date module file ../../../Engine/Plugins/Media/WmfMedia/Binaries/Win64/UE4Editor-WmfMedia.dll (API version 3944462).
LogModuleManager: Display: Found up-to-date module file ../../../Engine/Plugins/Media/WmfMedia/Binaries/Win64/UE4Editor-WmfMediaEditor.dll (API version 3944462).
LogModuleManager: Display: Found up-to-date module file ../../../Engine/Plugins/Media/WmfMedia/Binaries/Win64/UE4Editor-WmfMediaFactory.dll (API version 3944462).
LogModuleManager: Display: Found up-to-date module file ../../../Engine/Plugins/Media/WmfMedia/Binaries/Win64/UE4Editor-WmfMediaFactory.dll (API version 3944462).
LogModuleManager: Display: Found up-to-date module file ../../../Engine/Plugins/Messaging/TcpMessaging/Binaries/Win64/UE4Editor-TcpMessaging.dll (API version 3944462).
LogModuleManager: Display: Found up-to-date module file ../../../Engine/Plugins/Messaging/UdpMessaging/Binaries/Win64/UE4Editor-UdpMessaging.dll (API version 3944462).
LogModuleManager: Display: Found up-to-date module file ../../../Engine/Plugins/MovieScene/ActorSequence/Binaries/Win64/UE4Editor-ActorSequence.dll (API version 3944462).
LogModuleManager: Display: Found up-to-date module file ../../../Engine/Plugins/MovieScene/LevelSequenceEditor/Binaries/Win64/UE4Editor-LevelSequenceEditor.dll (API version 3944462).
LogModuleManager: Display: Found up-to-date module file ../../../Engine/Plugins/MovieScene/MatineeToLevelSequence/Binaries/Win64/UE4Editor-MatineeToLevelSequence.dll (API version 3944462).
LogModuleManager: Display: Found up-to-date module file ../../../Engine/Plugins/NetcodeUnitTest/NetcodeUnitTest/Binaries/Win64/UE4Editor-NetcodeUnitTest.dll (API version 3944462).
LogModuleManager: Display: Found up-to-date module file ../../../Engine/Plugins/NetcodeUnitTest/NUTUnrealEngine4/Binaries/Win64/UE4Editor-NUTUnrealEngine4.dll (API version 3944462).
LogModuleManager: Display: Found up-to-date module file ../../../Engine/Plugins/Online/OnlineSubsystem/Binaries/Win64/UE4Editor-OnlineSubsystem.dll (API version 3944462).
LogModuleManager: Display: Found up-to-date module file ../../../Engine/Plugins/Runtime/AndroidPermission/Binaries/Win64/UE4Editor-AndroidPermission.dll (API version 3944462).
LogModuleManager: Display: Found up-to-date module file ../../../Engine/Plugins/Online/OnlineSubsystemNull/Binaries/Win64/UE4Editor-OnlineSubsystemNull.dll (API version 3944462).
LogModuleManager: Display: Found up-to-date module file ../../../Engine/Plugins/Online/OnlineSubsystemUtils/Binaries/Win64/UE4Editor-OnlineSubsystemUtils.dll (API version 3944462).
LogModuleManager: Display: Found up-to-date module file ../../../Engine/Plugins/Online/OnlineSubsystemUtils/Binaries/Win64/UE4Editor-OnlineBlueprintSupport.dll (API version 3944462).
LogModuleManager: Display: Found up-to-date module file ../../../Engine/Plugins/Runtime/AndroidDeviceProfileSelector/Binaries/Win64/UE4Editor-AndroidDeviceProfileSelector.dll (API version 3944462).
LogModuleManager: Display: Found up-to-date module file ../../../Engine/Plugins/Runtime/AppleARKit/Binaries/Win64/UE4Editor-AppleARKit.dll (API version 3944462).
LogModuleManager: Display: Found up-to-date module file ../../../Engine/Plugins/Runtime/ProceduralMeshComponent/Binaries/Win64/UE4Editor-ProceduralMeshComponent.dll (API version 3944462).
LogModuleManager: Display: Found up-to-date module file ../../../Engine/Plugins/Runtime/ProceduralMeshComponent/Binaries/Win64/UE4Editor-ProceduralMeshComponentEditor.dll (API version 3944462).
LogModuleManager: Display: Found up-to-date module file ../../../Engine/Plugins/Animation/LiveLink/Binaries/Win64/UE4Editor-LiveLink.dll (API version 3944462).
LogModuleManager: Display: Found up-to-date module file ../../../Engine/Plugins/Animation/LiveLink/Binaries/Win64/UE4Editor-LiveLinkEditor.dll (API version 3944462).
LogModuleManager: Display: Found up-to-date module file ../../../Engine/Plugins/Runtime/ArchVisCharacter/Binaries/Win64/UE4Editor-ArchVisCharacter.dll (API version 3944462).
LogModuleManager: Display: Found up-to-date module file ../../../Engine/Plugins/Runtime/AudioCapture/Binaries/Win64/UE4Editor-AudioCapture.dll (API version 3944462).
LogModuleManager: Display: Found up-to-date module file ../../../Engine/Plugins/Runtime/AudioCapture/Binaries/Win64/UE4Editor-AudioCaptureEditor.dll (API version 3944462).
LogModuleManager: Display: Found up-to-date module file ../../../Engine/Plugins/Runtime/CableComponent/Binaries/Win64/UE4Editor-CableComponent.dll (API version 3944462).
LogModuleManager: Display: Found up-to-date module file ../../../Engine/Plugins/Runtime/CustomMeshComponent/Binaries/Win64/UE4Editor-CustomMeshComponent.dll (API version 3944462).
LogModuleManager: Display: Found up-to-date module file ../../../Engine/Plugins/Runtime/ExampleDeviceProfileSelector/Binaries/Win64/UE4Editor-ExampleDeviceProfileSelector.dll (API version 3944462).
LogModuleManager: Display: Found up-to-date module file ../../../Engine/Plugins/Runtime/ImmediatePhysics/Binaries/Win64/UE4Editor-ImmediatePhysics.dll (API version 3944462).
LogModuleManager: Display: Found up-to-date module file ../../../Engine/Plugins/Runtime/ImmediatePhysics/Binaries/Win64/UE4Editor-ImmediatePhysicsEditor.dll (API version 3944462).
LogModuleManager: Display: Found up-to-date module file ../../../Engine/Plugins/Runtime/LocationServicesBPLibrary/Binaries/Win64/UE4Editor-LocationServicesBPLibrary.dll (API version 3944462).
LogModuleManager: Display: Found up-to-date module file ../../../Engine/Plugins/Runtime/MobilePatchingUtils/Binaries/Win64/UE4Editor-MobilePatchingUtils.dll (API version 3944462).
LogModuleManager: Display: Found up-to-date module file ../../../Engine/Plugins/Runtime/Oculus/OculusVR/Binaries/Win64/UE4Editor-OculusHMD.dll (API version 3944462).
LogModuleManager: Display: Found up-to-date module file ../../../Engine/Plugins/Runtime/Oculus/OculusVR/Binaries/Win64/UE4Editor-OculusInput.dll (API version 3944462).
LogModuleManager: Display: Found up-to-date module file ../../../Engine/Plugins/Runtime/Oculus/OculusVR/Binaries/Win64/UE4Editor-OculusEditor.dll (API version 3944462).
LogModuleManager: Display: Found up-to-date module file ../../../Engine/Plugins/Runtime/PhysXVehicles/Binaries/Win64/UE4Editor-PhysXVehicles.dll (API version 3944462).
LogModuleManager: Display: Found up-to-date module file ../../../Engine/Plugins/Runtime/PhysXVehicles/Binaries/Win64/UE4Editor-PhysXVehiclesEditor.dll (API version 3944462).
LogModuleManager: Display: Found up-to-date module file ../../../Engine/Plugins/Runtime/RuntimePhysXCooking/Binaries/Win64/UE4Editor-RuntimePhysXCooking.dll (API version 3944462).
LogModuleManager: Display: Found up-to-date module file ../../../Engine/Plugins/Runtime/Steam/SteamVR/Binaries/Win64/UE4Editor-SteamVR.dll (API version 3944462).
LogModuleManager: Display: Found up-to-date module file ../../../Engine/Plugins/Runtime/Steam/SteamVR/Binaries/Win64/UE4Editor-SteamVRController.dll (API version 3944462).
LogModuleManager: Display: Found up-to-date module file ../../../Engine/Plugins/Runtime/WindowsMoviePlayer/Binaries/Win64/UE4Editor-WindowsMoviePlayer.dll (API version 3944462).
LogPluginManager: Mounting plugin Paper2D
LogPluginManager: Mounting plugin LiveLink
LogPluginManager: Mounting plugin LightPropagationVolume
LogPluginManager: Mounting plugin CLionSourceCodeAccess
LogPluginManager: Mounting plugin CodeLiteSourceCodeAccess
LogPluginManager: Mounting plugin GitSourceControl
LogPluginManager: Mounting plugin KDevelopSourceCodeAccess
LogPluginManager: Mounting plugin NullSourceCodeAccess
LogPluginManager: Mounting plugin PerforceSourceControl
LogPluginManager: Mounting plugin SubversionSourceControl
LogPluginManager: Mounting plugin UObjectPlugin
LogPluginManager: Mounting plugin VisualStudioCodeSourceCodeAccess
LogPluginManager: Mounting plugin VisualStudioSourceCodeAccess
LogPluginManager: Mounting plugin XCodeSourceCodeAccess
LogPluginManager: Mounting plugin AssetManagerEditor
LogPluginManager: Mounting plugin CryptoKeys
LogPluginManager: Mounting plugin DataValidation
LogPluginManager: Mounting plugin FacialAnimation
LogPluginManager: Mounting plugin GameplayTagsEditor
LogPluginManager: Mounting plugin MobileLauncherProfileWizard
LogPluginManager: Mounting plugin PluginBrowser
LogPluginManager: Mounting plugin SpeedTreeImporter
LogPluginManager: Mounting plugin DatasmithContent
LogPluginManager: Mounting plugin AlembicImporter
LogPluginManager: Mounting plugin CharacterAI
LogPluginManager: Mounting plugin HTML5Networking
LogPluginManager: Mounting plugin Substance
LogPluginManager: Mounting plugin AndroidMedia
LogPluginManager: Mounting plugin AvfMedia
LogPluginManager: Mounting plugin ImgMedia
LogPluginManager: Mounting plugin LinearTimecode
LogPluginManager: Mounting plugin MediaCompositing
LogPluginManager: Mounting plugin MediaPlayerEditor
LogPluginManager: Mounting plugin WmfMedia
LogPluginManager: Mounting plugin TcpMessaging
LogPluginManager: Mounting plugin UdpMessaging
LogPluginManager: Mounting plugin ActorSequence
LogPluginManager: Mounting plugin LevelSequenceEditor
LogPluginManager: Mounting plugin MatineeToLevelSequence
LogPluginManager: Mounting plugin NetcodeUnitTest
LogPluginManager: Mounting plugin NUTUnrealEngine4
LogPluginManager: Mounting plugin OnlineSubsystemGooglePlay
LogPluginManager: Mounting plugin OnlineSubsystemIOS
LogPluginManager: Mounting plugin OnlineSubsystem
LogPluginManager: Mounting plugin OnlineSubsystemNull
LogPluginManager: Mounting plugin OnlineSubsystemUtils
LogPluginManager: Mounting plugin AndroidDeviceProfileSelector
LogPluginManager: Mounting plugin AndroidMoviePlayer
LogPluginManager: Mounting plugin AndroidPermission
LogPluginManager: Mounting plugin AppleARKit
LogPluginManager: Mounting plugin AppleMoviePlayer
LogPluginManager: Mounting plugin ArchVisCharacter
LogPluginManager: Mounting plugin AudioCapture
LogPluginManager: Mounting plugin CableComponent
LogPluginManager: Mounting plugin CustomMeshComponent
LogPluginManager: Mounting plugin ExampleDeviceProfileSelector
LogPluginManager: Mounting plugin GoogleCloudMessaging
LogPluginManager: Mounting plugin ImmediatePhysics
LogPluginManager: Mounting plugin IOSDeviceProfileSelector
LogPluginManager: Mounting plugin LinuxDeviceProfileSelector
LogPluginManager: Mounting plugin LocationServicesBPLibrary
LogPluginManager: Mounting plugin MobilePatchingUtils
LogPluginManager: Mounting plugin OculusVR
LogPluginManager: Plugin shader directory ../../../Engine/Plugins/Runtime/Oculus/OculusVR/Shaders found
LogPluginManager: Mapping shader source directory ../../../Engine/Plugins/Runtime/Oculus/OculusVR/Shaders to virtual directory /Plugin/OculusVR
LogPluginManager: Mounting plugin PhysXVehicles
LogPluginManager: Mounting plugin ProceduralMeshComponent
LogPluginManager: Mounting plugin RuntimePhysXCooking
LogPluginManager: Mounting plugin SteamVR
LogPluginManager: Mounting plugin WindowsMoviePlayer
LogStreaming: Display: Took  2.733s to configure plugins.
LogInit: Using libcurl 7.47.1
LogInit:  - built for x86_64-pc-win32
LogInit:  - supports SSL with OpenSSL/1.0.2g
LogInit:  - supports HTTP deflate (compression) using libz 1.2.8
LogInit:  - other features:
LogInit:      CURL_VERSION_SSL
LogInit:      CURL_VERSION_LIBZ
LogInit:      CURL_VERSION_IPV6
LogInit:      CURL_VERSION_ASYNCHDNS
LogInit:      CURL_VERSION_LARGEFILE
LogInit:      CURL_VERSION_IDN
LogInit:  CurlRequestOptions (configurable via config and command line):
LogInit:  - bVerifyPeer = false  - Libcurl will NOT verify peer certificate
LogInit:  - bUseHttpProxy = false  - Libcurl will NOT use HTTP proxy
LogInit:  - bDontReuseConnections = false  - Libcurl will reuse connections
LogInit:  - CertBundlePath = nullptr  - Libcurl will use whatever was configured at build time.
LogInit:  - MaxHostConnections = 16  - Libcurl will limit the number of connections to a host
LogInit:  - LocalHostAddr = Default
LogInit: WinSock: version 1.1 (2.2), MaxSocks=32767, MaxUdp=65467
LogInit: WinSock: I am DESKTOP-KQUM2EF (192.168.1.103:0)
LogInit: Build: ++UE4+Release-4.19-CL-4033788
LogInit: Engine Version: 4.19.2-4033788+++UE4+Release-4.19
LogInit: Compatible Engine Version: 4.19.0-3944462+++UE4+Release-4.19
LogInit: Net CL: 3944462
LogDevObjectVersion: Number of dev versions registered: 18
LogDevObjectVersion:   Dev-Blueprints (B0D832E4-1F89-4F0D-ACCF-7EB736FD4AA2): 10
LogDevObjectVersion:   Dev-Build (E1C64328-A22C-4D53-A36C-8E866417BD8C): 0
LogDevObjectVersion:   Dev-Core (375EC13C-06E4-48FB-B500-84F0262A717E): 2
LogDevObjectVersion:   Dev-Editor (E4B068ED-F494-42E9-A231-DA0B2E46BB41): 23
LogDevObjectVersion:   Dev-Framework (CFFC743F-43B0-4480-9391-14DF171D2073): 33
LogDevObjectVersion:   Dev-Mobile (B02B49B5-BB20-44E9-A304-32B752E40360): 2
LogDevObjectVersion:   Dev-Networking (A4E4105C-59A1-49B5-A7C5-40C4547EDFEE): 0
LogDevObjectVersion:   Dev-Online (39C831C9-5AE6-47DC-9A44-9C173E1C8E7C): 0
LogDevObjectVersion:   Dev-Physics (78F01B33-EBEA-4F98-B9B4-84EACCB95AA2): 0
LogDevObjectVersion:   Dev-Platform (6631380F-2D4D-43E0-8009-CF276956A95A): 0
LogDevObjectVersion:   Dev-Rendering (12F88B9F-8875-4AFC-A67C-D90C383ABD29): 25
LogDevObjectVersion:   Dev-Sequencer (7B5AE74C-D270-4C10-A958-57980B212A5A): 6
LogDevObjectVersion:   Dev-VR (D7296918-1DD6-4BDD-9DE2-64A83CC13884): 1
LogDevObjectVersion:   Dev-LoadTimes (C2A15278-BFE7-4AFE-6C17-90FF531DF755): 1
LogDevObjectVersion:   Private-Geometry (6EACA3D4-40EC-4CC1-B786-8BED09428FC5): 2
LogDevObjectVersion:   Dev-AnimPhys (29E575DD-E0A3-4627-9D10-D276232CDCEA): 16
LogDevObjectVersion:   Dev-ReflectionCapture (6B266CEC-1EC7-4B8F-A30B-E4D90942FC07): 1
LogDevObjectVersion:   Dev-Automation (0DF73D61-A23F-47EA-B727-89E90C41499A): 1
LogInit: Compiled (64-bit): Apr 27 2018 02:06:57
LogInit: Compiled with Visual C++: 19.00.24215.01
LogInit: Build Configuration: Development
LogInit: Branch Name: ++UE4+Release-4.19
LogInit: Command Line:  /Game/map/Maps/Tech_demo -game -PIEVIACONSOLE -ResX=1280 -ResY=720  -Multiprocess -messaging -SessionName="Play in Standalone Game" -windowed 
LogInit: Base Directory: C:/Program Files/Epic Games/UE_4.19/Engine/Binaries/Win64/
LogInit: Installed Engine Build: 1
LogStreaming: Display: Took  0.011s to delete old logs.
LogInit: Presizing for max 8388607 objects, including 0 objects not considered by GC, pre-allocating 0 bytes for permanent pool.
LogInit: Object subsystem initialized
[2018.08.19-17.48.25:781][  0]LogInit: Selected Device Profile: [Windows]
[2018.08.19-17.48.25:781][  0]LogInit: Applying CVar settings loaded from the selected device profile: [Windows]
[2018.08.19-17.48.25:793][  0]LogInit: Computer: DESKTOP-KQUM2EF
[2018.08.19-17.48.25:793][  0]LogInit: User: Mahir
[2018.08.19-17.48.25:793][  0]LogInit: CPU Page size=4096, Cores=4
[2018.08.19-17.48.25:793][  0]LogInit: High frequency timer resolution =2.742186 MHz
[2018.08.19-17.48.25:794][  0]LogMemory: Memory total: Physical=16.0GB (16GB approx)
[2018.08.19-17.48.25:794][  0]LogMemory: Platform Memory Stats for Windows
[2018.08.19-17.48.25:794][  0]LogMemory: Process Physical Memory: 276.05 MB used, 276.05 MB peak
[2018.08.19-17.48.25:794][  0]LogMemory: Process Virtual Memory: 276.89 MB used, 276.89 MB peak
[2018.08.19-17.48.25:794][  0]LogMemory: Physical Memory: 7988.58 MB used,  8353.79 MB free, 16342.36 MB total
[2018.08.19-17.48.25:794][  0]LogMemory: Virtual Memory: 4807.34 MB used,  8353.79 MB free, 134217728.00 MB total
[2018.08.19-17.48.25:832][  0]LogInit: Using OS detected language (tr-TR).
[2018.08.19-17.48.25:832][  0]LogInit: Using OS detected locale (tr-TR).
[2018.08.19-17.48.25:832][  0]LogTextLocalizationManager: No localization for 'tr-TR' exists, so 'en' will be used for the language.
[2018.08.19-17.48.25:832][  0]LogTextLocalizationManager: No localization for 'tr-TR' exists, so 'en' will be used for the locale.
[2018.08.19-17.48.26:320][  0]LogStreaming: Display: Took  0.488s to EndInitTextLocalization.
[2018.08.19-17.48.26:401][  0]LogSlate: New Slate User Created.  User Index 0, Is Virtual User: 0
[2018.08.19-17.48.26:401][  0]LogSlate: Slate User Registered.  User Index 0, Is Virtual User: 0
[2018.08.19-17.48.26:414][  0]LogD3D11RHI: D3D11 adapters:
[2018.08.19-17.48.26:500][  0]LogD3D11RHI:    0. 'NVIDIA GeForce GTX 1070' (Feature Level 11_0)
[2018.08.19-17.48.26:500][  0]LogD3D11RHI:       8081/0/8171 MB DedicatedVideo/DedicatedSystem/SharedSystem, Outputs:2, VendorId:0x10de
[2018.08.19-17.48.26:504][  0]LogD3D11RHI:    1. 'Microsoft Basic Render Driver' (Feature Level 11_0)
[2018.08.19-17.48.26:504][  0]LogD3D11RHI:       0/0/8171 MB DedicatedVideo/DedicatedSystem/SharedSystem, Outputs:0, VendorId:0x1414
[2018.08.19-17.48.26:504][  0]LogD3D11RHI: Chosen D3D11 Adapter: 0
[2018.08.19-17.48.26:513][  0]LogD3D11RHI: Creating new Direct3DDevice
[2018.08.19-17.48.26:513][  0]LogD3D11RHI:     GPU DeviceId: 0x1be1 (for the marketing name, search the web for "GPU Device Id")
[2018.08.19-17.48.26:513][  0]LogWindows: EnumDisplayDevices:
[2018.08.19-17.48.26:513][  0]LogWindows:    0. 'NVIDIA GeForce GTX 1070' (P:1 D:1)
[2018.08.19-17.48.26:514][  0]LogWindows:    1. 'NVIDIA GeForce GTX 1070' (P:0 D:1)
[2018.08.19-17.48.26:514][  0]LogWindows:    2. 'NVIDIA GeForce GTX 1070' (P:0 D:0)
[2018.08.19-17.48.26:514][  0]LogWindows:    3. 'NVIDIA GeForce GTX 1070' (P:0 D:0)
[2018.08.19-17.48.26:514][  0]LogWindows: DebugString: GetVideoDriverDetailsInvalid PrimaryIsNotTheChoosenAdapter GetVideoDriverDetailsInvalid PrimaryIsNotTheChoosenAdapter GetVideoDriverDetailsInvalid PrimaryIsNotTheChoosenAdapter GetVideoDriverDetailsInvalid PrimaryIsNotTheChoosenAdapter FoundDriverCount:0 
[2018.08.19-17.48.26:514][  0]LogD3D11RHI:     Adapter Name: NVIDIA GeForce GTX 1070
[2018.08.19-17.48.26:514][  0]LogD3D11RHI:   Driver Version: Unknown (internal:Unknown, unified:Unknown)
[2018.08.19-17.48.26:514][  0]LogD3D11RHI:      Driver Date: Unknown
[2018.08.19-17.48.26:514][  0]LogRHI: Texture pool is 5656 MB (70% of 8081 MB)
[2018.08.19-17.48.26:563][  0]LogD3D11RHI: [Aftermath] Aftermath enabled and primed
[2018.08.19-17.48.26:563][  0]LogD3D11RHI: [Aftermath] Aftermath enabled and primed
[2018.08.19-17.48.26:563][  0]LogD3D11RHI: Async texture creation enabled
[2018.08.19-17.48.26:603][  0]LogD3D11RHI: GPU Timing Frequency: 1000.000000 (Debug: 2 2)
[2018.08.19-17.48.26:701][  0]LogShaderCompilers: Guid format shader working directory is -12 characters bigger than the processId version (../../../../../../Users/Mahir/Documents/GitHub/VogsAmIFree/Intermediate/Shaders/WorkingDirectory/6628/).
[2018.08.19-17.48.26:701][  0]LogShaderCompilers: Cleaned the shader compiler working directory 'C:/Users/Mahir/AppData/Local/Temp/UnrealShaderWorkingDir/F6B35DD14D08377C54155DBCFD4209C3/'.
[2018.08.19-17.48.27:266][  0]LogTemp: Display: Loaded TP WindowsClientTargetPlatform
[2018.08.19-17.48.27:281][  0]LogTemp: Display: Loaded TP WindowsNoEditorTargetPlatform
[2018.08.19-17.48.27:297][  0]LogTemp: Display: Loaded TP WindowsServerTargetPlatform
[2018.08.19-17.48.27:312][  0]LogTemp: Display: Loaded TP WindowsTargetPlatform
[2018.08.19-17.48.27:312][  0]LogTargetPlatformManager: Display: Building Assets For Windows
[2018.08.19-17.48.27:488][  0]LogXGEController: Cannot use XGE Controller as Incredibuild is not installed on this machine.
[2018.08.19-17.48.27:488][  0]LogShaderCompilers: Cannot use XGE Shader Compiler as Incredibuild is not installed on this machine.
[2018.08.19-17.48.27:488][  0]LogShaderCompilers: Display: Using Local Shader Compiler.
[2018.08.19-17.48.29:134][  0]LogDerivedDataCache: Display: Max Cache Size: 512 MB
[2018.08.19-17.48.29:212][  0]LogDerivedDataCache: Loaded boot cache 0.08s 74MB C:/Users/Mahir/AppData/Local/UnrealEngine/4.19/DerivedDataCache/Boot.ddc.
[2018.08.19-17.48.29:212][  0]LogDerivedDataCache: Display: Loaded Boot cache: C:/Users/Mahir/AppData/Local/UnrealEngine/4.19/DerivedDataCache/Boot.ddc
[2018.08.19-17.48.29:212][  0]LogDerivedDataCache: FDerivedDataBackendGraph:  Pak pak cache file ../../../../../../Users/Mahir/Documents/GitHub/VogsAmIFree/DerivedDataCache/DDC.ddp not found, will not use a pak cache.
[2018.08.19-17.48.29:212][  0]LogDerivedDataCache: Unable to find inner node Pak for hierarchical cache Hierarchy.
[2018.08.19-17.48.29:212][  0]LogDerivedDataCache: FDerivedDataBackendGraph:  CompressedPak pak cache file ../../../../../../Users/Mahir/Documents/GitHub/VogsAmIFree/DerivedDataCache/Compressed.ddp not found, will not use a pak cache.
[2018.08.19-17.48.29:212][  0]LogDerivedDataCache: Unable to find inner node CompressedPak for hierarchical cache Hierarchy.
[2018.08.19-17.48.29:228][  0]LogDerivedDataCache: Display: Pak cache opened for reading ../../../Engine/DerivedDataCache/Compressed.ddp.
[2018.08.19-17.48.29:243][  0]LogDerivedDataCache: Using Local data cache path C:/Users/Mahir/AppData/Local/UnrealEngine/Common/DerivedDataCache: Writable
[2018.08.19-17.48.29:243][  0]LogDerivedDataCache: Shared data cache path not found in *engine.ini, will not use an Shared cache.
[2018.08.19-17.48.29:243][  0]LogDerivedDataCache: Unable to find inner node Shared for hierarchical cache Hierarchy.
[2018.08.19-17.48.29:254][  0]LogMaterial: Verifying Global Shaders for PCD3D_SM5
[2018.08.19-17.48.29:254][  0]LogSlate: Using Freetype 2.6.0
[2018.08.19-17.48.29:406][  0]LogSlate: SlateFontCache - WITH_FREETYPE: 1, WITH_HARFBUZZ: 1
[2018.08.19-17.48.29:406][  0]LogSlate: SlateFontCache - WITH_FREETYPE: 1, WITH_HARFBUZZ: 1
[2018.08.19-17.48.29:874][  0]LogAssetRegistry: FAssetRegistry took 0.0045 seconds to start up
[2018.08.19-17.48.30:069][  0]LogPackageLocalizationCache: Processed 9 localized package path(s) for 1 prioritized culture(s) in 0.010761 seconds
[2018.08.19-17.48.30:199][  0]LogInit: Selected Device Profile: [Windows]
[2018.08.19-17.48.30:369][  0]LogSimplygon: Simplygon DLL not present - disabling.
[2018.08.19-17.48.30:374][  0]LogMeshReduction: Using SimplygonSwarm for distributed automatic mesh merging
[2018.08.19-17.48.30:374][  0]LogMeshReduction: Using QuadricMeshReduction for automatic static mesh reduction
[2018.08.19-17.48.30:374][  0]LogMeshReduction: No automatic skeletal mesh reduction module available
[2018.08.19-17.48.30:374][  0]LogMeshReduction: No automatic mesh merging module available
[2018.08.19-17.48.30:374][  0]LogMeshMerging: No automatic mesh merging module available
[2018.08.19-17.48.30:424][  0]LogNetVersion: Am_i_Free , NetCL: 3944462, EngineNetVer: 2, GameNetVer: 0 (Checksum: 3243282978)
[2018.08.19-17.48.31:296][  0]LogMoviePlayer: Initializing movie player
[2018.08.19-17.48.31:712][  0]LogSubstanceCoreModule: Substance [CPU] Engine Loaded, Max Texture Size = 2048
[2018.08.19-17.48.31:749][  0]LogTcpMessaging: Initializing TcpMessaging bridge
[2018.08.19-17.48.31:791][  0]LogUdpMessaging: Initializing bridge on interface 0.0.0.0:0 to multicast group 230.0.0.1:6666.
[2018.08.19-17.48.32:152][  0]SourceControl: Source control is disabled
[2018.08.19-17.48.32:152][  0]SourceControl: Source control is disabled
[2018.08.19-17.48.32:184][  0]SourceControl: Source control is disabled
[2018.08.19-17.48.32:723][  0]LogAndroidPermission: UAndroidPermissionCallbackProxy::GetInstance
[2018.08.19-17.48.32:974][  0]LogOcInput: OculusInput pre-init called
[2018.08.19-17.48.33:036][  0]LogUObjectArray: 40321 objects as part of root set at end of initial load.
[2018.08.19-17.48.33:036][  0]LogUObjectAllocator: 8398200 out of 0 bytes used by permanent object pool.
[2018.08.19-17.48.33:036][  0]LogUObjectArray: CloseDisregardForGC: 0/0 objects in disregard for GC pool
[2018.08.19-17.48.33:112][  0]LogEngine: Initializing Engine...
[2018.08.19-17.48.33:114][  0]LogHMD: Failed to initialize OpenVR with code 110
[2018.08.19-17.48.33:127][  0]LogStats: UGameplayTagsManager::ConstructGameplayTagTree: Construct from data asset -  0.000 s
[2018.08.19-17.48.33:127][  0]LogStats: UGameplayTagsManager::ConstructGameplayTagTree: GameplayTagTreeChangedEvent.Broadcast -  0.000 s
[2018.08.19-17.48.33:351][  0]LogInit: XAudio2 using 'Kulaklıklar (2- SteelSeries Siberia 150)' : 2 channels at 48 kHz using 16 bits per sample (channel mask 0x3)
[2018.08.19-17.48.33:395][  0]LogInit: FAudioDevice initialized.
[2018.08.19-17.48.33:423][  0]LogInit: Texture streaming: Enabled
[2018.08.19-17.48.33:572][  0]LogInit: Display: Game Engine Initialized.
[2018.08.19-17.48.33:572][  0]LogGameplayTags: Display: UGameplayTagsManager::DoneAddingNativeTags. DelegateIsBound: 0
[2018.08.19-17.48.33:572][  0]LogStats: UGameplayTagsManager::ConstructGameplayTagTree: Construct from data asset -  0.000 s
[2018.08.19-17.48.33:572][  0]LogStats: UGameplayTagsManager::ConstructGameplayTagTree: GameplayTagTreeChangedEvent.Broadcast -  0.000 s
[2018.08.19-17.48.33:732][  0]LogInit: Display: Starting Game.
[2018.08.19-17.48.33:732][  0]LogNet: Browse: /Game/map/Maps/Tech_demo?Name=Player
[2018.08.19-17.48.33:733][  0]LogLoad: LoadMap: /Game/map/Maps/Tech_demo?Name=Player
[2018.08.19-17.48.33:751][  0]LogUObjectGlobals: Created PersistentFrame Addr=0x000001f78f4e95e8, Size=24, Default__Tech_demo_C Function /Game/map/Maps/Tech_demo.Tech_demo_C:ExecuteUbergraph_Tech_demo
[2018.08.19-17.48.33:754][  0]LogUObjectGlobals: Created PersistentFrame Addr=0x000001f7ae542e30, Size=68, Default__firs_screem_C Function /Game/UI/widget/firs_screem.firs_screem_C:ExecuteUbergraph_firs_screem
[2018.08.19-17.48.33:758][  0]LogUObjectGlobals: Created PersistentFrame Addr=0x000001f7ae532740, Size=64, Default__UI_C Function /Game/UI/widget/UI.UI_C:ExecuteUbergraph_UI
[2018.08.19-17.48.33:764][  0]LogUObjectGlobals: Created PersistentFrame Addr=0x000001f7ae565980, Size=112, Default__AIGuardCharacter_C Function /Game/My_Bp/AIGuard/AIGuardCharacter.AIGuardCharacter_C:ExecuteUbergraph_AIGuardCharacter
[2018.08.19-17.48.33:771][  0]LogUObjectGlobals: Created PersistentFrame Addr=0x000001f7ae530940, Size=64, Default__ThirdPerson_AnimBP_C Function /Game/Mannequin/Animations/ThirdPerson_AnimBP.ThirdPerson_AnimBP_C:ExecuteUbergraph_ThirdPerson_AnimBP
[2018.08.19-17.48.33:809][  0]LogUObjectGlobals: Created PersistentFrame Addr=0x000001f7ae565c90, Size=112, Default__AIGuardController_C Function /Game/My_Bp/AIGuard/AIGuardController.AIGuardController_C:ExecuteUbergraph_AIGuardController
[2018.08.19-17.48.33:813][  0]LogUObjectGlobals: Created PersistentFrame Addr=0x000001f7ae524f00, Size=120, Default__BTService_DistanceToObject_C Function /Game/My_Bp/AIGuard/BTService_DistanceToObject.BTService_DistanceToObject_C:ExecuteUbergraph_BTService_DistanceToObject
[2018.08.19-17.48.33:816][  0]LogUObjectGlobals: Created PersistentFrame Addr=0x000001f7ae0dfee0, Size=32, Default__BTTask_BB_DoAttack_C Function /Game/My_Bp/AIGuard/BTTask_BB_DoAttack.BTTask_BB_DoAttack_C:ExecuteUbergraph_BTTask_BB_DoAttack
[2018.08.19-17.48.33:818][  0]LogUObjectGlobals: Created PersistentFrame Addr=0x000001f7ade1ec50, Size=16, Default__BTTask_Set_BB_Actor_C Function /Game/My_Bp/AIGuard/BTTask_Set_BB_Actor.BTTask_Set_BB_Actor_C:ExecuteUbergraph_BTTask_Set_BB_Actor
[2018.08.19-17.48.33:821][  0]LogUObjectGlobals: Created PersistentFrame Addr=0x000001f7ade1ef50, Size=16, Default__BTTask_SetBB_Bool_C Function /Game/My_Bp/AIGuard/BTTask_SetBB_Bool.BTTask_SetBB_Bool_C:ExecuteUbergraph_BTTask_SetBB_Bool
[2018.08.19-17.48.33:832][  0]LogUObjectGlobals: Created PersistentFrame Addr=0x000001f7ae11e340, Size=304, Default__door_C Function /Game/My_Bp/door/door.door_C:ExecuteUbergraph_door
[2018.08.19-17.48.33:845][  0]LogUObjectGlobals: Created PersistentFrame Addr=0x000001f7ae11c7c0, Size=304, Default__lever_door_C Function /Game/My_Bp/door/lever_door.lever_door_C:ExecuteUbergraph_lever_door
[2018.08.19-17.48.33:855][  0]LogUObjectGlobals: Created PersistentFrame Addr=0x000001f7ae046be0, Size=32, Default__BP_Hidable_Ceiling_Master_C Function /Game/My_Bp/hide_master/BP_Hidable_Ceiling_Master.BP_Hidable_Ceiling_Master_C:ExecuteUbergraph_BP_Hidable_Ceiling_Master
[2018.08.19-17.48.33:870][  0]LogUObjectGlobals: Created PersistentFrame Addr=0x000001f7b0e98d60, Size=148, Default__Dec_Things_Light_1_C Function /Game/My_Bp/prop_bp/Dec_Things_Light_1.Dec_Things_Light_1_C:ExecuteUbergraph_Dec_Things_Light_1
[2018.08.19-17.48.33:880][  0]LogUObjectGlobals: Created PersistentFrame Addr=0x000001f7ae9fd1e8, Size=40, Default__Terminal_bp_C Function /Game/My_Bp/terminal/Terminal_bp.Terminal_bp_C:ExecuteUbergraph_Terminal_bp
[2018.08.19-17.48.33:882][  0]LogUObjectGlobals: Created PersistentFrame Addr=0x000001f7b0e5db20, Size=68, Default__terminal_UI_C Function /Game/UI/termianl_ui/terminal_UI.terminal_UI_C:ExecuteUbergraph_terminal_UI
[2018.08.19-17.48.34:055][  0]LogUObjectGlobals: Destroyed PersistentFrame Addr=0x000001f7ae046be0, Size=32
[2018.08.19-17.48.34:055][  0]LogUObjectGlobals: Created PersistentFrame Addr=0x000001f7b2946480, Size=32, Default__BP_Hidable_Ceiling_Master_C Function /Engine/Transient.REINST_BP_Hidable_Ceiling_Master_C_2:ExecuteUbergraph_BP_Hidable_Ceiling_Master
[2018.08.19-17.48.34:056][  0]LogUObjectGlobals: Destroyed PersistentFrame Addr=0x000001f7b0e98d60, Size=148
[2018.08.19-17.48.34:056][  0]LogUObjectGlobals: Created PersistentFrame Addr=0x000001f7b297d080, Size=148, Default__Dec_Things_Light_1_C Function /Engine/Transient.REINST_Dec_Things_Light_1_C_4:ExecuteUbergraph_Dec_Things_Light_1
[2018.08.19-17.48.34:056][  0]LogUObjectGlobals: Destroyed PersistentFrame Addr=0x000001f7ae11e340, Size=304
[2018.08.19-17.48.34:056][  0]LogUObjectGlobals: Created PersistentFrame Addr=0x000001f7b1e71940, Size=304, Default__door_C Function /Engine/Transient.REINST_door_C_5:ExecuteUbergraph_door
[2018.08.19-17.48.34:057][  0]LogUObjectGlobals: Destroyed PersistentFrame Addr=0x000001f7ae11c7c0, Size=304
[2018.08.19-17.48.34:057][  0]LogUObjectGlobals: Created PersistentFrame Addr=0x000001f7b1e716c0, Size=304, Default__lever_door_C Function /Engine/Transient.REINST_lever_door_C_8:ExecuteUbergraph_lever_door
[2018.08.19-17.48.34:057][  0]LogUObjectGlobals: Destroyed PersistentFrame Addr=0x000001f7ae9fd1e8, Size=40
[2018.08.19-17.48.34:057][  0]LogUObjectGlobals: Created PersistentFrame Addr=0x000001f7b1a589a0, Size=40, Default__Terminal_bp_C Function /Engine/Transient.REINST_Terminal_bp_C_9:ExecuteUbergraph_Terminal_bp
[2018.08.19-17.48.34:057][  0]LogUObjectGlobals: Destroyed PersistentFrame Addr=0x000001f7ae530940, Size=64
[2018.08.19-17.48.34:057][  0]LogUObjectGlobals: Created PersistentFrame Addr=0x000001f7b2921f00, Size=64, Default__ThirdPerson_AnimBP_C Function /Engine/Transient.REINST_ThirdPerson_AnimBP_C_0:ExecuteUbergraph_ThirdPerson_AnimBP
[2018.08.19-17.48.34:058][  0]LogUObjectGlobals: Destroyed PersistentFrame Addr=0x000001f7ae565980, Size=112
[2018.08.19-17.48.34:058][  0]LogUObjectGlobals: Created PersistentFrame Addr=0x000001f7b296b510, Size=112, Default__AIGuardCharacter_C Function /Engine/Transient.REINST_AIGuardCharacter_C_10:ExecuteUbergraph_AIGuardCharacter
[2018.08.19-17.48.34:058][  0]LogUObjectGlobals: Destroyed PersistentFrame Addr=0x000001f7ae565c90, Size=112
[2018.08.19-17.48.34:058][  0]LogUObjectGlobals: Created PersistentFrame Addr=0x000001f7b296b4a0, Size=112, Default__AIGuardController_C Function /Engine/Transient.REINST_AIGuardController_C_11:ExecuteUbergraph_AIGuardController
[2018.08.19-17.48.34:058][  0]LogUObjectGlobals: Destroyed PersistentFrame Addr=0x000001f7ae0dfee0, Size=32
[2018.08.19-17.48.34:058][  0]LogUObjectGlobals: Created PersistentFrame Addr=0x000001f7b2946340, Size=32, Default__BTTask_BB_DoAttack_C Function /Engine/Transient.REINST_BTTask_BB_DoAttack_C_12:ExecuteUbergraph_BTTask_BB_DoAttack
[2018.08.19-17.48.34:058][  0]LogUObjectGlobals: Destroyed PersistentFrame Addr=0x000001f7ade1ec50, Size=16
[2018.08.19-17.48.34:058][  0]LogUObjectGlobals: Created PersistentFrame Addr=0x000001f7b29e9e80, Size=16, Default__BTTask_Set_BB_Actor_C Function /Engine/Transient.REINST_BTTask_Set_BB_Actor_C_13:ExecuteUbergraph_BTTask_Set_BB_Actor
[2018.08.19-17.48.34:058][  0]LogUObjectGlobals: Destroyed PersistentFrame Addr=0x000001f7ade1ef50, Size=16
[2018.08.19-17.48.34:058][  0]LogUObjectGlobals: Created PersistentFrame Addr=0x000001f7b29e9b50, Size=16, Default__BTTask_SetBB_Bool_C Function /Engine/Transient.REINST_BTTask_SetBB_Bool_C_14:ExecuteUbergraph_BTTask_SetBB_Bool
[2018.08.19-17.48.34:058][  0]LogUObjectGlobals: Destroyed PersistentFrame Addr=0x000001f7ae542e30, Size=68
[2018.08.19-17.48.34:058][  0]LogUObjectGlobals: Created PersistentFrame Addr=0x000001f7b2974db0, Size=68, Default__firs_screem_C Function /Engine/Transient.REINST_firs_screem_C_0:ExecuteUbergraph_firs_screem
[2018.08.19-17.48.34:059][  0]LogUObjectGlobals: Destroyed PersistentFrame Addr=0x000001f7b0e5db20, Size=68
[2018.08.19-17.48.34:059][  0]LogUObjectGlobals: Created PersistentFrame Addr=0x000001f7b2974b80, Size=68, Default__terminal_UI_C Function /Engine/Transient.REINST_terminal_UI_C_1:ExecuteUbergraph_terminal_UI
[2018.08.19-17.48.34:059][  0]LogUObjectGlobals: Destroyed PersistentFrame Addr=0x000001f7ae532740, Size=64
[2018.08.19-17.48.34:059][  0]LogUObjectGlobals: Created PersistentFrame Addr=0x000001f7b2920900, Size=64, Default__UI_C Function /Engine/Transient.REINST_UI_C_2:ExecuteUbergraph_UI
[2018.08.19-17.48.34:059][  0]LogUObjectGlobals: Destroyed PersistentFrame Addr=0x000001f7ae524f00, Size=120
[2018.08.19-17.48.34:059][  0]LogUObjectGlobals: Created PersistentFrame Addr=0x000001f7b2a65080, Size=120, Default__BTService_DistanceToObject_C Function /Engine/Transient.REINST_BTService_DistanceToObject_C_15:ExecuteUbergraph_BTService_DistanceToObject
[2018.08.19-17.48.34:100][  0]LogUObjectGlobals: Created PersistentFrame Addr=0x000001f7b26926e0, Size=32, Default__BP_Hidable_Ceiling_Master_C Function /Game/My_Bp/hide_master/BP_Hidable_Ceiling_Master.BP_Hidable_Ceiling_Master_C:ExecuteUbergraph_BP_Hidable_Ceiling_Master
[2018.08.19-17.48.34:101][  0]LogUObjectGlobals: Created PersistentFrame Addr=0x000001f7b265f6a0, Size=148, Default__Dec_Things_Light_1_C Function /Game/My_Bp/prop_bp/Dec_Things_Light_1.Dec_Things_Light_1_C:ExecuteUbergraph_Dec_Things_Light_1
[2018.08.19-17.48.34:102][  0]LogUObjectGlobals: Created PersistentFrame Addr=0x000001f7b279a5c0, Size=304, Default__door_C Function /Game/My_Bp/door/door.door_C:ExecuteUbergraph_door
[2018.08.19-17.48.34:104][  0]LogUObjectGlobals: Created PersistentFrame Addr=0x000001f7b279a480, Size=304, Default__lever_door_C Function /Game/My_Bp/door/lever_door.lever_door_C:ExecuteUbergraph_lever_door
[2018.08.19-17.48.34:105][  0]LogUObjectGlobals: Created PersistentFrame Addr=0x000001f7b286aa98, Size=40, Default__Terminal_bp_C Function /Game/My_Bp/terminal/Terminal_bp.Terminal_bp_C:ExecuteUbergraph_Terminal_bp
[2018.08.19-17.48.34:105][  0]LogUObjectGlobals: Created PersistentFrame Addr=0x000001f7b25f2d40, Size=72, Default__ThirdPerson_AnimBP_C Function /Game/Mannequin/Animations/ThirdPerson_AnimBP.ThirdPerson_AnimBP_C:ExecuteUbergraph_ThirdPerson_AnimBP
[2018.08.19-17.48.34:106][  0]LogUObjectGlobals: Created PersistentFrame Addr=0x000001f7b25d9130, Size=112, Default__AIGuardCharacter_C Function /Game/My_Bp/AIGuard/AIGuardCharacter.AIGuardCharacter_C:ExecuteUbergraph_AIGuardCharacter
[2018.08.19-17.48.34:107][  0]LogUObjectGlobals: Created PersistentFrame Addr=0x000001f7b25d2240, Size=112, Default__AIGuardController_C Function /Game/My_Bp/AIGuard/AIGuardController.AIGuardController_C:ExecuteUbergraph_AIGuardController
[2018.08.19-17.48.34:108][  0]LogUObjectGlobals: Created PersistentFrame Addr=0x000001f7b26018e0, Size=32, Default__BTTask_BB_DoAttack_C Function /Game/My_Bp/AIGuard/BTTask_BB_DoAttack.BTTask_BB_DoAttack_C:ExecuteUbergraph_BTTask_BB_DoAttack
[2018.08.19-17.48.34:108][  0]LogUObjectGlobals: Created PersistentFrame Addr=0x000001f7b2731f78, Size=24, Default__BTTask_Set_BB_Actor_C Function /Game/My_Bp/AIGuard/BTTask_Set_BB_Actor.BTTask_Set_BB_Actor_C:ExecuteUbergraph_BTTask_Set_BB_Actor
[2018.08.19-17.48.34:108][  0]LogUObjectGlobals: Created PersistentFrame Addr=0x000001f7b2731e70, Size=24, Default__BTTask_SetBB_Bool_C Function /Game/My_Bp/AIGuard/BTTask_SetBB_Bool.BTTask_SetBB_Bool_C:ExecuteUbergraph_BTTask_SetBB_Bool
[2018.08.19-17.48.34:109][  0]LogUObjectGlobals: Created PersistentFrame Addr=0x000001f7b25f00e0, Size=68, Default__firs_screem_C Function /Game/UI/widget/firs_screem.firs_screem_C:ExecuteUbergraph_firs_screem
[2018.08.19-17.48.34:110][  0]LogUObjectGlobals: Created PersistentFrame Addr=0x000001f7b25ab0b0, Size=68, Default__terminal_UI_C Function /Game/UI/termianl_ui/terminal_UI.terminal_UI_C:ExecuteUbergraph_terminal_UI
[2018.08.19-17.48.34:111][  0]LogUObjectGlobals: Created PersistentFrame Addr=0x000001f7b25ba8c0, Size=64, Default__UI_C Function /Game/UI/widget/UI.UI_C:ExecuteUbergraph_UI
[2018.08.19-17.48.34:112][  0]LogUObjectGlobals: Created PersistentFrame Addr=0x000001f7b2587240, Size=152, Default__BTService_DistanceToObject_C Function /Game/My_Bp/AIGuard/BTService_DistanceToObject.BTService_DistanceToObject_C:ExecuteUbergraph_BTService_DistanceToObject
[2018.08.19-17.48.34:119][  0]LogUObjectGlobals: Destroyed PersistentFrame Addr=0x000001f78f4e95e8, Size=24
[2018.08.19-17.48.34:119][  0]LogUObjectGlobals: Created PersistentFrame Addr=0x000001f7b27319f0, Size=24, Default__Tech_demo_C Function /Engine/Transient.REINST_Tech_demo_C_35:ExecuteUbergraph_Tech_demo
[2018.08.19-17.48.34:120][  0]LogUObjectGlobals: Created PersistentFrame Addr=0x000001f7b2730e50, Size=24, Default__Tech_demo_C Function /Game/map/Maps/Tech_demo.Tech_demo_C:ExecuteUbergraph_Tech_demo
[2018.08.19-17.48.34:498][  0]LogSkeletalMesh: Skeletal Mesh found in DDC [11.951778ms] /Game/Mannequin/Character/Mesh/SK_Mannequin.SK_Mannequin
[2018.08.19-17.48.36:208][  0]LogAIModule: Creating AISystem for world Tech_demo
[2018.08.19-17.48.36:211][  0]LogUObjectGlobals: Created PersistentFrame Addr=0x000001f7b0e8f4f0, Size=16, Default__ThirdPersonGameMode_C Function /Game/ThirdPersonBP/Blueprints/ThirdPersonGameMode.ThirdPersonGameMode_C:ExecuteUbergraph_ThirdPersonGameMode
[2018.08.19-17.48.36:215][  0]LogUObjectGlobals: Created PersistentFrame Addr=0x000001f7bab83200, Size=880, Default__ThirdPersonCharacter_C Function /Game/ThirdPersonBP/Blueprints/ThirdPersonCharacter.ThirdPersonCharacter_C:ExecuteUbergraph_ThirdPersonCharacter
[2018.08.19-17.48.36:217][  0]LogUObjectGlobals: Created PersistentFrame Addr=0x000001f7baafe4a0, Size=32, Default__BP_Hidable_Master_C Function /Game/My_Bp/hide_master/BP_Hidable_Master.BP_Hidable_Master_C:ExecuteUbergraph_BP_Hidable_Master
[2018.08.19-17.48.36:224][  0]LogUObjectGlobals: Created PersistentFrame Addr=0x000001f7bab3c900, Size=72, Default__ThirdPerson_AnimBP_C Function /Game/ThirdPerson_AnimBP.ThirdPerson_AnimBP_C:ExecuteUbergraph_ThirdPerson_AnimBP
[2018.08.19-17.48.36:255][  0]LogUObjectGlobals: Destroyed PersistentFrame Addr=0x000001f7baafe4a0, Size=32
[2018.08.19-17.48.36:255][  0]LogUObjectGlobals: Created PersistentFrame Addr=0x000001f7bfb5fc60, Size=32, Default__BP_Hidable_Master_C Function /Engine/Transient.REINST_BP_Hidable_Master_C_37:ExecuteUbergraph_BP_Hidable_Master
[2018.08.19-17.48.36:255][  0]LogUObjectGlobals: Destroyed PersistentFrame Addr=0x000001f7bab3c900, Size=72
[2018.08.19-17.48.36:255][  0]LogUObjectGlobals: Created PersistentFrame Addr=0x000001f7bfb97240, Size=72, ThirdPerson_AnimBP_C_0 Function /Engine/Transient.REINST_ThirdPerson_AnimBP_C_1:ExecuteUbergraph_ThirdPerson_AnimBP
[2018.08.19-17.48.36:256][  0]LogUObjectGlobals: Destroyed PersistentFrame Addr=0x000001f7bab83200, Size=880
[2018.08.19-17.48.36:256][  0]LogUObjectGlobals: Created PersistentFrame Addr=0x000001f7bef7d280, Size=880, Default__ThirdPersonCharacter_C Function /Engine/Transient.REINST_ThirdPersonCharacter_C_38:ExecuteUbergraph_ThirdPersonCharacter
[2018.08.19-17.48.36:256][  0]LogUObjectGlobals: Destroyed PersistentFrame Addr=0x000001f7b0e8f4f0, Size=16
[2018.08.19-17.48.36:256][  0]LogUObjectGlobals: Created PersistentFrame Addr=0x000001f7ade1e8e0, Size=16, Default__ThirdPersonGameMode_C Function /Engine/Transient.REINST_ThirdPersonGameMode_C_39:ExecuteUbergraph_ThirdPersonGameMode
[2018.08.19-17.48.36:271][  0]LogUObjectGlobals: Created PersistentFrame Addr=0x000001f7bfa4fce0, Size=32, Default__BP_Hidable_Master_C Function /Game/My_Bp/hide_master/BP_Hidable_Master.BP_Hidable_Master_C:ExecuteUbergraph_BP_Hidable_Master
[2018.08.19-17.48.36:272][  0]LogUObjectGlobals: Created PersistentFrame Addr=0x000001f7bfaa8130, Size=72, Default__ThirdPerson_AnimBP_C Function /Game/ThirdPerson_AnimBP.ThirdPerson_AnimBP_C:ExecuteUbergraph_ThirdPerson_AnimBP
[2018.08.19-17.48.36:274][  0]LogUObjectGlobals: Created PersistentFrame Addr=0x000001f7bfaecf00, Size=880, Default__ThirdPersonCharacter_C Function /Game/ThirdPersonBP/Blueprints/ThirdPersonCharacter.ThirdPersonCharacter_C:ExecuteUbergraph_ThirdPersonCharacter
[2018.08.19-17.48.36:274][  0]LogUObjectGlobals: Created PersistentFrame Addr=0x000001f7bfaf60e0, Size=16, Default__ThirdPersonGameMode_C Function /Game/ThirdPersonBP/Blueprints/ThirdPersonGameMode.ThirdPersonGameMode_C:ExecuteUbergraph_ThirdPersonGameMode
[2018.08.19-17.48.36:536][  0]LogSkeletalMesh: Skeletal Mesh found in DDC [164.601532ms] /Game/meshes/Freda/freda_rig.freda_rig
[2018.08.19-17.48.36:659][  0]LogLoad: Game class is 'ThirdPersonGameMode_C'
[2018.08.19-17.48.36:899][  0]LogWorld: Bringing World /Game/map/Maps/Tech_demo.Tech_demo up for play (max tick rate 0) at 2018.08.19-20.48.36
[2018.08.19-17.48.36:902][  0]LogWorld: Bringing up level for play took: 0.241185
[2018.08.19-17.48.36:916][  0]LogLoad: Took 3.183259 seconds to LoadMap(/Game/map/Maps/Tech_demo)
[2018.08.19-17.48.37:007][  0]LogLoad: (Engine Initialization) Total time: 16.65 seconds
[2018.08.19-17.48.37:007][  0]LogLoad: (Engine Initialization) Total Blueprint compile time: 0.00 seconds
[2018.08.19-17.48.37:029][  0]LogRenderer: Reallocating scene render targets to support 1024x1024 Format 10 NumSamples 1 (Frame:1).
[2018.08.19-17.48.37:058][  0]LogRenderer: Reallocating scene render targets to support 1280x1024 Format 10 NumSamples 1 (Frame:1).
[2018.08.19-17.48.37:123][  0]LogContentStreaming: Texture pool size now 1000 MB
[2018.08.19-17.48.37:191][  1]LogRenderer: Reallocating scene render targets to support 1920x1080 Format 10 NumSamples 1 (Frame:3).
[2018.08.19-17.48.55:516][135]LogSlate: FSceneViewport::OnFocusLost() reason 0
[2018.08.19-17.48.58:308][303]LogSlate: Took 0.000249 seconds to synchronously load lazily loaded font '../../../Engine/Content/Slate/Fonts/Roboto-Regular.ttf' (155K)
[2018.08.19-17.49.38:234][779]LogUObjectGlobals: Destroyed PersistentFrame Addr=0x000001f7b27319f0, Size=24
[2018.08.19-17.49.38:234][779]LogUObjectGlobals: Destroyed PersistentFrame Addr=0x000001f7b2974db0, Size=68
[2018.08.19-17.49.38:234][779]LogUObjectGlobals: Destroyed PersistentFrame Addr=0x000001f7b2920900, Size=64
[2018.08.19-17.49.38:234][779]LogUObjectGlobals: Destroyed PersistentFrame Addr=0x000001f7b296b510, Size=112
[2018.08.19-17.49.38:234][779]LogUObjectGlobals: Destroyed PersistentFrame Addr=0x000001f7b2921f00, Size=64
[2018.08.19-17.49.38:234][779]LogUObjectGlobals: Destroyed PersistentFrame Addr=0x000001f7b296b4a0, Size=112
[2018.08.19-17.49.38:234][779]LogUObjectGlobals: Destroyed PersistentFrame Addr=0x000001f7b2a65080, Size=120
[2018.08.19-17.49.38:234][779]LogUObjectGlobals: Destroyed PersistentFrame Addr=0x000001f7b2946340, Size=32
[2018.08.19-17.49.38:234][779]LogUObjectGlobals: Destroyed PersistentFrame Addr=0x000001f7b29e9e80, Size=16
[2018.08.19-17.49.38:234][779]LogUObjectGlobals: Destroyed PersistentFrame Addr=0x000001f7b29e9b50, Size=16
[2018.08.19-17.49.38:234][779]LogUObjectGlobals: Destroyed PersistentFrame Addr=0x000001f7b1e71940, Size=304
[2018.08.19-17.49.38:234][779]LogUObjectGlobals: Destroyed PersistentFrame Addr=0x000001f7b1e716c0, Size=304
[2018.08.19-17.49.38:234][779]LogUObjectGlobals: Destroyed PersistentFrame Addr=0x000001f7b2946480, Size=32
[2018.08.19-17.49.38:234][779]LogUObjectGlobals: Destroyed PersistentFrame Addr=0x000001f7b297d080, Size=148
[2018.08.19-17.49.38:234][779]LogUObjectGlobals: Destroyed PersistentFrame Addr=0x000001f7b1a589a0, Size=40
[2018.08.19-17.49.38:234][779]LogUObjectGlobals: Destroyed PersistentFrame Addr=0x000001f7b2974b80, Size=68
[2018.08.19-17.49.38:235][779]LogUObjectGlobals: Destroyed PersistentFrame Addr=0x000001f7ade1e8e0, Size=16
[2018.08.19-17.49.38:235][779]LogUObjectGlobals: Destroyed PersistentFrame Addr=0x000001f7bef7d280, Size=880
[2018.08.19-17.49.38:235][779]LogUObjectGlobals: Destroyed PersistentFrame Addr=0x000001f7bfb5fc60, Size=32
[2018.08.19-17.49.38:235][779]LogUObjectGlobals: Destroyed PersistentFrame Addr=0x000001f7bfb97240, Size=72
[2018.08.19-17.50.32:395][135]LogSlate: Window 'Am_i_Free (64-bit, PCD3D_SM5) ' being destroyed
[2018.08.19-17.50.32:396][135]LogWindowsTextInputMethodSystem: Display: IME system now deactivated.
[2018.08.19-17.50.32:405][135]LogEngine: All Windows Closed
[2018.08.19-17.50.32:405][135]LogWindows: FPlatformMisc::RequestExit(0)
[2018.08.19-17.50.33:183][136]LogSlate: Slate User Destroyed.  User Index 0, Is Virtual User: 0
[2018.08.19-17.50.33:183][136]LogExit: Preparing to exit.
[2018.08.19-17.50.33:183][136]LogMoviePlayer: Shutting down movie player
[2018.08.19-17.50.33:919][136]LogExit: Game engine shut down
[2018.08.19-17.50.33:928][136]LogUObjectGlobals: Destroyed PersistentFrame Addr=0x000001f7b26926e0, Size=32
[2018.08.19-17.50.33:928][136]LogUObjectGlobals: Destroyed PersistentFrame Addr=0x000001f7b265f6a0, Size=148
[2018.08.19-17.50.33:928][136]LogUObjectGlobals: Destroyed PersistentFrame Addr=0x000001f7b279a5c0, Size=304
[2018.08.19-17.50.33:928][136]LogUObjectGlobals: Destroyed PersistentFrame Addr=0x000001f7b279a480, Size=304
[2018.08.19-17.50.33:928][136]LogUObjectGlobals: Destroyed PersistentFrame Addr=0x000001f7b286aa98, Size=40
[2018.08.19-17.50.33:928][136]LogUObjectGlobals: Destroyed PersistentFrame Addr=0x000001f7b25f2d40, Size=72
[2018.08.19-17.50.33:929][136]LogUObjectGlobals: Destroyed PersistentFrame Addr=0x000001f7b25d9130, Size=112
[2018.08.19-17.50.33:929][136]LogUObjectGlobals: Destroyed PersistentFrame Addr=0x000001f7b25d2240, Size=112
[2018.08.19-17.50.33:929][136]LogUObjectGlobals: Destroyed PersistentFrame Addr=0x000001f7b26018e0, Size=32
[2018.08.19-17.50.33:929][136]LogUObjectGlobals: Destroyed PersistentFrame Addr=0x000001f7b2731f78, Size=24
[2018.08.19-17.50.33:929][136]LogUObjectGlobals: Destroyed PersistentFrame Addr=0x000001f7b2731e70, Size=24
[2018.08.19-17.50.33:929][136]LogUObjectGlobals: Destroyed PersistentFrame Addr=0x000001f7b25f00e0, Size=68
[2018.08.19-17.50.33:929][136]LogUObjectGlobals: Destroyed PersistentFrame Addr=0x000001f7b25ab0b0, Size=68
[2018.08.19-17.50.33:929][136]LogUObjectGlobals: Destroyed PersistentFrame Addr=0x000001f7b25ba8c0, Size=64
[2018.08.19-17.50.33:929][136]LogUObjectGlobals: Destroyed PersistentFrame Addr=0x000001f7b2587240, Size=152
[2018.08.19-17.50.33:929][136]LogUObjectGlobals: Destroyed PersistentFrame Addr=0x000001f7b2730e50, Size=24
[2018.08.19-17.50.33:930][136]LogUObjectGlobals: Destroyed PersistentFrame Addr=0x000001f7bfa4fce0, Size=32
[2018.08.19-17.50.33:930][136]LogUObjectGlobals: Destroyed PersistentFrame Addr=0x000001f7bfaa8130, Size=72
[2018.08.19-17.50.33:930][136]LogUObjectGlobals: Destroyed PersistentFrame Addr=0x000001f7bfaecf00, Size=880
[2018.08.19-17.50.33:930][136]LogUObjectGlobals: Destroyed PersistentFrame Addr=0x000001f7bfaf60e0, Size=16
[2018.08.19-17.50.33:984][136]LogExit: Object subsystem successfully closed.
[2018.08.19-17.50.34:004][136]LogShaderCompilers: Display: Shaders left to compile 0
[2018.08.19-17.50.34:009][136]LogD3D11RHI: Shutdown
[2018.08.19-17.50.34:010][136]LogD3D11RHI: CleanupD3DDevice
[2018.08.19-17.50.34:012][136]LogD3D11RHI: ~FD3D11DynamicRHI
[2018.08.19-17.50.34:044][136]LogModuleManager: Shutting down and abandoning module SequenceRecorderSections (334)
[2018.08.19-17.50.34:044][136]LogModuleManager: Shutting down and abandoning module SequenceRecorder (332)
[2018.08.19-17.50.34:044][136]LogModuleManager: Shutting down and abandoning module AutomationController (330)
[2018.08.19-17.50.34:044][136]LogModuleManager: Shutting down and abandoning module AutomationWorker (328)
[2018.08.19-17.50.34:044][136]LogModuleManager: Shutting down and abandoning module AIModule (326)
[2018.08.19-17.50.34:045][136]LogModuleManager: Shutting down and abandoning module GameplayDebugger (325)
[2018.08.19-17.50.34:045][136]LogModuleManager: Shutting down and abandoning module AITestSuite (323)
[2018.08.19-17.50.34:045][136]LogModuleManager: Shutting down and abandoning module WmfMediaFactory (320)
[2018.08.19-17.50.34:045][136]LogModuleManager: Shutting down and abandoning module OpenExrWrapper (318)
[2018.08.19-17.50.34:045][136]LogModuleManager: Shutting down and abandoning module ImgMediaFactory (316)
[2018.08.19-17.50.34:045][136]LogModuleManager: Shutting down and abandoning module AvfMediaFactory (314)
[2018.08.19-17.50.34:045][136]LogModuleManager: Shutting down and abandoning module CharacterAI (312)
[2018.08.19-17.50.34:045][136]LogModuleManager: Shutting down and abandoning module SessionServices (310)
[2018.08.19-17.50.34:045][136]LogModuleManager: Shutting down and abandoning module MovieSceneCapture (308)
[2018.08.19-17.50.34:045][136]LogModuleManager: Shutting down and abandoning module MovieSceneTracks (306)
[2018.08.19-17.50.34:045][136]LogModuleManager: Shutting down and abandoning module MovieScene (304)
[2018.08.19-17.50.34:045][136]LogModuleManager: Shutting down and abandoning module GeometryCache (302)
[2018.08.19-17.50.34:045][136]LogModuleManager: Shutting down and abandoning module GeometryCacheEd (301)
[2018.08.19-17.50.34:045][136]LogModuleManager: Shutting down and abandoning module StreamingPauseRendering (298)
[2018.08.19-17.50.34:045][136]LogModuleManager: Shutting down and abandoning module PortalServices (296)
[2018.08.19-17.50.34:045][136]LogModuleManager: Shutting down and abandoning module PortalRpc (294)
[2018.08.19-17.50.34:045][136]LogModuleManager: Shutting down and abandoning module MessagingRpc (292)
[2018.08.19-17.50.34:045][136]LogModuleManager: Shutting down and abandoning module ProfilerService (290)
[2018.08.19-17.50.34:048][136]LogModuleManager: Shutting down and abandoning module TaskGraph (288)
[2018.08.19-17.50.34:048][136]LogModuleManager: Shutting down and abandoning module SteamVRController (286)
[2018.08.19-17.50.34:048][136]LogModuleManager: Shutting down and abandoning module ProceduralMeshComponent (284)
[2018.08.19-17.50.34:048][136]LogModuleManager: Shutting down and abandoning module OculusInput (282)
[2018.08.19-17.50.34:048][136]LogModuleManager: Shutting down and abandoning module MobilePatchingUtils (280)
[2018.08.19-17.50.34:048][136]LogModuleManager: Shutting down and abandoning module CustomMeshComponent (278)
[2018.08.19-17.50.34:048][136]LogModuleManager: Shutting down and abandoning module CableComponent (276)
[2018.08.19-17.50.34:048][136]LogModuleManager: Shutting down and abandoning module AudioCapture (274)
[2018.08.19-17.50.34:048][136]LogModuleManager: Shutting down and abandoning module ArchVisCharacter (272)
[2018.08.19-17.50.34:048][136]LogModuleManager: Shutting down and abandoning module AndroidPermission (270)
[2018.08.19-17.50.34:048][136]LogModuleManager: Shutting down and abandoning module NUTUnrealEngine4 (266)
[2018.08.19-17.50.34:048][136]LogModuleManager: Shutting down and abandoning module NetcodeUnitTest (264)
[2018.08.19-17.50.34:048][136]LogModuleManager: Shutting down and abandoning module MediaCompositing (262)
[2018.08.19-17.50.34:048][136]LogModuleManager: Shutting down and abandoning module LinearTimecode (260)
[2018.08.19-17.50.34:048][136]LogModuleManager: Shutting down and abandoning module ImgMedia (258)
[2018.08.19-17.50.34:051][136]LogModuleManager: Shutting down and abandoning module HTML5Networking (256)
[2018.08.19-17.50.34:051][136]LogModuleManager: Shutting down and abandoning module DatasmithContent (254)
[2018.08.19-17.50.34:051][136]LogModuleManager: Shutting down and abandoning module CryptoKeysOpenSSL (252)
[2018.08.19-17.50.34:051][136]LogModuleManager: Shutting down and abandoning module CryptoKeys (250)
[2018.08.19-17.50.34:051][136]LogModuleManager: Shutting down and abandoning module VisualStudioSourceCodeAccess (248)
[2018.08.19-17.50.34:052][136]LogModuleManager: Shutting down and abandoning module HotReload (247)
[2018.08.19-17.50.34:052][136]LogModuleManager: Shutting down and abandoning module DirectoryWatcher (246)
[2018.08.19-17.50.34:052][136]LogModuleManager: Shutting down and abandoning module VisualStudioCodeSourceCodeAccess (242)
[2018.08.19-17.50.34:052][136]LogModuleManager: Shutting down and abandoning module UObjectPlugin (240)
[2018.08.19-17.50.34:052][136]LogModuleManager: Shutting down and abandoning module SubversionSourceControl (238)
[2018.08.19-17.50.34:052][136]LogModuleManager: Shutting down and abandoning module PerforceSourceControl (236)
[2018.08.19-17.50.34:052][136]LogModuleManager: Shutting down and abandoning module SourceControl (235)
[2018.08.19-17.50.34:052][136]LogModuleManager: Shutting down and abandoning module CLionSourceCodeAccess (232)
[2018.08.19-17.50.34:052][136]LogModuleManager: Shutting down and abandoning module RuntimePhysXCooking (230)
[2018.08.19-17.50.34:052][136]LogModuleManager: Shutting down and abandoning module PhysXVehiclesEditor (228)
[2018.08.19-17.50.34:052][136]LogModuleManager: Shutting down and abandoning module PhysXVehicles (226)
[2018.08.19-17.50.34:052][136]LogModuleManager: Shutting down and abandoning module LocationServicesBPLibrary (224)
[2018.08.19-17.50.34:052][136]LogModuleManager: Shutting down and abandoning module ImmediatePhysicsEditor (222)
[2018.08.19-17.50.34:052][136]LogModuleManager: Shutting down and abandoning module ImmediatePhysics (220)
[2018.08.19-17.50.34:052][136]LogModuleManager: Shutting down and abandoning module ActorSequence (218)
[2018.08.19-17.50.34:052][136]LogModuleManager: Shutting down and abandoning module UdpMessaging (216)
[2018.08.19-17.50.34:153][136]LogModuleManager: Shutting down and abandoning module TcpMessaging (214)
[2018.08.19-17.50.34:821][136]LogModuleManager: Shutting down and abandoning module SubstanceCore (212)
[2018.08.19-17.50.34:821][136]LogModuleManager: Shutting down and abandoning module GameplayTagsEditor (210)
[2018.08.19-17.50.34:821][136]LogModuleManager: Shutting down and abandoning module FacialAnimation (208)
[2018.08.19-17.50.34:821][136]LogModuleManager: Shutting down and abandoning module DataValidation (206)
[2018.08.19-17.50.34:821][136]LogModuleManager: Shutting down and abandoning module AssetManagerEditor (204)
[2018.08.19-17.50.34:821][136]LogModuleManager: Shutting down and abandoning module TreeMap (203)
[2018.08.19-17.50.34:821][136]LogModuleManager: Shutting down and abandoning module LightPropagationVolumeRuntime (200)
[2018.08.19-17.50.34:821][136]LogModuleManager: Shutting down and abandoning module LiveLink (198)
[2018.08.19-17.50.35:573][136]LogModuleManager: Shutting down and abandoning module Paper2D (196)
[2018.08.19-17.50.35:573][136]LogModuleManager: Shutting down and abandoning module PIEPreviewDeviceProfileSelector (194)
[2018.08.19-17.50.35:573][136]LogModuleManager: Shutting down and abandoning module WindowsMoviePlayer (192)
[2018.08.19-17.50.35:573][136]LogModuleManager: Shutting down and abandoning module WmfMedia (190)
[2018.08.19-17.50.35:574][136]LogModuleManager: Shutting down and abandoning module Media (189)
[2018.08.19-17.50.35:581][136]LogModuleManager: Shutting down and abandoning module PacketHandler (186)
[2018.08.19-17.50.35:581][136]LogModuleManager: Shutting down and abandoning module ClothingSystemEditor (184)
[2018.08.19-17.50.35:581][136]LogModuleManager: Shutting down and abandoning module ClothingSystemRuntime (182)
[2018.08.19-17.50.35:581][136]LogModuleManager: Shutting down and abandoning module MediaAssets (180)
[2018.08.19-17.50.35:581][136]LogModuleManager: Shutting down and abandoning module Overlay (178)
[2018.08.19-17.50.35:581][136]LogModuleManager: Shutting down and abandoning module OverlayEditor (177)
[2018.08.19-17.50.35:581][136]LogModuleManager: Shutting down and abandoning module VREditor (174)
[2018.08.19-17.50.35:581][136]LogModuleManager: Shutting down and abandoning module StringTableEditor (172)
[2018.08.19-17.50.35:581][136]LogModuleManager: Shutting down and abandoning module GameplayTasksEditor (170)
[2018.08.19-17.50.35:581][136]LogModuleManager: Shutting down and abandoning module BehaviorTreeEditor (168)
[2018.08.19-17.50.35:581][136]LogModuleManager: Shutting down and abandoning module FunctionalTesting (166)
[2018.08.19-17.50.35:581][136]LogModuleManager: Shutting down and abandoning module CollisionAnalyzer (164)
[2018.08.19-17.50.35:581][136]LogModuleManager: Shutting down and abandoning module WorkspaceMenuStructure (163)
[2018.08.19-17.50.35:581][136]LogModuleManager: Shutting down and abandoning module UMG (160)
[2018.08.19-17.50.35:581][136]LogModuleManager: Shutting down and abandoning module UMGEditor (159)
[2018.08.19-17.50.35:581][136]LogModuleManager: Shutting down and abandoning module Sequencer (158)
[2018.08.19-17.50.35:581][136]LogModuleManager: Shutting down and abandoning module MessageLog (155)
[2018.08.19-17.50.35:581][136]LogModuleManager: Shutting down and abandoning module SlateReflector (150)
[2018.08.19-17.50.35:581][136]LogModuleManager: Shutting down and abandoning module Slate (148)
[2018.08.19-17.50.35:581][136]LogModuleManager: Shutting down and abandoning module EditorStyle (146)
[2018.08.19-17.50.35:583][136]LogModuleManager: Shutting down and abandoning module MRMesh (144)
[2018.08.19-17.50.35:583][136]LogModuleManager: Shutting down and abandoning module Messaging (142)
[2018.08.19-17.50.35:583][136]LogModuleManager: Shutting down and abandoning module SourceCodeAccess (140)
[2018.08.19-17.50.35:583][136]LogModuleManager: Shutting down and abandoning module HeadMountedDisplay (138)
[2018.08.19-17.50.35:583][136]LogModuleManager: Shutting down and abandoning module XAudio2 (136)
[2018.08.19-17.50.35:583][136]LogModuleManager: Shutting down and abandoning module Networking (134)
[2018.08.19-17.50.35:583][136]LogModuleManager: Shutting down and abandoning module Core (132)
[2018.08.19-17.50.35:583][136]LogModuleManager: Shutting down and abandoning module LevelSequence (130)
[2018.08.19-17.50.35:583][136]LogModuleManager: Shutting down and abandoning module KismetCompiler (128)
[2018.08.19-17.50.35:583][136]LogModuleManager: Shutting down and abandoning module MeshUtilities (126)
[2018.08.19-17.50.35:583][136]LogModuleManager: Shutting down and abandoning module MeshMergeUtilities (125)
[2018.08.19-17.50.35:583][136]LogModuleManager: Shutting down and abandoning module MeshReductionInterface (124)
[2018.08.19-17.50.35:583][136]LogModuleManager: Shutting down and abandoning module SimplygonSwarm (123)
[2018.08.19-17.50.35:583][136]LogModuleManager: Shutting down and abandoning module SimplygonMeshReduction (121)
[2018.08.19-17.50.35:583][136]LogModuleManager: Shutting down and abandoning module QuadricMeshReduction (119)
[2018.08.19-17.50.35:583][136]LogModuleManager: Shutting down and abandoning module MaterialBaking (115)
[2018.08.19-17.50.35:583][136]LogModuleManager: Shutting down and abandoning module DerivedDataCache (110)
[2018.08.19-17.50.35:626][136]LogDerivedDataCache: Shutdown
[2018.08.19-17.50.35:626][136]LogModuleManager: Shutting down and abandoning module XGEController (108)
[2018.08.19-17.50.35:626][136]LogModuleManager: Shutting down and abandoning module TargetPlatform (106)
[2018.08.19-17.50.35:626][136]LogModuleManager: Shutting down and abandoning module VulkanShaderFormat (105)
[2018.08.19-17.50.35:626][136]LogModuleManager: Shutting down and abandoning module ShaderFormatVectorVM (103)
[2018.08.19-17.50.35:626][136]LogModuleManager: Shutting down and abandoning module ShaderFormatOpenGL (101)
[2018.08.19-17.50.35:627][136]LogModuleManager: Shutting down and abandoning module ShaderFormatD3D (99)
[2018.08.19-17.50.35:627][136]LogModuleManager: Shutting down and abandoning module MetalShaderFormat (97)
[2018.08.19-17.50.35:627][136]LogModuleManager: Shutting down and abandoning module TextureFormatUncompressed (95)
[2018.08.19-17.50.35:627][136]LogModuleManager: Shutting down and abandoning module TextureFormatPVR (93)
[2018.08.19-17.50.35:627][136]LogModuleManager: Shutting down and abandoning module TextureFormatDXT (91)
[2018.08.19-17.50.35:627][136]LogModuleManager: Shutting down and abandoning module TextureFormatIntelISPCTexComp (89)
[2018.08.19-17.50.35:627][136]LogModuleManager: Shutting down and abandoning module TextureFormatASTC (87)
[2018.08.19-17.50.35:627][136]LogModuleManager: Shutting down and abandoning module ImageWrapper (86)
[2018.08.19-17.50.35:627][136]LogModuleManager: Shutting down and abandoning module TextureFormatAndroid (83)
[2018.08.19-17.50.35:627][136]LogModuleManager: Shutting down and abandoning module AudioFormatOpus (81)
[2018.08.19-17.50.35:627][136]LogModuleManager: Shutting down and abandoning module AudioFormatOgg (79)
[2018.08.19-17.50.35:627][136]LogModuleManager: Shutting down and abandoning module AudioFormatADPCM (77)
[2018.08.19-17.50.35:627][136]LogModuleManager: Shutting down and abandoning module WindowsTargetPlatform (75)
[2018.08.19-17.50.35:627][136]LogModuleManager: Shutting down and abandoning module WindowsServerTargetPlatform (73)
[2018.08.19-17.50.35:627][136]LogModuleManager: Shutting down and abandoning module WindowsNoEditorTargetPlatform (71)
[2018.08.19-17.50.35:627][136]LogModuleManager: Shutting down and abandoning module WindowsClientTargetPlatform (69)
[2018.08.19-17.50.35:627][136]LogModuleManager: Shutting down and abandoning module InputCore (66)
[2018.08.19-17.50.35:627][136]LogModuleManager: Shutting down and abandoning module Settings (64)
[2018.08.19-17.50.35:627][136]LogModuleManager: Shutting down and abandoning module PhysXCooking (62)
[2018.08.19-17.50.35:627][136]LogModuleManager: Shutting down and abandoning module SteamVR (60)
[2018.08.19-17.50.35:627][136]LogModuleManager: Shutting down and abandoning module OculusHMD (58)
[2018.08.19-17.50.35:627][136]LogModuleManager: Shutting down and abandoning module ExampleDeviceProfileSelector (56)
[2018.08.19-17.50.35:627][136]LogModuleManager: Shutting down and abandoning module AppleARKit (54)
[2018.08.19-17.50.35:627][136]LogModuleManager: Shutting down and abandoning module AugmentedReality (51)
[2018.08.19-17.50.35:627][136]LogModuleManager: Shutting down and abandoning module OnlineBlueprintSupport (48)
[2018.08.19-17.50.35:627][136]LogModuleManager: Shutting down and abandoning module OnlineSubsystem (44)
[2018.08.19-17.50.35:627][136]LogModuleManager: Shutting down and abandoning module XMPP (43)
[2018.08.19-17.50.35:627][136]LogModuleManager: Shutting down and abandoning module HTTP (41)
[2018.08.19-17.50.35:638][136]LogModuleManager: Shutting down and abandoning module SSL (40)
[2018.08.19-17.50.35:639][136]LogModuleManager: Shutting down and abandoning module AnimationModifiers (36)
[2018.08.19-17.50.35:639][136]LogModuleManager: Shutting down and abandoning module PropertyEditor (35)
[2018.08.19-17.50.35:639][136]LogModuleManager: Shutting down and abandoning module AudioEditor (32)
[2018.08.19-17.50.35:640][136]LogModuleManager: Shutting down and abandoning module TextureCompressor (30)
[2018.08.19-17.50.35:640][136]LogModuleManager: Shutting down and abandoning module ShaderCore (28)
[2018.08.19-17.50.35:640][136]LogModuleManager: Shutting down and abandoning module Landscape (26)
[2018.08.19-17.50.35:640][136]LogModuleManager: Shutting down and abandoning module SlateRHIRenderer (24)
[2018.08.19-17.50.35:640][136]LogModuleManager: Shutting down and abandoning module OpenGLDrv (22)
[2018.08.19-17.50.35:640][136]LogModuleManager: Shutting down and abandoning module D3D11RHI (20)
[2018.08.19-17.50.35:640][136]LogModuleManager: Shutting down and abandoning module AnimGraphRuntime (18)
[2018.08.19-17.50.35:640][136]LogModuleManager: Shutting down and abandoning module Renderer (16)
[2018.08.19-17.50.35:640][136]LogModuleManager: Shutting down and abandoning module Engine (14)
[2018.08.19-17.50.35:640][136]LogModuleManager: Shutting down and abandoning module CoreUObject (12)
[2018.08.19-17.50.35:641][136]LogModuleManager: Shutting down and abandoning module NetworkFile (10)
[2018.08.19-17.50.35:641][136]LogModuleManager: Shutting down and abandoning module CookedIterativeFile (8)
[2018.08.19-17.50.35:641][136]LogModuleManager: Shutting down and abandoning module StreamingFile (6)
[2018.08.19-17.50.35:641][136]LogModuleManager: Shutting down and abandoning module SandboxFile (4)
[2018.08.19-17.50.35:641][136]LogModuleManager: Shutting down and abandoning module PakFile (2)
[2018.08.19-17.50.35:646][136]LogExit: Exiting.
[2018.08.19-17.50.35:648][136]Log file closed, 08/19/18 20:50:35
