Log file open, 08/11/18 16:28:21
LogWindows: Failed to load 'aqProf.dll' (GetLastError=126)
LogWindows: File 'aqProf.dll' does not exist
LogWindows: Failed to load 'VtuneApi.dll' (GetLastError=126)
LogWindows: File 'VtuneApi.dll' does not exist
LogWindows: Failed to load 'VtuneApi32e.dll' (GetLastError=126)
LogWindows: File 'VtuneApi32e.dll' does not exist
LogInit: Display: Running engine for game: Am_i_Free
LogPlatformFile: Not using cached read wrapper
LogInit: Display: RandInit(1894862477) SRandInit(1894862477).
LogInit: Read version file with build ID '3944462'
LogInit: Overriding engine version to CL 4033788, compatible CL 3944462
LogInit: Registered custom module enumerator with build ID '3944462'
LogTaskGraph: Started task graph with 5 named threads and 23 total threads with 3 sets of task threads.
LogStats: Stats thread started at 0.540156
LogD3D11RHI: Aftermath initialized
LogICUInternationalization: Display: ICU TimeZone Detection - Raw Offset: +2:00, Platform Override: ''
LogModuleManager: Display: Found up-to-date module file ../../../Engine/Plugins/2D/Paper2D/Binaries/Win64/UE4Editor-Paper2D.dll (API version 3944462).
LogModuleManager: Display: Found up-to-date module file ../../../Engine/Plugins/2D/Paper2D/Binaries/Win64/UE4Editor-Paper2DEditor.dll (API version 3944462).
LogModuleManager: Display: Found up-to-date module file ../../../Engine/Plugins/2D/Paper2D/Binaries/Win64/UE4Editor-PaperSpriteSheetImporter.dll (API version 3944462).
LogModuleManager: Display: Found up-to-date module file ../../../Engine/Plugins/2D/Paper2D/Binaries/Win64/UE4Editor-PaperTiledImporter.dll (API version 3944462).
LogModuleManager: Display: Found up-to-date module file ../../../Engine/Plugins/2D/Paper2D/Binaries/Win64/UE4Editor-SmartSnapping.dll (API version 3944462).
LogModuleManager: Display: Found up-to-date module file ../../../Engine/Plugins/Blendables/LightPropagationVolume/Binaries/Win64/UE4Editor-LightPropagationVolumeRuntime.dll (API version 3944462).
LogModuleManager: Display: Found up-to-date module file ../../../Engine/Plugins/Blendables/LightPropagationVolume/Binaries/Win64/UE4Editor-LightPropagationVolumeEditor.dll (API version 3944462).
LogModuleManager: Display: Found up-to-date module file ../../../Engine/Plugins/Developer/CLionSourceCodeAccess/Binaries/Win64/UE4Editor-CLionSourceCodeAccess.dll (API version 3944462).
LogModuleManager: Display: Found up-to-date module file ../../../Engine/Plugins/Developer/GitSourceControl/Binaries/Win64/UE4Editor-GitSourceControl.dll (API version 3944462).
LogModuleManager: Display: Found up-to-date module file ../../../Engine/Plugins/Developer/PerforceSourceControl/Binaries/Win64/UE4Editor-PerforceSourceControl.dll (API version 3944462).
LogModuleManager: Display: Found up-to-date module file ../../../Engine/Plugins/Developer/SubversionSourceControl/Binaries/Win64/UE4Editor-SubversionSourceControl.dll (API version 3944462).
LogModuleManager: Display: Found up-to-date module file ../../../Engine/Plugins/Developer/UObjectPlugin/Binaries/Win64/UE4Editor-UObjectPlugin.dll (API version 3944462).
LogModuleManager: Display: Found up-to-date module file ../../../Engine/Plugins/Developer/VisualStudioCodeSourceCodeAccess/Binaries/Win64/UE4Editor-VisualStudioCodeSourceCodeAccess.dll (API version 3944462).
LogModuleManager: Display: Found up-to-date module file ../../../Engine/Plugins/Developer/VisualStudioSourceCodeAccess/Binaries/Win64/UE4Editor-VisualStudioSourceCodeAccess.dll (API version 3944462).
LogModuleManager: Display: Found up-to-date module file ../../../Engine/Plugins/Editor/AssetManagerEditor/Binaries/Win64/UE4Editor-AssetManagerEditor.dll (API version 3944462).
LogModuleManager: Display: Found up-to-date module file ../../../Engine/Plugins/Editor/CryptoKeys/Binaries/Win64/UE4Editor-CryptoKeys.dll (API version 3944462).
LogModuleManager: Display: Found up-to-date module file ../../../Engine/Plugins/Editor/CryptoKeys/Binaries/Win64/UE4Editor-CryptoKeysOpenSSL.dll (API version 3944462).
LogModuleManager: Display: Found up-to-date module file ../../../Engine/Plugins/Editor/DataValidation/Binaries/Win64/UE4Editor-DataValidation.dll (API version 3944462).
LogModuleManager: Display: Found up-to-date module file ../../../Engine/Plugins/Editor/FacialAnimation/Binaries/Win64/UE4Editor-FacialAnimation.dll (API version 3944462).
LogModuleManager: Display: Found up-to-date module file ../../../Engine/Plugins/Editor/FacialAnimation/Binaries/Win64/UE4Editor-FacialAnimationEditor.dll (API version 3944462).
LogModuleManager: Display: Found up-to-date module file ../../../Engine/Plugins/Editor/GameplayTagsEditor/Binaries/Win64/UE4Editor-GameplayTagsEditor.dll (API version 3944462).
LogModuleManager: Display: Found up-to-date module file ../../../Engine/Plugins/Editor/MobileLauncherProfileWizard/Binaries/Win64/UE4Editor-MobileLauncherProfileWizard.dll (API version 3944462).
LogModuleManager: Display: Found up-to-date module file ../../../Engine/Plugins/Editor/PluginBrowser/Binaries/Win64/UE4Editor-PluginBrowser.dll (API version 3944462).
LogModuleManager: Display: Found up-to-date module file ../../../Engine/Plugins/Editor/SpeedTreeImporter/Binaries/Win64/UE4Editor-SpeedTreeImporter.dll (API version 3944462).
LogModuleManager: Display: Found up-to-date module file ../../../Engine/Plugins/Enterprise/DatasmithContent/Binaries/Win64/UE4Editor-DatasmithContent.dll (API version 3944462).
LogModuleManager: Display: Found up-to-date module file ../../../Engine/Plugins/Experimental/AlembicImporter/Binaries/Win64/UE4Editor-AlembicImporter.dll (API version 3944462).
LogModuleManager: Display: Found up-to-date module file ../../../Engine/Plugins/Experimental/AlembicImporter/Binaries/Win64/UE4Editor-AlembicLibrary.dll (API version 3944462).
LogModuleManager: Display: Found up-to-date module file ../../../Engine/Plugins/Experimental/CharacterAI/Binaries/Win64/UE4Editor-CharacterAI.dll (API version 3944462).
LogModuleManager: Display: Found up-to-date module file ../../../Engine/Plugins/Experimental/HTML5Networking/Binaries/Win64/UE4Editor-HTML5Networking.dll (API version 3944462).
LogModuleManager: Display: Found up-to-date module file ../../../Engine/Plugins/Media/AndroidMedia/Binaries/Win64/UE4Editor-AndroidMediaEditor.dll (API version 3944462).
LogModuleManager: Display: Found up-to-date module file ../../../Engine/Plugins/Media/AndroidMedia/Binaries/Win64/UE4Editor-AndroidMediaFactory.dll (API version 3944462).
LogModuleManager: Display: Found up-to-date module file ../../../Engine/Plugins/Media/AvfMedia/Binaries/Win64/UE4Editor-AvfMediaEditor.dll (API version 3944462).
LogModuleManager: Display: Found up-to-date module file ../../../Engine/Plugins/Media/AvfMedia/Binaries/Win64/UE4Editor-AvfMediaFactory.dll (API version 3944462).
LogModuleManager: Display: Found up-to-date module file ../../../Engine/Plugins/Media/AvfMedia/Binaries/Win64/UE4Editor-AvfMediaFactory.dll (API version 3944462).
LogModuleManager: Display: Found up-to-date module file ../../../Engine/Plugins/Media/ImgMedia/Binaries/Win64/UE4Editor-ImgMedia.dll (API version 3944462).
LogModuleManager: Display: Found up-to-date module file ../../../Engine/Plugins/Media/ImgMedia/Binaries/Win64/UE4Editor-ImgMediaEditor.dll (API version 3944462).
LogModuleManager: Display: Found up-to-date module file ../../../Engine/Plugins/Media/ImgMedia/Binaries/Win64/UE4Editor-ImgMediaFactory.dll (API version 3944462).
LogModuleManager: Display: Found up-to-date module file ../../../Engine/Plugins/Media/ImgMedia/Binaries/Win64/UE4Editor-ImgMediaFactory.dll (API version 3944462).
LogModuleManager: Display: Found up-to-date module file ../../../Engine/Plugins/Media/ImgMedia/Binaries/Win64/UE4Editor-OpenExrWrapper.dll (API version 3944462).
LogModuleManager: Display: Found up-to-date module file ../../../Engine/Plugins/Media/LinearTimecode/Binaries/Win64/UE4Editor-LinearTimecode.dll (API version 3944462).
LogModuleManager: Display: Found up-to-date module file ../../../Engine/Plugins/Media/MediaCompositing/Binaries/Win64/UE4Editor-MediaCompositing.dll (API version 3944462).
LogModuleManager: Display: Found up-to-date module file ../../../Engine/Plugins/Media/MediaCompositing/Binaries/Win64/UE4Editor-MediaCompositingEditor.dll (API version 3944462).
LogModuleManager: Display: Found up-to-date module file ../../../Engine/Plugins/Media/MediaPlayerEditor/Binaries/Win64/UE4Editor-MediaPlayerEditor.dll (API version 3944462).
LogModuleManager: Display: Found up-to-date module file ../../../Engine/Plugins/Media/WmfMedia/Binaries/Win64/UE4Editor-WmfMedia.dll (API version 3944462).
LogModuleManager: Display: Found up-to-date module file ../../../Engine/Plugins/Media/WmfMedia/Binaries/Win64/UE4Editor-WmfMediaEditor.dll (API version 3944462).
LogModuleManager: Display: Found up-to-date module file ../../../Engine/Plugins/Media/WmfMedia/Binaries/Win64/UE4Editor-WmfMediaFactory.dll (API version 3944462).
LogModuleManager: Display: Found up-to-date module file ../../../Engine/Plugins/Media/WmfMedia/Binaries/Win64/UE4Editor-WmfMediaFactory.dll (API version 3944462).
LogModuleManager: Display: Found up-to-date module file ../../../Engine/Plugins/Messaging/TcpMessaging/Binaries/Win64/UE4Editor-TcpMessaging.dll (API version 3944462).
LogModuleManager: Display: Found up-to-date module file ../../../Engine/Plugins/Messaging/UdpMessaging/Binaries/Win64/UE4Editor-UdpMessaging.dll (API version 3944462).
LogModuleManager: Display: Found up-to-date module file ../../../Engine/Plugins/MovieScene/ActorSequence/Binaries/Win64/UE4Editor-ActorSequence.dll (API version 3944462).
LogModuleManager: Display: Found up-to-date module file ../../../Engine/Plugins/MovieScene/LevelSequenceEditor/Binaries/Win64/UE4Editor-LevelSequenceEditor.dll (API version 3944462).
LogModuleManager: Display: Found up-to-date module file ../../../Engine/Plugins/MovieScene/MatineeToLevelSequence/Binaries/Win64/UE4Editor-MatineeToLevelSequence.dll (API version 3944462).
LogModuleManager: Display: Found up-to-date module file ../../../Engine/Plugins/NetcodeUnitTest/NetcodeUnitTest/Binaries/Win64/UE4Editor-NetcodeUnitTest.dll (API version 3944462).
LogModuleManager: Display: Found up-to-date module file ../../../Engine/Plugins/NetcodeUnitTest/NUTUnrealEngine4/Binaries/Win64/UE4Editor-NUTUnrealEngine4.dll (API version 3944462).
LogModuleManager: Display: Found up-to-date module file ../../../Engine/Plugins/Online/OnlineSubsystem/Binaries/Win64/UE4Editor-OnlineSubsystem.dll (API version 3944462).
LogModuleManager: Display: Found up-to-date module file ../../../Engine/Plugins/Runtime/AndroidPermission/Binaries/Win64/UE4Editor-AndroidPermission.dll (API version 3944462).
LogModuleManager: Display: Found up-to-date module file ../../../Engine/Plugins/Online/OnlineSubsystemNull/Binaries/Win64/UE4Editor-OnlineSubsystemNull.dll (API version 3944462).
LogModuleManager: Display: Found up-to-date module file ../../../Engine/Plugins/Online/OnlineSubsystemUtils/Binaries/Win64/UE4Editor-OnlineSubsystemUtils.dll (API version 3944462).
LogModuleManager: Display: Found up-to-date module file ../../../Engine/Plugins/Online/OnlineSubsystemUtils/Binaries/Win64/UE4Editor-OnlineBlueprintSupport.dll (API version 3944462).
LogModuleManager: Display: Found up-to-date module file ../../../Engine/Plugins/Runtime/AndroidDeviceProfileSelector/Binaries/Win64/UE4Editor-AndroidDeviceProfileSelector.dll (API version 3944462).
LogModuleManager: Display: Found up-to-date module file ../../../Engine/Plugins/Runtime/AppleARKit/Binaries/Win64/UE4Editor-AppleARKit.dll (API version 3944462).
LogModuleManager: Display: Found up-to-date module file ../../../Engine/Plugins/Runtime/ProceduralMeshComponent/Binaries/Win64/UE4Editor-ProceduralMeshComponent.dll (API version 3944462).
LogModuleManager: Display: Found up-to-date module file ../../../Engine/Plugins/Runtime/ProceduralMeshComponent/Binaries/Win64/UE4Editor-ProceduralMeshComponentEditor.dll (API version 3944462).
LogModuleManager: Display: Found up-to-date module file ../../../Engine/Plugins/Animation/LiveLink/Binaries/Win64/UE4Editor-LiveLink.dll (API version 3944462).
LogModuleManager: Display: Found up-to-date module file ../../../Engine/Plugins/Animation/LiveLink/Binaries/Win64/UE4Editor-LiveLinkEditor.dll (API version 3944462).
LogModuleManager: Display: Found up-to-date module file ../../../Engine/Plugins/Runtime/ArchVisCharacter/Binaries/Win64/UE4Editor-ArchVisCharacter.dll (API version 3944462).
LogModuleManager: Display: Found up-to-date module file ../../../Engine/Plugins/Runtime/AudioCapture/Binaries/Win64/UE4Editor-AudioCapture.dll (API version 3944462).
LogModuleManager: Display: Found up-to-date module file ../../../Engine/Plugins/Runtime/AudioCapture/Binaries/Win64/UE4Editor-AudioCaptureEditor.dll (API version 3944462).
LogModuleManager: Display: Found up-to-date module file ../../../Engine/Plugins/Runtime/CableComponent/Binaries/Win64/UE4Editor-CableComponent.dll (API version 3944462).
LogModuleManager: Display: Found up-to-date module file ../../../Engine/Plugins/Runtime/CustomMeshComponent/Binaries/Win64/UE4Editor-CustomMeshComponent.dll (API version 3944462).
LogModuleManager: Display: Found up-to-date module file ../../../Engine/Plugins/Runtime/ExampleDeviceProfileSelector/Binaries/Win64/UE4Editor-ExampleDeviceProfileSelector.dll (API version 3944462).
LogModuleManager: Display: Found up-to-date module file ../../../Engine/Plugins/Runtime/ImmediatePhysics/Binaries/Win64/UE4Editor-ImmediatePhysics.dll (API version 3944462).
LogModuleManager: Display: Found up-to-date module file ../../../Engine/Plugins/Runtime/ImmediatePhysics/Binaries/Win64/UE4Editor-ImmediatePhysicsEditor.dll (API version 3944462).
LogModuleManager: Display: Found up-to-date module file ../../../Engine/Plugins/Runtime/LocationServicesBPLibrary/Binaries/Win64/UE4Editor-LocationServicesBPLibrary.dll (API version 3944462).
LogModuleManager: Display: Found up-to-date module file ../../../Engine/Plugins/Runtime/MobilePatchingUtils/Binaries/Win64/UE4Editor-MobilePatchingUtils.dll (API version 3944462).
LogModuleManager: Display: Found up-to-date module file ../../../Engine/Plugins/Runtime/Oculus/OculusVR/Binaries/Win64/UE4Editor-OculusHMD.dll (API version 3944462).
LogModuleManager: Display: Found up-to-date module file ../../../Engine/Plugins/Runtime/Oculus/OculusVR/Binaries/Win64/UE4Editor-OculusInput.dll (API version 3944462).
LogModuleManager: Display: Found up-to-date module file ../../../Engine/Plugins/Runtime/Oculus/OculusVR/Binaries/Win64/UE4Editor-OculusEditor.dll (API version 3944462).
LogModuleManager: Display: Found up-to-date module file ../../../Engine/Plugins/Runtime/PhysXVehicles/Binaries/Win64/UE4Editor-PhysXVehicles.dll (API version 3944462).
LogModuleManager: Display: Found up-to-date module file ../../../Engine/Plugins/Runtime/PhysXVehicles/Binaries/Win64/UE4Editor-PhysXVehiclesEditor.dll (API version 3944462).
LogModuleManager: Display: Found up-to-date module file ../../../Engine/Plugins/Runtime/RuntimePhysXCooking/Binaries/Win64/UE4Editor-RuntimePhysXCooking.dll (API version 3944462).
LogModuleManager: Display: Found up-to-date module file ../../../Engine/Plugins/Runtime/Steam/SteamVR/Binaries/Win64/UE4Editor-SteamVR.dll (API version 3944462).
LogModuleManager: Display: Found up-to-date module file ../../../Engine/Plugins/Runtime/Steam/SteamVR/Binaries/Win64/UE4Editor-SteamVRController.dll (API version 3944462).
LogModuleManager: Display: Found up-to-date module file ../../../Engine/Plugins/Runtime/WindowsMoviePlayer/Binaries/Win64/UE4Editor-WindowsMoviePlayer.dll (API version 3944462).
LogPluginManager: Mounting plugin Paper2D
LogPluginManager: Mounting plugin LiveLink
LogPluginManager: Mounting plugin LightPropagationVolume
LogPluginManager: Mounting plugin CLionSourceCodeAccess
LogPluginManager: Mounting plugin CodeLiteSourceCodeAccess
LogPluginManager: Mounting plugin GitSourceControl
LogPluginManager: Mounting plugin KDevelopSourceCodeAccess
LogPluginManager: Mounting plugin NullSourceCodeAccess
LogPluginManager: Mounting plugin PerforceSourceControl
LogPluginManager: Mounting plugin SubversionSourceControl
LogPluginManager: Mounting plugin UObjectPlugin
LogPluginManager: Mounting plugin VisualStudioCodeSourceCodeAccess
LogPluginManager: Mounting plugin VisualStudioSourceCodeAccess
LogPluginManager: Mounting plugin XCodeSourceCodeAccess
LogPluginManager: Mounting plugin AssetManagerEditor
LogPluginManager: Mounting plugin CryptoKeys
LogPluginManager: Mounting plugin DataValidation
LogPluginManager: Mounting plugin FacialAnimation
LogPluginManager: Mounting plugin GameplayTagsEditor
LogPluginManager: Mounting plugin MobileLauncherProfileWizard
LogPluginManager: Mounting plugin PluginBrowser
LogPluginManager: Mounting plugin SpeedTreeImporter
LogPluginManager: Mounting plugin DatasmithContent
LogPluginManager: Mounting plugin AlembicImporter
LogPluginManager: Mounting plugin CharacterAI
LogPluginManager: Mounting plugin HTML5Networking
LogPluginManager: Mounting plugin AndroidMedia
LogPluginManager: Mounting plugin AvfMedia
LogPluginManager: Mounting plugin ImgMedia
LogPluginManager: Mounting plugin LinearTimecode
LogPluginManager: Mounting plugin MediaCompositing
LogPluginManager: Mounting plugin MediaPlayerEditor
LogPluginManager: Mounting plugin WmfMedia
LogPluginManager: Mounting plugin TcpMessaging
LogPluginManager: Mounting plugin UdpMessaging
LogPluginManager: Mounting plugin ActorSequence
LogPluginManager: Mounting plugin LevelSequenceEditor
LogPluginManager: Mounting plugin MatineeToLevelSequence
LogPluginManager: Mounting plugin NetcodeUnitTest
LogPluginManager: Mounting plugin NUTUnrealEngine4
LogPluginManager: Mounting plugin OnlineSubsystemGooglePlay
LogPluginManager: Mounting plugin OnlineSubsystemIOS
LogPluginManager: Mounting plugin OnlineSubsystem
LogPluginManager: Mounting plugin OnlineSubsystemNull
LogPluginManager: Mounting plugin OnlineSubsystemUtils
LogPluginManager: Mounting plugin AndroidDeviceProfileSelector
LogPluginManager: Mounting plugin AndroidMoviePlayer
LogPluginManager: Mounting plugin AndroidPermission
LogPluginManager: Mounting plugin AppleARKit
LogPluginManager: Mounting plugin AppleMoviePlayer
LogPluginManager: Mounting plugin ArchVisCharacter
LogPluginManager: Mounting plugin AudioCapture
LogPluginManager: Mounting plugin CableComponent
LogPluginManager: Mounting plugin CustomMeshComponent
LogPluginManager: Mounting plugin ExampleDeviceProfileSelector
LogPluginManager: Mounting plugin GoogleCloudMessaging
LogPluginManager: Mounting plugin ImmediatePhysics
LogPluginManager: Mounting plugin IOSDeviceProfileSelector
LogPluginManager: Mounting plugin LinuxDeviceProfileSelector
LogPluginManager: Mounting plugin LocationServicesBPLibrary
LogPluginManager: Mounting plugin MobilePatchingUtils
LogPluginManager: Mounting plugin OculusVR
LogPluginManager: Plugin shader directory ../../../Engine/Plugins/Runtime/Oculus/OculusVR/Shaders found
LogPluginManager: Mapping shader source directory ../../../Engine/Plugins/Runtime/Oculus/OculusVR/Shaders to virtual directory /Plugin/OculusVR
LogPluginManager: Mounting plugin PhysXVehicles
LogPluginManager: Mounting plugin ProceduralMeshComponent
LogPluginManager: Mounting plugin RuntimePhysXCooking
LogPluginManager: Mounting plugin SteamVR
LogPluginManager: Mounting plugin WindowsMoviePlayer
LogStreaming: Display: Took  5.573s to configure plugins.
LogInit: Using libcurl 7.47.1
LogInit:  - built for x86_64-pc-win32
LogInit:  - supports SSL with OpenSSL/1.0.2g
LogInit:  - supports HTTP deflate (compression) using libz 1.2.8
LogInit:  - other features:
LogInit:      CURL_VERSION_SSL
LogInit:      CURL_VERSION_LIBZ
LogInit:      CURL_VERSION_IPV6
LogInit:      CURL_VERSION_ASYNCHDNS
LogInit:      CURL_VERSION_LARGEFILE
LogInit:      CURL_VERSION_IDN
LogInit:  CurlRequestOptions (configurable via config and command line):
LogInit:  - bVerifyPeer = false  - Libcurl will NOT verify peer certificate
LogInit:  - bUseHttpProxy = false  - Libcurl will NOT use HTTP proxy
LogInit:  - bDontReuseConnections = false  - Libcurl will reuse connections
LogInit:  - CertBundlePath = nullptr  - Libcurl will use whatever was configured at build time.
LogInit:  - MaxHostConnections = 16  - Libcurl will limit the number of connections to a host
LogInit:  - LocalHostAddr = Default
LogInit: WinSock: version 1.1 (2.2), MaxSocks=32767, MaxUdp=65467
LogInit: WinSock: I am DESKTOP-28I2SJ6 (192.168.0.18:0)
LogInit: Build: ++UE4+Release-4.19-CL-4033788
LogInit: Engine Version: 4.19.2-4033788+++UE4+Release-4.19
LogInit: Compatible Engine Version: 4.19.0-3944462+++UE4+Release-4.19
LogInit: Net CL: 3944462
LogDevObjectVersion: Number of dev versions registered: 18
LogDevObjectVersion:   Dev-Blueprints (B0D832E4-1F89-4F0D-ACCF-7EB736FD4AA2): 10
LogDevObjectVersion:   Dev-Build (E1C64328-A22C-4D53-A36C-8E866417BD8C): 0
LogDevObjectVersion:   Dev-Core (375EC13C-06E4-48FB-B500-84F0262A717E): 2
LogDevObjectVersion:   Dev-Editor (E4B068ED-F494-42E9-A231-DA0B2E46BB41): 23
LogDevObjectVersion:   Dev-Framework (CFFC743F-43B0-4480-9391-14DF171D2073): 33
LogDevObjectVersion:   Dev-Mobile (B02B49B5-BB20-44E9-A304-32B752E40360): 2
LogDevObjectVersion:   Dev-Networking (A4E4105C-59A1-49B5-A7C5-40C4547EDFEE): 0
LogDevObjectVersion:   Dev-Online (39C831C9-5AE6-47DC-9A44-9C173E1C8E7C): 0
LogDevObjectVersion:   Dev-Physics (78F01B33-EBEA-4F98-B9B4-84EACCB95AA2): 0
LogDevObjectVersion:   Dev-Platform (6631380F-2D4D-43E0-8009-CF276956A95A): 0
LogDevObjectVersion:   Dev-Rendering (12F88B9F-8875-4AFC-A67C-D90C383ABD29): 25
LogDevObjectVersion:   Dev-Sequencer (7B5AE74C-D270-4C10-A958-57980B212A5A): 6
LogDevObjectVersion:   Dev-VR (D7296918-1DD6-4BDD-9DE2-64A83CC13884): 1
LogDevObjectVersion:   Dev-LoadTimes (C2A15278-BFE7-4AFE-6C17-90FF531DF755): 1
LogDevObjectVersion:   Private-Geometry (6EACA3D4-40EC-4CC1-B786-8BED09428FC5): 2
LogDevObjectVersion:   Dev-AnimPhys (29E575DD-E0A3-4627-9D10-D276232CDCEA): 16
LogDevObjectVersion:   Dev-ReflectionCapture (6B266CEC-1EC7-4B8F-A30B-E4D90942FC07): 1
LogDevObjectVersion:   Dev-Automation (0DF73D61-A23F-47EA-B727-89E90C41499A): 1
LogInit: Compiled (64-bit): Apr 27 2018 02:06:57
LogInit: Compiled with Visual C++: 19.00.24215.01
LogInit: Build Configuration: Development
LogInit: Branch Name: ++UE4+Release-4.19
LogInit: Command Line:  
LogInit: Base Directory: C:/Program Files/Epic Games/UE_4.19/Engine/Binaries/Win64/
LogInit: Installed Engine Build: 1
LogStreaming: Display: Took  0.001s to delete old logs.
LogInit: Presizing for max 8388607 objects, including 0 objects not considered by GC, pre-allocating 0 bytes for permanent pool.
LogInit: Object subsystem initialized
[2018.08.11-13.28.27:362][  0]LogInit: Selected Device Profile: [Windows]
[2018.08.11-13.28.27:362][  0]LogInit: Applying CVar settings loaded from the selected device profile: [Windows]
[2018.08.11-13.28.27:421][  0]LogInit: Computer: DESKTOP-28I2SJ6
[2018.08.11-13.28.27:421][  0]LogInit: User: mglenovo
[2018.08.11-13.28.27:421][  0]LogInit: CPU Page size=4096, Cores=4
[2018.08.11-13.28.27:421][  0]LogInit: High frequency timer resolution =2.435761 MHz
[2018.08.11-13.28.27:421][  0]LogMemory: Memory total: Physical=15.9GB (16GB approx)
[2018.08.11-13.28.27:421][  0]LogMemory: Platform Memory Stats for Windows
[2018.08.11-13.28.27:421][  0]LogMemory: Process Physical Memory: 274.40 MB used, 274.40 MB peak
[2018.08.11-13.28.27:421][  0]LogMemory: Process Virtual Memory: 264.75 MB used, 264.75 MB peak
[2018.08.11-13.28.27:422][  0]LogMemory: Physical Memory: 5819.46 MB used,  10476.81 MB free, 16296.27 MB total
[2018.08.11-13.28.27:422][  0]LogMemory: Virtual Memory: 4794.15 MB used,  10476.81 MB free, 134217728.00 MB total
[2018.08.11-13.28.29:410][  0]LogInit: Using OS detected language (tr-TR).
[2018.08.11-13.28.29:410][  0]LogInit: Using OS detected locale (tr-TR).
[2018.08.11-13.28.29:688][  0]LogTextLocalizationManager: No localization for 'tr-TR' exists, so 'en' will be used for the language.
[2018.08.11-13.28.30:720][  0]LogStreaming: Display: Took  1.310s to EndInitTextLocalization.
[2018.08.11-13.28.30:720][  0]LogInit: Setting process to per monitor DPI aware
[2018.08.11-13.28.31:034][  0]LogSlate: New Slate User Created.  User Index 0, Is Virtual User: 0
[2018.08.11-13.28.31:034][  0]LogSlate: Slate User Registered.  User Index 0, Is Virtual User: 0
[2018.08.11-13.28.43:397][  0]LogD3D11RHI: D3D11 adapters:
[2018.08.11-13.28.44:199][  0]LogD3D11RHI:    0. 'NVIDIA GeForce GTX 860M' (Feature Level 11_0)
[2018.08.11-13.28.44:199][  0]LogD3D11RHI:       4064/0/8148 MB DedicatedVideo/DedicatedSystem/SharedSystem, Outputs:1, VendorId:0x10de
[2018.08.11-13.28.44:207][  0]LogD3D11RHI:    1. 'Intel(R) HD Graphics 4600' (Feature Level 11_0)
[2018.08.11-13.28.44:207][  0]LogD3D11RHI:       112/0/2048 MB DedicatedVideo/DedicatedSystem/SharedSystem, Outputs:0, VendorId:0x8086
[2018.08.11-13.28.44:209][  0]LogD3D11RHI:    2. 'Microsoft Basic Render Driver' (Feature Level 11_0)
[2018.08.11-13.28.44:209][  0]LogD3D11RHI:       0/0/8148 MB DedicatedVideo/DedicatedSystem/SharedSystem, Outputs:0, VendorId:0x1414
[2018.08.11-13.28.44:209][  0]LogD3D11RHI: Chosen D3D11 Adapter: 0
[2018.08.11-13.28.44:226][  0]LogD3D11RHI: Creating new Direct3DDevice
[2018.08.11-13.28.44:226][  0]LogD3D11RHI:     GPU DeviceId: 0x1392 (for the marketing name, search the web for "GPU Device Id")
[2018.08.11-13.28.44:226][  0]LogWindows: EnumDisplayDevices:
[2018.08.11-13.28.44:226][  0]LogWindows:    0. 'Intel(R) HD Graphics 4600' (P:1 D:1)
[2018.08.11-13.28.44:226][  0]LogWindows:    1. 'Intel(R) HD Graphics 4600' (P:0 D:0)
[2018.08.11-13.28.44:227][  0]LogWindows:    2. 'Intel(R) HD Graphics 4600' (P:0 D:0)
[2018.08.11-13.28.44:227][  0]LogWindows: DebugString: GetVideoDriverDetailsInvalid PrimaryIsNotTheChoosenAdapter GetVideoDriverDetailsInvalid PrimaryIsNotTheChoosenAdapter GetVideoDriverDetailsInvalid PrimaryIsNotTheChoosenAdapter FoundDriverCount:0 
[2018.08.11-13.28.44:227][  0]LogD3D11RHI:     Adapter Name: NVIDIA GeForce GTX 860M
[2018.08.11-13.28.44:227][  0]LogD3D11RHI:   Driver Version: Unknown (internal:Unknown, unified:Unknown)
[2018.08.11-13.28.44:227][  0]LogD3D11RHI:      Driver Date: Unknown
[2018.08.11-13.28.44:227][  0]LogRHI: Texture pool is 2845 MB (70% of 4064 MB)
[2018.08.11-13.28.44:247][  0]LogD3D11RHI: [Aftermath] Aftermath enabled but failed to initialize
[2018.08.11-13.28.44:247][  0]LogD3D11RHI: [Aftermath] Aftermath enabled and primed
[2018.08.11-13.28.44:247][  0]LogD3D11RHI: Async texture creation enabled
[2018.08.11-13.28.44:261][  0]LogD3D11RHI: GPU Timing Frequency: 1000.000000 (Debug: 2 1)
[2018.08.11-13.28.44:262][  0]LogShaderCompilers: Guid format shader working directory is -13 characters bigger than the processId version (../../../../../../Users/mg-lenovo/Documents/GitHub/VogsAmIFree/Intermediate/Shaders/WorkingDirectory/13580/).
[2018.08.11-13.28.44:262][  0]LogShaderCompilers: Cleaned the shader compiler working directory 'C:/Users/mg-lenovo/AppData/Local/Temp/UnrealShaderWorkingDir/B86C2AF247DAFBAA01E908879F679D19/'.
[2018.08.11-13.28.46:366][  0]LogTemp: Display: Loaded TP AllDesktopTargetPlatform
[2018.08.11-13.28.46:385][  0]LogTemp: Display: Loaded TP MacClientTargetPlatform
[2018.08.11-13.28.46:417][  0]LogTemp: Display: Loaded TP MacNoEditorTargetPlatform
[2018.08.11-13.28.46:445][  0]LogTemp: Display: Loaded TP MacServerTargetPlatform
[2018.08.11-13.28.46:496][  0]LogTemp: Display: Loaded TP MacTargetPlatform
[2018.08.11-13.28.46:514][  0]LogTemp: Display: Loaded TP WindowsClientTargetPlatform
[2018.08.11-13.28.46:533][  0]LogTemp: Display: Loaded TP WindowsNoEditorTargetPlatform
[2018.08.11-13.28.46:552][  0]LogTemp: Display: Loaded TP WindowsServerTargetPlatform
[2018.08.11-13.28.46:561][  0]LogTemp: Display: Loaded TP WindowsTargetPlatform
[2018.08.11-13.28.46:577][  0]LogTemp: Display: Loaded TP Android_ASTCTargetPlatform
[2018.08.11-13.28.46:593][  0]LogTemp: Display: Loaded TP Android_ATCTargetPlatform
[2018.08.11-13.28.46:609][  0]LogTemp: Display: Loaded TP Android_DXTTargetPlatform
[2018.08.11-13.28.46:625][  0]LogTemp: Display: Loaded TP Android_ETC1aTargetPlatform
[2018.08.11-13.28.46:641][  0]LogTemp: Display: Loaded TP Android_ETC1TargetPlatform
[2018.08.11-13.28.46:657][  0]LogTemp: Display: Loaded TP Android_ETC2TargetPlatform
[2018.08.11-13.28.46:690][  0]LogTemp: Display: Loaded TP Android_MultiTargetPlatform
[2018.08.11-13.28.46:690][  0]LogTemp: Display: Loaded TP Android_PVRTCTargetPlatform
[2018.08.11-13.28.46:726][  0]LogTemp: Display: Loaded TP AndroidTargetPlatform
[2018.08.11-13.28.46:728][  0]LogTemp: Display: Loaded TP HTML5TargetPlatform
[2018.08.11-13.28.46:933][  0]LogTemp: Display: Loaded TP IOSTargetPlatform
[2018.08.11-13.28.46:956][  0]LogTemp: Display: Loaded TP TVOSTargetPlatform
[2018.08.11-13.28.46:975][  0]LogTemp: Display: Loaded TP LinuxClientTargetPlatform
[2018.08.11-13.28.46:991][  0]LogTemp: Display: Loaded TP LinuxNoEditorTargetPlatform
[2018.08.11-13.28.47:008][  0]LogTemp: Display: Loaded TP LinuxServerTargetPlatform
[2018.08.11-13.28.47:061][  0]LogTemp: Display: Loaded TP LinuxTargetPlatform
[2018.08.11-13.28.47:061][  0]LogTargetPlatformManager: Display: Building Assets For Windows
[2018.08.11-13.28.48:595][  0]LogXGEController: Cleaning working directory: C:/Users/mg-lenovo/AppData/Local/Temp/UnrealXGEWorkingDir/
[2018.08.11-13.28.48:595][  0]LogXGEController: Cannot use XGE Controller as Incredibuild is not installed on this machine.
[2018.08.11-13.28.48:595][  0]LogShaderCompilers: Cannot use XGE Shader Compiler as Incredibuild is not installed on this machine.
[2018.08.11-13.28.48:595][  0]LogShaderCompilers: Display: Using Local Shader Compiler.
[2018.08.11-13.28.55:369][  0]LogDerivedDataCache: Display: Max Cache Size: 512 MB
[2018.08.11-13.28.55:478][  0]LogDerivedDataCache: Loaded boot cache 0.11s 74MB C:/Users/mg-lenovo/AppData/Local/UnrealEngine/4.19/DerivedDataCache/Boot.ddc.
[2018.08.11-13.28.55:478][  0]LogDerivedDataCache: Display: Loaded Boot cache: C:/Users/mg-lenovo/AppData/Local/UnrealEngine/4.19/DerivedDataCache/Boot.ddc
[2018.08.11-13.28.55:478][  0]LogDerivedDataCache: FDerivedDataBackendGraph:  Pak pak cache file ../../../../../../Users/mg-lenovo/Documents/GitHub/VogsAmIFree/DerivedDataCache/DDC.ddp not found, will not use a pak cache.
[2018.08.11-13.28.55:478][  0]LogDerivedDataCache: Unable to find inner node Pak for hierarchical cache Hierarchy.
[2018.08.11-13.28.55:478][  0]LogDerivedDataCache: FDerivedDataBackendGraph:  CompressedPak pak cache file ../../../../../../Users/mg-lenovo/Documents/GitHub/VogsAmIFree/DerivedDataCache/Compressed.ddp not found, will not use a pak cache.
[2018.08.11-13.28.55:478][  0]LogDerivedDataCache: Unable to find inner node CompressedPak for hierarchical cache Hierarchy.
[2018.08.11-13.28.55:507][  0]LogDerivedDataCache: Display: Pak cache opened for reading ../../../Engine/DerivedDataCache/Compressed.ddp.
[2018.08.11-13.28.55:520][  0]LogDerivedDataCache: Using Local data cache path C:/Users/mg-lenovo/AppData/Local/UnrealEngine/Common/DerivedDataCache: Writable
[2018.08.11-13.28.55:520][  0]LogDerivedDataCache: Shared data cache path not found in *engine.ini, will not use an Shared cache.
[2018.08.11-13.28.55:520][  0]LogDerivedDataCache: Unable to find inner node Shared for hierarchical cache Hierarchy.
[2018.08.11-13.28.55:536][  0]LogMaterial: Verifying Global Shaders for PCD3D_SM5
[2018.08.11-13.28.55:536][  0]LogSlate: Using Freetype 2.6.0
[2018.08.11-13.28.55:567][  0]LogSlate: SlateFontCache - WITH_FREETYPE: 1, WITH_HARFBUZZ: 1
[2018.08.11-13.28.55:567][  0]LogSlate: SlateFontCache - WITH_FREETYPE: 1, WITH_HARFBUZZ: 1
[2018.08.11-13.29.09:217][  0]LogAssetRegistry: FAssetRegistry took 0.0275 seconds to start up
[2018.08.11-13.29.09:628][  0]LogInit: Selected Device Profile: [Windows]
[2018.08.11-13.29.11:251][  0]LogSimplygon: Simplygon DLL not present - disabling.
[2018.08.11-13.29.11:254][  0]LogMeshReduction: Using SimplygonSwarm for distributed automatic mesh merging
[2018.08.11-13.29.11:254][  0]LogMeshReduction: Using QuadricMeshReduction for automatic static mesh reduction
[2018.08.11-13.29.11:254][  0]LogMeshReduction: No automatic skeletal mesh reduction module available
[2018.08.11-13.29.11:254][  0]LogMeshReduction: No automatic mesh merging module available
[2018.08.11-13.29.11:254][  0]LogMeshMerging: No automatic mesh merging module available
[2018.08.11-13.29.11:352][  0]LogNetVersion: Am_i_Free , NetCL: 3944462, EngineNetVer: 2, GameNetVer: 0 (Checksum: 3243282978)
[2018.08.11-13.29.13:060][  0]LogPackageLocalizationCache: Processed 9 localized package path(s) for 1 prioritized culture(s) in 0.052079 seconds
[2018.08.11-13.29.13:067][  0]LogUObjectArray: 36728 objects as part of root set at end of initial load.
[2018.08.11-13.29.13:067][  0]LogUObjectAllocator: 7314304 out of 0 bytes used by permanent object pool.
[2018.08.11-13.29.13:067][  0]LogUObjectArray: CloseDisregardForGC: 0/0 objects in disregard for GC pool
[2018.08.11-13.30.12:261][  0]LogTcpMessaging: Initializing TcpMessaging bridge
[2018.08.11-13.30.12:297][  0]LogUdpMessaging: Initializing bridge on interface 0.0.0.0:0 to multicast group 230.0.0.1:6666.
[2018.08.11-13.30.13:754][  0]SourceControl: Source control is disabled
[2018.08.11-13.30.13:754][  0]SourceControl: Source control is disabled
[2018.08.11-13.30.13:778][  0]SourceControl: Source control is disabled
[2018.08.11-13.30.13:802][  0]SourceControl: Source control is disabled
[2018.08.11-13.30.15:026][  0]LogAndroidPermission: UAndroidPermissionCallbackProxy::GetInstance
[2018.08.11-13.30.15:293][  0]LogOcInput: OculusInput pre-init called
[2018.08.11-13.30.15:568][  0]LogEngine: Initializing Engine...
[2018.08.11-13.30.15:569][  0]LogHMD: Failed to initialize OpenVR with code 110
[2018.08.11-13.30.15:571][  0]LogStats: UGameplayTagsManager::ConstructGameplayTagTree: Construct from data asset -  0.000 s
[2018.08.11-13.30.15:571][  0]LogStats: UGameplayTagsManager::ConstructGameplayTagTree: GameplayTagTreeChangedEvent.Broadcast -  0.000 s
[2018.08.11-13.30.15:854][  0]LogAIModule: Creating AISystem for world Untitled
[2018.08.11-13.30.15:881][  0]LogInit: XAudio2 using 'Hoparlör (Realtek High Definition Audio)' : 2 channels at 48 kHz using 32 bits per sample (channel mask 0x3)
[2018.08.11-13.30.15:901][  0]LogInit: FAudioDevice initialized.
[2018.08.11-13.30.16:725][  0]LogDerivedDataCache: Saved boot cache 0.82s 74MB C:/Users/mg-lenovo/AppData/Local/UnrealEngine/4.19/DerivedDataCache/Boot.ddc.
[2018.08.11-13.30.16:737][  0]LogInit: Texture streaming: Enabled
[2018.08.11-13.30.16:778][  0]LogEngineSessionManager: EngineSessionManager initialized
[2018.08.11-13.30.16:800][  0]LogInit: Transaction tracking system initialized
[2018.08.11-13.30.16:831][  0]BlueprintLog: New page: Editor Load
[2018.08.11-13.30.17:082][  0]LocalizationService: Localization service is disabled
[2018.08.11-13.30.17:716][  0]LogUObjectGlobals: Created PersistentFrame Addr=0x000001f3e3e6d5a0, Size=88, Default__Landscape_Sculpt_Mode_C Function /Engine/Tutorial/Landscape/Landscape_Sculpt_Mode.Landscape_Sculpt_Mode_C:ExecuteUbergraph_Landscape_Sculpt_Mode
[2018.08.11-13.30.17:719][  0]LogUObjectGlobals: Destroyed PersistentFrame Addr=0x000001f3e3e6d5a0, Size=88
[2018.08.11-13.30.17:719][  0]LogUObjectGlobals: Created PersistentFrame Addr=0x000001f3e3e6d5a0, Size=88, Default__Landscape_Sculpt_Mode_C Function /Engine/Transient.REINST_Landscape_Sculpt_Mode_C_3:ExecuteUbergraph_Landscape_Sculpt_Mode
[2018.08.11-13.30.17:722][  0]LogUObjectGlobals: Created PersistentFrame Addr=0x000001f3c8ae7b00, Size=80, Default__Landscape_Sculpt_Mode_C Function /Engine/Tutorial/Landscape/Landscape_Sculpt_Mode.Landscape_Sculpt_Mode_C:ExecuteUbergraph_Landscape_Sculpt_Mode
[2018.08.11-13.30.17:942][  0]LogConsoleResponse: Display: 
[2018.08.11-13.30.18:127][  0]LogCook: Display: Max memory allowance for cook 16384mb min free memory 0mb
[2018.08.11-13.30.18:127][  0]LogCook: Display: Mobile HDR setting 1
[2018.08.11-13.30.18:127][  0]LogGameplayTags: Display: UGameplayTagsManager::DoneAddingNativeTags. DelegateIsBound: 0
[2018.08.11-13.30.18:127][  0]LogStats: UGameplayTagsManager::ConstructGameplayTagTree: Construct from data asset -  0.000 s
[2018.08.11-13.30.18:127][  0]LogStats: UGameplayTagsManager::ConstructGameplayTagTree: GameplayTagTreeChangedEvent.Broadcast -  0.000 s
[2018.08.11-13.30.19:144][  0]LogFileCache: Scanning file cache for directory 'C:/Users/mg-lenovo/Documents/GitHub/VogsAmIFree/Content/' took 0.02s
[2018.08.11-13.30.20:606][  0]SourceControl: Source control is disabled
[2018.08.11-13.30.20:607][  0]Cmd: MAP LOAD FILE="../../../../../../Users/mg-lenovo/Documents/GitHub/VogsAmIFree/Content/map/Maps/Tech_demo.umap" TEMPLATE=0 SHOWPROGRESS=1 FEATURELEVEL=3
[2018.08.11-13.30.20:607][  0]LightingResults: New page: Lighting Build
[2018.08.11-13.30.20:611][  0]MapCheck: New page: Map Check
[2018.08.11-13.30.20:611][  0]LightingResults: New page: Lighting Build
[2018.08.11-13.30.20:624][  0]LogUObjectGlobals: Destroyed PersistentFrame Addr=0x000001f3e3e6d5a0, Size=88
[2018.08.11-13.30.20:866][  0]LogUObjectGlobals: Created PersistentFrame Addr=0x000001f3c8aac7f0, Size=48, Default__Tech_demo_C Function /Game/map/Maps/Tech_demo.Tech_demo_C:ExecuteUbergraph_Tech_demo
[2018.08.11-13.30.20:869][  0]LogUObjectGlobals: Destroyed PersistentFrame Addr=0x000001f3c8aac7f0, Size=48
[2018.08.11-13.30.20:869][  0]LogUObjectGlobals: Created PersistentFrame Addr=0x000001f3c8aac7f0, Size=48, Default__Tech_demo_C Function /Engine/Transient.REINST_Tech_demo_C_6:ExecuteUbergraph_Tech_demo
[2018.08.11-13.30.20:871][  0]LogUObjectGlobals: Created PersistentFrame Addr=0x000001f3c8aacc10, Size=48, Default__Tech_demo_C Function /Game/map/Maps/Tech_demo.Tech_demo_C:ExecuteUbergraph_Tech_demo
[2018.08.11-13.30.33:544][  0]LogAIModule: Creating AISystem for world Tech_demo
[2018.08.11-13.30.33:558][  0]LogEditorServer: Finished looking for orphan Actors (0.000 secs)
[2018.08.11-13.30.33:572][  0]LogUObjectGlobals: Destroyed PersistentFrame Addr=0x000001f3c8aac7f0, Size=48
[2018.08.11-13.30.33:573][  0]Cmd: MAP CHECKDEP NOCLEARLOG
[2018.08.11-13.30.33:666][  0]MapCheck: Map check complete: 0 Error(s), 0 Warning(s), took 93,094ms to complete.
[2018.08.11-13.30.33:666][  0]LogFileHelpers: Loading map 'Tech_demo' took 13.060
[2018.08.11-13.30.34:433][  0]LogCollectionManager: Loaded 0 collections in 0.005990 seconds
[2018.08.11-13.30.34:481][  0]LogFileCache: Scanning file cache for directory 'C:/Users/mg-lenovo/Documents/GitHub/VogsAmIFree/Saved/Collections/' took 0.01s
[2018.08.11-13.30.34:481][  0]LogFileCache: Scanning file cache for directory 'C:/Users/mg-lenovo/Documents/GitHub/VogsAmIFree/Content/Developers/mglenovo/Collections/' took 0.01s
[2018.08.11-13.30.34:481][  0]LogFileCache: Scanning file cache for directory 'C:/Users/mg-lenovo/Documents/GitHub/VogsAmIFree/Content/Collections/' took 0.01s
[2018.08.11-13.30.34:481][  0]LogCollectionManager: Rebuilt the GUID cache for 0 collections in 0.000001 seconds
[2018.08.11-13.30.34:498][  0]LogContentBrowser: Native class hierarchy populated in 0.0166 seconds. Added 2452 classes and 558 folders.
[2018.08.11-13.30.34:507][  0]LogContentBrowser: Native class hierarchy updated for 'WidgetCarousel' in 0.0003 seconds. Added 0 classes and 0 folders.
[2018.08.11-13.30.36:922][  0]LogContentBrowser: Native class hierarchy updated for 'AddContentDialog' in 0.0003 seconds. Added 0 classes and 0 folders.
[2018.08.11-13.30.36:930][  0]LogContentBrowser: Native class hierarchy updated for 'SceneOutliner' in 0.0003 seconds. Added 1 classes and 2 folders.
[2018.08.11-13.30.37:103][  0]LogSlate: Took 0.087785 seconds to synchronously load lazily loaded font '../../../Engine/Content/Slate/Fonts/Roboto-Regular.ttf' (155K)
[2018.08.11-13.30.37:138][  0]LogSlate: Took 0.032986 seconds to synchronously load lazily loaded font '../../../Engine/Content/Slate/Fonts/Roboto-Bold.ttf' (160K)
[2018.08.11-13.30.37:173][  0]LogSlate: Took 0.027966 seconds to synchronously load lazily loaded font '../../../Engine/Content/Editor/Slate/Fonts/FontAwesome.ttf' (139K)
[2018.08.11-13.30.37:328][  0]LogRenderer: Reallocating scene render targets to support 876x484 Format 10 NumSamples 1 (Frame:1).
[2018.08.11-13.30.37:543][  0]LogContentBrowser: Native class hierarchy updated for 'HierarchicalLODOutliner' in 0.0003 seconds. Added 0 classes and 0 folders.
[2018.08.11-13.30.37:543][  0]LogLoad: (Engine Initialization) Total time: 142.58 seconds
[2018.08.11-13.30.37:543][  0]LogLoad: (Engine Initialization) Total Blueprint compile time: 0.00 seconds
[2018.08.11-13.30.37:912][  0]LogContentStreaming: Texture pool size now 1000 MB
[2018.08.11-13.30.38:092][  0]LogSlate: Took 0.122487 seconds to synchronously load lazily loaded font '../../../Engine/Content/Slate/Fonts/Roboto-Light.ttf' (167K)
[2018.08.11-13.30.38:889][  3]LogAssetRegistry: Asset discovery search completed in 89.6944 seconds
[2018.08.11-13.30.38:893][  3]LogCollectionManager: Rebuilt the object cache for 0 collections in 0.000000 seconds (found 0 objects)
[2018.08.11-13.30.38:893][  3]LogCollectionManager: Fixed up redirectors for 0 collections in 0.000109 seconds (updated 0 objects)
[2018.08.11-13.34.28:417][166]LogSlate: FSceneViewport::OnFocusLost() reason 0
[2018.08.11-13.35.31:339][347]LogSlate: Took 0.000299 seconds to synchronously load lazily loaded font '../../../Engine/Content/Slate/Fonts/Roboto-Light.ttf' (167K)
[2018.08.11-13.35.31:779][347]Cmd: OBJ SAVEPACKAGE PACKAGE="/Game/My_Bp/M_Basic_Wall" FILE="../../../../../../Users/mg-lenovo/Documents/GitHub/VogsAmIFree/Content/My_Bp/M_Basic_Wall.uasset" SILENT=true
[2018.08.11-13.35.31:889][347]LogSavePackage: Save=56.92ms
[2018.08.11-13.35.31:889][347]LogSavePackage: Moving '../../../../../../Users/mg-lenovo/Documents/GitHub/VogsAmIFree/Saved/M_Basic_Wall16C866AC4AFA6EEA99119BB90A571FBD.tmp' to '../../../../../../Users/mg-lenovo/Documents/GitHub/VogsAmIFree/Content/My_Bp/M_Basic_Wall.uasset'
[2018.08.11-13.35.31:904][347]LogSavePackage: Display: Finished SavePackage ../../../../../../Users/mg-lenovo/Documents/GitHub/VogsAmIFree/Content/My_Bp/M_Basic_Wall.uasset
[2018.08.11-13.35.31:964][347]LogSavePackage: Save=15.69ms
[2018.08.11-13.35.31:964][347]LogSavePackage: Moving '../../../../../../Users/mg-lenovo/Documents/GitHub/VogsAmIFree/Saved/M_Basic_Wall64AB89F9447303C2EB6085AA7009BAAF.tmp' to '../../../../../../Users/mg-lenovo/Documents/GitHub/VogsAmIFree/Content/StarterContent/Materials/M_Basic_Wall.uasset'
[2018.08.11-13.35.31:973][347]LogSavePackage: Display: Finished SavePackage ../../../../../../Users/mg-lenovo/Documents/GitHub/VogsAmIFree/Content/StarterContent/Materials/M_Basic_Wall.uasset
[2018.08.11-13.35.40:659][857]LogUObjectGlobals: Created PersistentFrame Addr=0x000001f383782700, Size=32, Default__Lights_C Function /Game/My_Bp/Lights.Lights_C:ExecuteUbergraph_Lights
[2018.08.11-13.35.40:663][857]LogUObjectGlobals: Destroyed PersistentFrame Addr=0x000001f383782700, Size=32
[2018.08.11-13.35.40:663][857]LogUObjectGlobals: Created PersistentFrame Addr=0x000001f383782700, Size=32, Default__Lights_C Function /Engine/Transient.REINST_Lights_C_8:ExecuteUbergraph_Lights
[2018.08.11-13.35.40:665][857]LogUObjectGlobals: Created PersistentFrame Addr=0x000001f3837819e0, Size=32, Default__Lights_C Function /Game/My_Bp/Lights.Lights_C:ExecuteUbergraph_Lights
[2018.08.11-13.35.43:430][ 14]LogMetaData: Removing '/Game/StarterContent/Materials/Lights.Lights:UserConstructionScript.K2Node_FunctionEntry_0' ref from Metadata '/Game/My_Bp/Lights.PackageMetaData'
[2018.08.11-13.35.43:430][ 14]LogMetaData: Removing '/Game/StarterContent/Materials/Lights.Lights_C' ref from Metadata '/Game/My_Bp/Lights.PackageMetaData'
[2018.08.11-13.35.43:430][ 14]LogMetaData: Removing '/Game/StarterContent/Materials/Lights.Lights:EventGraph.K2Node_Event_0' ref from Metadata '/Game/My_Bp/Lights.PackageMetaData'
[2018.08.11-13.35.43:430][ 14]LogMetaData: Removing '/Game/StarterContent/Materials/Lights.Lights:EventGraph.K2Node_Event_1' ref from Metadata '/Game/My_Bp/Lights.PackageMetaData'
[2018.08.11-13.35.43:430][ 14]LogMetaData: Removing '/Game/StarterContent/Materials/Lights.Lights:EventGraph.K2Node_Event_2' ref from Metadata '/Game/My_Bp/Lights.PackageMetaData'
[2018.08.11-13.35.43:430][ 14]LogMetaData: Removing '/Game/StarterContent/Materials/Lights.SKEL_Lights_C:ReceiveBeginPlay' ref from Metadata '/Game/My_Bp/Lights.PackageMetaData'
[2018.08.11-13.35.43:430][ 14]LogMetaData: Removing '/Game/StarterContent/Materials/Lights.SKEL_Lights_C:ReceiveActorBeginOverlap' ref from Metadata '/Game/My_Bp/Lights.PackageMetaData'
[2018.08.11-13.35.43:430][ 14]LogMetaData: Removing '/Game/StarterContent/Materials/Lights.SKEL_Lights_C:ReceiveTick' ref from Metadata '/Game/My_Bp/Lights.PackageMetaData'
[2018.08.11-13.35.43:430][ 14]LogMetaData: Removing '/Game/StarterContent/Materials/Lights.SKEL_Lights_C:DefaultSceneRoot' ref from Metadata '/Game/My_Bp/Lights.PackageMetaData'
[2018.08.11-13.35.43:430][ 14]LogMetaData: Removing '/Game/StarterContent/Materials/Lights.SKEL_Lights_C:box_ligt' ref from Metadata '/Game/My_Bp/Lights.PackageMetaData'
[2018.08.11-13.35.43:430][ 14]LogMetaData: Removing '/Game/StarterContent/Materials/Lights.SKEL_Lights_C:SpotLight' ref from Metadata '/Game/My_Bp/Lights.PackageMetaData'
[2018.08.11-13.35.43:430][ 14]LogMetaData: Removing '/Game/StarterContent/Materials/Lights.SKEL_Lights_C:UserConstructionScript' ref from Metadata '/Game/My_Bp/Lights.PackageMetaData'
[2018.08.11-13.35.43:430][ 14]LogMetaData: Removing '/Game/StarterContent/Materials/Lights.SKEL_Lights_C' ref from Metadata '/Game/My_Bp/Lights.PackageMetaData'
[2018.08.11-13.35.43:430][ 14]LogMetaData: Removing '/Game/StarterContent/Materials/Lights.Lights_C:DefaultSceneRoot' ref from Metadata '/Game/My_Bp/Lights.PackageMetaData'
[2018.08.11-13.35.43:430][ 14]LogMetaData: Removing '/Game/StarterContent/Materials/Lights.Lights_C:box_ligt' ref from Metadata '/Game/My_Bp/Lights.PackageMetaData'
[2018.08.11-13.35.43:430][ 14]LogMetaData: Removing '/Game/StarterContent/Materials/Lights.Lights_C:SpotLight' ref from Metadata '/Game/My_Bp/Lights.PackageMetaData'
[2018.08.11-13.35.43:430][ 14]LogMetaData: Removing '/Game/StarterContent/Materials/Lights.Lights_C:ReceiveActorBeginOverlap' ref from Metadata '/Game/My_Bp/Lights.PackageMetaData'
[2018.08.11-13.35.43:430][ 14]LogMetaData: Removing '/Game/StarterContent/Materials/Lights.Lights_C:UserConstructionScript' ref from Metadata '/Game/My_Bp/Lights.PackageMetaData'
[2018.08.11-13.35.43:430][ 14]LogMetaData: Removing '/Game/StarterContent/Materials/Lights.Lights_C:ExecuteUbergraph_Lights' ref from Metadata '/Game/My_Bp/Lights.PackageMetaData'
[2018.08.11-13.35.43:474][ 14]Cmd: OBJ SAVEPACKAGE PACKAGE="/Game/StarterContent/Materials/Lights" FILE="../../../../../../Users/mg-lenovo/Documents/GitHub/VogsAmIFree/Content/StarterContent/Materials/Lights.uasset" SILENT=true
[2018.08.11-13.35.43:584][ 14]LogSavePackage: Save=108.05ms
[2018.08.11-13.35.43:584][ 14]LogSavePackage: Moving '../../../../../../Users/mg-lenovo/Documents/GitHub/VogsAmIFree/Saved/Lights99AA825C487CC373214612AE34659CD2.tmp' to '../../../../../../Users/mg-lenovo/Documents/GitHub/VogsAmIFree/Content/StarterContent/Materials/Lights.uasset'
[2018.08.11-13.35.43:588][ 14]LogSavePackage: Display: Finished SavePackage ../../../../../../Users/mg-lenovo/Documents/GitHub/VogsAmIFree/Content/StarterContent/Materials/Lights.uasset
[2018.08.11-13.35.43:708][ 14]LogUObjectGlobals: Destroyed PersistentFrame Addr=0x000001f383782700, Size=32
[2018.08.11-13.35.47:269][210]LogUObjectGlobals: Created PersistentFrame Addr=0x000001f3f8484848, Size=4, Default__SKEL_Lights_C Function /Game/My_Bp/Lights.SKEL_Lights_C:ExecuteUbergraph_Lights
[2018.08.11-13.35.47:310][210]LogUObjectGlobals: Destroyed PersistentFrame Addr=0x000001f3f8484848, Size=4
[2018.08.11-13.35.47:310][210]LogUObjectGlobals: Created PersistentFrame Addr=0x000001f3f8484848, Size=4, Default__SKEL_Lights_C Function /Engine/Transient.REINST_SKEL_Lights_C_11:ExecuteUbergraph_Lights
[2018.08.11-13.35.47:312][210]LogUObjectGlobals: Created PersistentFrame Addr=0x000001f3f8486a28, Size=4, Default__SKEL_Lights_C Function /Game/My_Bp/Lights.SKEL_Lights_C:ExecuteUbergraph_Lights
[2018.08.11-13.35.47:314][210]LogUObjectGlobals: Created PersistentFrame Addr=0x000001f3837835c0, Size=32, Default__Lights_C Function /Game/My_Bp/Lights.Lights_C:ExecuteUbergraph_Lights
[2018.08.11-13.35.47:336][210]LogUObjectGlobals: Destroyed PersistentFrame Addr=0x000001f3f8486a28, Size=4
[2018.08.11-13.35.47:336][210]LogUObjectGlobals: Created PersistentFrame Addr=0x000001f3f8486a28, Size=4, Default__SKEL_Lights_C Function /Engine/Transient.REINST_SKEL_Lights_C_14:ExecuteUbergraph_Lights
[2018.08.11-13.35.47:341][210]LogUObjectGlobals: Destroyed PersistentFrame Addr=0x000001f3837835c0, Size=32
[2018.08.11-13.35.47:341][210]LogUObjectGlobals: Created PersistentFrame Addr=0x000001f3837835c0, Size=32, Default__Lights_C Function /Engine/Transient.REINST_Lights_C_16:ExecuteUbergraph_Lights
[2018.08.11-13.35.47:343][210]LogUObjectGlobals: Created PersistentFrame Addr=0x000001f3cdd5c520, Size=32, Default__Lights_C Function /Game/My_Bp/Lights.Lights_C:ExecuteUbergraph_Lights
[2018.08.11-13.35.53:830][589]LogUObjectGlobals: Destroyed PersistentFrame Addr=0x000001f3f8484848, Size=4
[2018.08.11-13.35.53:830][589]LogUObjectGlobals: Destroyed PersistentFrame Addr=0x000001f3f8486a28, Size=4
[2018.08.11-13.35.53:831][589]LogUObjectGlobals: Destroyed PersistentFrame Addr=0x000001f3837835c0, Size=32
[2018.08.11-13.35.55:340][589]LogSlate: Window 'Delete Assets' being destroyed
[2018.08.11-13.35.55:402][589]LogUObjectGlobals: Destroyed PersistentFrame Addr=0x000001f3cdd5c520, Size=32
[2018.08.11-13.36.22:380][202]LogMaterial: Missing cached shader map for material M_Basic_Wall_2, compiling. 
[2018.08.11-13.36.22:576][202]LogShaderCompilers: Display: Shaders left to compile 61
[2018.08.11-13.36.22:576][202]LogShaderCompilers: Display: Shaders left to compile 51
[2018.08.11-13.36.22:576][202]LogShaderCompilers: Display: Shaders left to compile 41
[2018.08.11-13.36.22:576][202]LogShaderCompilers: Display: Shaders left to compile 31
[2018.08.11-13.36.25:686][380]LogShaderCompilers: Display: Shaders left to compile 21
[2018.08.11-13.36.26:068][403]LogShaderCompilers: Display: Shaders left to compile 11
[2018.08.11-13.36.26:812][423]LogShaderCompilers: Display: Shaders left to compile 1
[2018.08.11-13.36.28:447][423]LogSlate: Window 'Save Content' being destroyed
[2018.08.11-13.36.39:288][926]LogSlate: Window 'Save Content' being destroyed
[2018.08.11-13.36.39:402][926]LogSlate: Window 'Am_i_Free - Unreal Editor' being destroyed
[2018.08.11-13.36.39:648][927]Cmd: QUIT_EDITOR
[2018.08.11-13.36.39:687][927]LogWindowsTextInputMethodSystem: Display: IME system now deactivated.
[2018.08.11-13.36.39:705][927]LogSlate: Slate User Destroyed.  User Index 0, Is Virtual User: 0
[2018.08.11-13.36.39:706][927]LogExit: Preparing to exit.
[2018.08.11-13.36.40:522][927]LogDirectoryWatcher: A directory notification for 'C:/Users/mg-lenovo/Documents/GitHub/VogsAmIFree/Content/' was aborted.
[2018.08.11-13.36.40:545][927]LogExit: Editor shut down
[2018.08.11-13.36.40:550][927]LogExit: Transaction tracking system shut down
[2018.08.11-13.36.40:550][927]LogUObjectGlobals: Destroyed PersistentFrame Addr=0x000001f3c8ae7b00, Size=80
[2018.08.11-13.36.40:552][927]LogUObjectGlobals: Destroyed PersistentFrame Addr=0x000001f3c8aacc10, Size=48
[2018.08.11-13.36.40:552][927]LogUObjectGlobals: Destroyed PersistentFrame Addr=0x000001f3837819e0, Size=32
[2018.08.11-13.36.40:760][927]LogDirectoryWatcher: A directory notification for '../../../Engine/Content/' was aborted.
[2018.08.11-13.36.40:760][927]LogDirectoryWatcher: A directory notification for '../../../../../../Users/mg-lenovo/Documents/GitHub/VogsAmIFree/Content/' was aborted.
[2018.08.11-13.36.40:760][927]LogDirectoryWatcher: A directory notification for '../../Plugins/2D/Paper2D/Content/' was aborted.
[2018.08.11-13.36.40:760][927]LogDirectoryWatcher: A directory notification for '../../Plugins/Enterprise/DatasmithContent/Content/' was aborted.
[2018.08.11-13.36.40:760][927]LogDirectoryWatcher: A directory notification for '../../Plugins/Media/MediaCompositing/Content/' was aborted.
[2018.08.11-13.36.40:760][927]LogDirectoryWatcher: A directory notification for '../../Plugins/Runtime/AppleARKit/Content/' was aborted.
[2018.08.11-13.36.40:760][927]LogDirectoryWatcher: A directory notification for '../../Plugins/Runtime/Oculus/OculusVR/Content/' was aborted.
[2018.08.11-13.36.40:760][927]LogDirectoryWatcher: A directory notification for '../../Plugins/Runtime/Steam/SteamVR/Content/' was aborted.
[2018.08.11-13.36.40:835][927]LogExit: Object subsystem successfully closed.
[2018.08.11-13.36.40:851][927]LogShaderCompilers: Display: Shaders left to compile 0
[2018.08.11-13.36.40:857][927]LogD3D11RHI: Shutdown
[2018.08.11-13.36.40:857][927]LogD3D11RHI: CleanupD3DDevice
[2018.08.11-13.36.40:861][927]LogD3D11RHI: ~FD3D11DynamicRHI
[2018.08.11-13.36.40:883][927]LogModuleManager: Shutting down and abandoning module HierarchicalLODOutliner (574)
[2018.08.11-13.36.40:883][927]LogModuleManager: Shutting down and abandoning module SceneOutliner (572)
[2018.08.11-13.36.40:883][927]LogModuleManager: Shutting down and abandoning module AddContentDialog (570)
[2018.08.11-13.36.40:883][927]LogDirectoryWatcher: A directory notification for 'C:/Program Files/Epic Games/UE_4.19/FeaturePacks/' was aborted.
[2018.08.11-13.36.40:883][927]LogDirectoryWatcher: A directory notification for 'C:/Program Files/Epic Games/UE_4.19/Enterprise/FeaturePacks/' was aborted.
[2018.08.11-13.36.40:885][927]LogModuleManager: Shutting down and abandoning module WidgetCarousel (569)
[2018.08.11-13.36.40:885][927]LogModuleManager: Shutting down and abandoning module EditorWidgets (566)
[2018.08.11-13.36.40:885][927]LogModuleManager: Shutting down and abandoning module CollectionManager (564)
[2018.08.11-13.36.40:885][927]LogDirectoryWatcher: A directory notification for 'C:/Users/mg-lenovo/Documents/GitHub/VogsAmIFree/Content/Collections/' was aborted.
[2018.08.11-13.36.40:885][927]LogDirectoryWatcher: A directory notification for 'C:/Users/mg-lenovo/Documents/GitHub/VogsAmIFree/Content/Developers/mglenovo/Collections/' was aborted.
[2018.08.11-13.36.40:885][927]LogDirectoryWatcher: A directory notification for 'C:/Users/mg-lenovo/Documents/GitHub/VogsAmIFree/Saved/Collections/' was aborted.
[2018.08.11-13.36.40:885][927]LogModuleManager: Shutting down and abandoning module StatsViewer (562)
[2018.08.11-13.36.40:885][927]LogModuleManager: Shutting down and abandoning module FoliageEdit (560)
[2018.08.11-13.36.40:885][927]LogModuleManager: Shutting down and abandoning module LandscapeEditor (558)
[2018.08.11-13.36.40:885][927]LogModuleManager: Shutting down and abandoning module MeshPaintMode (556)
[2018.08.11-13.36.40:885][927]LogModuleManager: Shutting down and abandoning module SceneDepthPickerMode (554)
[2018.08.11-13.36.40:885][927]LogModuleManager: Shutting down and abandoning module ActorPickerMode (552)
[2018.08.11-13.36.40:885][927]LogModuleManager: Shutting down and abandoning module GeometryMode (550)
[2018.08.11-13.36.40:885][927]LogModuleManager: Shutting down and abandoning module TextureAlignMode (548)
[2018.08.11-13.36.40:885][927]LogModuleManager: Shutting down and abandoning module BspMode (546)
[2018.08.11-13.36.40:885][927]LogModuleManager: Shutting down and abandoning module PIEPreviewDeviceProfileSelector (544)
[2018.08.11-13.36.40:885][927]LogModuleManager: Shutting down and abandoning module HardwareSurvey (542)
[2018.08.11-13.36.40:885][927]LogModuleManager: Shutting down and abandoning module SequenceRecorderSections (540)
[2018.08.11-13.36.40:885][927]LogModuleManager: Shutting down and abandoning module AutomationWorker (538)
[2018.08.11-13.36.40:885][927]LogModuleManager: Shutting down and abandoning module AudioCaptureEditor (536)
[2018.08.11-13.36.40:885][927]LogModuleManager: Shutting down and abandoning module SequenceRecorder (535)
[2018.08.11-13.36.40:885][927]LogModuleManager: Shutting down and abandoning module MatineeToLevelSequence (532)
[2018.08.11-13.36.40:885][927]LogModuleManager: Shutting down and abandoning module LevelSequenceEditor (530)
[2018.08.11-13.36.40:886][927]LogModuleManager: Shutting down and abandoning module PlacementMode (529)
[2018.08.11-13.36.40:886][927]LogModuleManager: Shutting down and abandoning module MaterialEditor (528)
[2018.08.11-13.36.40:886][927]LogModuleManager: Shutting down and abandoning module WmfMediaFactory (524)
[2018.08.11-13.36.40:886][927]LogModuleManager: Shutting down and abandoning module WmfMediaEditor (522)
[2018.08.11-13.36.40:886][927]LogModuleManager: Shutting down and abandoning module MediaPlayerEditor (520)
[2018.08.11-13.36.40:886][927]LogModuleManager: Shutting down and abandoning module OpenExrWrapper (518)
[2018.08.11-13.36.40:886][927]LogModuleManager: Shutting down and abandoning module ImgMediaFactory (516)
[2018.08.11-13.36.40:886][927]LogModuleManager: Shutting down and abandoning module ImgMediaEditor (514)
[2018.08.11-13.36.40:886][927]LogModuleManager: Shutting down and abandoning module AvfMediaFactory (512)
[2018.08.11-13.36.40:886][927]LogModuleManager: Shutting down and abandoning module AvfMediaEditor (510)
[2018.08.11-13.36.40:886][927]LogModuleManager: Shutting down and abandoning module AndroidMediaFactory (508)
[2018.08.11-13.36.40:886][927]LogModuleManager: Shutting down and abandoning module AndroidMediaEditor (506)
[2018.08.11-13.36.40:886][927]LogModuleManager: Shutting down and abandoning module CharacterAI (504)
[2018.08.11-13.36.40:886][927]LogModuleManager: Shutting down and abandoning module SmartSnapping (502)
[2018.08.11-13.36.40:886][927]LogModuleManager: Shutting down and abandoning module SessionServices (500)
[2018.08.11-13.36.40:886][927]LogModuleManager: Shutting down and abandoning module ViewportSnapping (498)
[2018.08.11-13.36.40:886][927]LogModuleManager: Shutting down and abandoning module ViewportInteraction (496)
[2018.08.11-13.36.40:886][927]LogModuleManager: Shutting down and abandoning module ClothPainter (494)
[2018.08.11-13.36.40:886][927]LogModuleManager: Shutting down and abandoning module SkeletalMeshEditor (493)
[2018.08.11-13.36.40:886][927]LogModuleManager: Shutting down and abandoning module LogVisualizer (490)
[2018.08.11-13.36.40:886][927]LogModuleManager: Shutting down and abandoning module IntroTutorials (488)
[2018.08.11-13.36.40:886][927]LogModuleManager: Shutting down and abandoning module GameProjectGeneration (487)
[2018.08.11-13.36.40:886][927]LogModuleManager: Shutting down and abandoning module IOSPlatformEditor (484)
[2018.08.11-13.36.40:886][927]LogModuleManager: Shutting down and abandoning module HTML5PlatformEditor (482)
[2018.08.11-13.36.40:886][927]LogModuleManager: Shutting down and abandoning module AndroidPlatformEditor (480)
[2018.08.11-13.36.40:886][927]LogModuleManager: Shutting down and abandoning module AndroidDeviceDetection (479)
[2018.08.11-13.36.41:349][927]LogModuleManager: Shutting down and abandoning module WindowsPlatformEditor (476)
[2018.08.11-13.36.41:349][927]LogModuleManager: Shutting down and abandoning module IOSRuntimeSettings (474)
[2018.08.11-13.36.41:349][927]LogModuleManager: Shutting down and abandoning module AndroidRuntimeSettings (472)
[2018.08.11-13.36.41:349][927]LogModuleManager: Shutting down and abandoning module InputBindingEditor (470)
[2018.08.11-13.36.41:349][927]LogModuleManager: Shutting down and abandoning module MergeActors (468)
[2018.08.11-13.36.41:349][927]LogModuleManager: Shutting down and abandoning module LocalizationDashboard (466)
[2018.08.11-13.36.41:349][927]LogModuleManager: Shutting down and abandoning module LocalizationService (465)
[2018.08.11-13.36.41:350][927]LogModuleManager: Shutting down and abandoning module HardwareTargeting (462)
[2018.08.11-13.36.41:350][927]LogModuleManager: Shutting down and abandoning module DeviceProfileEditor (460)
[2018.08.11-13.36.41:350][927]LogModuleManager: Shutting down and abandoning module UndoHistory (458)
[2018.08.11-13.36.41:350][927]LogModuleManager: Shutting down and abandoning module XmlParser (456)
[2018.08.11-13.36.41:350][927]LogModuleManager: Shutting down and abandoning module Blutility (454)
[2018.08.11-13.36.41:351][927]LogModuleManager: Shutting down and abandoning module ProjectSettingsViewer (452)
[2018.08.11-13.36.41:351][927]LogModuleManager: Shutting down and abandoning module ProjectTargetPlatformEditor (451)
[2018.08.11-13.36.41:351][927]LogModuleManager: Shutting down and abandoning module EditorSettingsViewer (448)
[2018.08.11-13.36.41:351][927]LogModuleManager: Shutting down and abandoning module SettingsEditor (446)
[2018.08.11-13.36.41:351][927]LogModuleManager: Shutting down and abandoning module ProjectLauncher (444)
[2018.08.11-13.36.41:351][927]LogModuleManager: Shutting down and abandoning module SessionFrontend (442)
[2018.08.11-13.36.41:351][927]LogModuleManager: Shutting down and abandoning module ProfilerClient (440)
[2018.08.11-13.36.41:351][927]LogModuleManager: Shutting down and abandoning module DeviceManager (438)
[2018.08.11-13.36.41:351][927]LogModuleManager: Shutting down and abandoning module TargetDeviceServices (437)
[2018.08.11-13.36.41:394][927]LogModuleManager: Shutting down and abandoning module AutomationController (434)
[2018.08.11-13.36.41:394][927]LogModuleManager: Shutting down and abandoning module AutomationWindow (432)
[2018.08.11-13.36.41:394][927]LogModuleManager: Shutting down and abandoning module Layers (430)
[2018.08.11-13.36.41:394][927]LogModuleManager: Shutting down and abandoning module ComponentVisualizers (428)
[2018.08.11-13.36.41:394][927]LogModuleManager: Shutting down and abandoning module DetailCustomizations (426)
[2018.08.11-13.36.41:394][927]LogModuleManager: Shutting down and abandoning module PackagesDialog (424)
[2018.08.11-13.36.41:395][927]LogModuleManager: Shutting down and abandoning module Persona (422)
[2018.08.11-13.36.41:395][927]LogModuleManager: Shutting down and abandoning module AdvancedPreviewScene (421)
[2018.08.11-13.36.41:395][927]LogModuleManager: Shutting down and abandoning module AnimGraph (419)
[2018.08.11-13.36.41:395][927]LogModuleManager: Shutting down and abandoning module Kismet (416)
[2018.08.11-13.36.41:395][927]LogModuleManager: Shutting down and abandoning module GraphEditor (414)
[2018.08.11-13.36.41:395][927]LogModuleManager: Shutting down and abandoning module ClassViewer (412)
[2018.08.11-13.36.41:395][927]LogModuleManager: Shutting down and abandoning module Toolbox (410)
[2018.08.11-13.36.41:396][927]LogModuleManager: Shutting down and abandoning module ModuleUI (408)
[2018.08.11-13.36.41:396][927]LogModuleManager: Shutting down and abandoning module MovieSceneTools (406)
[2018.08.11-13.36.41:396][927]LogModuleManager: Shutting down and abandoning module OutputLog (404)
[2018.08.11-13.36.41:396][927]LogModuleManager: Shutting down and abandoning module GammaUI (402)
[2018.08.11-13.36.41:396][927]LogModuleManager: Shutting down and abandoning module Documentation (400)
[2018.08.11-13.36.41:396][927]LogModuleManager: Shutting down and abandoning module MovieSceneTracks (398)
[2018.08.11-13.36.41:396][927]LogModuleManager: Shutting down and abandoning module MovieScene (396)
[2018.08.11-13.36.41:396][927]LogModuleManager: Shutting down and abandoning module StreamingPauseRendering (394)
[2018.08.11-13.36.41:396][927]LogModuleManager: Shutting down and abandoning module LauncherPlatform (392)
[2018.08.11-13.36.41:396][927]LogModuleManager: Shutting down and abandoning module AnalyticsET (390)
[2018.08.11-13.36.41:396][927]LogModuleManager: Shutting down and abandoning module PortalServices (388)
[2018.08.11-13.36.41:396][927]LogModuleManager: Shutting down and abandoning module PortalRpc (386)
[2018.08.11-13.36.41:396][927]LogModuleManager: Shutting down and abandoning module MessagingRpc (384)
[2018.08.11-13.36.41:396][927]LogModuleManager: Shutting down and abandoning module AIModule (382)
[2018.08.11-13.36.41:396][927]LogModuleManager: Shutting down and abandoning module GameplayDebugger (381)
[2018.08.11-13.36.41:396][927]LogModuleManager: Shutting down and abandoning module AITestSuite (379)
[2018.08.11-13.36.41:396][927]LogModuleManager: Shutting down and abandoning module DesktopPlatform (376)
[2018.08.11-13.36.41:396][927]LogModuleManager: Shutting down and abandoning module ProfilerService (374)
[2018.08.11-13.36.41:524][927]LogModuleManager: Shutting down and abandoning module TaskGraph (372)
[2018.08.11-13.36.41:524][927]LogModuleManager: Shutting down and abandoning module SteamVRController (370)
[2018.08.11-13.36.41:524][927]LogModuleManager: Shutting down and abandoning module ProceduralMeshComponentEditor (368)
[2018.08.11-13.36.41:524][927]LogModuleManager: Shutting down and abandoning module ProceduralMeshComponent (366)
[2018.08.11-13.36.41:524][927]LogModuleManager: Shutting down and abandoning module OculusInput (364)
[2018.08.11-13.36.41:524][927]LogModuleManager: Shutting down and abandoning module MobilePatchingUtils (362)
[2018.08.11-13.36.41:524][927]LogModuleManager: Shutting down and abandoning module CustomMeshComponent (360)
[2018.08.11-13.36.41:524][927]LogModuleManager: Shutting down and abandoning module CableComponent (358)
[2018.08.11-13.36.41:524][927]LogModuleManager: Shutting down and abandoning module AudioCapture (356)
[2018.08.11-13.36.41:524][927]LogModuleManager: Shutting down and abandoning module ArchVisCharacter (354)
[2018.08.11-13.36.41:525][927]LogModuleManager: Shutting down and abandoning module AndroidPermission (352)
[2018.08.11-13.36.41:525][927]LogModuleManager: Shutting down and abandoning module NUTUnrealEngine4 (348)
[2018.08.11-13.36.41:525][927]LogModuleManager: Shutting down and abandoning module NetcodeUnitTest (346)
[2018.08.11-13.36.41:525][927]LogModuleManager: Shutting down and abandoning module MediaCompositingEditor (344)
[2018.08.11-13.36.41:525][927]LogModuleManager: Shutting down and abandoning module MediaCompositing (342)
[2018.08.11-13.36.41:525][927]LogModuleManager: Shutting down and abandoning module LinearTimecode (340)
[2018.08.11-13.36.41:525][927]LogModuleManager: Shutting down and abandoning module ImgMedia (338)
[2018.08.11-13.36.41:529][927]LogModuleManager: Shutting down and abandoning module HTML5Networking (336)
[2018.08.11-13.36.41:529][927]LogModuleManager: Shutting down and abandoning module AlembicImporter (334)
[2018.08.11-13.36.41:529][927]LogModuleManager: Shutting down and abandoning module AlembicLibrary (333)
[2018.08.11-13.36.41:529][927]LogModuleManager: Shutting down and abandoning module GeometryCache (332)
[2018.08.11-13.36.41:529][927]LogModuleManager: Shutting down and abandoning module GeometryCacheEd (331)
[2018.08.11-13.36.41:529][927]LogModuleManager: Shutting down and abandoning module DatasmithContent (326)
[2018.08.11-13.36.41:529][927]LogModuleManager: Shutting down and abandoning module SpeedTreeImporter (324)
[2018.08.11-13.36.41:529][927]LogModuleManager: Shutting down and abandoning module PluginBrowser (322)
[2018.08.11-13.36.41:529][927]LogModuleManager: Shutting down and abandoning module MobileLauncherProfileWizard (320)
[2018.08.11-13.36.41:529][927]LogModuleManager: Shutting down and abandoning module CryptoKeysOpenSSL (318)
[2018.08.11-13.36.41:529][927]LogModuleManager: Shutting down and abandoning module CryptoKeys (316)
[2018.08.11-13.36.41:529][927]LogModuleManager: Shutting down and abandoning module VisualStudioSourceCodeAccess (314)
[2018.08.11-13.36.41:529][927]LogModuleManager: Shutting down and abandoning module VisualStudioCodeSourceCodeAccess (312)
[2018.08.11-13.36.41:529][927]LogModuleManager: Shutting down and abandoning module UObjectPlugin (310)
[2018.08.11-13.36.41:529][927]LogModuleManager: Shutting down and abandoning module SubversionSourceControl (308)
[2018.08.11-13.36.41:529][927]LogModuleManager: Shutting down and abandoning module PerforceSourceControl (306)
[2018.08.11-13.36.41:529][927]LogModuleManager: Shutting down and abandoning module GitSourceControl (304)
[2018.08.11-13.36.41:529][927]LogModuleManager: Shutting down and abandoning module SourceControl (303)
[2018.08.11-13.36.41:529][927]LogModuleManager: Shutting down and abandoning module CLionSourceCodeAccess (300)
[2018.08.11-13.36.41:529][927]LogModuleManager: Shutting down and abandoning module LightPropagationVolumeEditor (298)
[2018.08.11-13.36.41:529][927]LogModuleManager: Shutting down and abandoning module PaperTiledImporter (296)
[2018.08.11-13.36.41:529][927]LogModuleManager: Shutting down and abandoning module PaperSpriteSheetImporter (294)
[2018.08.11-13.36.41:529][927]LogModuleManager: Shutting down and abandoning module Paper2DEditor (292)
[2018.08.11-13.36.41:530][927]LogModuleManager: Shutting down and abandoning module MeshPaint (291)
[2018.08.11-13.36.41:530][927]LogModuleManager: Shutting down and abandoning module RuntimePhysXCooking (288)
[2018.08.11-13.36.41:530][927]LogModuleManager: Shutting down and abandoning module PhysXVehiclesEditor (286)
[2018.08.11-13.36.41:530][927]LogModuleManager: Shutting down and abandoning module PhysXVehicles (284)
[2018.08.11-13.36.41:530][927]LogModuleManager: Shutting down and abandoning module OculusEditor (282)
[2018.08.11-13.36.41:530][927]LogModuleManager: Shutting down and abandoning module LocationServicesBPLibrary (280)
[2018.08.11-13.36.41:530][927]LogModuleManager: Shutting down and abandoning module ImmediatePhysicsEditor (278)
[2018.08.11-13.36.41:530][927]LogModuleManager: Shutting down and abandoning module ImmediatePhysics (276)
[2018.08.11-13.36.41:530][927]LogModuleManager: Shutting down and abandoning module ActorSequence (274)
[2018.08.11-13.36.41:530][927]LogModuleManager: Shutting down and abandoning module UdpMessaging (272)
[2018.08.11-13.36.41:631][927]LogModuleManager: Shutting down and abandoning module TcpMessaging (270)
[2018.08.11-13.36.41:732][927]LogModuleManager: Shutting down and abandoning module GameplayTagsEditor (268)
[2018.08.11-13.36.41:732][927]LogModuleManager: Shutting down and abandoning module FacialAnimationEditor (266)
[2018.08.11-13.36.41:732][927]LogModuleManager: Shutting down and abandoning module FacialAnimation (264)
[2018.08.11-13.36.41:732][927]LogModuleManager: Shutting down and abandoning module DataValidation (262)
[2018.08.11-13.36.41:732][927]LogModuleManager: Shutting down and abandoning module AssetManagerEditor (260)
[2018.08.11-13.36.41:732][927]LogModuleManager: Shutting down and abandoning module LevelEditor (259)
[2018.08.11-13.36.41:735][927]LogModuleManager: Shutting down and abandoning module PixelInspectorModule (258)
[2018.08.11-13.36.41:735][927]LogModuleManager: Shutting down and abandoning module CommonMenuExtensions (256)
[2018.08.11-13.36.41:735][927]LogModuleManager: Shutting down and abandoning module MainFrame (254)
[2018.08.11-13.36.41:736][927]LogModuleManager: Shutting down and abandoning module HotReload (253)
[2018.08.11-13.36.41:737][927]LogModuleManager: Shutting down and abandoning module ContentBrowser (249)
[2018.08.11-13.36.41:740][927]LogModuleManager: Shutting down and abandoning module TreeMap (247)
[2018.08.11-13.36.41:740][927]LogModuleManager: Shutting down and abandoning module LightPropagationVolumeRuntime (244)
[2018.08.11-13.36.41:740][927]LogModuleManager: Shutting down and abandoning module LiveLinkEditor (242)
[2018.08.11-13.36.41:740][927]LogModuleManager: Shutting down and abandoning module LiveLink (240)
[2018.08.11-13.36.41:762][927]LogModuleManager: Shutting down and abandoning module Paper2D (238)
[2018.08.11-13.36.41:762][927]LogModuleManager: Shutting down and abandoning module WindowsMoviePlayer (236)
[2018.08.11-13.36.41:762][927]LogModuleManager: Shutting down and abandoning module WmfMedia (234)
[2018.08.11-13.36.41:765][927]LogModuleManager: Shutting down and abandoning module Media (233)
[2018.08.11-13.36.41:771][927]LogModuleManager: Shutting down and abandoning module PacketHandler (230)
[2018.08.11-13.36.41:772][927]LogModuleManager: Shutting down and abandoning module ClothingSystemEditor (228)
[2018.08.11-13.36.41:772][927]LogModuleManager: Shutting down and abandoning module ClothingSystemRuntime (226)
[2018.08.11-13.36.41:772][927]LogModuleManager: Shutting down and abandoning module MediaAssets (224)
[2018.08.11-13.36.41:772][927]LogModuleManager: Shutting down and abandoning module Overlay (222)
[2018.08.11-13.36.41:772][927]LogModuleManager: Shutting down and abandoning module OverlayEditor (221)
[2018.08.11-13.36.41:772][927]LogModuleManager: Shutting down and abandoning module VREditor (218)
[2018.08.11-13.36.41:772][927]LogModuleManager: Shutting down and abandoning module StringTableEditor (216)
[2018.08.11-13.36.41:772][927]LogModuleManager: Shutting down and abandoning module GameplayTasksEditor (214)
[2018.08.11-13.36.41:772][927]LogModuleManager: Shutting down and abandoning module BehaviorTreeEditor (212)
[2018.08.11-13.36.41:772][927]LogModuleManager: Shutting down and abandoning module FunctionalTesting (210)
[2018.08.11-13.36.41:772][927]LogModuleManager: Shutting down and abandoning module CollisionAnalyzer (208)
[2018.08.11-13.36.41:772][927]LogModuleManager: Shutting down and abandoning module WorkspaceMenuStructure (207)
[2018.08.11-13.36.41:772][927]LogModuleManager: Shutting down and abandoning module UMG (204)
[2018.08.11-13.36.41:772][927]LogModuleManager: Shutting down and abandoning module UMGEditor (203)
[2018.08.11-13.36.41:772][927]LogModuleManager: Shutting down and abandoning module Sequencer (202)
[2018.08.11-13.36.41:772][927]LogModuleManager: Shutting down and abandoning module MessageLog (199)
[2018.08.11-13.36.41:772][927]LogModuleManager: Shutting down and abandoning module SlateReflector (194)
[2018.08.11-13.36.41:773][927]LogModuleManager: Shutting down and abandoning module Slate (192)
[2018.08.11-13.36.41:773][927]LogModuleManager: Shutting down and abandoning module EditorStyle (190)
[2018.08.11-13.36.41:775][927]LogModuleManager: Shutting down and abandoning module MRMesh (188)
[2018.08.11-13.36.41:776][927]LogModuleManager: Shutting down and abandoning module SourceCodeAccess (186)
[2018.08.11-13.36.41:776][927]LogModuleManager: Shutting down and abandoning module HeadMountedDisplay (184)
[2018.08.11-13.36.41:776][927]LogModuleManager: Shutting down and abandoning module XAudio2 (182)
[2018.08.11-13.36.41:776][927]LogModuleManager: Shutting down and abandoning module Networking (180)
[2018.08.11-13.36.41:776][927]LogModuleManager: Shutting down and abandoning module Core (178)
[2018.08.11-13.36.41:776][927]LogModuleManager: Shutting down and abandoning module LevelSequence (176)
[2018.08.11-13.36.41:776][927]LogModuleManager: Shutting down and abandoning module KismetCompiler (174)
[2018.08.11-13.36.41:776][927]LogModuleManager: Shutting down and abandoning module MeshUtilities (172)
[2018.08.11-13.36.41:776][927]LogModuleManager: Shutting down and abandoning module MeshMergeUtilities (171)
[2018.08.11-13.36.41:776][927]LogModuleManager: Shutting down and abandoning module MeshReductionInterface (170)
[2018.08.11-13.36.41:776][927]LogModuleManager: Shutting down and abandoning module SimplygonSwarm (169)
[2018.08.11-13.36.41:776][927]LogModuleManager: Shutting down and abandoning module SimplygonMeshReduction (167)
[2018.08.11-13.36.41:776][927]LogModuleManager: Shutting down and abandoning module QuadricMeshReduction (165)
[2018.08.11-13.36.41:776][927]LogModuleManager: Shutting down and abandoning module MaterialBaking (161)
[2018.08.11-13.36.41:776][927]LogModuleManager: Shutting down and abandoning module DirectoryWatcher (157)
[2018.08.11-13.36.41:778][927]LogModuleManager: Shutting down and abandoning module DerivedDataCache (154)
[2018.08.11-13.36.41:875][927]LogDerivedDataCache: Shutdown
[2018.08.11-13.36.41:875][927]LogModuleManager: Shutting down and abandoning module XGEController (152)
[2018.08.11-13.36.41:875][927]LogXGEController: Cleaning working directory: C:/Users/mg-lenovo/AppData/Local/Temp/UnrealXGEWorkingDir/
[2018.08.11-13.36.41:876][927]LogModuleManager: Shutting down and abandoning module TargetPlatform (150)
[2018.08.11-13.36.41:876][927]LogModuleManager: Shutting down and abandoning module VulkanShaderFormat (149)
[2018.08.11-13.36.41:876][927]LogModuleManager: Shutting down and abandoning module ShaderFormatVectorVM (147)
[2018.08.11-13.36.41:876][927]LogModuleManager: Shutting down and abandoning module ShaderFormatOpenGL (145)
[2018.08.11-13.36.41:876][927]LogModuleManager: Shutting down and abandoning module ShaderFormatD3D (143)
[2018.08.11-13.36.41:876][927]LogModuleManager: Shutting down and abandoning module MetalShaderFormat (141)
[2018.08.11-13.36.41:876][927]LogModuleManager: Shutting down and abandoning module TextureFormatUncompressed (139)
[2018.08.11-13.36.41:876][927]LogModuleManager: Shutting down and abandoning module TextureFormatPVR (137)
[2018.08.11-13.36.41:876][927]LogModuleManager: Shutting down and abandoning module TextureFormatDXT (135)
[2018.08.11-13.36.41:876][927]LogModuleManager: Shutting down and abandoning module TextureFormatIntelISPCTexComp (133)
[2018.08.11-13.36.41:876][927]LogModuleManager: Shutting down and abandoning module TextureFormatASTC (131)
[2018.08.11-13.36.41:876][927]LogModuleManager: Shutting down and abandoning module ImageWrapper (130)
[2018.08.11-13.36.41:876][927]LogModuleManager: Shutting down and abandoning module TextureFormatAndroid (127)
[2018.08.11-13.36.41:876][927]LogModuleManager: Shutting down and abandoning module AudioFormatOpus (125)
[2018.08.11-13.36.41:876][927]LogModuleManager: Shutting down and abandoning module AudioFormatOgg (123)
[2018.08.11-13.36.41:876][927]LogModuleManager: Shutting down and abandoning module AudioFormatADPCM (121)
[2018.08.11-13.36.41:876][927]LogModuleManager: Shutting down and abandoning module LinuxTargetPlatform (119)
[2018.08.11-13.36.41:876][927]LogModuleManager: Shutting down and abandoning module LinuxServerTargetPlatform (117)
[2018.08.11-13.36.41:876][927]LogModuleManager: Shutting down and abandoning module LinuxNoEditorTargetPlatform (115)
[2018.08.11-13.36.41:876][927]LogModuleManager: Shutting down and abandoning module LinuxClientTargetPlatform (113)
[2018.08.11-13.36.41:876][927]LogModuleManager: Shutting down and abandoning module TVOSTargetPlatform (111)
[2018.08.11-13.36.41:876][927]LogModuleManager: Shutting down and abandoning module Messaging (109)
[2018.08.11-13.36.41:876][927]LogModuleManager: Shutting down and abandoning module IOSTargetPlatform (107)
[2018.08.11-13.36.41:876][927]LogModuleManager: Shutting down and abandoning module HTML5TargetPlatform (105)
[2018.08.11-13.36.41:876][927]LogModuleManager: Shutting down and abandoning module AndroidTargetPlatform (103)
[2018.08.11-13.36.41:876][927]LogModuleManager: Shutting down and abandoning module Android_PVRTCTargetPlatform (101)
[2018.08.11-13.36.41:876][927]LogModuleManager: Shutting down and abandoning module Android_MultiTargetPlatform (99)
[2018.08.11-13.36.41:876][927]LogModuleManager: Shutting down and abandoning module Android_ETC2TargetPlatform (97)
[2018.08.11-13.36.41:876][927]LogModuleManager: Shutting down and abandoning module Android_ETC1TargetPlatform (95)
[2018.08.11-13.36.41:876][927]LogModuleManager: Shutting down and abandoning module Android_ETC1aTargetPlatform (93)
[2018.08.11-13.36.41:876][927]LogModuleManager: Shutting down and abandoning module Android_DXTTargetPlatform (91)
[2018.08.11-13.36.41:876][927]LogModuleManager: Shutting down and abandoning module Android_ATCTargetPlatform (89)
[2018.08.11-13.36.41:876][927]LogModuleManager: Shutting down and abandoning module Android_ASTCTargetPlatform (87)
[2018.08.11-13.36.41:876][927]LogModuleManager: Shutting down and abandoning module WindowsTargetPlatform (85)
[2018.08.11-13.36.41:876][927]LogModuleManager: Shutting down and abandoning module WindowsServerTargetPlatform (83)
[2018.08.11-13.36.41:876][927]LogModuleManager: Shutting down and abandoning module WindowsNoEditorTargetPlatform (81)
[2018.08.11-13.36.41:876][927]LogModuleManager: Shutting down and abandoning module WindowsClientTargetPlatform (79)
[2018.08.11-13.36.41:876][927]LogModuleManager: Shutting down and abandoning module MacTargetPlatform (77)
[2018.08.11-13.36.41:876][927]LogModuleManager: Shutting down and abandoning module MacServerTargetPlatform (75)
[2018.08.11-13.36.41:876][927]LogModuleManager: Shutting down and abandoning module MacNoEditorTargetPlatform (73)
[2018.08.11-13.36.41:876][927]LogModuleManager: Shutting down and abandoning module MacClientTargetPlatform (71)
[2018.08.11-13.36.41:876][927]LogModuleManager: Shutting down and abandoning module AllDesktopTargetPlatform (69)
[2018.08.11-13.36.41:877][927]LogModuleManager: Shutting down and abandoning module InputCore (66)
[2018.08.11-13.36.41:877][927]LogModuleManager: Shutting down and abandoning module Settings (64)
[2018.08.11-13.36.41:877][927]LogModuleManager: Shutting down and abandoning module PhysXCooking (62)
[2018.08.11-13.36.41:877][927]LogModuleManager: Shutting down and abandoning module SteamVR (60)
[2018.08.11-13.36.41:877][927]LogModuleManager: Shutting down and abandoning module OculusHMD (58)
[2018.08.11-13.36.41:877][927]LogModuleManager: Shutting down and abandoning module ExampleDeviceProfileSelector (56)
[2018.08.11-13.36.41:877][927]LogModuleManager: Shutting down and abandoning module AppleARKit (54)
[2018.08.11-13.36.41:877][927]LogModuleManager: Shutting down and abandoning module AugmentedReality (51)
[2018.08.11-13.36.41:877][927]LogModuleManager: Shutting down and abandoning module OnlineBlueprintSupport (48)
[2018.08.11-13.36.41:877][927]LogModuleManager: Shutting down and abandoning module OnlineSubsystem (44)
[2018.08.11-13.36.41:877][927]LogModuleManager: Shutting down and abandoning module XMPP (43)
[2018.08.11-13.36.41:877][927]LogModuleManager: Shutting down and abandoning module HTTP (41)
[2018.08.11-13.36.41:877][927]LogHttp: Display: Http module shutting down, but needs to wait on 1 outstanding Http requests:
[2018.08.11-13.36.41:877][927]LogHttp: Display: 	verb=[POST] url=[https://datarouter.ol.epicgames.com/datarouter/api/v1/public/data?SessionID=%7B32FB7699-4E8F-E50A-6F62-3BAF17A197C3%7D&AppID=UEEditor.Rocket.Release&AppVersion=4.19.2-4033788%2B%2B%2BUE4%2BRelease-4.19&UserID=ed59b89a4ffbc480e0ffa6a12f01c482%7Ccc3f9436d5ef46eab972a81d170eca09%7C5e1261bc-e315-43b7-9a6f-becd74040f3c&AppEnvironment=datacollector-binary&UploadType=eteventstream] status=Processing
[2018.08.11-13.36.41:895][927]LogModuleManager: Shutting down and abandoning module SSL (40)
[2018.08.11-13.36.41:897][927]LogModuleManager: Shutting down and abandoning module AnimationModifiers (36)
[2018.08.11-13.36.41:897][927]LogModuleManager: Shutting down and abandoning module PropertyEditor (35)
[2018.08.11-13.36.41:897][927]LogModuleManager: Shutting down and abandoning module AudioEditor (32)
[2018.08.11-13.36.41:897][927]LogModuleManager: Shutting down and abandoning module TextureCompressor (30)
[2018.08.11-13.36.41:897][927]LogModuleManager: Shutting down and abandoning module ShaderCore (28)
[2018.08.11-13.36.41:897][927]LogModuleManager: Shutting down and abandoning module Landscape (26)
[2018.08.11-13.36.41:897][927]LogModuleManager: Shutting down and abandoning module SlateRHIRenderer (24)
[2018.08.11-13.36.41:898][927]LogModuleManager: Shutting down and abandoning module OpenGLDrv (22)
[2018.08.11-13.36.41:898][927]LogModuleManager: Shutting down and abandoning module D3D11RHI (20)
[2018.08.11-13.36.41:898][927]LogModuleManager: Shutting down and abandoning module AnimGraphRuntime (18)
[2018.08.11-13.36.41:898][927]LogModuleManager: Shutting down and abandoning module Renderer (16)
[2018.08.11-13.36.41:898][927]LogModuleManager: Shutting down and abandoning module Engine (14)
[2018.08.11-13.36.41:898][927]LogModuleManager: Shutting down and abandoning module CoreUObject (12)
[2018.08.11-13.36.41:898][927]LogModuleManager: Shutting down and abandoning module NetworkFile (10)
[2018.08.11-13.36.41:898][927]LogModuleManager: Shutting down and abandoning module CookedIterativeFile (8)
[2018.08.11-13.36.41:898][927]LogModuleManager: Shutting down and abandoning module StreamingFile (6)
[2018.08.11-13.36.41:898][927]LogModuleManager: Shutting down and abandoning module SandboxFile (4)
[2018.08.11-13.36.41:898][927]LogModuleManager: Shutting down and abandoning module PakFile (2)
[2018.08.11-13.36.41:906][927]LogExit: Exiting.
[2018.08.11-13.36.41:927][927]Log file closed, 08/11/18 16:36:41
