Log file open, 08/28/18 16:04:49
LogWindows: Failed to load 'aqProf.dll' (GetLastError=126)
LogWindows: File 'aqProf.dll' does not exist
LogWindows: Failed to load 'VtuneApi.dll' (GetLastError=126)
LogWindows: File 'VtuneApi.dll' does not exist
LogWindows: Failed to load 'VtuneApi32e.dll' (GetLastError=126)
LogWindows: File 'VtuneApi32e.dll' does not exist
LogInit: Display: Running engine for game: Am_i_Free
LogPlatformFile: Not using cached read wrapper
LogInit: Display: RandInit(1717114057) SRandInit(1717114057).
LogInit: Read version file with build ID '3944462'
LogInit: Overriding engine version to CL 4033788, compatible CL 3944462
LogInit: Registered custom module enumerator with build ID '3944462'
LogTaskGraph: Started task graph with 5 named threads and 23 total threads with 3 sets of task threads.
LogStats: Stats thread started at 0.436064
LogD3D11RHI: Aftermath initialized
LogICUInternationalization: Display: ICU TimeZone Detection - Raw Offset: +2:00, Platform Override: ''
LogModuleManager: Display: Found up-to-date module file ../../../Engine/Plugins/Marketplace/Substance/Binaries/Win64/UE4Editor-SubstanceCore.dll (API version 3944462).
LogModuleManager: Display: Found up-to-date module file ../../../Engine/Plugins/Marketplace/Substance/Binaries/Win64/UE4Editor-SubstanceEditor.dll (API version 3944462).
LogModuleManager: Display: Found up-to-date module file ../../../Engine/Plugins/Marketplace/Substance/Binaries/Win64/UE4Editor-SubstanceSource.dll (API version 3944462).
LogModuleManager: Display: Found up-to-date module file ../../../Engine/Plugins/Marketplace/Substance/Binaries/Win64/UE4Editor-SubstanceLiveLink.dll (API version 3944462).
LogModuleManager: Display: Found up-to-date module file ../../../Engine/Plugins/2D/Paper2D/Binaries/Win64/UE4Editor-Paper2D.dll (API version 3944462).
LogModuleManager: Display: Found up-to-date module file ../../../Engine/Plugins/2D/Paper2D/Binaries/Win64/UE4Editor-Paper2DEditor.dll (API version 3944462).
LogModuleManager: Display: Found up-to-date module file ../../../Engine/Plugins/2D/Paper2D/Binaries/Win64/UE4Editor-PaperSpriteSheetImporter.dll (API version 3944462).
LogModuleManager: Display: Found up-to-date module file ../../../Engine/Plugins/2D/Paper2D/Binaries/Win64/UE4Editor-PaperTiledImporter.dll (API version 3944462).
LogModuleManager: Display: Found up-to-date module file ../../../Engine/Plugins/2D/Paper2D/Binaries/Win64/UE4Editor-SmartSnapping.dll (API version 3944462).
LogModuleManager: Display: Found up-to-date module file ../../../Engine/Plugins/Blendables/LightPropagationVolume/Binaries/Win64/UE4Editor-LightPropagationVolumeRuntime.dll (API version 3944462).
LogModuleManager: Display: Found up-to-date module file ../../../Engine/Plugins/Blendables/LightPropagationVolume/Binaries/Win64/UE4Editor-LightPropagationVolumeEditor.dll (API version 3944462).
LogModuleManager: Display: Found up-to-date module file ../../../Engine/Plugins/Developer/CLionSourceCodeAccess/Binaries/Win64/UE4Editor-CLionSourceCodeAccess.dll (API version 3944462).
LogModuleManager: Display: Found up-to-date module file ../../../Engine/Plugins/Developer/GitSourceControl/Binaries/Win64/UE4Editor-GitSourceControl.dll (API version 3944462).
LogModuleManager: Display: Found up-to-date module file ../../../Engine/Plugins/Developer/PerforceSourceControl/Binaries/Win64/UE4Editor-PerforceSourceControl.dll (API version 3944462).
LogModuleManager: Display: Found up-to-date module file ../../../Engine/Plugins/Developer/SubversionSourceControl/Binaries/Win64/UE4Editor-SubversionSourceControl.dll (API version 3944462).
LogModuleManager: Display: Found up-to-date module file ../../../Engine/Plugins/Developer/UObjectPlugin/Binaries/Win64/UE4Editor-UObjectPlugin.dll (API version 3944462).
LogModuleManager: Display: Found up-to-date module file ../../../Engine/Plugins/Developer/VisualStudioCodeSourceCodeAccess/Binaries/Win64/UE4Editor-VisualStudioCodeSourceCodeAccess.dll (API version 3944462).
LogModuleManager: Display: Found up-to-date module file ../../../Engine/Plugins/Developer/VisualStudioSourceCodeAccess/Binaries/Win64/UE4Editor-VisualStudioSourceCodeAccess.dll (API version 3944462).
LogModuleManager: Display: Found up-to-date module file ../../../Engine/Plugins/Editor/AssetManagerEditor/Binaries/Win64/UE4Editor-AssetManagerEditor.dll (API version 3944462).
LogModuleManager: Display: Found up-to-date module file ../../../Engine/Plugins/Editor/CryptoKeys/Binaries/Win64/UE4Editor-CryptoKeys.dll (API version 3944462).
LogModuleManager: Display: Found up-to-date module file ../../../Engine/Plugins/Editor/CryptoKeys/Binaries/Win64/UE4Editor-CryptoKeysOpenSSL.dll (API version 3944462).
LogModuleManager: Display: Found up-to-date module file ../../../Engine/Plugins/Editor/DataValidation/Binaries/Win64/UE4Editor-DataValidation.dll (API version 3944462).
LogModuleManager: Display: Found up-to-date module file ../../../Engine/Plugins/Editor/FacialAnimation/Binaries/Win64/UE4Editor-FacialAnimation.dll (API version 3944462).
LogModuleManager: Display: Found up-to-date module file ../../../Engine/Plugins/Editor/FacialAnimation/Binaries/Win64/UE4Editor-FacialAnimationEditor.dll (API version 3944462).
LogModuleManager: Display: Found up-to-date module file ../../../Engine/Plugins/Editor/GameplayTagsEditor/Binaries/Win64/UE4Editor-GameplayTagsEditor.dll (API version 3944462).
LogModuleManager: Display: Found up-to-date module file ../../../Engine/Plugins/Editor/MobileLauncherProfileWizard/Binaries/Win64/UE4Editor-MobileLauncherProfileWizard.dll (API version 3944462).
LogModuleManager: Display: Found up-to-date module file ../../../Engine/Plugins/Editor/PluginBrowser/Binaries/Win64/UE4Editor-PluginBrowser.dll (API version 3944462).
LogModuleManager: Display: Found up-to-date module file ../../../Engine/Plugins/Editor/SpeedTreeImporter/Binaries/Win64/UE4Editor-SpeedTreeImporter.dll (API version 3944462).
LogModuleManager: Display: Found up-to-date module file ../../../Engine/Plugins/Enterprise/DatasmithContent/Binaries/Win64/UE4Editor-DatasmithContent.dll (API version 3944462).
LogModuleManager: Display: Found up-to-date module file ../../../Engine/Plugins/Experimental/AlembicImporter/Binaries/Win64/UE4Editor-AlembicImporter.dll (API version 3944462).
LogModuleManager: Display: Found up-to-date module file ../../../Engine/Plugins/Experimental/AlembicImporter/Binaries/Win64/UE4Editor-AlembicLibrary.dll (API version 3944462).
LogModuleManager: Display: Found up-to-date module file ../../../Engine/Plugins/Experimental/CharacterAI/Binaries/Win64/UE4Editor-CharacterAI.dll (API version 3944462).
LogModuleManager: Display: Found up-to-date module file ../../../Engine/Plugins/Experimental/HTML5Networking/Binaries/Win64/UE4Editor-HTML5Networking.dll (API version 3944462).
LogModuleManager: Display: Found up-to-date module file ../../../Engine/Plugins/Media/AndroidMedia/Binaries/Win64/UE4Editor-AndroidMediaEditor.dll (API version 3944462).
LogModuleManager: Display: Found up-to-date module file ../../../Engine/Plugins/Media/AndroidMedia/Binaries/Win64/UE4Editor-AndroidMediaFactory.dll (API version 3944462).
LogModuleManager: Display: Found up-to-date module file ../../../Engine/Plugins/Media/AvfMedia/Binaries/Win64/UE4Editor-AvfMediaEditor.dll (API version 3944462).
LogModuleManager: Display: Found up-to-date module file ../../../Engine/Plugins/Media/AvfMedia/Binaries/Win64/UE4Editor-AvfMediaFactory.dll (API version 3944462).
LogModuleManager: Display: Found up-to-date module file ../../../Engine/Plugins/Media/AvfMedia/Binaries/Win64/UE4Editor-AvfMediaFactory.dll (API version 3944462).
LogModuleManager: Display: Found up-to-date module file ../../../Engine/Plugins/Media/ImgMedia/Binaries/Win64/UE4Editor-ImgMedia.dll (API version 3944462).
LogModuleManager: Display: Found up-to-date module file ../../../Engine/Plugins/Media/ImgMedia/Binaries/Win64/UE4Editor-ImgMediaEditor.dll (API version 3944462).
LogModuleManager: Display: Found up-to-date module file ../../../Engine/Plugins/Media/ImgMedia/Binaries/Win64/UE4Editor-ImgMediaFactory.dll (API version 3944462).
LogModuleManager: Display: Found up-to-date module file ../../../Engine/Plugins/Media/ImgMedia/Binaries/Win64/UE4Editor-ImgMediaFactory.dll (API version 3944462).
LogModuleManager: Display: Found up-to-date module file ../../../Engine/Plugins/Media/ImgMedia/Binaries/Win64/UE4Editor-OpenExrWrapper.dll (API version 3944462).
LogModuleManager: Display: Found up-to-date module file ../../../Engine/Plugins/Media/LinearTimecode/Binaries/Win64/UE4Editor-LinearTimecode.dll (API version 3944462).
LogModuleManager: Display: Found up-to-date module file ../../../Engine/Plugins/Media/MediaCompositing/Binaries/Win64/UE4Editor-MediaCompositing.dll (API version 3944462).
LogModuleManager: Display: Found up-to-date module file ../../../Engine/Plugins/Media/MediaCompositing/Binaries/Win64/UE4Editor-MediaCompositingEditor.dll (API version 3944462).
LogModuleManager: Display: Found up-to-date module file ../../../Engine/Plugins/Media/MediaPlayerEditor/Binaries/Win64/UE4Editor-MediaPlayerEditor.dll (API version 3944462).
LogModuleManager: Display: Found up-to-date module file ../../../Engine/Plugins/Media/WmfMedia/Binaries/Win64/UE4Editor-WmfMedia.dll (API version 3944462).
LogModuleManager: Display: Found up-to-date module file ../../../Engine/Plugins/Media/WmfMedia/Binaries/Win64/UE4Editor-WmfMediaEditor.dll (API version 3944462).
LogModuleManager: Display: Found up-to-date module file ../../../Engine/Plugins/Media/WmfMedia/Binaries/Win64/UE4Editor-WmfMediaFactory.dll (API version 3944462).
LogModuleManager: Display: Found up-to-date module file ../../../Engine/Plugins/Media/WmfMedia/Binaries/Win64/UE4Editor-WmfMediaFactory.dll (API version 3944462).
LogModuleManager: Display: Found up-to-date module file ../../../Engine/Plugins/Messaging/TcpMessaging/Binaries/Win64/UE4Editor-TcpMessaging.dll (API version 3944462).
LogModuleManager: Display: Found up-to-date module file ../../../Engine/Plugins/Messaging/UdpMessaging/Binaries/Win64/UE4Editor-UdpMessaging.dll (API version 3944462).
LogModuleManager: Display: Found up-to-date module file ../../../Engine/Plugins/MovieScene/ActorSequence/Binaries/Win64/UE4Editor-ActorSequence.dll (API version 3944462).
LogModuleManager: Display: Found up-to-date module file ../../../Engine/Plugins/MovieScene/LevelSequenceEditor/Binaries/Win64/UE4Editor-LevelSequenceEditor.dll (API version 3944462).
LogModuleManager: Display: Found up-to-date module file ../../../Engine/Plugins/MovieScene/MatineeToLevelSequence/Binaries/Win64/UE4Editor-MatineeToLevelSequence.dll (API version 3944462).
LogModuleManager: Display: Found up-to-date module file ../../../Engine/Plugins/NetcodeUnitTest/NetcodeUnitTest/Binaries/Win64/UE4Editor-NetcodeUnitTest.dll (API version 3944462).
LogModuleManager: Display: Found up-to-date module file ../../../Engine/Plugins/NetcodeUnitTest/NUTUnrealEngine4/Binaries/Win64/UE4Editor-NUTUnrealEngine4.dll (API version 3944462).
LogModuleManager: Display: Found up-to-date module file ../../../Engine/Plugins/Online/OnlineSubsystem/Binaries/Win64/UE4Editor-OnlineSubsystem.dll (API version 3944462).
LogModuleManager: Display: Found up-to-date module file ../../../Engine/Plugins/Runtime/AndroidPermission/Binaries/Win64/UE4Editor-AndroidPermission.dll (API version 3944462).
LogModuleManager: Display: Found up-to-date module file ../../../Engine/Plugins/Online/OnlineSubsystemNull/Binaries/Win64/UE4Editor-OnlineSubsystemNull.dll (API version 3944462).
LogModuleManager: Display: Found up-to-date module file ../../../Engine/Plugins/Online/OnlineSubsystemUtils/Binaries/Win64/UE4Editor-OnlineSubsystemUtils.dll (API version 3944462).
LogModuleManager: Display: Found up-to-date module file ../../../Engine/Plugins/Online/OnlineSubsystemUtils/Binaries/Win64/UE4Editor-OnlineBlueprintSupport.dll (API version 3944462).
LogModuleManager: Display: Found up-to-date module file ../../../Engine/Plugins/Runtime/AndroidDeviceProfileSelector/Binaries/Win64/UE4Editor-AndroidDeviceProfileSelector.dll (API version 3944462).
LogModuleManager: Display: Found up-to-date module file ../../../Engine/Plugins/Runtime/AppleARKit/Binaries/Win64/UE4Editor-AppleARKit.dll (API version 3944462).
LogModuleManager: Display: Found up-to-date module file ../../../Engine/Plugins/Runtime/ProceduralMeshComponent/Binaries/Win64/UE4Editor-ProceduralMeshComponent.dll (API version 3944462).
LogModuleManager: Display: Found up-to-date module file ../../../Engine/Plugins/Runtime/ProceduralMeshComponent/Binaries/Win64/UE4Editor-ProceduralMeshComponentEditor.dll (API version 3944462).
LogModuleManager: Display: Found up-to-date module file ../../../Engine/Plugins/Animation/LiveLink/Binaries/Win64/UE4Editor-LiveLink.dll (API version 3944462).
LogModuleManager: Display: Found up-to-date module file ../../../Engine/Plugins/Animation/LiveLink/Binaries/Win64/UE4Editor-LiveLinkEditor.dll (API version 3944462).
LogModuleManager: Display: Found up-to-date module file ../../../Engine/Plugins/Runtime/ArchVisCharacter/Binaries/Win64/UE4Editor-ArchVisCharacter.dll (API version 3944462).
LogModuleManager: Display: Found up-to-date module file ../../../Engine/Plugins/Runtime/AudioCapture/Binaries/Win64/UE4Editor-AudioCapture.dll (API version 3944462).
LogModuleManager: Display: Found up-to-date module file ../../../Engine/Plugins/Runtime/AudioCapture/Binaries/Win64/UE4Editor-AudioCaptureEditor.dll (API version 3944462).
LogModuleManager: Display: Found up-to-date module file ../../../Engine/Plugins/Runtime/CableComponent/Binaries/Win64/UE4Editor-CableComponent.dll (API version 3944462).
LogModuleManager: Display: Found up-to-date module file ../../../Engine/Plugins/Runtime/CustomMeshComponent/Binaries/Win64/UE4Editor-CustomMeshComponent.dll (API version 3944462).
LogModuleManager: Display: Found up-to-date module file ../../../Engine/Plugins/Runtime/ExampleDeviceProfileSelector/Binaries/Win64/UE4Editor-ExampleDeviceProfileSelector.dll (API version 3944462).
LogModuleManager: Display: Found up-to-date module file ../../../Engine/Plugins/Runtime/ImmediatePhysics/Binaries/Win64/UE4Editor-ImmediatePhysics.dll (API version 3944462).
LogModuleManager: Display: Found up-to-date module file ../../../Engine/Plugins/Runtime/ImmediatePhysics/Binaries/Win64/UE4Editor-ImmediatePhysicsEditor.dll (API version 3944462).
LogModuleManager: Display: Found up-to-date module file ../../../Engine/Plugins/Runtime/LocationServicesBPLibrary/Binaries/Win64/UE4Editor-LocationServicesBPLibrary.dll (API version 3944462).
LogModuleManager: Display: Found up-to-date module file ../../../Engine/Plugins/Runtime/MobilePatchingUtils/Binaries/Win64/UE4Editor-MobilePatchingUtils.dll (API version 3944462).
LogModuleManager: Display: Found up-to-date module file ../../../Engine/Plugins/Runtime/Oculus/OculusVR/Binaries/Win64/UE4Editor-OculusHMD.dll (API version 3944462).
LogModuleManager: Display: Found up-to-date module file ../../../Engine/Plugins/Runtime/Oculus/OculusVR/Binaries/Win64/UE4Editor-OculusInput.dll (API version 3944462).
LogModuleManager: Display: Found up-to-date module file ../../../Engine/Plugins/Runtime/Oculus/OculusVR/Binaries/Win64/UE4Editor-OculusEditor.dll (API version 3944462).
LogModuleManager: Display: Found up-to-date module file ../../../Engine/Plugins/Runtime/PhysXVehicles/Binaries/Win64/UE4Editor-PhysXVehicles.dll (API version 3944462).
LogModuleManager: Display: Found up-to-date module file ../../../Engine/Plugins/Runtime/PhysXVehicles/Binaries/Win64/UE4Editor-PhysXVehiclesEditor.dll (API version 3944462).
LogModuleManager: Display: Found up-to-date module file ../../../Engine/Plugins/Runtime/RuntimePhysXCooking/Binaries/Win64/UE4Editor-RuntimePhysXCooking.dll (API version 3944462).
LogModuleManager: Display: Found up-to-date module file ../../../Engine/Plugins/Runtime/Steam/SteamVR/Binaries/Win64/UE4Editor-SteamVR.dll (API version 3944462).
LogModuleManager: Display: Found up-to-date module file ../../../Engine/Plugins/Runtime/Steam/SteamVR/Binaries/Win64/UE4Editor-SteamVRController.dll (API version 3944462).
LogModuleManager: Display: Found up-to-date module file ../../../Engine/Plugins/Runtime/WindowsMoviePlayer/Binaries/Win64/UE4Editor-WindowsMoviePlayer.dll (API version 3944462).
LogPluginManager: Mounting plugin Paper2D
LogPluginManager: Mounting plugin LiveLink
LogPluginManager: Mounting plugin LightPropagationVolume
LogPluginManager: Mounting plugin CLionSourceCodeAccess
LogPluginManager: Mounting plugin CodeLiteSourceCodeAccess
LogPluginManager: Mounting plugin GitSourceControl
LogPluginManager: Mounting plugin KDevelopSourceCodeAccess
LogPluginManager: Mounting plugin NullSourceCodeAccess
LogPluginManager: Mounting plugin PerforceSourceControl
LogPluginManager: Mounting plugin SubversionSourceControl
LogPluginManager: Mounting plugin UObjectPlugin
LogPluginManager: Mounting plugin VisualStudioCodeSourceCodeAccess
LogPluginManager: Mounting plugin VisualStudioSourceCodeAccess
LogPluginManager: Mounting plugin XCodeSourceCodeAccess
LogPluginManager: Mounting plugin AssetManagerEditor
LogPluginManager: Mounting plugin CryptoKeys
LogPluginManager: Mounting plugin DataValidation
LogPluginManager: Mounting plugin FacialAnimation
LogPluginManager: Mounting plugin GameplayTagsEditor
LogPluginManager: Mounting plugin MobileLauncherProfileWizard
LogPluginManager: Mounting plugin PluginBrowser
LogPluginManager: Mounting plugin SpeedTreeImporter
LogPluginManager: Mounting plugin DatasmithContent
LogPluginManager: Mounting plugin AlembicImporter
LogPluginManager: Mounting plugin CharacterAI
LogPluginManager: Mounting plugin HTML5Networking
LogPluginManager: Mounting plugin Substance
LogPluginManager: Mounting plugin AndroidMedia
LogPluginManager: Mounting plugin AvfMedia
LogPluginManager: Mounting plugin ImgMedia
LogPluginManager: Mounting plugin LinearTimecode
LogPluginManager: Mounting plugin MediaCompositing
LogPluginManager: Mounting plugin MediaPlayerEditor
LogPluginManager: Mounting plugin WmfMedia
LogPluginManager: Mounting plugin TcpMessaging
LogPluginManager: Mounting plugin UdpMessaging
LogPluginManager: Mounting plugin ActorSequence
LogPluginManager: Mounting plugin LevelSequenceEditor
LogPluginManager: Mounting plugin MatineeToLevelSequence
LogPluginManager: Mounting plugin NetcodeUnitTest
LogPluginManager: Mounting plugin NUTUnrealEngine4
LogPluginManager: Mounting plugin OnlineSubsystemGooglePlay
LogPluginManager: Mounting plugin OnlineSubsystemIOS
LogPluginManager: Mounting plugin OnlineSubsystem
LogPluginManager: Mounting plugin OnlineSubsystemNull
LogPluginManager: Mounting plugin OnlineSubsystemUtils
LogPluginManager: Mounting plugin AndroidDeviceProfileSelector
LogPluginManager: Mounting plugin AndroidMoviePlayer
LogPluginManager: Mounting plugin AndroidPermission
LogPluginManager: Mounting plugin AppleARKit
LogPluginManager: Mounting plugin AppleMoviePlayer
LogPluginManager: Mounting plugin ArchVisCharacter
LogPluginManager: Mounting plugin AudioCapture
LogPluginManager: Mounting plugin CableComponent
LogPluginManager: Mounting plugin CustomMeshComponent
LogPluginManager: Mounting plugin ExampleDeviceProfileSelector
LogPluginManager: Mounting plugin GoogleCloudMessaging
LogPluginManager: Mounting plugin ImmediatePhysics
LogPluginManager: Mounting plugin IOSDeviceProfileSelector
LogPluginManager: Mounting plugin LinuxDeviceProfileSelector
LogPluginManager: Mounting plugin LocationServicesBPLibrary
LogPluginManager: Mounting plugin MobilePatchingUtils
LogPluginManager: Mounting plugin OculusVR
LogPluginManager: Plugin shader directory ../../../Engine/Plugins/Runtime/Oculus/OculusVR/Shaders found
LogPluginManager: Mapping shader source directory ../../../Engine/Plugins/Runtime/Oculus/OculusVR/Shaders to virtual directory /Plugin/OculusVR
LogPluginManager: Mounting plugin PhysXVehicles
LogPluginManager: Mounting plugin ProceduralMeshComponent
LogPluginManager: Mounting plugin RuntimePhysXCooking
LogPluginManager: Mounting plugin SteamVR
LogPluginManager: Mounting plugin WindowsMoviePlayer
LogStreaming: Display: Took  5.410s to configure plugins.
LogInit: Using libcurl 7.47.1
LogInit:  - built for x86_64-pc-win32
LogInit:  - supports SSL with OpenSSL/1.0.2g
LogInit:  - supports HTTP deflate (compression) using libz 1.2.8
LogInit:  - other features:
LogInit:      CURL_VERSION_SSL
LogInit:      CURL_VERSION_LIBZ
LogInit:      CURL_VERSION_IPV6
LogInit:      CURL_VERSION_ASYNCHDNS
LogInit:      CURL_VERSION_LARGEFILE
LogInit:      CURL_VERSION_IDN
LogInit:  CurlRequestOptions (configurable via config and command line):
LogInit:  - bVerifyPeer = false  - Libcurl will NOT verify peer certificate
LogInit:  - bUseHttpProxy = false  - Libcurl will NOT use HTTP proxy
LogInit:  - bDontReuseConnections = false  - Libcurl will reuse connections
LogInit:  - CertBundlePath = nullptr  - Libcurl will use whatever was configured at build time.
LogInit:  - MaxHostConnections = 16  - Libcurl will limit the number of connections to a host
LogInit:  - LocalHostAddr = Default
LogInit: WinSock: version 1.1 (2.2), MaxSocks=32767, MaxUdp=65467
LogInit: WinSock: I am DESKTOP-KQUM2EF (192.168.1.103:0)
LogInit: Build: ++UE4+Release-4.19-CL-4033788
LogInit: Engine Version: 4.19.2-4033788+++UE4+Release-4.19
LogInit: Compatible Engine Version: 4.19.0-3944462+++UE4+Release-4.19
LogInit: Net CL: 3944462
LogDevObjectVersion: Number of dev versions registered: 18
LogDevObjectVersion:   Dev-Blueprints (B0D832E4-1F89-4F0D-ACCF-7EB736FD4AA2): 10
LogDevObjectVersion:   Dev-Build (E1C64328-A22C-4D53-A36C-8E866417BD8C): 0
LogDevObjectVersion:   Dev-Core (375EC13C-06E4-48FB-B500-84F0262A717E): 2
LogDevObjectVersion:   Dev-Editor (E4B068ED-F494-42E9-A231-DA0B2E46BB41): 23
LogDevObjectVersion:   Dev-Framework (CFFC743F-43B0-4480-9391-14DF171D2073): 33
LogDevObjectVersion:   Dev-Mobile (B02B49B5-BB20-44E9-A304-32B752E40360): 2
LogDevObjectVersion:   Dev-Networking (A4E4105C-59A1-49B5-A7C5-40C4547EDFEE): 0
LogDevObjectVersion:   Dev-Online (39C831C9-5AE6-47DC-9A44-9C173E1C8E7C): 0
LogDevObjectVersion:   Dev-Physics (78F01B33-EBEA-4F98-B9B4-84EACCB95AA2): 0
LogDevObjectVersion:   Dev-Platform (6631380F-2D4D-43E0-8009-CF276956A95A): 0
LogDevObjectVersion:   Dev-Rendering (12F88B9F-8875-4AFC-A67C-D90C383ABD29): 25
LogDevObjectVersion:   Dev-Sequencer (7B5AE74C-D270-4C10-A958-57980B212A5A): 6
LogDevObjectVersion:   Dev-VR (D7296918-1DD6-4BDD-9DE2-64A83CC13884): 1
LogDevObjectVersion:   Dev-LoadTimes (C2A15278-BFE7-4AFE-6C17-90FF531DF755): 1
LogDevObjectVersion:   Private-Geometry (6EACA3D4-40EC-4CC1-B786-8BED09428FC5): 2
LogDevObjectVersion:   Dev-AnimPhys (29E575DD-E0A3-4627-9D10-D276232CDCEA): 16
LogDevObjectVersion:   Dev-ReflectionCapture (6B266CEC-1EC7-4B8F-A30B-E4D90942FC07): 1
LogDevObjectVersion:   Dev-Automation (0DF73D61-A23F-47EA-B727-89E90C41499A): 1
LogInit: Compiled (64-bit): Apr 27 2018 02:06:57
LogInit: Compiled with Visual C++: 19.00.24215.01
LogInit: Build Configuration: Development
LogInit: Branch Name: ++UE4+Release-4.19
LogInit: Command Line:  
LogInit: Base Directory: C:/Program Files/Epic Games/UE_4.19/Engine/Binaries/Win64/
LogInit: Installed Engine Build: 1
LogStreaming: Display: Took  0.006s to delete old logs.
LogInit: Presizing for max 8388607 objects, including 0 objects not considered by GC, pre-allocating 0 bytes for permanent pool.
LogInit: Object subsystem initialized
[2018.08.28-13.04.55:318][  0]LogInit: Selected Device Profile: [Windows]
[2018.08.28-13.04.55:318][  0]LogInit: Applying CVar settings loaded from the selected device profile: [Windows]
[2018.08.28-13.04.55:411][  0]LogInit: Computer: DESKTOP-KQUM2EF
[2018.08.28-13.04.55:411][  0]LogInit: User: Mahir
[2018.08.28-13.04.55:411][  0]LogInit: CPU Page size=4096, Cores=4
[2018.08.28-13.04.55:411][  0]LogInit: High frequency timer resolution =2.742186 MHz
[2018.08.28-13.04.55:411][  0]LogMemory: Memory total: Physical=16.0GB (16GB approx)
[2018.08.28-13.04.55:411][  0]LogMemory: Platform Memory Stats for Windows
[2018.08.28-13.04.55:411][  0]LogMemory: Process Physical Memory: 276.54 MB used, 276.54 MB peak
[2018.08.28-13.04.55:411][  0]LogMemory: Process Virtual Memory: 276.72 MB used, 276.72 MB peak
[2018.08.28-13.04.55:411][  0]LogMemory: Physical Memory: 7598.25 MB used,  8744.11 MB free, 16342.36 MB total
[2018.08.28-13.04.55:412][  0]LogMemory: Virtual Memory: 4807.34 MB used,  8744.11 MB free, 134217728.00 MB total
[2018.08.28-13.04.55:958][  0]LogInit: Using OS detected language (tr-TR).
[2018.08.28-13.04.55:958][  0]LogInit: Using OS detected locale (tr-TR).
[2018.08.28-13.04.56:396][  0]LogTextLocalizationManager: No localization for 'tr-TR' exists, so 'en' will be used for the language.
[2018.08.28-13.04.57:950][  0]LogStreaming: Display: Took  1.992s to EndInitTextLocalization.
[2018.08.28-13.04.57:951][  0]LogInit: Setting process to per monitor DPI aware
[2018.08.28-13.04.58:414][  0]LogSlate: New Slate User Created.  User Index 0, Is Virtual User: 0
[2018.08.28-13.04.58:415][  0]LogSlate: Slate User Registered.  User Index 0, Is Virtual User: 0
[2018.08.28-13.05.03:236][  0]LogD3D11RHI: D3D11 adapters:
[2018.08.28-13.05.03:322][  0]LogD3D11RHI:    0. 'NVIDIA GeForce GTX 1070' (Feature Level 11_0)
[2018.08.28-13.05.03:323][  0]LogD3D11RHI:       8081/0/8171 MB DedicatedVideo/DedicatedSystem/SharedSystem, Outputs:1, VendorId:0x10de
[2018.08.28-13.05.03:325][  0]LogD3D11RHI:    1. 'Microsoft Basic Render Driver' (Feature Level 11_0)
[2018.08.28-13.05.03:326][  0]LogD3D11RHI:       0/0/8171 MB DedicatedVideo/DedicatedSystem/SharedSystem, Outputs:0, VendorId:0x1414
[2018.08.28-13.05.03:326][  0]LogD3D11RHI: Chosen D3D11 Adapter: 0
[2018.08.28-13.05.03:334][  0]LogD3D11RHI: Creating new Direct3DDevice
[2018.08.28-13.05.03:334][  0]LogD3D11RHI:     GPU DeviceId: 0x1be1 (for the marketing name, search the web for "GPU Device Id")
[2018.08.28-13.05.03:334][  0]LogWindows: EnumDisplayDevices:
[2018.08.28-13.05.03:334][  0]LogWindows:    0. 'NVIDIA GeForce GTX 1070' (P:1 D:1)
[2018.08.28-13.05.03:334][  0]LogWindows:    1. 'NVIDIA GeForce GTX 1070' (P:0 D:0)
[2018.08.28-13.05.03:334][  0]LogWindows:    2. 'NVIDIA GeForce GTX 1070' (P:0 D:0)
[2018.08.28-13.05.03:335][  0]LogWindows:    3. 'NVIDIA GeForce GTX 1070' (P:0 D:0)
[2018.08.28-13.05.03:335][  0]LogWindows: DebugString: GetVideoDriverDetailsInvalid PrimaryIsNotTheChoosenAdapter GetVideoDriverDetailsInvalid PrimaryIsNotTheChoosenAdapter GetVideoDriverDetailsInvalid PrimaryIsNotTheChoosenAdapter GetVideoDriverDetailsInvalid PrimaryIsNotTheChoosenAdapter FoundDriverCount:0 
[2018.08.28-13.05.03:335][  0]LogD3D11RHI:     Adapter Name: NVIDIA GeForce GTX 1070
[2018.08.28-13.05.03:335][  0]LogD3D11RHI:   Driver Version: Unknown (internal:Unknown, unified:Unknown)
[2018.08.28-13.05.03:335][  0]LogD3D11RHI:      Driver Date: Unknown
[2018.08.28-13.05.03:335][  0]LogRHI: Texture pool is 5656 MB (70% of 8081 MB)
[2018.08.28-13.05.03:384][  0]LogD3D11RHI: [Aftermath] Aftermath enabled and primed
[2018.08.28-13.05.03:384][  0]LogD3D11RHI: [Aftermath] Aftermath enabled and primed
[2018.08.28-13.05.03:384][  0]LogD3D11RHI: Async texture creation enabled
[2018.08.28-13.05.03:411][  0]LogD3D11RHI: GPU Timing Frequency: 1000.000000 (Debug: 2 2)
[2018.08.28-13.05.03:459][  0]LogShaderCompilers: Guid format shader working directory is -12 characters bigger than the processId version (../../../../../../Users/Mahir/Documents/GitHub/VogsAmIFree/Intermediate/Shaders/WorkingDirectory/8656/).
[2018.08.28-13.05.03:459][  0]LogShaderCompilers: Cleaned the shader compiler working directory 'C:/Users/Mahir/AppData/Local/Temp/UnrealShaderWorkingDir/067A7C9D49ECB13CC5CE40B92E5C83C2/'.
[2018.08.28-13.05.05:399][  0]LogTemp: Display: Loaded TP AllDesktopTargetPlatform
[2018.08.28-13.05.05:416][  0]LogTemp: Display: Loaded TP MacClientTargetPlatform
[2018.08.28-13.05.05:434][  0]LogTemp: Display: Loaded TP MacNoEditorTargetPlatform
[2018.08.28-13.05.05:452][  0]LogTemp: Display: Loaded TP MacServerTargetPlatform
[2018.08.28-13.05.05:505][  0]LogTemp: Display: Loaded TP MacTargetPlatform
[2018.08.28-13.05.05:524][  0]LogTemp: Display: Loaded TP WindowsClientTargetPlatform
[2018.08.28-13.05.05:541][  0]LogTemp: Display: Loaded TP WindowsNoEditorTargetPlatform
[2018.08.28-13.05.05:559][  0]LogTemp: Display: Loaded TP WindowsServerTargetPlatform
[2018.08.28-13.05.05:570][  0]LogTemp: Display: Loaded TP WindowsTargetPlatform
[2018.08.28-13.05.05:590][  0]LogTemp: Display: Loaded TP Android_ASTCTargetPlatform
[2018.08.28-13.05.05:604][  0]LogTemp: Display: Loaded TP Android_ATCTargetPlatform
[2018.08.28-13.05.05:617][  0]LogTemp: Display: Loaded TP Android_DXTTargetPlatform
[2018.08.28-13.05.05:630][  0]LogTemp: Display: Loaded TP Android_ETC1aTargetPlatform
[2018.08.28-13.05.05:644][  0]LogTemp: Display: Loaded TP Android_ETC1TargetPlatform
[2018.08.28-13.05.05:657][  0]LogTemp: Display: Loaded TP Android_ETC2TargetPlatform
[2018.08.28-13.05.05:684][  0]LogTemp: Display: Loaded TP Android_MultiTargetPlatform
[2018.08.28-13.05.05:685][  0]LogTemp: Display: Loaded TP Android_PVRTCTargetPlatform
[2018.08.28-13.05.05:724][  0]LogTemp: Display: Loaded TP AndroidTargetPlatform
[2018.08.28-13.05.05:727][  0]LogTemp: Display: Loaded TP HTML5TargetPlatform
[2018.08.28-13.05.05:908][  0]LogTemp: Display: Loaded TP IOSTargetPlatform
[2018.08.28-13.05.05:924][  0]LogTemp: Display: Loaded TP TVOSTargetPlatform
[2018.08.28-13.05.05:942][  0]LogTemp: Display: Loaded TP LinuxClientTargetPlatform
[2018.08.28-13.05.05:961][  0]LogTemp: Display: Loaded TP LinuxNoEditorTargetPlatform
[2018.08.28-13.05.05:980][  0]LogTemp: Display: Loaded TP LinuxServerTargetPlatform
[2018.08.28-13.05.06:110][  0]LogTemp: Display: Loaded TP LinuxTargetPlatform
[2018.08.28-13.05.06:110][  0]LogTargetPlatformManager: Display: Building Assets For Windows
[2018.08.28-13.05.07:428][  0]LogXGEController: Cleaning working directory: C:/Users/Mahir/AppData/Local/Temp/UnrealXGEWorkingDir/
[2018.08.28-13.05.07:428][  0]LogXGEController: Cannot use XGE Controller as Incredibuild is not installed on this machine.
[2018.08.28-13.05.07:428][  0]LogShaderCompilers: Cannot use XGE Shader Compiler as Incredibuild is not installed on this machine.
[2018.08.28-13.05.07:428][  0]LogShaderCompilers: Display: Using Local Shader Compiler.
[2018.08.28-13.05.12:237][  0]LogDerivedDataCache: Display: Max Cache Size: 512 MB
[2018.08.28-13.05.13:234][  0]LogDerivedDataCache: Loaded boot cache 1.00s 74MB C:/Users/Mahir/AppData/Local/UnrealEngine/4.19/DerivedDataCache/Boot.ddc.
[2018.08.28-13.05.13:234][  0]LogDerivedDataCache: Display: Loaded Boot cache: C:/Users/Mahir/AppData/Local/UnrealEngine/4.19/DerivedDataCache/Boot.ddc
[2018.08.28-13.05.13:234][  0]LogDerivedDataCache: FDerivedDataBackendGraph:  Pak pak cache file ../../../../../../Users/Mahir/Documents/GitHub/VogsAmIFree/DerivedDataCache/DDC.ddp not found, will not use a pak cache.
[2018.08.28-13.05.13:235][  0]LogDerivedDataCache: Unable to find inner node Pak for hierarchical cache Hierarchy.
[2018.08.28-13.05.13:235][  0]LogDerivedDataCache: FDerivedDataBackendGraph:  CompressedPak pak cache file ../../../../../../Users/Mahir/Documents/GitHub/VogsAmIFree/DerivedDataCache/Compressed.ddp not found, will not use a pak cache.
[2018.08.28-13.05.13:235][  0]LogDerivedDataCache: Unable to find inner node CompressedPak for hierarchical cache Hierarchy.
[2018.08.28-13.05.13:288][  0]LogDerivedDataCache: Display: Pak cache opened for reading ../../../Engine/DerivedDataCache/Compressed.ddp.
[2018.08.28-13.05.13:301][  0]LogDerivedDataCache: Using Local data cache path C:/Users/Mahir/AppData/Local/UnrealEngine/Common/DerivedDataCache: Writable
[2018.08.28-13.05.13:301][  0]LogDerivedDataCache: Shared data cache path not found in *engine.ini, will not use an Shared cache.
[2018.08.28-13.05.13:301][  0]LogDerivedDataCache: Unable to find inner node Shared for hierarchical cache Hierarchy.
[2018.08.28-13.05.13:314][  0]LogMaterial: Verifying Global Shaders for PCD3D_SM5
[2018.08.28-13.05.13:314][  0]LogSlate: Using Freetype 2.6.0
[2018.08.28-13.05.13:349][  0]LogSlate: SlateFontCache - WITH_FREETYPE: 1, WITH_HARFBUZZ: 1
[2018.08.28-13.05.13:349][  0]LogSlate: SlateFontCache - WITH_FREETYPE: 1, WITH_HARFBUZZ: 1
[2018.08.28-13.05.22:009][  0]LogAssetRegistry: FAssetRegistry took 0.0314 seconds to start up
[2018.08.28-13.05.22:508][  0]LogInit: Selected Device Profile: [Windows]
[2018.08.28-13.05.24:586][  0]LogSimplygon: Simplygon DLL not present - disabling.
[2018.08.28-13.05.24:627][  0]LogMeshReduction: Using SimplygonSwarm for distributed automatic mesh merging
[2018.08.28-13.05.24:627][  0]LogMeshReduction: Using QuadricMeshReduction for automatic static mesh reduction
[2018.08.28-13.05.24:627][  0]LogMeshReduction: No automatic skeletal mesh reduction module available
[2018.08.28-13.05.24:628][  0]LogMeshReduction: No automatic mesh merging module available
[2018.08.28-13.05.24:628][  0]LogMeshMerging: No automatic mesh merging module available
[2018.08.28-13.05.24:909][  0]LogNetVersion: Am_i_Free , NetCL: 3944462, EngineNetVer: 2, GameNetVer: 0 (Checksum: 3243282978)
[2018.08.28-13.05.29:471][  0]LogPackageLocalizationCache: Processed 9 localized package path(s) for 1 prioritized culture(s) in 0.107288 seconds
[2018.08.28-13.05.29:478][  0]LogUObjectArray: 36729 objects as part of root set at end of initial load.
[2018.08.28-13.05.29:479][  0]LogUObjectAllocator: 7314536 out of 0 bytes used by permanent object pool.
[2018.08.28-13.05.29:479][  0]LogUObjectArray: CloseDisregardForGC: 0/0 objects in disregard for GC pool
[2018.08.28-13.05.57:524][  0]LogSubstanceCoreModule: Substance [CPU] Engine Loaded, Max Texture Size = 2048
[2018.08.28-13.05.57:604][  0]LogTcpMessaging: Initializing TcpMessaging bridge
[2018.08.28-13.05.57:650][  0]LogUdpMessaging: Initializing bridge on interface 0.0.0.0:0 to multicast group 230.0.0.1:6666.
[2018.08.28-13.05.58:397][  0]SourceControl: Source control is disabled
[2018.08.28-13.05.58:397][  0]SourceControl: Source control is disabled
[2018.08.28-13.05.58:427][  0]SourceControl: Source control is disabled
[2018.08.28-13.05.58:457][  0]SourceControl: Source control is disabled
[2018.08.28-13.05.59:432][  0]LogAndroidPermission: UAndroidPermissionCallbackProxy::GetInstance
[2018.08.28-13.05.59:745][  0]LogOcInput: OculusInput pre-init called
[2018.08.28-13.06.00:798][  0]LogEngine: Initializing Engine...
[2018.08.28-13.06.00:805][  0]LogHMD: Failed to initialize OpenVR with code 110
[2018.08.28-13.06.00:806][  0]LogStats: UGameplayTagsManager::ConstructGameplayTagTree: Construct from data asset -  0.000 s
[2018.08.28-13.06.00:806][  0]LogStats: UGameplayTagsManager::ConstructGameplayTagTree: GameplayTagTreeChangedEvent.Broadcast -  0.000 s
[2018.08.28-13.06.02:039][  0]LogAIModule: Creating AISystem for world Untitled
[2018.08.28-13.06.02:056][  0]LogInit: XAudio2 using 'Kulaklıklar (3- SteelSeries Siberia 150)' : 2 channels at 48 kHz using 16 bits per sample (channel mask 0x3)
[2018.08.28-13.06.02:098][  0]LogInit: FAudioDevice initialized.
[2018.08.28-13.06.02:282][  0]LogDerivedDataCache: Saved boot cache 0.18s 74MB C:/Users/Mahir/AppData/Local/UnrealEngine/4.19/DerivedDataCache/Boot.ddc.
[2018.08.28-13.06.02:302][  0]LogInit: Texture streaming: Enabled
[2018.08.28-13.06.02:336][  0]LogEngineSessionManager: EngineSessionManager initialized
[2018.08.28-13.06.02:426][  0]LogInit: Transaction tracking system initialized
[2018.08.28-13.06.02:504][  0]BlueprintLog: New page: Editor Load
[2018.08.28-13.06.02:919][  0]LocalizationService: Localization service is disabled
[2018.08.28-13.06.03:130][  0]LogLinker: Warning: Can't find file '/Game/FirstPersonBP/FirstPersonOverview'
[2018.08.28-13.06.03:130][  0]LogLinker: Warning: Can't find file '/Game/FirstPersonBP/FirstPersonOverview'
[2018.08.28-13.06.03:130][  0]LogUObjectGlobals: Warning: Failed to find object 'Class /Game/FirstPersonBP/FirstPersonOverview.FirstPersonOverview_C'
[2018.08.28-13.06.03:713][  0]LogConsoleResponse: Display: 
[2018.08.28-13.06.07:351][  0]LogFileCache: Scanning file cache for directory 'C:/Users/Mahir/Documents/GitHub/VogsAmIFree/Content/' took 0.03s
[2018.08.28-13.06.07:351][  0]LogCook: Display: Max memory allowance for cook 16384mb min free memory 0mb
[2018.08.28-13.06.07:351][  0]LogCook: Display: Mobile HDR setting 1
[2018.08.28-13.06.07:351][  0]LogGameplayTags: Display: UGameplayTagsManager::DoneAddingNativeTags. DelegateIsBound: 0
[2018.08.28-13.06.07:351][  0]LogStats: UGameplayTagsManager::ConstructGameplayTagTree: Construct from data asset -  0.000 s
[2018.08.28-13.06.07:351][  0]LogStats: UGameplayTagsManager::ConstructGameplayTagTree: GameplayTagTreeChangedEvent.Broadcast -  0.000 s
[2018.08.28-13.06.09:268][  0]SourceControl: Source control is disabled
[2018.08.28-13.06.09:286][  0]Cmd: MAP LOAD FILE="../../../../../../Users/Mahir/Documents/GitHub/VogsAmIFree/Content/map/Maps/Tech_demo.umap" TEMPLATE=0 SHOWPROGRESS=1 FEATURELEVEL=3
[2018.08.28-13.06.09:302][  0]LightingResults: New page: Lighting Build
[2018.08.28-13.06.09:331][  0]MapCheck: New page: Map Check
[2018.08.28-13.06.09:331][  0]LightingResults: New page: Lighting Build
[2018.08.28-13.06.09:860][  0]LogUObjectGlobals: Created PersistentFrame Addr=0x000002ab839bdd40, Size=64, Default__ThirdPerson_AnimBP_C Function /Game/Mannequin/Animations/ThirdPerson_AnimBP.ThirdPerson_AnimBP_C:ExecuteUbergraph_ThirdPerson_AnimBP
[2018.08.28-13.06.09:896][  0]LogUObjectGlobals: Destroyed PersistentFrame Addr=0x000002ab839bdd40, Size=64
[2018.08.28-13.06.09:896][  0]LogUObjectGlobals: Created PersistentFrame Addr=0x000002ab839bde80, Size=64, Default__ThirdPerson_AnimBP_C Function /Engine/Transient.REINST_ThirdPerson_AnimBP_C_0:ExecuteUbergraph_ThirdPerson_AnimBP
[2018.08.28-13.06.09:911][  0]LogUObjectGlobals: Created PersistentFrame Addr=0x000002abef69eb60, Size=72, Default__ThirdPerson_AnimBP_C Function /Game/Mannequin/Animations/ThirdPerson_AnimBP.ThirdPerson_AnimBP_C:ExecuteUbergraph_ThirdPerson_AnimBP
[2018.08.28-13.06.10:812][  0]LogUObjectGlobals: Created PersistentFrame Addr=0x000002abef691830, Size=112, Default__AIGuardCharacter_C Function /Game/My_Bp/AIGuard/AIGuardCharacter.AIGuardCharacter_C:ExecuteUbergraph_AIGuardCharacter
[2018.08.28-13.06.10:822][  0]LogUObjectGlobals: Destroyed PersistentFrame Addr=0x000002abef691830, Size=112
[2018.08.28-13.06.10:822][  0]LogUObjectGlobals: Created PersistentFrame Addr=0x000002abef691830, Size=112, Default__AIGuardCharacter_C Function /Engine/Transient.REINST_AIGuardCharacter_C_4:ExecuteUbergraph_AIGuardCharacter
[2018.08.28-13.06.10:827][  0]LogUObjectGlobals: Created PersistentFrame Addr=0x000002ab83f0d980, Size=112, Default__AIGuardCharacter_C Function /Game/My_Bp/AIGuard/AIGuardCharacter.AIGuardCharacter_C:ExecuteUbergraph_AIGuardCharacter
[2018.08.28-13.06.11:269][  0]LogUObjectGlobals: Created PersistentFrame Addr=0x000002ab83f130b0, Size=72, Default__ThirdPerson_AnimBP_C Function /Game/Characters/Freda/animations/ThirdPerson_AnimBP.ThirdPerson_AnimBP_C:ExecuteUbergraph_ThirdPerson_AnimBP
[2018.08.28-13.06.11:277][  0]LogUObjectGlobals: Destroyed PersistentFrame Addr=0x000002ab83f130b0, Size=72
[2018.08.28-13.06.11:277][  0]LogUObjectGlobals: Created PersistentFrame Addr=0x000002ab88aeea70, Size=72, ThirdPerson_AnimBP_C_0 Function /Engine/Transient.REINST_ThirdPerson_AnimBP_C_1:ExecuteUbergraph_ThirdPerson_AnimBP
[2018.08.28-13.06.11:284][  0]LogUObjectGlobals: Created PersistentFrame Addr=0x000002ab88a9e3e0, Size=72, Default__ThirdPerson_AnimBP_C Function /Game/Characters/Freda/animations/ThirdPerson_AnimBP.ThirdPerson_AnimBP_C:ExecuteUbergraph_ThirdPerson_AnimBP
[2018.08.28-13.06.11:391][  0]LogUObjectGlobals: Created PersistentFrame Addr=0x000002ab88ad4840, Size=32, Default__BP_Hidable_Ceiling_Master_C Function /Game/My_Bp/hide_master/BP_Hidable_Ceiling_Master.BP_Hidable_Ceiling_Master_C:ExecuteUbergraph_BP_Hidable_Ceiling_Master
[2018.08.28-13.06.11:398][  0]LogUObjectGlobals: Destroyed PersistentFrame Addr=0x000002ab88ad4840, Size=32
[2018.08.28-13.06.11:398][  0]LogUObjectGlobals: Created PersistentFrame Addr=0x000002ab88a4eba0, Size=32, Default__BP_Hidable_Ceiling_Master_C Function /Engine/Transient.REINST_BP_Hidable_Ceiling_Master_C_7:ExecuteUbergraph_BP_Hidable_Ceiling_Master
[2018.08.28-13.06.11:403][  0]LogUObjectGlobals: Created PersistentFrame Addr=0x000002ab88a4ce40, Size=32, Default__BP_Hidable_Ceiling_Master_C Function /Game/My_Bp/hide_master/BP_Hidable_Ceiling_Master.BP_Hidable_Ceiling_Master_C:ExecuteUbergraph_BP_Hidable_Ceiling_Master
[2018.08.28-13.06.11:458][  0]LogUObjectGlobals: Created PersistentFrame Addr=0x000002ab88a4cd40, Size=32, Default__BP_Hidable_Master_C Function /Game/My_Bp/hide_master/BP_Hidable_Master.BP_Hidable_Master_C:ExecuteUbergraph_BP_Hidable_Master
[2018.08.28-13.06.11:466][  0]LogUObjectGlobals: Destroyed PersistentFrame Addr=0x000002ab88a4cd40, Size=32
[2018.08.28-13.06.11:466][  0]LogUObjectGlobals: Created PersistentFrame Addr=0x000002ab889eae00, Size=32, Default__BP_Hidable_Master_C Function /Engine/Transient.REINST_BP_Hidable_Master_C_9:ExecuteUbergraph_BP_Hidable_Master
[2018.08.28-13.06.11:470][  0]LogUObjectGlobals: Created PersistentFrame Addr=0x000002ab889e90a0, Size=32, Default__BP_Hidable_Master_C Function /Game/My_Bp/hide_master/BP_Hidable_Master.BP_Hidable_Master_C:ExecuteUbergraph_BP_Hidable_Master
[2018.08.28-13.06.12:515][  0]LogUObjectGlobals: Created PersistentFrame Addr=0x000002ab88984f00, Size=880, Default__ThirdPersonCharacter_C Function /Game/ThirdPersonBP/Blueprints/ThirdPersonCharacter.ThirdPersonCharacter_C:ExecuteUbergraph_ThirdPersonCharacter
[2018.08.28-13.06.12:530][  0]LogUObjectGlobals: Destroyed PersistentFrame Addr=0x000002ab88984f00, Size=880
[2018.08.28-13.06.12:530][  0]LogUObjectGlobals: Created PersistentFrame Addr=0x000002ab88984f00, Size=880, Default__ThirdPersonCharacter_C Function /Engine/Transient.REINST_ThirdPersonCharacter_C_11:ExecuteUbergraph_ThirdPersonCharacter
[2018.08.28-13.06.12:539][  0]LogUObjectGlobals: Created PersistentFrame Addr=0x000002ab885e2e80, Size=880, Default__ThirdPersonCharacter_C Function /Game/ThirdPersonBP/Blueprints/ThirdPersonCharacter.ThirdPersonCharacter_C:ExecuteUbergraph_ThirdPersonCharacter
[2018.08.28-13.06.12:640][  0]LogUObjectGlobals: Created PersistentFrame Addr=0x000002ab885afa80, Size=120, Default__BTService_DistanceToObject_C Function /Game/My_Bp/AIGuard/BTService_DistanceToObject.BTService_DistanceToObject_C:ExecuteUbergraph_BTService_DistanceToObject
[2018.08.28-13.06.12:645][  0]LogUObjectGlobals: Destroyed PersistentFrame Addr=0x000002ab885afa80, Size=120
[2018.08.28-13.06.12:645][  0]LogUObjectGlobals: Created PersistentFrame Addr=0x000002ab885afa80, Size=120, Default__BTService_DistanceToObject_C Function /Engine/Transient.REINST_BTService_DistanceToObject_C_13:ExecuteUbergraph_BTService_DistanceToObject
[2018.08.28-13.06.12:647][  0]LogUObjectGlobals: Created PersistentFrame Addr=0x000002ab8869a2a0, Size=152, Default__BTService_DistanceToObject_C Function /Game/My_Bp/AIGuard/BTService_DistanceToObject.BTService_DistanceToObject_C:ExecuteUbergraph_BTService_DistanceToObject
[2018.08.28-13.06.12:664][  0]LogUObjectGlobals: Created PersistentFrame Addr=0x000002ab8857ff20, Size=32, Default__BTTask_BB_DoAttack_C Function /Game/My_Bp/AIGuard/BTTask_BB_DoAttack.BTTask_BB_DoAttack_C:ExecuteUbergraph_BTTask_BB_DoAttack
[2018.08.28-13.06.12:666][  0]LogUObjectGlobals: Destroyed PersistentFrame Addr=0x000002ab8857ff20, Size=32
[2018.08.28-13.06.12:666][  0]LogUObjectGlobals: Created PersistentFrame Addr=0x000002ab8857ff20, Size=32, Default__BTTask_BB_DoAttack_C Function /Engine/Transient.REINST_BTTask_BB_DoAttack_C_15:ExecuteUbergraph_BTTask_BB_DoAttack
[2018.08.28-13.06.12:668][  0]LogUObjectGlobals: Created PersistentFrame Addr=0x000002ab8857ede0, Size=32, Default__BTTask_BB_DoAttack_C Function /Game/My_Bp/AIGuard/BTTask_BB_DoAttack.BTTask_BB_DoAttack_C:ExecuteUbergraph_BTTask_BB_DoAttack
[2018.08.28-13.06.12:694][  0]LogUObjectGlobals: Created PersistentFrame Addr=0x000002ab88697d50, Size=16, Default__BTTask_Set_BB_Actor_C Function /Game/My_Bp/AIGuard/BTTask_Set_BB_Actor.BTTask_Set_BB_Actor_C:ExecuteUbergraph_BTTask_Set_BB_Actor
[2018.08.28-13.06.12:696][  0]LogUObjectGlobals: Destroyed PersistentFrame Addr=0x000002ab88697d50, Size=16
[2018.08.28-13.06.12:696][  0]LogUObjectGlobals: Created PersistentFrame Addr=0x000002ab88697d50, Size=16, Default__BTTask_Set_BB_Actor_C Function /Engine/Transient.REINST_BTTask_Set_BB_Actor_C_17:ExecuteUbergraph_BTTask_Set_BB_Actor
[2018.08.28-13.06.12:698][  0]LogUObjectGlobals: Created PersistentFrame Addr=0x000002ab889c1348, Size=24, Default__BTTask_Set_BB_Actor_C Function /Game/My_Bp/AIGuard/BTTask_Set_BB_Actor.BTTask_Set_BB_Actor_C:ExecuteUbergraph_BTTask_Set_BB_Actor
[2018.08.28-13.06.12:719][  0]LogUObjectGlobals: Created PersistentFrame Addr=0x000002ab88695c80, Size=16, Default__BTTask_SetBB_Bool_C Function /Game/My_Bp/AIGuard/BTTask_SetBB_Bool.BTTask_SetBB_Bool_C:ExecuteUbergraph_BTTask_SetBB_Bool
[2018.08.28-13.06.12:721][  0]LogUObjectGlobals: Destroyed PersistentFrame Addr=0x000002ab88695c80, Size=16
[2018.08.28-13.06.12:721][  0]LogUObjectGlobals: Created PersistentFrame Addr=0x000002ab88695c80, Size=16, Default__BTTask_SetBB_Bool_C Function /Engine/Transient.REINST_BTTask_SetBB_Bool_C_19:ExecuteUbergraph_BTTask_SetBB_Bool
[2018.08.28-13.06.12:722][  0]LogUObjectGlobals: Created PersistentFrame Addr=0x000002ab889c1000, Size=24, Default__BTTask_SetBB_Bool_C Function /Game/My_Bp/AIGuard/BTTask_SetBB_Bool.BTTask_SetBB_Bool_C:ExecuteUbergraph_BTTask_SetBB_Bool
[2018.08.28-13.06.12:732][  0]LogUObjectGlobals: Created PersistentFrame Addr=0x000002ab885ab6d0, Size=112, Default__AIGuardController_C Function /Game/My_Bp/AIGuard/AIGuardController.AIGuardController_C:ExecuteUbergraph_AIGuardController
[2018.08.28-13.06.12:739][  0]LogUObjectGlobals: Destroyed PersistentFrame Addr=0x000002ab885ab6d0, Size=112
[2018.08.28-13.06.12:739][  0]LogUObjectGlobals: Created PersistentFrame Addr=0x000002ab885ab6d0, Size=112, Default__AIGuardController_C Function /Engine/Transient.REINST_AIGuardController_C_21:ExecuteUbergraph_AIGuardController
[2018.08.28-13.06.12:744][  0]LogUObjectGlobals: Created PersistentFrame Addr=0x000002ab82974b10, Size=112, Default__AIGuardController_C Function /Game/My_Bp/AIGuard/AIGuardController.AIGuardController_C:ExecuteUbergraph_AIGuardController
[2018.08.28-13.06.13:163][  0]LogUObjectGlobals: Created PersistentFrame Addr=0x000002ab8823f4c0, Size=304, Default__door_C Function /Game/My_Bp/door/door.door_C:ExecuteUbergraph_door
[2018.08.28-13.06.13:173][  0]LogUObjectGlobals: Destroyed PersistentFrame Addr=0x000002ab8823f4c0, Size=304
[2018.08.28-13.06.13:173][  0]LogUObjectGlobals: Created PersistentFrame Addr=0x000002ab8823f4c0, Size=304, Default__door_C Function /Engine/Transient.REINST_door_C_25:ExecuteUbergraph_door
[2018.08.28-13.06.13:183][  0]LogUObjectGlobals: Created PersistentFrame Addr=0x000002ab8823e840, Size=304, Default__door_C Function /Game/My_Bp/door/door.door_C:ExecuteUbergraph_door
[2018.08.28-13.06.13:259][  0]LogUObjectGlobals: Created PersistentFrame Addr=0x000002ab8823e700, Size=304, Default__lever_door_C Function /Game/My_Bp/door/lever_door.lever_door_C:ExecuteUbergraph_lever_door
[2018.08.28-13.06.13:268][  0]LogUObjectGlobals: Destroyed PersistentFrame Addr=0x000002ab8823e700, Size=304
[2018.08.28-13.06.13:268][  0]LogUObjectGlobals: Created PersistentFrame Addr=0x000002ab8823e700, Size=304, Default__lever_door_C Function /Engine/Transient.REINST_lever_door_C_27:ExecuteUbergraph_lever_door
[2018.08.28-13.06.13:277][  0]LogUObjectGlobals: Created PersistentFrame Addr=0x000002ab8823d300, Size=304, Default__lever_door_C Function /Game/My_Bp/door/lever_door.lever_door_C:ExecuteUbergraph_lever_door
[2018.08.28-13.06.14:516][  0]LogUObjectGlobals: Created PersistentFrame Addr=0x000002ab88ec2e80, Size=148, Default__Dec_Things_Light_1_C Function /Game/My_Bp/prop_bp/Dec_Things_Light_1.Dec_Things_Light_1_C:ExecuteUbergraph_Dec_Things_Light_1
[2018.08.28-13.06.14:519][  0]LogUObjectGlobals: Destroyed PersistentFrame Addr=0x000002ab88ec2e80, Size=148
[2018.08.28-13.06.14:519][  0]LogUObjectGlobals: Created PersistentFrame Addr=0x000002ab881ac7c0, Size=148, Default__Dec_Things_Light_1_C Function /Engine/Transient.REINST_Dec_Things_Light_1_C_31:ExecuteUbergraph_Dec_Things_Light_1
[2018.08.28-13.06.14:521][  0]LogUObjectGlobals: Created PersistentFrame Addr=0x000002abe6513e20, Size=148, Default__Dec_Things_Light_1_C Function /Game/My_Bp/prop_bp/Dec_Things_Light_1.Dec_Things_Light_1_C:ExecuteUbergraph_Dec_Things_Light_1
[2018.08.28-13.06.15:948][  0]LogUObjectGlobals: Created PersistentFrame Addr=0x000002abe6519080, Size=68, Default__terminal_UI_C Function /Game/UI/termianl_ui/terminal_UI.terminal_UI_C:ExecuteUbergraph_terminal_UI
[2018.08.28-13.06.15:973][  0]LogUObjectGlobals: Destroyed PersistentFrame Addr=0x000002abe6519080, Size=68
[2018.08.28-13.06.15:973][  0]LogUObjectGlobals: Created PersistentFrame Addr=0x000002ab892f6570, Size=68, Default__terminal_UI_C Function /Engine/Transient.REINST_terminal_UI_C_0:ExecuteUbergraph_terminal_UI
[2018.08.28-13.06.15:985][  0]LogUObjectGlobals: Created PersistentFrame Addr=0x000002ab89293ec0, Size=68, Default__terminal_UI_C Function /Game/UI/termianl_ui/terminal_UI.terminal_UI_C:ExecuteUbergraph_terminal_UI
[2018.08.28-13.06.15:988][  0]LogUObjectGlobals: Created PersistentFrame Addr=0x000002ab82845580, Size=40, Default__Terminal_bp_C Function /Game/My_Bp/terminal/Terminal_bp.Terminal_bp_C:ExecuteUbergraph_Terminal_bp
[2018.08.28-13.06.15:991][  0]LogUObjectGlobals: Destroyed PersistentFrame Addr=0x000002ab82845580, Size=40
[2018.08.28-13.06.15:991][  0]LogUObjectGlobals: Created PersistentFrame Addr=0x000002ab82845580, Size=40, Default__Terminal_bp_C Function /Engine/Transient.REINST_Terminal_bp_C_36:ExecuteUbergraph_Terminal_bp
[2018.08.28-13.06.15:993][  0]LogUObjectGlobals: Created PersistentFrame Addr=0x000002ab828446d0, Size=40, Default__Terminal_bp_C Function /Game/My_Bp/terminal/Terminal_bp.Terminal_bp_C:ExecuteUbergraph_Terminal_bp
[2018.08.28-13.06.22:019][  0]LogUObjectGlobals: Created PersistentFrame Addr=0x000002ab8c369850, Size=68, Default__firs_screem_C Function /Game/UI/widget/firs_screem.firs_screem_C:ExecuteUbergraph_firs_screem
[2018.08.28-13.06.22:021][  0]LogUObjectGlobals: Destroyed PersistentFrame Addr=0x000002ab8c369850, Size=68
[2018.08.28-13.06.22:021][  0]LogUObjectGlobals: Created PersistentFrame Addr=0x000002ab8d39bc40, Size=68, Default__firs_screem_C Function /Engine/Transient.REINST_firs_screem_C_1:ExecuteUbergraph_firs_screem
[2018.08.28-13.06.22:023][  0]LogUObjectGlobals: Created PersistentFrame Addr=0x000002ab8d39ae80, Size=68, Default__firs_screem_C Function /Game/UI/widget/firs_screem.firs_screem_C:ExecuteUbergraph_firs_screem
[2018.08.28-13.06.22:115][  0]LogUObjectGlobals: Created PersistentFrame Addr=0x000002ab8d383cc0, Size=64, Default__UI_C Function /Game/UI/widget/UI.UI_C:ExecuteUbergraph_UI
[2018.08.28-13.06.22:123][  0]LogUObjectGlobals: Destroyed PersistentFrame Addr=0x000002ab8d383cc0, Size=64
[2018.08.28-13.06.22:123][  0]LogUObjectGlobals: Created PersistentFrame Addr=0x000002ab8d383d80, Size=64, Default__UI_C Function /Engine/Transient.REINST_UI_C_2:ExecuteUbergraph_UI
[2018.08.28-13.06.22:126][  0]LogUObjectGlobals: Created PersistentFrame Addr=0x000002ab8d381cc0, Size=64, Default__UI_C Function /Game/UI/widget/UI.UI_C:ExecuteUbergraph_UI
[2018.08.28-13.06.22:191][  0]LogUObjectGlobals: Created PersistentFrame Addr=0x000002ab8cb3e240, Size=16, Default__Tech_demo_C Function /Game/map/Maps/Tech_demo.Tech_demo_C:ExecuteUbergraph_Tech_demo
[2018.08.28-13.06.22:193][  0]LogUObjectGlobals: Destroyed PersistentFrame Addr=0x000002ab8cb3e240, Size=16
[2018.08.28-13.06.22:193][  0]LogUObjectGlobals: Created PersistentFrame Addr=0x000002ab8cb3e240, Size=16, Default__Tech_demo_C Function /Engine/Transient.REINST_Tech_demo_C_40:ExecuteUbergraph_Tech_demo
[2018.08.28-13.06.22:195][  0]LogUObjectGlobals: Created PersistentFrame Addr=0x000002ab8cb3ec40, Size=16, Default__Tech_demo_C Function /Game/map/Maps/Tech_demo.Tech_demo_C:ExecuteUbergraph_Tech_demo
[2018.08.28-13.06.31:762][  0]LogSkeletalMesh: Skeletal Mesh found in DDC [210.436859ms] /Game/Characters/Freda/freda_rig.freda_rig
[2018.08.28-13.06.44:645][  0]LogSkeletalMesh: Skeletal Mesh found in DDC [42.000797ms] /Game/Mannequin/Character/Mesh/SK_Mannequin.SK_Mannequin
[2018.08.28-13.06.44:719][  0]LogAIModule: Creating AISystem for world Tech_demo
[2018.08.28-13.06.45:161][  0]LogEditorServer: Finished looking for orphan Actors (0.000 secs)
[2018.08.28-13.06.45:231][  0]LogUObjectGlobals: Destroyed PersistentFrame Addr=0x000002ab839bde80, Size=64
[2018.08.28-13.06.45:232][  0]LogUObjectGlobals: Destroyed PersistentFrame Addr=0x000002abef691830, Size=112
[2018.08.28-13.06.45:232][  0]LogUObjectGlobals: Destroyed PersistentFrame Addr=0x000002ab88aeea70, Size=72
[2018.08.28-13.06.45:232][  0]LogUObjectGlobals: Destroyed PersistentFrame Addr=0x000002ab88a4eba0, Size=32
[2018.08.28-13.06.45:232][  0]LogUObjectGlobals: Destroyed PersistentFrame Addr=0x000002ab889eae00, Size=32
[2018.08.28-13.06.45:232][  0]LogUObjectGlobals: Destroyed PersistentFrame Addr=0x000002ab88984f00, Size=880
[2018.08.28-13.06.45:232][  0]LogUObjectGlobals: Destroyed PersistentFrame Addr=0x000002ab885afa80, Size=120
[2018.08.28-13.06.45:232][  0]LogUObjectGlobals: Destroyed PersistentFrame Addr=0x000002ab8857ff20, Size=32
[2018.08.28-13.06.45:232][  0]LogUObjectGlobals: Destroyed PersistentFrame Addr=0x000002ab88697d50, Size=16
[2018.08.28-13.06.45:232][  0]LogUObjectGlobals: Destroyed PersistentFrame Addr=0x000002ab88695c80, Size=16
[2018.08.28-13.06.45:232][  0]LogUObjectGlobals: Destroyed PersistentFrame Addr=0x000002ab885ab6d0, Size=112
[2018.08.28-13.06.45:232][  0]LogUObjectGlobals: Destroyed PersistentFrame Addr=0x000002ab8823f4c0, Size=304
[2018.08.28-13.06.45:232][  0]LogUObjectGlobals: Destroyed PersistentFrame Addr=0x000002ab8823e700, Size=304
[2018.08.28-13.06.45:232][  0]LogUObjectGlobals: Destroyed PersistentFrame Addr=0x000002ab881ac7c0, Size=148
[2018.08.28-13.06.45:232][  0]LogUObjectGlobals: Destroyed PersistentFrame Addr=0x000002ab892f6570, Size=68
[2018.08.28-13.06.45:232][  0]LogUObjectGlobals: Destroyed PersistentFrame Addr=0x000002ab82845580, Size=40
[2018.08.28-13.06.45:232][  0]LogUObjectGlobals: Destroyed PersistentFrame Addr=0x000002ab8d39bc40, Size=68
[2018.08.28-13.06.45:232][  0]LogUObjectGlobals: Destroyed PersistentFrame Addr=0x000002ab8d383d80, Size=64
[2018.08.28-13.06.45:232][  0]LogUObjectGlobals: Destroyed PersistentFrame Addr=0x000002ab8cb3e240, Size=16
[2018.08.28-13.06.45:249][  0]Cmd: MAP CHECKDEP NOCLEARLOG
[2018.08.28-13.06.45:456][  0]MapCheck: Map check complete: 0 Error(s), 0 Warning(s), took 206,295ms to complete.
[2018.08.28-13.06.45:456][  0]LogFileHelpers: Loading map 'Tech_demo' took 36.180
[2018.08.28-13.06.45:695][  0]LogCollectionManager: Loaded 0 collections in 0.002889 seconds
[2018.08.28-13.06.45:752][  0]LogFileCache: Scanning file cache for directory 'C:/Users/Mahir/Documents/GitHub/VogsAmIFree/Saved/Collections/' took 0.01s
[2018.08.28-13.06.45:752][  0]LogFileCache: Scanning file cache for directory 'C:/Users/Mahir/Documents/GitHub/VogsAmIFree/Content/Developers/Mahir/Collections/' took 0.01s
[2018.08.28-13.06.45:752][  0]LogFileCache: Scanning file cache for directory 'C:/Users/Mahir/Documents/GitHub/VogsAmIFree/Content/Collections/' took 0.01s
[2018.08.28-13.06.45:752][  0]LogCollectionManager: Rebuilt the GUID cache for 0 collections in 0.000000 seconds
[2018.08.28-13.06.45:765][  0]LogContentBrowser: Native class hierarchy populated in 0.0131 seconds. Added 2466 classes and 564 folders.
[2018.08.28-13.06.45:779][  0]LogContentBrowser: Native class hierarchy updated for 'WidgetCarousel' in 0.0002 seconds. Added 0 classes and 0 folders.
[2018.08.28-13.06.47:562][  0]LogContentBrowser: Native class hierarchy updated for 'AddContentDialog' in 0.0002 seconds. Added 0 classes and 0 folders.
[2018.08.28-13.06.47:892][  0]LogContentBrowser: Native class hierarchy updated for 'SceneOutliner' in 0.0003 seconds. Added 1 classes and 2 folders.
[2018.08.28-13.06.48:127][  0]LogSlate: Took 0.026777 seconds to synchronously load lazily loaded font '../../../Engine/Content/Slate/Fonts/Roboto-Regular.ttf' (155K)
[2018.08.28-13.06.48:134][  0]LogSlate: Took 0.005887 seconds to synchronously load lazily loaded font '../../../Engine/Content/Slate/Fonts/Roboto-Bold.ttf' (160K)
[2018.08.28-13.06.48:157][  0]LogSlate: Took 0.020836 seconds to synchronously load lazily loaded font '../../../Engine/Content/Editor/Slate/Fonts/FontAwesome.ttf' (139K)
[2018.08.28-13.06.48:439][  0]LogRenderer: Reallocating scene render targets to support 1024x1024 Format 10 NumSamples 1 (Frame:1).
[2018.08.28-13.06.48:879][  0]LogContentBrowser: Native class hierarchy updated for 'HierarchicalLODOutliner' in 0.0003 seconds. Added 0 classes and 0 folders.
[2018.08.28-13.06.48:879][  0]LogLoad: (Engine Initialization) Total time: 138.64 seconds
[2018.08.28-13.06.48:879][  0]LogLoad: (Engine Initialization) Total Blueprint compile time: 0.00 seconds
[2018.08.28-13.06.49:308][  0]LogContentStreaming: Texture pool size now 1000 MB
[2018.08.28-13.06.49:461][  1]LogSubstanceLiveLink: Warning: Unable to send data along socket, closing connection
[2018.08.28-13.06.49:589][  1]LogAssetRegistry: Asset discovery search completed in 87.6028 seconds
[2018.08.28-13.06.49:591][  1]LogCollectionManager: Rebuilt the object cache for 0 collections in 0.000000 seconds (found 0 objects)
[2018.08.28-13.06.49:591][  1]LogCollectionManager: Fixed up redirectors for 0 collections in 0.000131 seconds (updated 0 objects)
[2018.08.28-13.06.50:391][  3]LogSlate: Took 0.160811 seconds to synchronously load lazily loaded font '../../../Engine/Content/Slate/Fonts/Roboto-Light.ttf' (167K)
[2018.08.28-13.12.28:319][198]LogSlate: FSceneViewport::OnFocusLost() reason 0
[2018.08.28-13.12.46:008][946]LogEditorViewport: Clicking on Actor (LMB): gridmaker_C (floor)
[2018.08.28-13.12.48:149][ 54]LogSlate: FSceneViewport::OnFocusLost() reason 0
[2018.08.28-13.12.48:765][ 58]LogMaterial: Missing cached shader map for material PP_OutlineColored, compiling. 
[2018.08.28-13.12.49:934][ 58]LogMaterial: Missing cached shader map for material PP_OutlineColored, compiling. 
[2018.08.28-13.12.49:942][ 58]LogMaterial: Missing cached shader map for material PP_OutlineColored, compiling. 
[2018.08.28-13.12.49:966][ 58]LogShaderCompilers: Display: Shaders left to compile 5
[2018.08.28-13.12.49:966][ 58]LogShaderCompilers: Display: Shaders left to compile 4
[2018.08.28-13.12.49:966][ 58]LogShaderCompilers: Display: Shaders left to compile 3
[2018.08.28-13.12.49:966][ 58]LogShaderCompilers: Display: Shaders left to compile 2
[2018.08.28-13.12.49:979][ 58]LogMaterial: Missing cached shader map for material FMatExpressionPreview MaterialExpressionVectorParameter_0, compiling. 
[2018.08.28-13.12.49:984][ 58]LogMaterial: Missing cached shader map for material FMatExpressionPreview MaterialExpressionVectorParameter_1, compiling. 
[2018.08.28-13.12.49:988][ 58]LogMaterial: Missing cached shader map for material FMatExpressionPreview MaterialExpressionVectorParameter_2, compiling. 
[2018.08.28-13.12.50:057][ 58]LogMaterial: Missing cached shader map for material FMatExpressionPreview MaterialExpressionVectorParameter_3, compiling. 
[2018.08.28-13.12.51:967][130]LogRenderer: Reallocating scene render targets to support 1280x1024 Format 10 NumSamples 1 (Frame:3).
[2018.08.28-13.12.52:044][130]LogShaderCompilers: Display: Shaders left to compile 9
[2018.08.28-13.12.52:224][135]LogShaderCompilers: Display: Shaders left to compile 8
[2018.08.28-13.12.52:362][140]LogShaderCompilers: Display: Shaders left to compile 7
[2018.08.28-13.12.52:649][152]LogShaderCompilers: Display: Shaders left to compile 6
[2018.08.28-13.12.52:701][154]LogShaderCompilers: Display: Shaders left to compile 5
[2018.08.28-13.12.52:748][156]LogShaderCompilers: Display: Shaders left to compile 4
[2018.08.28-13.12.52:773][157]MaterialEditorStats: Base pass shader without light map: 139 instructions
[2018.08.28-13.12.52:773][157]MaterialEditorStats: Vertex shader: 34 instructions
[2018.08.28-13.12.52:774][157]MaterialEditorStats: Texture samplers: 3/16
[2018.08.28-13.12.52:839][159]LogShaderCompilers: Display: Shaders left to compile 3
[2018.08.28-13.12.53:034][166]LogShaderCompilers: Display: Shaders left to compile 2
[2018.08.28-13.12.53:132][170]LogShaderCompilers: Display: Shaders left to compile 1
[2018.08.28-13.12.53:474][181]LogSlate: Took 0.032018 seconds to synchronously load lazily loaded font '../../../Engine/Content/Slate/Fonts/Roboto-BoldCondensed.ttf' (158K)
[2018.08.28-13.12.53:946][182]LogSlate: Took 0.037878 seconds to synchronously load lazily loaded font '../../../Engine/Content/Slate/Fonts/Roboto-Italic.ttf' (157K)
[2018.08.28-13.12.57:581][387]LogSlate: FSceneViewport::OnFocusLost() reason 0
[2018.08.28-13.12.57:681][393]LogTemp: Repeating last play command: New Editor Window (PIE)
[2018.08.28-13.12.57:723][393]LogBlueprintUserMessages: Early PlayInEditor Detection: Level '/Game/map/Maps/Tech_demo.Tech_demo:PersistentLevel' has LevelScriptBlueprint '/Game/map/Maps/Tech_demo.Tech_demo:PersistentLevel.Tech_demo' with GeneratedClass '/Game/map/Maps/Tech_demo.Tech_demo_C' with ClassGeneratedBy '/Game/map/Maps/Tech_demo.Tech_demo:PersistentLevel.Tech_demo'
[2018.08.28-13.12.57:727][393]LogPlayLevel: PlayLevel: No blueprints needed recompiling
[2018.08.28-13.12.57:759][393]PIE: New page: PIE session: Tech_demo (28 Ağu 2018 19:12:57)
[2018.08.28-13.12.57:759][393]LogPlayLevel: Creating play world package: /Game/map/Maps/UEDPIE_0_Tech_demo
[2018.08.28-13.12.57:787][393]LogPlayLevel: PIE: StaticDuplicateObject took: (0.028676s)
[2018.08.28-13.12.57:788][393]LogAIModule: Creating AISystem for world Tech_demo
[2018.08.28-13.12.57:789][393]LogPlayLevel: PIE: World Init took: (0.001578s)
[2018.08.28-13.12.57:789][393]LogPlayLevel: PIE: Created PIE world by copying editor world from /Game/map/Maps/Tech_demo.Tech_demo to /Game/map/Maps/UEDPIE_0_Tech_demo.Tech_demo (0.030571s)
[2018.08.28-13.12.57:817][393]LogInit: XAudio2 using 'Kulaklıklar (3- SteelSeries Siberia 150)' : 2 channels at 48 kHz using 16 bits per sample (channel mask 0x3)
[2018.08.28-13.12.57:860][393]LogInit: FAudioDevice initialized.
[2018.08.28-13.12.57:942][393]LogUObjectGlobals: Created PersistentFrame Addr=0x000002ac2b0e8940, Size=16, Default__ThirdPersonGameMode_C Function /Game/ThirdPersonBP/Blueprints/ThirdPersonGameMode.ThirdPersonGameMode_C:ExecuteUbergraph_ThirdPersonGameMode
[2018.08.28-13.12.57:945][393]LogUObjectGlobals: Destroyed PersistentFrame Addr=0x000002ac2b0e8940, Size=16
[2018.08.28-13.12.57:945][393]LogUObjectGlobals: Created PersistentFrame Addr=0x000002ac2b0e8940, Size=16, Default__ThirdPersonGameMode_C Function /Engine/Transient.REINST_ThirdPersonGameMode_C_42:ExecuteUbergraph_ThirdPersonGameMode
[2018.08.28-13.12.57:947][393]LogUObjectGlobals: Created PersistentFrame Addr=0x000002ac2b0e8930, Size=16, Default__ThirdPersonGameMode_C Function /Game/ThirdPersonBP/Blueprints/ThirdPersonGameMode.ThirdPersonGameMode_C:ExecuteUbergraph_ThirdPersonGameMode
[2018.08.28-13.12.57:951][393]LogLoad: Game class is 'ThirdPersonGameMode_C'
[2018.08.28-13.12.58:052][393]LogWorld: Bringing World /Game/map/Maps/UEDPIE_0_Tech_demo.Tech_demo up for play (max tick rate 60) at 2018.08.28-16.12.58
[2018.08.28-13.12.58:059][393]LogWorld: Bringing up level for play took: 0.100100
[2018.08.28-13.12.58:069][393]LogContentBrowser: Native class hierarchy updated for 'MovieSceneCapture' in 0.0004 seconds. Added 11 classes and 0 folders.
[2018.08.28-13.12.58:112][393]PIE: Play in editor start time for /Game/map/Maps/UEDPIE_0_Tech_demo 1,092
[2018.08.28-13.12.58:115][393]LogBlueprintUserMessages: Late PlayInEditor Detection: Level '/Game/map/Maps/Tech_demo.Tech_demo:PersistentLevel' has LevelScriptBlueprint '/Game/map/Maps/Tech_demo.Tech_demo:PersistentLevel.Tech_demo' with GeneratedClass '/Game/map/Maps/Tech_demo.Tech_demo_C' with ClassGeneratedBy '/Game/map/Maps/Tech_demo.Tech_demo:PersistentLevel.Tech_demo'
[2018.08.28-13.12.58:140][393]LogRenderer: Reallocating scene render targets to support 1292x1024 Format 10 NumSamples 1 (Frame:1).
[2018.08.28-13.13.00:485][520]LogBlueprintUserMessages: Early EndPlayMap Detection: Level '/Game/map/Maps/Tech_demo.Tech_demo:PersistentLevel' has LevelScriptBlueprint '/Game/map/Maps/Tech_demo.Tech_demo:PersistentLevel.Tech_demo' with GeneratedClass '/Game/map/Maps/Tech_demo.Tech_demo_C' with ClassGeneratedBy '/Game/map/Maps/Tech_demo.Tech_demo:PersistentLevel.Tech_demo'
[2018.08.28-13.13.00:518][520]LogSlate: Window 'Am_i_Free Game Preview Standalone (64-bit/PCD3D_SM5)' being destroyed
[2018.08.28-13.13.01:300][520]LogBlueprintUserMessages: Late EndPlayMap Detection: Level '/Game/map/Maps/Tech_demo.Tech_demo:PersistentLevel' has LevelScriptBlueprint '/Game/map/Maps/Tech_demo.Tech_demo:PersistentLevel.Tech_demo' with GeneratedClass '/Game/map/Maps/Tech_demo.Tech_demo_C' with ClassGeneratedBy '/Game/map/Maps/Tech_demo.Tech_demo:PersistentLevel.Tech_demo'
[2018.08.28-13.13.01:324][520]LogUObjectGlobals: Destroyed PersistentFrame Addr=0x000002ac2b0e8940, Size=16
[2018.08.28-13.13.03:117][619]LogEditorViewport: Clicking on Actor (LMB): PostProcessVolume (PostProcessVolume)
[2018.08.28-13.13.05:159][715]Cmd: DELETE
[2018.08.28-13.13.05:159][715]Cmd: ACTOR DELETE
[2018.08.28-13.13.05:189][715]LogEditorActor: Deleted Actor: PostProcessVolume
[2018.08.28-13.13.05:203][715]LogEditorActor: Deleted 1 Actors (0.035 secs)
[2018.08.28-13.13.06:457][790]LogEditorViewport: Clicking on Actor (LMB): gridmaker_C (floor)
[2018.08.28-13.13.09:390][957]Cmd: CAMERA ALIGN ACTIVEVIEWPORTONLY
[2018.08.28-13.13.18:391][483]LogSlate: FSceneViewport::OnFocusLost() reason 0
[2018.08.28-13.13.25:644][905]LogSlate: FSceneViewport::OnFocusLost() reason 0
[2018.08.28-13.13.27:024][972]LogSlate: FSceneViewport::OnFocusLost() reason 2
[2018.08.28-13.13.31:746][237]LogSlate: FSceneViewport::OnFocusLost() reason 2
[2018.08.28-13.13.37:283][548]LogEditorViewport: Clicking on Actor (LMB): gridmaker_C (floor)
[2018.08.28-13.13.40:364][721]LogSlate: FSceneViewport::OnFocusLost() reason 0
[2018.08.28-13.13.48:044][176]LogSlate: FSceneViewport::OnFocusLost() reason 0
[2018.08.28-13.13.49:736][250]LogEditorViewport: Clicking on Actor (LMB): gridmaker_C (floor)
[2018.08.28-13.13.51:041][314]LogEditorViewport: Clicking on Actor (LMB): gridmaker_C (floor)
[2018.08.28-13.13.51:523][335]LogEditorViewport: Clicking on Actor (LMB): StaticMeshActor (HardLandscape)
[2018.08.28-13.14.00:526][853]LogEditorViewport: Clicking on Actor (LMB): StaticMeshActor (map_final_Plane_116)
[2018.08.28-13.14.02:149][929]LogEditorViewport: Clicking on Actor (LMB): door_C (door)
[2018.08.28-13.14.04:579][ 15]LogEditorViewport: Clicking on Actor (LMB): case_2_bp_C (case_2_bp_array3)
[2018.08.28-13.14.17:384][755]LogEditorViewport: Clicking on Actor (LMB): gridmaker_C (floor)
[2018.08.28-13.14.18:557][812]LogEditorViewport: Clicking on Actor (LMB): StaticMeshActor (Case_2_Case_2)
[2018.08.28-13.14.28:328][381]LogSlate: FSceneViewport::OnFocusLost() reason 0
[2018.08.28-13.14.37:575][890]LogSlate: FSceneViewport::OnFocusLost() reason 2
[2018.08.28-13.14.45:076][994]LogSlate: Window 'PP_OutlineColored' being destroyed
[2018.08.28-13.14.47:680][126]LogSlate: FSceneViewport::OnFocusLost() reason 2
[2018.08.28-13.14.57:521][694]LogSlate: FSceneViewport::OnFocusLost() reason 2
[2018.08.28-13.14.59:012][783]LogSlate: FSceneViewport::OnFocusLost() reason 2
[2018.08.28-13.15.10:462][457]LogEditorViewport: Clicking on Actor (LMB): BP_Hidable_Ceiling_Master_C (second room)
[2018.08.28-13.15.12:919][586]LogSlate: FSceneViewport::OnFocusLost() reason 0
[2018.08.28-13.15.52:821][526]LogEditorViewport: Clicking on Actor (LMB): StaticMeshActor (map_final_Plane_109)
[2018.08.28-13.15.53:180][538]LogEditorViewport: Clicking on Actor (LMB): StaticMeshActor (map_final_Plane_109)
[2018.08.28-13.15.58:302][818]LogSlate: FSceneViewport::OnFocusLost() reason 2
[2018.08.28-13.16.08:541][413]LogSlate: FSceneViewport::OnFocusLost() reason 2
[2018.08.28-13.16.17:905][966]LogSlate: FSceneViewport::OnFocusLost() reason 2
[2018.08.28-13.16.18:249][986]LogSlate: FSceneViewport::OnFocusLost() reason 2
[2018.08.28-13.16.18:659][ 10]LogSlate: FSceneViewport::OnFocusLost() reason 2
[2018.08.28-13.16.40:232][290]LogSlate: FSceneViewport::OnFocusLost() reason 0
[2018.08.28-13.16.40:314][295]LogTemp: Repeating last play command: New Editor Window (PIE)
[2018.08.28-13.16.40:347][295]LogBlueprintUserMessages: Early PlayInEditor Detection: Level '/Game/map/Maps/Tech_demo.Tech_demo:PersistentLevel' has LevelScriptBlueprint '/Game/map/Maps/Tech_demo.Tech_demo:PersistentLevel.Tech_demo' with GeneratedClass '/Game/map/Maps/Tech_demo.Tech_demo_C' with ClassGeneratedBy '/Game/map/Maps/Tech_demo.Tech_demo:PersistentLevel.Tech_demo'
[2018.08.28-13.16.40:348][295]LogPlayLevel: PlayLevel: No blueprints needed recompiling
[2018.08.28-13.16.40:348][295]PIE: New page: PIE session: Tech_demo (28 Ağu 2018 19:16:40)
[2018.08.28-13.16.40:348][295]LogPlayLevel: Creating play world package: /Game/map/Maps/UEDPIE_0_Tech_demo
[2018.08.28-13.16.40:372][295]LogPlayLevel: PIE: StaticDuplicateObject took: (0.024499s)
[2018.08.28-13.16.40:373][295]LogAIModule: Creating AISystem for world Tech_demo
[2018.08.28-13.16.40:373][295]LogPlayLevel: PIE: World Init took: (0.000962s)
[2018.08.28-13.16.40:373][295]LogPlayLevel: PIE: Created PIE world by copying editor world from /Game/map/Maps/Tech_demo.Tech_demo to /Game/map/Maps/UEDPIE_0_Tech_demo.Tech_demo (0.025651s)
[2018.08.28-13.16.40:401][295]LogInit: XAudio2 using 'Kulaklıklar (3- SteelSeries Siberia 150)' : 2 channels at 48 kHz using 16 bits per sample (channel mask 0x3)
[2018.08.28-13.16.40:439][295]LogInit: FAudioDevice initialized.
[2018.08.28-13.16.40:547][295]LogLoad: Game class is 'ThirdPersonGameMode_C'
[2018.08.28-13.16.40:622][295]LogWorld: Bringing World /Game/map/Maps/UEDPIE_0_Tech_demo.Tech_demo up for play (max tick rate 60) at 2018.08.28-16.16.40
[2018.08.28-13.16.40:625][295]LogWorld: Bringing up level for play took: 0.076845
[2018.08.28-13.16.40:633][295]PIE: Play in editor start time for /Game/map/Maps/UEDPIE_0_Tech_demo -0,388
[2018.08.28-13.16.40:634][295]LogBlueprintUserMessages: Late PlayInEditor Detection: Level '/Game/map/Maps/Tech_demo.Tech_demo:PersistentLevel' has LevelScriptBlueprint '/Game/map/Maps/Tech_demo.Tech_demo:PersistentLevel.Tech_demo' with GeneratedClass '/Game/map/Maps/Tech_demo.Tech_demo_C' with ClassGeneratedBy '/Game/map/Maps/Tech_demo.Tech_demo:PersistentLevel.Tech_demo'
[2018.08.28-13.16.42:847][418]LogBlueprintUserMessages: Early EndPlayMap Detection: Level '/Game/map/Maps/Tech_demo.Tech_demo:PersistentLevel' has LevelScriptBlueprint '/Game/map/Maps/Tech_demo.Tech_demo:PersistentLevel.Tech_demo' with GeneratedClass '/Game/map/Maps/Tech_demo.Tech_demo_C' with ClassGeneratedBy '/Game/map/Maps/Tech_demo.Tech_demo:PersistentLevel.Tech_demo'
[2018.08.28-13.16.42:880][418]LogSlate: Window 'Am_i_Free Game Preview Standalone (64-bit/PCD3D_SM5)' being destroyed
[2018.08.28-13.16.42:942][418]LogBlueprintUserMessages: Late EndPlayMap Detection: Level '/Game/map/Maps/Tech_demo.Tech_demo:PersistentLevel' has LevelScriptBlueprint '/Game/map/Maps/Tech_demo.Tech_demo:PersistentLevel.Tech_demo' with GeneratedClass '/Game/map/Maps/Tech_demo.Tech_demo_C' with ClassGeneratedBy '/Game/map/Maps/Tech_demo.Tech_demo:PersistentLevel.Tech_demo'
[2018.08.28-13.16.45:347][556]LogEditorViewport: Clicking on Actor (LMB): SpotLight (SpotLight19)
[2018.08.28-13.16.51:909][930]LogSlate: FSceneViewport::OnFocusLost() reason 0
[2018.08.28-13.16.51:992][935]LogTemp: Repeating last play command: New Editor Window (PIE)
[2018.08.28-13.16.52:024][935]LogBlueprintUserMessages: Early PlayInEditor Detection: Level '/Game/map/Maps/Tech_demo.Tech_demo:PersistentLevel' has LevelScriptBlueprint '/Game/map/Maps/Tech_demo.Tech_demo:PersistentLevel.Tech_demo' with GeneratedClass '/Game/map/Maps/Tech_demo.Tech_demo_C' with ClassGeneratedBy '/Game/map/Maps/Tech_demo.Tech_demo:PersistentLevel.Tech_demo'
[2018.08.28-13.16.52:024][935]LogPlayLevel: PlayLevel: No blueprints needed recompiling
[2018.08.28-13.16.52:025][935]PIE: New page: PIE session: Tech_demo (28 Ağu 2018 19:16:52)
[2018.08.28-13.16.52:025][935]LogPlayLevel: Creating play world package: /Game/map/Maps/UEDPIE_0_Tech_demo
[2018.08.28-13.16.52:048][935]LogPlayLevel: PIE: StaticDuplicateObject took: (0.022863s)
[2018.08.28-13.16.52:048][935]LogAIModule: Creating AISystem for world Tech_demo
[2018.08.28-13.16.52:048][935]LogPlayLevel: PIE: World Init took: (0.000623s)
[2018.08.28-13.16.52:049][935]LogPlayLevel: PIE: Created PIE world by copying editor world from /Game/map/Maps/Tech_demo.Tech_demo to /Game/map/Maps/UEDPIE_0_Tech_demo.Tech_demo (0.023790s)
[2018.08.28-13.16.52:071][935]LogInit: XAudio2 using 'Kulaklıklar (3- SteelSeries Siberia 150)' : 2 channels at 48 kHz using 16 bits per sample (channel mask 0x3)
[2018.08.28-13.16.52:110][935]LogInit: FAudioDevice initialized.
[2018.08.28-13.16.52:164][935]LogLoad: Game class is 'ThirdPersonGameMode_C'
[2018.08.28-13.16.52:246][935]LogWorld: Bringing World /Game/map/Maps/UEDPIE_0_Tech_demo.Tech_demo up for play (max tick rate 60) at 2018.08.28-16.16.52
[2018.08.28-13.16.52:249][935]LogWorld: Bringing up level for play took: 0.083584
[2018.08.28-13.16.52:257][935]PIE: Play in editor start time for /Game/map/Maps/UEDPIE_0_Tech_demo -0,764
[2018.08.28-13.16.52:258][935]LogBlueprintUserMessages: Late PlayInEditor Detection: Level '/Game/map/Maps/Tech_demo.Tech_demo:PersistentLevel' has LevelScriptBlueprint '/Game/map/Maps/Tech_demo.Tech_demo:PersistentLevel.Tech_demo' with GeneratedClass '/Game/map/Maps/Tech_demo.Tech_demo_C' with ClassGeneratedBy '/Game/map/Maps/Tech_demo.Tech_demo:PersistentLevel.Tech_demo'
[2018.08.28-13.16.54:062][ 40]LogBlueprintUserMessages: Early EndPlayMap Detection: Level '/Game/map/Maps/Tech_demo.Tech_demo:PersistentLevel' has LevelScriptBlueprint '/Game/map/Maps/Tech_demo.Tech_demo:PersistentLevel.Tech_demo' with GeneratedClass '/Game/map/Maps/Tech_demo.Tech_demo_C' with ClassGeneratedBy '/Game/map/Maps/Tech_demo.Tech_demo:PersistentLevel.Tech_demo'
[2018.08.28-13.16.54:094][ 40]LogSlate: Window 'Am_i_Free Game Preview Standalone (64-bit/PCD3D_SM5)' being destroyed
[2018.08.28-13.16.54:160][ 40]LogBlueprintUserMessages: Late EndPlayMap Detection: Level '/Game/map/Maps/Tech_demo.Tech_demo:PersistentLevel' has LevelScriptBlueprint '/Game/map/Maps/Tech_demo.Tech_demo:PersistentLevel.Tech_demo' with GeneratedClass '/Game/map/Maps/Tech_demo.Tech_demo_C' with ClassGeneratedBy '/Game/map/Maps/Tech_demo.Tech_demo:PersistentLevel.Tech_demo'
[2018.08.28-13.16.56:127][149]LogEditorViewport: Clicking on Actor (LMB): StaticMeshActor (map_final_Plane_109)
[2018.08.28-13.16.56:710][180]LogEditorViewport: Clicking on Actor (LMB): SpotLight (SpotLight19)
[2018.08.28-13.17.02:627][507]LogSlate: FSceneViewport::OnFocusLost() reason 0
[2018.08.28-13.17.02:710][512]LogTemp: Repeating last play command: New Editor Window (PIE)
[2018.08.28-13.17.02:742][512]LogBlueprintUserMessages: Early PlayInEditor Detection: Level '/Game/map/Maps/Tech_demo.Tech_demo:PersistentLevel' has LevelScriptBlueprint '/Game/map/Maps/Tech_demo.Tech_demo:PersistentLevel.Tech_demo' with GeneratedClass '/Game/map/Maps/Tech_demo.Tech_demo_C' with ClassGeneratedBy '/Game/map/Maps/Tech_demo.Tech_demo:PersistentLevel.Tech_demo'
[2018.08.28-13.17.02:743][512]LogPlayLevel: PlayLevel: No blueprints needed recompiling
[2018.08.28-13.17.02:743][512]PIE: New page: PIE session: Tech_demo (28 Ağu 2018 19:17:02)
[2018.08.28-13.17.02:743][512]LogPlayLevel: Creating play world package: /Game/map/Maps/UEDPIE_0_Tech_demo
[2018.08.28-13.17.02:766][512]LogPlayLevel: PIE: StaticDuplicateObject took: (0.023266s)
[2018.08.28-13.17.02:767][512]LogAIModule: Creating AISystem for world Tech_demo
[2018.08.28-13.17.02:767][512]LogPlayLevel: PIE: World Init took: (0.001005s)
[2018.08.28-13.17.02:768][512]LogPlayLevel: PIE: Created PIE world by copying editor world from /Game/map/Maps/Tech_demo.Tech_demo to /Game/map/Maps/UEDPIE_0_Tech_demo.Tech_demo (0.024569s)
[2018.08.28-13.17.02:789][512]LogInit: XAudio2 using 'Kulaklıklar (3- SteelSeries Siberia 150)' : 2 channels at 48 kHz using 16 bits per sample (channel mask 0x3)
[2018.08.28-13.17.02:829][512]LogInit: FAudioDevice initialized.
[2018.08.28-13.17.02:881][512]LogLoad: Game class is 'ThirdPersonGameMode_C'
[2018.08.28-13.17.02:959][512]LogWorld: Bringing World /Game/map/Maps/UEDPIE_0_Tech_demo.Tech_demo up for play (max tick rate 60) at 2018.08.28-16.17.02
[2018.08.28-13.17.02:963][512]LogWorld: Bringing up level for play took: 0.080061
[2018.08.28-13.17.02:971][512]PIE: Play in editor start time for /Game/map/Maps/UEDPIE_0_Tech_demo -0,049
[2018.08.28-13.17.02:971][512]LogBlueprintUserMessages: Late PlayInEditor Detection: Level '/Game/map/Maps/Tech_demo.Tech_demo:PersistentLevel' has LevelScriptBlueprint '/Game/map/Maps/Tech_demo.Tech_demo:PersistentLevel.Tech_demo' with GeneratedClass '/Game/map/Maps/Tech_demo.Tech_demo_C' with ClassGeneratedBy '/Game/map/Maps/Tech_demo.Tech_demo:PersistentLevel.Tech_demo'
[2018.08.28-13.17.19:963][525]LogBlueprintUserMessages: Early EndPlayMap Detection: Level '/Game/map/Maps/Tech_demo.Tech_demo:PersistentLevel' has LevelScriptBlueprint '/Game/map/Maps/Tech_demo.Tech_demo:PersistentLevel.Tech_demo' with GeneratedClass '/Game/map/Maps/Tech_demo.Tech_demo_C' with ClassGeneratedBy '/Game/map/Maps/Tech_demo.Tech_demo:PersistentLevel.Tech_demo'
[2018.08.28-13.17.19:997][525]LogSlate: Window 'Am_i_Free Game Preview Standalone (64-bit/PCD3D_SM5)' being destroyed
[2018.08.28-13.17.20:064][525]LogBlueprintUserMessages: Late EndPlayMap Detection: Level '/Game/map/Maps/Tech_demo.Tech_demo:PersistentLevel' has LevelScriptBlueprint '/Game/map/Maps/Tech_demo.Tech_demo:PersistentLevel.Tech_demo' with GeneratedClass '/Game/map/Maps/Tech_demo.Tech_demo_C' with ClassGeneratedBy '/Game/map/Maps/Tech_demo.Tech_demo:PersistentLevel.Tech_demo'
[2018.08.28-13.17.23:908][749]LogSlate: FSceneViewport::OnFocusLost() reason 2
[2018.08.28-13.17.25:173][823]LogSlate: FSceneViewport::OnFocusLost() reason 2
[2018.08.28-13.17.32:185][235]LogSlate: FSceneViewport::OnFocusLost() reason 2
[2018.08.28-13.17.32:794][271]LogSlate: FSceneViewport::OnFocusLost() reason 2
[2018.08.28-13.17.37:731][567]LogSlate: FSceneViewport::OnFocusLost() reason 2
[2018.08.28-13.17.38:224][596]LogSlate: FSceneViewport::OnFocusLost() reason 2
[2018.08.28-13.17.46:291][ 72]LogSlate: FSceneViewport::OnFocusLost() reason 2
[2018.08.28-13.17.46:698][ 96]LogSlate: FSceneViewport::OnFocusLost() reason 2
[2018.08.28-13.17.47:165][123]LogSlate: FSceneViewport::OnFocusLost() reason 2
[2018.08.28-13.18.21:292][160]LogSlate: FSceneViewport::OnFocusLost() reason 0
[2018.08.28-13.18.53:760][709]LogUObjectGlobals: Destroyed PersistentFrame Addr=0x000002ab8cb3ec40, Size=16
[2018.08.28-13.18.53:760][709]LogUObjectGlobals: Created PersistentFrame Addr=0x000002aba2e639b0, Size=16, Default__Tech_demo_C Function /Engine/Transient.REINST_Tech_demo_C_46:ExecuteUbergraph_Tech_demo
[2018.08.28-13.18.53:761][709]LogUObjectGlobals: Created PersistentFrame Addr=0x000002aba2e609c0, Size=16, Default__Tech_demo_C Function /Game/map/Maps/Tech_demo.Tech_demo_C:ExecuteUbergraph_Tech_demo
[2018.08.28-13.18.54:402][709]LogSavePackage: Save=647.78ms
[2018.08.28-13.18.54:402][709]LogSavePackage: Moving '../../../../../../Users/Mahir/Documents/GitHub/VogsAmIFree/Saved/Tech_demo_Auto1805074174F67FF59970289A41D664967.tmp' to '../../../../../../Users/Mahir/Documents/GitHub/VogsAmIFree/Saved/Autosaves/Game/map/Maps/Tech_demo_Auto1.umap'
[2018.08.28-13.18.54:770][709]LogSavePackage: Display: Finished SavePackage ../../../../../../Users/Mahir/Documents/GitHub/VogsAmIFree/Saved/Autosaves/Game/map/Maps/Tech_demo_Auto1.umap
[2018.08.28-13.18.54:785][709]LogFileHelpers: Editor autosave (incl. sublevels) for '/Game/map/Maps/Tech_demo' took 1.175
[2018.08.28-13.18.54:786][709]LogFileHelpers: Editor autosave (incl. sublevels) for all levels took 1.175
[2018.08.28-13.23.25:802][120]LogEditorViewport: Clicking on Actor (LMB): ThirdPersonCharacter_C (ThirdPersonCharacter)
[2018.08.28-13.23.27:244][180]LogSlate: FSceneViewport::OnFocusLost() reason 0
[2018.08.28-13.23.27:344][186]LogTemp: Repeating last play command: New Editor Window (PIE)
[2018.08.28-13.23.27:375][186]LogBlueprintUserMessages: Early PlayInEditor Detection: Level '/Game/map/Maps/Tech_demo.Tech_demo:PersistentLevel' has LevelScriptBlueprint '/Game/map/Maps/Tech_demo.Tech_demo:PersistentLevel.Tech_demo' with GeneratedClass '/Game/map/Maps/Tech_demo.Tech_demo_C' with ClassGeneratedBy '/Game/map/Maps/Tech_demo.Tech_demo:PersistentLevel.Tech_demo'
[2018.08.28-13.23.27:375][186]LogPlayLevel: PlayLevel: No blueprints needed recompiling
[2018.08.28-13.23.27:375][186]PIE: New page: PIE session: Tech_demo (28 Ağu 2018 19:23:27)
[2018.08.28-13.23.27:375][186]LogPlayLevel: Creating play world package: /Game/map/Maps/UEDPIE_0_Tech_demo
[2018.08.28-13.23.27:398][186]LogPlayLevel: PIE: StaticDuplicateObject took: (0.022678s)
[2018.08.28-13.23.27:398][186]LogAIModule: Creating AISystem for world Tech_demo
[2018.08.28-13.23.27:399][186]LogPlayLevel: PIE: World Init took: (0.000761s)
[2018.08.28-13.23.27:399][186]LogPlayLevel: PIE: Created PIE world by copying editor world from /Game/map/Maps/Tech_demo.Tech_demo to /Game/map/Maps/UEDPIE_0_Tech_demo.Tech_demo (0.023706s)
[2018.08.28-13.23.27:411][186]LogUObjectGlobals: Destroyed PersistentFrame Addr=0x000002aba2e639b0, Size=16
[2018.08.28-13.23.27:453][186]LogInit: XAudio2 using 'Kulaklıklar (3- SteelSeries Siberia 150)' : 2 channels at 48 kHz using 16 bits per sample (channel mask 0x3)
[2018.08.28-13.23.27:487][186]LogInit: FAudioDevice initialized.
[2018.08.28-13.23.27:543][186]LogLoad: Game class is 'ThirdPersonGameMode_C'
[2018.08.28-13.23.27:620][186]LogWorld: Bringing World /Game/map/Maps/UEDPIE_0_Tech_demo.Tech_demo up for play (max tick rate 60) at 2018.08.28-16.23.27
[2018.08.28-13.23.27:623][186]LogWorld: Bringing up level for play took: 0.078553
[2018.08.28-13.23.27:630][186]PIE: Play in editor start time for /Game/map/Maps/UEDPIE_0_Tech_demo 0,61
[2018.08.28-13.23.27:631][186]LogBlueprintUserMessages: Late PlayInEditor Detection: Level '/Game/map/Maps/Tech_demo.Tech_demo:PersistentLevel' has LevelScriptBlueprint '/Game/map/Maps/Tech_demo.Tech_demo:PersistentLevel.Tech_demo' with GeneratedClass '/Game/map/Maps/Tech_demo.Tech_demo_C' with ClassGeneratedBy '/Game/map/Maps/Tech_demo.Tech_demo:PersistentLevel.Tech_demo'
[2018.08.28-13.23.35:381][644]LogBlueprintUserMessages: Early EndPlayMap Detection: Level '/Game/map/Maps/Tech_demo.Tech_demo:PersistentLevel' has LevelScriptBlueprint '/Game/map/Maps/Tech_demo.Tech_demo:PersistentLevel.Tech_demo' with GeneratedClass '/Game/map/Maps/Tech_demo.Tech_demo_C' with ClassGeneratedBy '/Game/map/Maps/Tech_demo.Tech_demo:PersistentLevel.Tech_demo'
[2018.08.28-13.23.35:413][644]LogSlate: Window 'Am_i_Free Game Preview Standalone (64-bit/PCD3D_SM5)' being destroyed
[2018.08.28-13.23.35:481][644]LogBlueprintUserMessages: Late EndPlayMap Detection: Level '/Game/map/Maps/Tech_demo.Tech_demo:PersistentLevel' has LevelScriptBlueprint '/Game/map/Maps/Tech_demo.Tech_demo:PersistentLevel.Tech_demo' with GeneratedClass '/Game/map/Maps/Tech_demo.Tech_demo_C' with ClassGeneratedBy '/Game/map/Maps/Tech_demo.Tech_demo:PersistentLevel.Tech_demo'
[2018.08.28-13.23.37:430][753]LogEditorViewport: Clicking on Actor (LMB): ThirdPersonCharacter_C (ThirdPersonCharacter)
[2018.08.28-13.23.38:291][789]LogEditorViewport: Clicking on Actor (LMB): ThirdPersonCharacter_C (ThirdPersonCharacter)
[2018.08.28-13.23.38:371][791]LogEditorViewport: Clicking on Component (LMB): CameraComponent (Camera)
[2018.08.28-13.23.45:129][126]LogEditorViewport: Clicking on Component (LMB): CameraComponent (FollowCamera)
[2018.08.28-13.23.45:257][127]LogEditorViewport: Clicking on Actor (double click): ThirdPersonCharacter_C (ThirdPersonCharacter)
[2018.08.28-13.23.46:699][190]LogEditorViewport: Clicking on Actor (LMB): ThirdPersonCharacter_C (ThirdPersonCharacter)
[2018.08.28-13.23.47:041][208]LogEditorViewport: Clicking on Component (LMB): CameraComponent (FollowCamera)
[2018.08.28-13.23.47:389][223]LogEditorViewport: Clicking on Component (LMB): CameraComponent (FollowCamera)
[2018.08.28-13.23.48:892][312]LogEditorViewport: Clicking on Component (LMB): CameraComponent (Camera)
[2018.08.28-13.23.49:020][313]LogEditorViewport: Clicking on Actor (double click): ThirdPersonCharacter_C (ThirdPersonCharacter)
[2018.08.28-13.23.49:876][359]LogEditorViewport: Clicking on Actor (LMB): gridmaker_C (floor)
[2018.08.28-13.23.50:240][377]LogEditorViewport: Clicking on Component (LMB): InstancedStaticMeshComponent (grid)
[2018.08.28-13.24.00:693][377]LogMemory: Warning: Freeing 33554432 bytes from backup pool to handle out of memory.
[2018.08.28-13.24.00:693][377]LogMemory: Warning: MemoryStats:
	AvailablePhysical 4649287680
	 AvailableVirtual 140725657366528
	     UsedPhysical 5323694080
	 PeakUsedPhysical 5323694080
	      UsedVirtual 6435831808
	  PeakUsedVirtual 6440034304
[2018.08.28-13.24.00:693][377]Allocator Stats for TBB: (not implemented)
[2018.08.28-13.24.00:694][377]LogWindows: Windows GetLastError: İşlem başarıyla tamamlandı. (0)
[2018.08.28-13.24.07:583][377]LogWindows: Warning: SymLoadModuleExW. Error: -529697949
[2018.08.28-13.24.07:583][377]LogWindows: Warning: SymLoadModuleExW. Error: -529697949
[2018.08.28-13.24.07:584][377]LogWindows: Warning: SymLoadModuleExW. Error: -529697949
[2018.08.28-13.24.07:584][377]LogWindows: Error: === Critical error: ===
[2018.08.28-13.24.07:584][377]LogWindows: Error: 
[2018.08.28-13.24.07:584][377]LogWindows: Error: Fatal error: [File:D:\Build\++UE4+Release-4.19+Compile\Sync\Engine\Source\Runtime\Core\Private\GenericPlatform\GenericPlatformMemory.cpp] [Line: 183] 
[2018.08.28-13.24.07:584][377]LogWindows: Error: Ran out of memory allocating 1936 bytes with alignment 0
[2018.08.28-13.24.07:584][377]LogWindows: Error: 
[2018.08.28-13.24.07:584][377]LogWindows: Error: 
[2018.08.28-13.24.07:584][377]LogWindows: Error: [Callstack] 0x000000001E88A388 KERNELBASE.dll!UnknownFunction []
[2018.08.28-13.24.07:584][377]LogWindows: Error: [Callstack] 0x00000000F4027884 UE4Editor-ApplicationCore.dll!UnknownFunction []
[2018.08.28-13.24.07:584][377]LogWindows: Error: [Callstack] 0x00000000ADD06D9B UE4Editor-Core.dll!UnknownFunction []
[2018.08.28-13.24.07:584][377]LogWindows: Error: [Callstack] 0x00000000ADC41949 UE4Editor-Core.dll!UnknownFunction []
[2018.08.28-13.24.07:584][377]LogWindows: Error: [Callstack] 0x00000000ADB143DA UE4Editor-Core.dll!UnknownFunction []
[2018.08.28-13.24.07:584][377]LogWindows: Error: [Callstack] 0x00000000ADB80B49 UE4Editor-Core.dll!UnknownFunction []
[2018.08.28-13.24.07:584][377]LogWindows: Error: [Callstack] 0x00000000ADB80D4C UE4Editor-Core.dll!UnknownFunction []
[2018.08.28-13.24.07:584][377]LogWindows: Error: [Callstack] 0x0000000098F660B9 UE4Editor-DetailCustomizations.dll!UnknownFunction []
[2018.08.28-13.24.07:584][377]LogWindows: Error: [Callstack] 0x0000000098F615D6 UE4Editor-DetailCustomizations.dll!UnknownFunction []
[2018.08.28-13.24.07:584][377]LogWindows: Error: [Callstack] 0x00000000990B7EB6 UE4Editor-DetailCustomizations.dll!UnknownFunction []
[2018.08.28-13.24.07:584][377]LogWindows: Error: [Callstack] 0x0000000098F63A1C UE4Editor-DetailCustomizations.dll!UnknownFunction []
[2018.08.28-13.24.07:584][377]LogWindows: Error: [Callstack] 0x000000009923CF52 UE4Editor-DetailCustomizations.dll!UnknownFunction []
[2018.08.28-13.24.07:584][377]LogWindows: Error: [Callstack] 0x00000000992D871A UE4Editor-DetailCustomizations.dll!UnknownFunction []
[2018.08.28-13.24.07:584][377]LogWindows: Error: [Callstack] 0x00000000992AD8CB UE4Editor-DetailCustomizations.dll!UnknownFunction []
[2018.08.28-13.24.07:584][377]LogWindows: Error: [Callstack] 0x000000009BBEA037 UE4Editor-PropertyEditor.dll!UnknownFunction []
[2018.08.28-13.24.07:584][377]LogWindows: Error: [Callstack] 0x000000009BBCB232 UE4Editor-PropertyEditor.dll!UnknownFunction []
[2018.08.28-13.24.07:584][377]LogWindows: Error: [Callstack] 0x000000009BBCB697 UE4Editor-PropertyEditor.dll!UnknownFunction []
[2018.08.28-13.24.07:584][377]LogWindows: Error: [Callstack] 0x000000009BB9EB06 UE4Editor-PropertyEditor.dll!UnknownFunction []
[2018.08.28-13.24.07:584][377]LogWindows: Error: [Callstack] 0x000000009BBE5800 UE4Editor-PropertyEditor.dll!UnknownFunction []
[2018.08.28-13.24.07:584][377]LogWindows: Error: [Callstack] 0x000000009BB9C4C7 UE4Editor-PropertyEditor.dll!UnknownFunction []
[2018.08.28-13.24.07:584][377]LogWindows: Error: [Callstack] 0x000000009BB9EB06 UE4Editor-PropertyEditor.dll!UnknownFunction []
[2018.08.28-13.24.07:584][377]LogWindows: Error: [Callstack] 0x000000009BBE5800 UE4Editor-PropertyEditor.dll!UnknownFunction []
[2018.08.28-13.24.07:584][377]LogWindows: Error: [Callstack] 0x000000009BB9C4C7 UE4Editor-PropertyEditor.dll!UnknownFunction []
[2018.08.28-13.24.07:584][377]LogWindows: Error: [Callstack] 0x000000009BBA2008 UE4Editor-PropertyEditor.dll!UnknownFunction []
[2018.08.28-13.24.07:584][377]LogWindows: Error: [Callstack] 0x000000009BB9F907 UE4Editor-PropertyEditor.dll!UnknownFunction []
[2018.08.28-13.24.07:584][377]LogWindows: Error: [Callstack] 0x000000009BB9D027 UE4Editor-PropertyEditor.dll!UnknownFunction []
[2018.08.28-13.24.07:584][377]LogWindows: Error: [Callstack] 0x000000009BBA1BD2 UE4Editor-PropertyEditor.dll!UnknownFunction []
[2018.08.28-13.24.07:584][377]LogWindows: Error: [Callstack] 0x000000009BB36F29 UE4Editor-PropertyEditor.dll!UnknownFunction []
[2018.08.28-13.24.07:584][377]LogWindows: Error: [Callstack] 0x000000009BBA09EB UE4Editor-PropertyEditor.dll!UnknownFunction []
[2018.08.28-13.24.07:584][377]LogWindows: Error: [Callstack] 0x000000009BD15802 UE4Editor-PropertyEditor.dll!UnknownFunction []
[2018.08.28-13.24.07:584][377]LogWindows: Error: [Callstack] 0x000000009BD13B9F UE4Editor-PropertyEditor.dll!UnknownFunction []
[2018.08.28-13.24.07:585][377]LogWindows: Error: [Callstack] 0x000000009BCE250B UE4Editor-PropertyEditor.dll!UnknownFunction []
[2018.08.28-13.24.07:585][377]LogWindows: Error: [Callstack] 0x000000009BCFFD31 UE4Editor-PropertyEditor.dll!UnknownFunction []
[2018.08.28-13.24.07:585][377]LogWindows: Error: [Callstack] 0x000000009BD00C73 UE4Editor-PropertyEditor.dll!UnknownFunction []
[2018.08.28-13.24.07:585][377]LogWindows: Error: [Callstack] 0x000000009A179FFE UE4Editor-LevelEditor.dll!UnknownFunction []
[2018.08.28-13.24.07:585][377]LogWindows: Error: [Callstack] 0x000000009A145E0E UE4Editor-LevelEditor.dll!UnknownFunction []
[2018.08.28-13.24.07:585][377]LogWindows: Error: [Callstack] 0x000000009A107BC6 UE4Editor-LevelEditor.dll!UnknownFunction []
[2018.08.28-13.24.07:585][377]LogWindows: Error: [Callstack] 0x00000000AC6806C7 UE4Editor-UnrealEd.dll!UnknownFunction []
[2018.08.28-13.24.07:585][377]LogWindows: Error: [Callstack] 0x00000000AC7E5466 UE4Editor-UnrealEd.dll!UnknownFunction []
[2018.08.28-13.24.07:585][377]LogWindows: Error: [Callstack] 0x00000000AC7F4FCA UE4Editor-UnrealEd.dll!UnknownFunction []
[2018.08.28-13.24.07:585][377]LogWindows: Error: [Callstack] 0x00000000ACBF8350 UE4Editor-UnrealEd.dll!UnknownFunction []
[2018.08.28-13.24.07:585][377]LogWindows: Error: [Callstack] 0x00000000ACC18477 UE4Editor-UnrealEd.dll!UnknownFunction []
[2018.08.28-13.24.07:585][377]LogWindows: Error: [Callstack] 0x00000000AC84DED0 UE4Editor-UnrealEd.dll!UnknownFunction []
[2018.08.28-13.24.07:585][377]LogWindows: Error: [Callstack] 0x00000000AC8455AC UE4Editor-UnrealEd.dll!UnknownFunction []
[2018.08.28-13.24.07:585][377]LogWindows: Error: [Callstack] 0x00000000ACC12FA0 UE4Editor-UnrealEd.dll!UnknownFunction []
[2018.08.28-13.24.07:585][377]LogWindows: Error: [Callstack] 0x000000009E7295F0 UE4Editor-Engine.dll!UnknownFunction []
[2018.08.28-13.24.07:585][377]LogWindows: Error: [Callstack] 0x00000000C1635D77 UE4Editor-Slate.dll!UnknownFunction []
[2018.08.28-13.24.07:585][377]LogWindows: Error: [Callstack] 0x00000000C13D64EE UE4Editor-Slate.dll!UnknownFunction []
[2018.08.28-13.24.07:585][377]LogWindows: Error: [Callstack] 0x00000000C13A79DE UE4Editor-Slate.dll!UnknownFunction []
[2018.08.28-13.24.07:585][377]LogWindows: Error: [Callstack] 0x00000000C143D8A4 UE4Editor-Slate.dll!UnknownFunction []
[2018.08.28-13.24.07:585][377]LogWindows: Error: [Callstack] 0x00000000C1427066 UE4Editor-Slate.dll!UnknownFunction []
[2018.08.28-13.24.07:585][377]LogWindows: Error: [Callstack] 0x00000000C141A993 UE4Editor-Slate.dll!UnknownFunction []
[2018.08.28-13.24.07:585][377]LogWindows: Error: [Callstack] 0x00000000F401E649 UE4Editor-ApplicationCore.dll!UnknownFunction []
[2018.08.28-13.24.07:585][377]LogWindows: Error: [Callstack] 0x00000000F4011B78 UE4Editor-ApplicationCore.dll!UnknownFunction []
[2018.08.28-13.24.07:585][377]LogWindows: Error: [Callstack] 0x00000000F402052C UE4Editor-ApplicationCore.dll!UnknownFunction []
[2018.08.28-13.24.07:585][377]LogWindows: Error: [Callstack] 0x00000000F400D679 UE4Editor-ApplicationCore.dll!UnknownFunction []
[2018.08.28-13.24.07:585][377]LogWindows: Error: [Callstack] 0x000000001F7C6CC1 USER32.dll!UnknownFunction []
[2018.08.28-13.24.07:585][377]LogWindows: Error: [Callstack] 0x000000001F7C6693 USER32.dll!UnknownFunction []
[2018.08.28-13.24.07:585][377]LogWindows: Error: [Callstack] 0x00000000F4021666 UE4Editor-ApplicationCore.dll!UnknownFunction []
[2018.08.28-13.24.07:585][377]LogWindows: Error: [Callstack] 0x0000000034165475 UE4Editor.exe!UnknownFunction []
[2018.08.28-13.24.07:585][377]LogWindows: Error: [Callstack] 0x0000000034176BD0 UE4Editor.exe!UnknownFunction []
[2018.08.28-13.24.07:585][377]LogWindows: Error: [Callstack] 0x0000000034176C4A UE4Editor.exe!UnknownFunction []
[2018.08.28-13.24.07:585][377]LogWindows: Error: [Callstack] 0x0000000034184177 UE4Editor.exe!UnknownFunction []
[2018.08.28-13.24.07:585][377]LogWindows: Error: [Callstack] 0x0000000034185B87 UE4Editor.exe!UnknownFunction []
[2018.08.28-13.24.07:585][377]LogWindows: Error: [Callstack] 0x0000000021473034 KERNEL32.DLL!UnknownFunction []
[2018.08.28-13.24.07:585][377]LogWindows: Error: [Callstack] 0x0000000021A41431 ntdll.dll!UnknownFunction []
[2018.08.28-13.24.07:585][377]LogWindows: Error: [Callstack] 0x0000000021A41431 ntdll.dll!UnknownFunction []
[2018.08.28-13.24.07:585][377]LogWindows: Error: 
[2018.08.28-13.24.07:600][377]LogExit: Executing StaticShutdownAfterError
[2018.08.28-13.24.07:632][377]LogWindows: FPlatformMisc::RequestExit(1)
[2018.08.28-13.24.07:667][377]Log file closed, 08/28/18 16:24:07
