Log file open, 09/11/18 16:32:16
LogWindows: Failed to load 'aqProf.dll' (GetLastError=126)
LogWindows: File 'aqProf.dll' does not exist
LogWindows: Failed to load 'VtuneApi.dll' (GetLastError=126)
LogWindows: File 'VtuneApi.dll' does not exist
LogWindows: Failed to load 'VtuneApi32e.dll' (GetLastError=126)
LogWindows: File 'VtuneApi32e.dll' does not exist
LogInit: Display: Running engine for game: Am_i_Free
LogPlatformFile: Not using cached read wrapper
LogInit: Display: RandInit(1889471862) SRandInit(1889471862).
LogInit: Read version file with build ID '3944462'
LogInit: Overriding engine version to CL 4033788, compatible CL 3944462
LogInit: Registered custom module enumerator with build ID '3944462'
LogTaskGraph: Started task graph with 5 named threads and 23 total threads with 3 sets of task threads.
LogStats: Stats thread started at 0.272206
LogD3D11RHI: Aftermath initialized
LogICUInternationalization: Display: ICU TimeZone Detection - Raw Offset: +2:00, Platform Override: ''
LogModuleManager: Display: Found up-to-date module file ../../../Engine/Plugins/Marketplace/Substance/Binaries/Win64/UE4Editor-SubstanceCore.dll (API version 3944462).
LogModuleManager: Display: Found up-to-date module file ../../../Engine/Plugins/Marketplace/Substance/Binaries/Win64/UE4Editor-SubstanceEditor.dll (API version 3944462).
LogModuleManager: Display: Found up-to-date module file ../../../Engine/Plugins/Marketplace/Substance/Binaries/Win64/UE4Editor-SubstanceSource.dll (API version 3944462).
LogModuleManager: Display: Found up-to-date module file ../../../Engine/Plugins/Marketplace/Substance/Binaries/Win64/UE4Editor-SubstanceLiveLink.dll (API version 3944462).
LogModuleManager: Display: Found up-to-date module file ../../../Engine/Plugins/2D/Paper2D/Binaries/Win64/UE4Editor-Paper2D.dll (API version 3944462).
LogModuleManager: Display: Found up-to-date module file ../../../Engine/Plugins/2D/Paper2D/Binaries/Win64/UE4Editor-Paper2DEditor.dll (API version 3944462).
LogModuleManager: Display: Found up-to-date module file ../../../Engine/Plugins/2D/Paper2D/Binaries/Win64/UE4Editor-PaperSpriteSheetImporter.dll (API version 3944462).
LogModuleManager: Display: Found up-to-date module file ../../../Engine/Plugins/2D/Paper2D/Binaries/Win64/UE4Editor-PaperTiledImporter.dll (API version 3944462).
LogModuleManager: Display: Found up-to-date module file ../../../Engine/Plugins/2D/Paper2D/Binaries/Win64/UE4Editor-SmartSnapping.dll (API version 3944462).
LogModuleManager: Display: Found up-to-date module file ../../../Engine/Plugins/Blendables/LightPropagationVolume/Binaries/Win64/UE4Editor-LightPropagationVolumeRuntime.dll (API version 3944462).
LogModuleManager: Display: Found up-to-date module file ../../../Engine/Plugins/Blendables/LightPropagationVolume/Binaries/Win64/UE4Editor-LightPropagationVolumeEditor.dll (API version 3944462).
LogModuleManager: Display: Found up-to-date module file ../../../Engine/Plugins/Developer/CLionSourceCodeAccess/Binaries/Win64/UE4Editor-CLionSourceCodeAccess.dll (API version 3944462).
LogModuleManager: Display: Found up-to-date module file ../../../Engine/Plugins/Developer/GitSourceControl/Binaries/Win64/UE4Editor-GitSourceControl.dll (API version 3944462).
LogModuleManager: Display: Found up-to-date module file ../../../Engine/Plugins/Developer/PerforceSourceControl/Binaries/Win64/UE4Editor-PerforceSourceControl.dll (API version 3944462).
LogModuleManager: Display: Found up-to-date module file ../../../Engine/Plugins/Developer/SubversionSourceControl/Binaries/Win64/UE4Editor-SubversionSourceControl.dll (API version 3944462).
LogModuleManager: Display: Found up-to-date module file ../../../Engine/Plugins/Developer/UObjectPlugin/Binaries/Win64/UE4Editor-UObjectPlugin.dll (API version 3944462).
LogModuleManager: Display: Found up-to-date module file ../../../Engine/Plugins/Developer/VisualStudioCodeSourceCodeAccess/Binaries/Win64/UE4Editor-VisualStudioCodeSourceCodeAccess.dll (API version 3944462).
LogModuleManager: Display: Found up-to-date module file ../../../Engine/Plugins/Developer/VisualStudioSourceCodeAccess/Binaries/Win64/UE4Editor-VisualStudioSourceCodeAccess.dll (API version 3944462).
LogModuleManager: Display: Found up-to-date module file ../../../Engine/Plugins/Editor/AssetManagerEditor/Binaries/Win64/UE4Editor-AssetManagerEditor.dll (API version 3944462).
LogModuleManager: Display: Found up-to-date module file ../../../Engine/Plugins/Editor/CryptoKeys/Binaries/Win64/UE4Editor-CryptoKeys.dll (API version 3944462).
LogModuleManager: Display: Found up-to-date module file ../../../Engine/Plugins/Editor/CryptoKeys/Binaries/Win64/UE4Editor-CryptoKeysOpenSSL.dll (API version 3944462).
LogModuleManager: Display: Found up-to-date module file ../../../Engine/Plugins/Editor/DataValidation/Binaries/Win64/UE4Editor-DataValidation.dll (API version 3944462).
LogModuleManager: Display: Found up-to-date module file ../../../Engine/Plugins/Editor/FacialAnimation/Binaries/Win64/UE4Editor-FacialAnimation.dll (API version 3944462).
LogModuleManager: Display: Found up-to-date module file ../../../Engine/Plugins/Editor/FacialAnimation/Binaries/Win64/UE4Editor-FacialAnimationEditor.dll (API version 3944462).
LogModuleManager: Display: Found up-to-date module file ../../../Engine/Plugins/Editor/GameplayTagsEditor/Binaries/Win64/UE4Editor-GameplayTagsEditor.dll (API version 3944462).
LogModuleManager: Display: Found up-to-date module file ../../../Engine/Plugins/Editor/MobileLauncherProfileWizard/Binaries/Win64/UE4Editor-MobileLauncherProfileWizard.dll (API version 3944462).
LogModuleManager: Display: Found up-to-date module file ../../../Engine/Plugins/Editor/PluginBrowser/Binaries/Win64/UE4Editor-PluginBrowser.dll (API version 3944462).
LogModuleManager: Display: Found up-to-date module file ../../../Engine/Plugins/Editor/SpeedTreeImporter/Binaries/Win64/UE4Editor-SpeedTreeImporter.dll (API version 3944462).
LogModuleManager: Display: Found up-to-date module file ../../../Engine/Plugins/Enterprise/DatasmithContent/Binaries/Win64/UE4Editor-DatasmithContent.dll (API version 3944462).
LogModuleManager: Display: Found up-to-date module file ../../../Engine/Plugins/Experimental/AlembicImporter/Binaries/Win64/UE4Editor-AlembicImporter.dll (API version 3944462).
LogModuleManager: Display: Found up-to-date module file ../../../Engine/Plugins/Experimental/AlembicImporter/Binaries/Win64/UE4Editor-AlembicLibrary.dll (API version 3944462).
LogModuleManager: Display: Found up-to-date module file ../../../Engine/Plugins/Experimental/CharacterAI/Binaries/Win64/UE4Editor-CharacterAI.dll (API version 3944462).
LogModuleManager: Display: Found up-to-date module file ../../../Engine/Plugins/Experimental/HTML5Networking/Binaries/Win64/UE4Editor-HTML5Networking.dll (API version 3944462).
LogModuleManager: Display: Found up-to-date module file ../../../Engine/Plugins/Media/AndroidMedia/Binaries/Win64/UE4Editor-AndroidMediaEditor.dll (API version 3944462).
LogModuleManager: Display: Found up-to-date module file ../../../Engine/Plugins/Media/AndroidMedia/Binaries/Win64/UE4Editor-AndroidMediaFactory.dll (API version 3944462).
LogModuleManager: Display: Found up-to-date module file ../../../Engine/Plugins/Media/AvfMedia/Binaries/Win64/UE4Editor-AvfMediaEditor.dll (API version 3944462).
LogModuleManager: Display: Found up-to-date module file ../../../Engine/Plugins/Media/AvfMedia/Binaries/Win64/UE4Editor-AvfMediaFactory.dll (API version 3944462).
LogModuleManager: Display: Found up-to-date module file ../../../Engine/Plugins/Media/AvfMedia/Binaries/Win64/UE4Editor-AvfMediaFactory.dll (API version 3944462).
LogModuleManager: Display: Found up-to-date module file ../../../Engine/Plugins/Media/ImgMedia/Binaries/Win64/UE4Editor-ImgMedia.dll (API version 3944462).
LogModuleManager: Display: Found up-to-date module file ../../../Engine/Plugins/Media/ImgMedia/Binaries/Win64/UE4Editor-ImgMediaEditor.dll (API version 3944462).
LogModuleManager: Display: Found up-to-date module file ../../../Engine/Plugins/Media/ImgMedia/Binaries/Win64/UE4Editor-ImgMediaFactory.dll (API version 3944462).
LogModuleManager: Display: Found up-to-date module file ../../../Engine/Plugins/Media/ImgMedia/Binaries/Win64/UE4Editor-ImgMediaFactory.dll (API version 3944462).
LogModuleManager: Display: Found up-to-date module file ../../../Engine/Plugins/Media/ImgMedia/Binaries/Win64/UE4Editor-OpenExrWrapper.dll (API version 3944462).
LogModuleManager: Display: Found up-to-date module file ../../../Engine/Plugins/Media/LinearTimecode/Binaries/Win64/UE4Editor-LinearTimecode.dll (API version 3944462).
LogModuleManager: Display: Found up-to-date module file ../../../Engine/Plugins/Media/MediaCompositing/Binaries/Win64/UE4Editor-MediaCompositing.dll (API version 3944462).
LogModuleManager: Display: Found up-to-date module file ../../../Engine/Plugins/Media/MediaCompositing/Binaries/Win64/UE4Editor-MediaCompositingEditor.dll (API version 3944462).
LogModuleManager: Display: Found up-to-date module file ../../../Engine/Plugins/Media/MediaPlayerEditor/Binaries/Win64/UE4Editor-MediaPlayerEditor.dll (API version 3944462).
LogModuleManager: Display: Found up-to-date module file ../../../Engine/Plugins/Media/WmfMedia/Binaries/Win64/UE4Editor-WmfMedia.dll (API version 3944462).
LogModuleManager: Display: Found up-to-date module file ../../../Engine/Plugins/Media/WmfMedia/Binaries/Win64/UE4Editor-WmfMediaEditor.dll (API version 3944462).
LogModuleManager: Display: Found up-to-date module file ../../../Engine/Plugins/Media/WmfMedia/Binaries/Win64/UE4Editor-WmfMediaFactory.dll (API version 3944462).
LogModuleManager: Display: Found up-to-date module file ../../../Engine/Plugins/Media/WmfMedia/Binaries/Win64/UE4Editor-WmfMediaFactory.dll (API version 3944462).
LogModuleManager: Display: Found up-to-date module file ../../../Engine/Plugins/Messaging/TcpMessaging/Binaries/Win64/UE4Editor-TcpMessaging.dll (API version 3944462).
LogModuleManager: Display: Found up-to-date module file ../../../Engine/Plugins/Messaging/UdpMessaging/Binaries/Win64/UE4Editor-UdpMessaging.dll (API version 3944462).
LogModuleManager: Display: Found up-to-date module file ../../../Engine/Plugins/MovieScene/ActorSequence/Binaries/Win64/UE4Editor-ActorSequence.dll (API version 3944462).
LogModuleManager: Display: Found up-to-date module file ../../../Engine/Plugins/MovieScene/LevelSequenceEditor/Binaries/Win64/UE4Editor-LevelSequenceEditor.dll (API version 3944462).
LogModuleManager: Display: Found up-to-date module file ../../../Engine/Plugins/MovieScene/MatineeToLevelSequence/Binaries/Win64/UE4Editor-MatineeToLevelSequence.dll (API version 3944462).
LogModuleManager: Display: Found up-to-date module file ../../../Engine/Plugins/NetcodeUnitTest/NetcodeUnitTest/Binaries/Win64/UE4Editor-NetcodeUnitTest.dll (API version 3944462).
LogModuleManager: Display: Found up-to-date module file ../../../Engine/Plugins/NetcodeUnitTest/NUTUnrealEngine4/Binaries/Win64/UE4Editor-NUTUnrealEngine4.dll (API version 3944462).
LogModuleManager: Display: Found up-to-date module file ../../../Engine/Plugins/Online/OnlineSubsystem/Binaries/Win64/UE4Editor-OnlineSubsystem.dll (API version 3944462).
LogModuleManager: Display: Found up-to-date module file ../../../Engine/Plugins/Runtime/AndroidPermission/Binaries/Win64/UE4Editor-AndroidPermission.dll (API version 3944462).
LogModuleManager: Display: Found up-to-date module file ../../../Engine/Plugins/Online/OnlineSubsystemNull/Binaries/Win64/UE4Editor-OnlineSubsystemNull.dll (API version 3944462).
LogModuleManager: Display: Found up-to-date module file ../../../Engine/Plugins/Online/OnlineSubsystemUtils/Binaries/Win64/UE4Editor-OnlineSubsystemUtils.dll (API version 3944462).
LogModuleManager: Display: Found up-to-date module file ../../../Engine/Plugins/Online/OnlineSubsystemUtils/Binaries/Win64/UE4Editor-OnlineBlueprintSupport.dll (API version 3944462).
LogModuleManager: Display: Found up-to-date module file ../../../Engine/Plugins/Runtime/AndroidDeviceProfileSelector/Binaries/Win64/UE4Editor-AndroidDeviceProfileSelector.dll (API version 3944462).
LogModuleManager: Display: Found up-to-date module file ../../../Engine/Plugins/Runtime/AppleARKit/Binaries/Win64/UE4Editor-AppleARKit.dll (API version 3944462).
LogModuleManager: Display: Found up-to-date module file ../../../Engine/Plugins/Runtime/ProceduralMeshComponent/Binaries/Win64/UE4Editor-ProceduralMeshComponent.dll (API version 3944462).
LogModuleManager: Display: Found up-to-date module file ../../../Engine/Plugins/Runtime/ProceduralMeshComponent/Binaries/Win64/UE4Editor-ProceduralMeshComponentEditor.dll (API version 3944462).
LogModuleManager: Display: Found up-to-date module file ../../../Engine/Plugins/Animation/LiveLink/Binaries/Win64/UE4Editor-LiveLink.dll (API version 3944462).
LogModuleManager: Display: Found up-to-date module file ../../../Engine/Plugins/Animation/LiveLink/Binaries/Win64/UE4Editor-LiveLinkEditor.dll (API version 3944462).
LogModuleManager: Display: Found up-to-date module file ../../../Engine/Plugins/Runtime/ArchVisCharacter/Binaries/Win64/UE4Editor-ArchVisCharacter.dll (API version 3944462).
LogModuleManager: Display: Found up-to-date module file ../../../Engine/Plugins/Runtime/AudioCapture/Binaries/Win64/UE4Editor-AudioCapture.dll (API version 3944462).
LogModuleManager: Display: Found up-to-date module file ../../../Engine/Plugins/Runtime/AudioCapture/Binaries/Win64/UE4Editor-AudioCaptureEditor.dll (API version 3944462).
LogModuleManager: Display: Found up-to-date module file ../../../Engine/Plugins/Runtime/CableComponent/Binaries/Win64/UE4Editor-CableComponent.dll (API version 3944462).
LogModuleManager: Display: Found up-to-date module file ../../../Engine/Plugins/Runtime/CustomMeshComponent/Binaries/Win64/UE4Editor-CustomMeshComponent.dll (API version 3944462).
LogModuleManager: Display: Found up-to-date module file ../../../Engine/Plugins/Runtime/ExampleDeviceProfileSelector/Binaries/Win64/UE4Editor-ExampleDeviceProfileSelector.dll (API version 3944462).
LogModuleManager: Display: Found up-to-date module file ../../../Engine/Plugins/Runtime/ImmediatePhysics/Binaries/Win64/UE4Editor-ImmediatePhysics.dll (API version 3944462).
LogModuleManager: Display: Found up-to-date module file ../../../Engine/Plugins/Runtime/ImmediatePhysics/Binaries/Win64/UE4Editor-ImmediatePhysicsEditor.dll (API version 3944462).
LogModuleManager: Display: Found up-to-date module file ../../../Engine/Plugins/Runtime/LocationServicesBPLibrary/Binaries/Win64/UE4Editor-LocationServicesBPLibrary.dll (API version 3944462).
LogModuleManager: Display: Found up-to-date module file ../../../Engine/Plugins/Runtime/MobilePatchingUtils/Binaries/Win64/UE4Editor-MobilePatchingUtils.dll (API version 3944462).
LogModuleManager: Display: Found up-to-date module file ../../../Engine/Plugins/Runtime/Oculus/OculusVR/Binaries/Win64/UE4Editor-OculusHMD.dll (API version 3944462).
LogModuleManager: Display: Found up-to-date module file ../../../Engine/Plugins/Runtime/Oculus/OculusVR/Binaries/Win64/UE4Editor-OculusInput.dll (API version 3944462).
LogModuleManager: Display: Found up-to-date module file ../../../Engine/Plugins/Runtime/Oculus/OculusVR/Binaries/Win64/UE4Editor-OculusEditor.dll (API version 3944462).
LogModuleManager: Display: Found up-to-date module file ../../../Engine/Plugins/Runtime/PhysXVehicles/Binaries/Win64/UE4Editor-PhysXVehicles.dll (API version 3944462).
LogModuleManager: Display: Found up-to-date module file ../../../Engine/Plugins/Runtime/PhysXVehicles/Binaries/Win64/UE4Editor-PhysXVehiclesEditor.dll (API version 3944462).
LogModuleManager: Display: Found up-to-date module file ../../../Engine/Plugins/Runtime/RuntimePhysXCooking/Binaries/Win64/UE4Editor-RuntimePhysXCooking.dll (API version 3944462).
LogModuleManager: Display: Found up-to-date module file ../../../Engine/Plugins/Runtime/Steam/SteamVR/Binaries/Win64/UE4Editor-SteamVR.dll (API version 3944462).
LogModuleManager: Display: Found up-to-date module file ../../../Engine/Plugins/Runtime/Steam/SteamVR/Binaries/Win64/UE4Editor-SteamVRController.dll (API version 3944462).
LogModuleManager: Display: Found up-to-date module file ../../../Engine/Plugins/Runtime/WindowsMoviePlayer/Binaries/Win64/UE4Editor-WindowsMoviePlayer.dll (API version 3944462).
LogPluginManager: Mounting plugin Paper2D
LogPluginManager: Mounting plugin LiveLink
LogPluginManager: Mounting plugin LightPropagationVolume
LogPluginManager: Mounting plugin CLionSourceCodeAccess
LogPluginManager: Mounting plugin CodeLiteSourceCodeAccess
LogPluginManager: Mounting plugin GitSourceControl
LogPluginManager: Mounting plugin KDevelopSourceCodeAccess
LogPluginManager: Mounting plugin NullSourceCodeAccess
LogPluginManager: Mounting plugin PerforceSourceControl
LogPluginManager: Mounting plugin SubversionSourceControl
LogPluginManager: Mounting plugin UObjectPlugin
LogPluginManager: Mounting plugin VisualStudioCodeSourceCodeAccess
LogPluginManager: Mounting plugin VisualStudioSourceCodeAccess
LogPluginManager: Mounting plugin XCodeSourceCodeAccess
LogPluginManager: Mounting plugin AssetManagerEditor
LogPluginManager: Mounting plugin CryptoKeys
LogPluginManager: Mounting plugin DataValidation
LogPluginManager: Mounting plugin FacialAnimation
LogPluginManager: Mounting plugin GameplayTagsEditor
LogPluginManager: Mounting plugin MobileLauncherProfileWizard
LogPluginManager: Mounting plugin PluginBrowser
LogPluginManager: Mounting plugin SpeedTreeImporter
LogPluginManager: Mounting plugin DatasmithContent
LogPluginManager: Mounting plugin AlembicImporter
LogPluginManager: Mounting plugin CharacterAI
LogPluginManager: Mounting plugin HTML5Networking
LogPluginManager: Mounting plugin Substance
LogPluginManager: Mounting plugin AndroidMedia
LogPluginManager: Mounting plugin AvfMedia
LogPluginManager: Mounting plugin ImgMedia
LogPluginManager: Mounting plugin LinearTimecode
LogPluginManager: Mounting plugin MediaCompositing
LogPluginManager: Mounting plugin MediaPlayerEditor
LogPluginManager: Mounting plugin WmfMedia
LogPluginManager: Mounting plugin TcpMessaging
LogPluginManager: Mounting plugin UdpMessaging
LogPluginManager: Mounting plugin ActorSequence
LogPluginManager: Mounting plugin LevelSequenceEditor
LogPluginManager: Mounting plugin MatineeToLevelSequence
LogPluginManager: Mounting plugin NetcodeUnitTest
LogPluginManager: Mounting plugin NUTUnrealEngine4
LogPluginManager: Mounting plugin OnlineSubsystemGooglePlay
LogPluginManager: Mounting plugin OnlineSubsystemIOS
LogPluginManager: Mounting plugin OnlineSubsystem
LogPluginManager: Mounting plugin OnlineSubsystemNull
LogPluginManager: Mounting plugin OnlineSubsystemUtils
LogPluginManager: Mounting plugin AndroidDeviceProfileSelector
LogPluginManager: Mounting plugin AndroidMoviePlayer
LogPluginManager: Mounting plugin AndroidPermission
LogPluginManager: Mounting plugin AppleARKit
LogPluginManager: Mounting plugin AppleMoviePlayer
LogPluginManager: Mounting plugin ArchVisCharacter
LogPluginManager: Mounting plugin AudioCapture
LogPluginManager: Mounting plugin CableComponent
LogPluginManager: Mounting plugin CustomMeshComponent
LogPluginManager: Mounting plugin ExampleDeviceProfileSelector
LogPluginManager: Mounting plugin GoogleCloudMessaging
LogPluginManager: Mounting plugin ImmediatePhysics
LogPluginManager: Mounting plugin IOSDeviceProfileSelector
LogPluginManager: Mounting plugin LinuxDeviceProfileSelector
LogPluginManager: Mounting plugin LocationServicesBPLibrary
LogPluginManager: Mounting plugin MobilePatchingUtils
LogPluginManager: Mounting plugin OculusVR
LogPluginManager: Plugin shader directory ../../../Engine/Plugins/Runtime/Oculus/OculusVR/Shaders found
LogPluginManager: Mapping shader source directory ../../../Engine/Plugins/Runtime/Oculus/OculusVR/Shaders to virtual directory /Plugin/OculusVR
LogPluginManager: Mounting plugin PhysXVehicles
LogPluginManager: Mounting plugin ProceduralMeshComponent
LogPluginManager: Mounting plugin RuntimePhysXCooking
LogPluginManager: Mounting plugin SteamVR
LogPluginManager: Mounting plugin WindowsMoviePlayer
LogStreaming: Display: Took  1.034s to configure plugins.
LogInit: Using libcurl 7.47.1
LogInit:  - built for x86_64-pc-win32
LogInit:  - supports SSL with OpenSSL/1.0.2g
LogInit:  - supports HTTP deflate (compression) using libz 1.2.8
LogInit:  - other features:
LogInit:      CURL_VERSION_SSL
LogInit:      CURL_VERSION_LIBZ
LogInit:      CURL_VERSION_IPV6
LogInit:      CURL_VERSION_ASYNCHDNS
LogInit:      CURL_VERSION_LARGEFILE
LogInit:      CURL_VERSION_IDN
LogInit:  CurlRequestOptions (configurable via config and command line):
LogInit:  - bVerifyPeer = false  - Libcurl will NOT verify peer certificate
LogInit:  - bUseHttpProxy = false  - Libcurl will NOT use HTTP proxy
LogInit:  - bDontReuseConnections = false  - Libcurl will reuse connections
LogInit:  - CertBundlePath = nullptr  - Libcurl will use whatever was configured at build time.
LogInit:  - MaxHostConnections = 16  - Libcurl will limit the number of connections to a host
LogInit:  - LocalHostAddr = Default
LogInit: WinSock: version 1.1 (2.2), MaxSocks=32767, MaxUdp=65467
LogInit: WinSock: I am DESKTOP-28I2SJ6 (192.168.1.55:0)
LogInit: Build: ++UE4+Release-4.19-CL-4033788
LogInit: Engine Version: 4.19.2-4033788+++UE4+Release-4.19
LogInit: Compatible Engine Version: 4.19.0-3944462+++UE4+Release-4.19
LogInit: Net CL: 3944462
LogDevObjectVersion: Number of dev versions registered: 18
LogDevObjectVersion:   Dev-Blueprints (B0D832E4-1F89-4F0D-ACCF-7EB736FD4AA2): 10
LogDevObjectVersion:   Dev-Build (E1C64328-A22C-4D53-A36C-8E866417BD8C): 0
LogDevObjectVersion:   Dev-Core (375EC13C-06E4-48FB-B500-84F0262A717E): 2
LogDevObjectVersion:   Dev-Editor (E4B068ED-F494-42E9-A231-DA0B2E46BB41): 23
LogDevObjectVersion:   Dev-Framework (CFFC743F-43B0-4480-9391-14DF171D2073): 33
LogDevObjectVersion:   Dev-Mobile (B02B49B5-BB20-44E9-A304-32B752E40360): 2
LogDevObjectVersion:   Dev-Networking (A4E4105C-59A1-49B5-A7C5-40C4547EDFEE): 0
LogDevObjectVersion:   Dev-Online (39C831C9-5AE6-47DC-9A44-9C173E1C8E7C): 0
LogDevObjectVersion:   Dev-Physics (78F01B33-EBEA-4F98-B9B4-84EACCB95AA2): 0
LogDevObjectVersion:   Dev-Platform (6631380F-2D4D-43E0-8009-CF276956A95A): 0
LogDevObjectVersion:   Dev-Rendering (12F88B9F-8875-4AFC-A67C-D90C383ABD29): 25
LogDevObjectVersion:   Dev-Sequencer (7B5AE74C-D270-4C10-A958-57980B212A5A): 6
LogDevObjectVersion:   Dev-VR (D7296918-1DD6-4BDD-9DE2-64A83CC13884): 1
LogDevObjectVersion:   Dev-LoadTimes (C2A15278-BFE7-4AFE-6C17-90FF531DF755): 1
LogDevObjectVersion:   Private-Geometry (6EACA3D4-40EC-4CC1-B786-8BED09428FC5): 2
LogDevObjectVersion:   Dev-AnimPhys (29E575DD-E0A3-4627-9D10-D276232CDCEA): 16
LogDevObjectVersion:   Dev-ReflectionCapture (6B266CEC-1EC7-4B8F-A30B-E4D90942FC07): 1
LogDevObjectVersion:   Dev-Automation (0DF73D61-A23F-47EA-B727-89E90C41499A): 1
LogInit: Compiled (64-bit): Apr 27 2018 02:06:57
LogInit: Compiled with Visual C++: 19.00.24215.01
LogInit: Build Configuration: Development
LogInit: Branch Name: ++UE4+Release-4.19
LogInit: Command Line:  
LogInit: Base Directory: C:/Program Files/Epic Games/UE_4.19/Engine/Binaries/Win64/
LogInit: Installed Engine Build: 1
LogStreaming: Display: Took  0.001s to delete old logs.
LogInit: Presizing for max 8388607 objects, including 0 objects not considered by GC, pre-allocating 0 bytes for permanent pool.
LogInit: Object subsystem initialized
[2018.09.11-13.32.18:023][  0]LogInit: Selected Device Profile: [Windows]
[2018.09.11-13.32.18:023][  0]LogInit: Applying CVar settings loaded from the selected device profile: [Windows]
[2018.09.11-13.32.18:057][  0]LogInit: Computer: DESKTOP-28I2SJ6
[2018.09.11-13.32.18:057][  0]LogInit: User: mglenovo
[2018.09.11-13.32.18:057][  0]LogInit: CPU Page size=4096, Cores=4
[2018.09.11-13.32.18:057][  0]LogInit: High frequency timer resolution =2.435775 MHz
[2018.09.11-13.32.18:058][  0]LogMemory: Memory total: Physical=15.9GB (16GB approx)
[2018.09.11-13.32.18:058][  0]LogMemory: Platform Memory Stats for Windows
[2018.09.11-13.32.18:058][  0]LogMemory: Process Physical Memory: 275.85 MB used, 275.85 MB peak
[2018.09.11-13.32.18:058][  0]LogMemory: Process Virtual Memory: 276.78 MB used, 276.78 MB peak
[2018.09.11-13.32.18:058][  0]LogMemory: Physical Memory: 4777.15 MB used,  11519.12 MB free, 16296.27 MB total
[2018.09.11-13.32.18:058][  0]LogMemory: Virtual Memory: 4807.27 MB used,  11519.12 MB free, 134217728.00 MB total
[2018.09.11-13.32.18:097][  0]LogInit: Using OS detected language (tr-TR).
[2018.09.11-13.32.18:097][  0]LogInit: Using OS detected locale (tr-TR).
[2018.09.11-13.32.18:099][  0]LogTextLocalizationManager: No localization for 'tr-TR' exists, so 'en' will be used for the language.
[2018.09.11-13.32.18:515][  0]LogStreaming: Display: Took  0.418s to EndInitTextLocalization.
[2018.09.11-13.32.18:515][  0]LogInit: Setting process to per monitor DPI aware
[2018.09.11-13.32.18:546][  0]LogSlate: New Slate User Created.  User Index 0, Is Virtual User: 0
[2018.09.11-13.32.18:546][  0]LogSlate: Slate User Registered.  User Index 0, Is Virtual User: 0
[2018.09.11-13.32.18:731][  0]LogD3D11RHI: D3D11 adapters:
[2018.09.11-13.32.18:756][  0]LogD3D11RHI:    0. 'NVIDIA GeForce GTX 860M' (Feature Level 11_0)
[2018.09.11-13.32.18:756][  0]LogD3D11RHI:       4064/0/8148 MB DedicatedVideo/DedicatedSystem/SharedSystem, Outputs:1, VendorId:0x10de
[2018.09.11-13.32.18:762][  0]LogD3D11RHI:    1. 'Intel(R) HD Graphics 4600' (Feature Level 11_0)
[2018.09.11-13.32.18:762][  0]LogD3D11RHI:       112/0/2048 MB DedicatedVideo/DedicatedSystem/SharedSystem, Outputs:0, VendorId:0x8086
[2018.09.11-13.32.18:764][  0]LogD3D11RHI:    2. 'Microsoft Basic Render Driver' (Feature Level 11_0)
[2018.09.11-13.32.18:764][  0]LogD3D11RHI:       0/0/8148 MB DedicatedVideo/DedicatedSystem/SharedSystem, Outputs:0, VendorId:0x1414
[2018.09.11-13.32.18:764][  0]LogD3D11RHI: Chosen D3D11 Adapter: 0
[2018.09.11-13.32.18:777][  0]LogD3D11RHI: Creating new Direct3DDevice
[2018.09.11-13.32.18:777][  0]LogD3D11RHI:     GPU DeviceId: 0x1392 (for the marketing name, search the web for "GPU Device Id")
[2018.09.11-13.32.18:777][  0]LogWindows: EnumDisplayDevices:
[2018.09.11-13.32.18:777][  0]LogWindows:    0. 'Intel(R) HD Graphics 4600' (P:1 D:1)
[2018.09.11-13.32.18:777][  0]LogWindows:    1. 'Intel(R) HD Graphics 4600' (P:0 D:0)
[2018.09.11-13.32.18:777][  0]LogWindows:    2. 'Intel(R) HD Graphics 4600' (P:0 D:0)
[2018.09.11-13.32.18:778][  0]LogWindows: DebugString: GetVideoDriverDetailsInvalid PrimaryIsNotTheChoosenAdapter GetVideoDriverDetailsInvalid PrimaryIsNotTheChoosenAdapter GetVideoDriverDetailsInvalid PrimaryIsNotTheChoosenAdapter FoundDriverCount:0 
[2018.09.11-13.32.18:778][  0]LogD3D11RHI:     Adapter Name: NVIDIA GeForce GTX 860M
[2018.09.11-13.32.18:778][  0]LogD3D11RHI:   Driver Version: Unknown (internal:Unknown, unified:Unknown)
[2018.09.11-13.32.18:778][  0]LogD3D11RHI:      Driver Date: Unknown
[2018.09.11-13.32.18:778][  0]LogRHI: Texture pool is 2845 MB (70% of 4064 MB)
[2018.09.11-13.32.18:794][  0]LogD3D11RHI: [Aftermath] Aftermath enabled but failed to initialize
[2018.09.11-13.32.18:794][  0]LogD3D11RHI: [Aftermath] Aftermath enabled and primed
[2018.09.11-13.32.18:794][  0]LogD3D11RHI: Async texture creation enabled
[2018.09.11-13.32.18:805][  0]LogD3D11RHI: GPU Timing Frequency: 1000.000000 (Debug: 2 1)
[2018.09.11-13.32.18:806][  0]LogShaderCompilers: Guid format shader working directory is -13 characters bigger than the processId version (../../../../../../Users/mg-lenovo/Documents/GitHub/VogsAmIFree/Intermediate/Shaders/WorkingDirectory/14316/).
[2018.09.11-13.32.18:806][  0]LogShaderCompilers: Cleaned the shader compiler working directory 'C:/Users/mg-lenovo/AppData/Local/Temp/UnrealShaderWorkingDir/8B8813A543DEBE38D15C77B41F49AC53/'.
[2018.09.11-13.32.19:054][  0]LogTemp: Display: Loaded TP AllDesktopTargetPlatform
[2018.09.11-13.32.19:068][  0]LogTemp: Display: Loaded TP MacClientTargetPlatform
[2018.09.11-13.32.19:082][  0]LogTemp: Display: Loaded TP MacNoEditorTargetPlatform
[2018.09.11-13.32.19:094][  0]LogTemp: Display: Loaded TP MacServerTargetPlatform
[2018.09.11-13.32.19:108][  0]LogTemp: Display: Loaded TP MacTargetPlatform
[2018.09.11-13.32.19:122][  0]LogTemp: Display: Loaded TP WindowsClientTargetPlatform
[2018.09.11-13.32.19:136][  0]LogTemp: Display: Loaded TP WindowsNoEditorTargetPlatform
[2018.09.11-13.32.19:150][  0]LogTemp: Display: Loaded TP WindowsServerTargetPlatform
[2018.09.11-13.32.19:157][  0]LogTemp: Display: Loaded TP WindowsTargetPlatform
[2018.09.11-13.32.19:168][  0]LogTemp: Display: Loaded TP Android_ASTCTargetPlatform
[2018.09.11-13.32.19:180][  0]LogTemp: Display: Loaded TP Android_ATCTargetPlatform
[2018.09.11-13.32.19:192][  0]LogTemp: Display: Loaded TP Android_DXTTargetPlatform
[2018.09.11-13.32.19:205][  0]LogTemp: Display: Loaded TP Android_ETC1aTargetPlatform
[2018.09.11-13.32.19:217][  0]LogTemp: Display: Loaded TP Android_ETC1TargetPlatform
[2018.09.11-13.32.19:229][  0]LogTemp: Display: Loaded TP Android_ETC2TargetPlatform
[2018.09.11-13.32.19:253][  0]LogTemp: Display: Loaded TP Android_MultiTargetPlatform
[2018.09.11-13.32.19:253][  0]LogTemp: Display: Loaded TP Android_PVRTCTargetPlatform
[2018.09.11-13.32.19:269][  0]LogTemp: Display: Loaded TP AndroidTargetPlatform
[2018.09.11-13.32.19:270][  0]LogTemp: Display: Loaded TP HTML5TargetPlatform
[2018.09.11-13.32.19:307][  0]LogTemp: Display: Loaded TP IOSTargetPlatform
[2018.09.11-13.32.19:319][  0]LogTemp: Display: Loaded TP TVOSTargetPlatform
[2018.09.11-13.32.19:330][  0]LogTemp: Display: Loaded TP LinuxClientTargetPlatform
[2018.09.11-13.32.19:342][  0]LogTemp: Display: Loaded TP LinuxNoEditorTargetPlatform
[2018.09.11-13.32.19:354][  0]LogTemp: Display: Loaded TP LinuxServerTargetPlatform
[2018.09.11-13.32.19:366][  0]LogTemp: Display: Loaded TP LinuxTargetPlatform
[2018.09.11-13.32.19:366][  0]LogTargetPlatformManager: Display: Building Assets For Windows
[2018.09.11-13.32.19:480][  0]LogXGEController: Cleaning working directory: C:/Users/mg-lenovo/AppData/Local/Temp/UnrealXGEWorkingDir/
[2018.09.11-13.32.19:480][  0]LogXGEController: Cannot use XGE Controller as Incredibuild is not installed on this machine.
[2018.09.11-13.32.19:480][  0]LogShaderCompilers: Cannot use XGE Shader Compiler as Incredibuild is not installed on this machine.
[2018.09.11-13.32.19:480][  0]LogShaderCompilers: Display: Using Local Shader Compiler.
[2018.09.11-13.32.20:181][  0]LogDerivedDataCache: Display: Max Cache Size: 512 MB
[2018.09.11-13.32.20:248][  0]LogDerivedDataCache: Loaded boot cache 0.07s 74MB C:/Users/mg-lenovo/AppData/Local/UnrealEngine/4.19/DerivedDataCache/Boot.ddc.
[2018.09.11-13.32.20:248][  0]LogDerivedDataCache: Display: Loaded Boot cache: C:/Users/mg-lenovo/AppData/Local/UnrealEngine/4.19/DerivedDataCache/Boot.ddc
[2018.09.11-13.32.20:248][  0]LogDerivedDataCache: FDerivedDataBackendGraph:  Pak pak cache file ../../../../../../Users/mg-lenovo/Documents/GitHub/VogsAmIFree/DerivedDataCache/DDC.ddp not found, will not use a pak cache.
[2018.09.11-13.32.20:248][  0]LogDerivedDataCache: Unable to find inner node Pak for hierarchical cache Hierarchy.
[2018.09.11-13.32.20:248][  0]LogDerivedDataCache: FDerivedDataBackendGraph:  CompressedPak pak cache file ../../../../../../Users/mg-lenovo/Documents/GitHub/VogsAmIFree/DerivedDataCache/Compressed.ddp not found, will not use a pak cache.
[2018.09.11-13.32.20:248][  0]LogDerivedDataCache: Unable to find inner node CompressedPak for hierarchical cache Hierarchy.
[2018.09.11-13.32.20:265][  0]LogDerivedDataCache: Display: Pak cache opened for reading ../../../Engine/DerivedDataCache/Compressed.ddp.
[2018.09.11-13.32.20:277][  0]LogDerivedDataCache: Using Local data cache path C:/Users/mg-lenovo/AppData/Local/UnrealEngine/Common/DerivedDataCache: Writable
[2018.09.11-13.32.20:277][  0]LogDerivedDataCache: Shared data cache path not found in *engine.ini, will not use an Shared cache.
[2018.09.11-13.32.20:277][  0]LogDerivedDataCache: Unable to find inner node Shared for hierarchical cache Hierarchy.
[2018.09.11-13.32.20:293][  0]LogMaterial: Verifying Global Shaders for PCD3D_SM5
[2018.09.11-13.32.20:294][  0]LogSlate: Using Freetype 2.6.0
[2018.09.11-13.32.20:295][  0]LogSlate: SlateFontCache - WITH_FREETYPE: 1, WITH_HARFBUZZ: 1
[2018.09.11-13.32.20:295][  0]LogSlate: SlateFontCache - WITH_FREETYPE: 1, WITH_HARFBUZZ: 1
[2018.09.11-13.32.20:428][  0]LogAssetRegistry: FAssetRegistry took 0.0264 seconds to start up
[2018.09.11-13.32.20:732][  0]LogInit: Selected Device Profile: [Windows]
[2018.09.11-13.32.20:882][  0]LogSimplygon: Simplygon DLL not present - disabling.
[2018.09.11-13.32.20:885][  0]LogMeshReduction: Using SimplygonSwarm for distributed automatic mesh merging
[2018.09.11-13.32.20:885][  0]LogMeshReduction: Using QuadricMeshReduction for automatic static mesh reduction
[2018.09.11-13.32.20:885][  0]LogMeshReduction: No automatic skeletal mesh reduction module available
[2018.09.11-13.32.20:885][  0]LogMeshReduction: No automatic mesh merging module available
[2018.09.11-13.32.20:885][  0]LogMeshMerging: No automatic mesh merging module available
[2018.09.11-13.32.20:917][  0]LogNetVersion: Am_i_Free , NetCL: 3944462, EngineNetVer: 2, GameNetVer: 0 (Checksum: 3243282978)
[2018.09.11-13.32.21:344][  0]LogPackageLocalizationCache: Processed 9 localized package path(s) for 1 prioritized culture(s) in 0.043047 seconds
[2018.09.11-13.32.21:350][  0]LogUObjectArray: 36728 objects as part of root set at end of initial load.
[2018.09.11-13.32.21:350][  0]LogUObjectAllocator: 7314312 out of 0 bytes used by permanent object pool.
[2018.09.11-13.32.21:350][  0]LogUObjectArray: CloseDisregardForGC: 0/0 objects in disregard for GC pool
[2018.09.11-13.32.22:986][  0]LogSubstanceCoreModule: Substance [CPU] Engine Loaded, Max Texture Size = 2048
[2018.09.11-13.32.23:006][  0]LogTcpMessaging: Initializing TcpMessaging bridge
[2018.09.11-13.32.23:036][  0]LogUdpMessaging: Initializing bridge on interface 0.0.0.0:0 to multicast group 230.0.0.1:6666.
[2018.09.11-13.32.23:453][  0]SourceControl: Source control is disabled
[2018.09.11-13.32.23:453][  0]SourceControl: Source control is disabled
[2018.09.11-13.32.23:471][  0]SourceControl: Source control is disabled
[2018.09.11-13.32.23:488][  0]SourceControl: Source control is disabled
[2018.09.11-13.32.24:048][  0]LogAndroidPermission: UAndroidPermissionCallbackProxy::GetInstance
[2018.09.11-13.32.24:221][  0]LogOcInput: OculusInput pre-init called
[2018.09.11-13.32.24:488][  0]LogEngine: Initializing Engine...
[2018.09.11-13.32.24:490][  0]LogHMD: Failed to initialize OpenVR with code 110
[2018.09.11-13.32.24:491][  0]LogStats: UGameplayTagsManager::ConstructGameplayTagTree: Construct from data asset -  0.000 s
[2018.09.11-13.32.24:491][  0]LogStats: UGameplayTagsManager::ConstructGameplayTagTree: GameplayTagTreeChangedEvent.Broadcast -  0.000 s
[2018.09.11-13.32.24:704][  0]LogAIModule: Creating AISystem for world Untitled
[2018.09.11-13.32.24:720][  0]LogInit: XAudio2 using 'Hoparlör (Realtek High Definition Audio)' : 2 channels at 48 kHz using 32 bits per sample (channel mask 0x3)
[2018.09.11-13.32.24:758][  0]LogInit: FAudioDevice initialized.
[2018.09.11-13.32.25:271][  0]LogDerivedDataCache: Saved boot cache 0.51s 74MB C:/Users/mg-lenovo/AppData/Local/UnrealEngine/4.19/DerivedDataCache/Boot.ddc.
[2018.09.11-13.32.25:329][  0]LogInit: Texture streaming: Enabled
[2018.09.11-13.32.25:347][  0]LogEngineSessionManager: EngineSessionManager initialized
[2018.09.11-13.32.25:347][  0]LogEngineSessionManager: EngineSessionManager sent abnormal shutdown report. Type=AbnormalShutdown, SessionId={1CD0ECCF-4D02-5EB9-F1C9-E1A397754CFC}
[2018.09.11-13.32.25:365][  0]LogInit: Transaction tracking system initialized
[2018.09.11-13.32.25:389][  0]BlueprintLog: New page: Editor Load
[2018.09.11-13.32.25:476][  0]LocalizationService: Localization service is disabled
[2018.09.11-13.32.25:593][  0]LogUObjectGlobals: Created PersistentFrame Addr=0x0000019bdb3915a0, Size=88, Default__Landscape_Sculpt_Mode_C Function /Engine/Tutorial/Landscape/Landscape_Sculpt_Mode.Landscape_Sculpt_Mode_C:ExecuteUbergraph_Landscape_Sculpt_Mode
[2018.09.11-13.32.25:596][  0]LogUObjectGlobals: Destroyed PersistentFrame Addr=0x0000019bdb3915a0, Size=88
[2018.09.11-13.32.25:596][  0]LogUObjectGlobals: Created PersistentFrame Addr=0x0000019bdb3915a0, Size=88, Default__Landscape_Sculpt_Mode_C Function /Engine/Transient.REINST_Landscape_Sculpt_Mode_C_3:ExecuteUbergraph_Landscape_Sculpt_Mode
[2018.09.11-13.32.25:598][  0]LogUObjectGlobals: Created PersistentFrame Addr=0x0000019bdb913470, Size=80, Default__Landscape_Sculpt_Mode_C Function /Engine/Tutorial/Landscape/Landscape_Sculpt_Mode.Landscape_Sculpt_Mode_C:ExecuteUbergraph_Landscape_Sculpt_Mode
[2018.09.11-13.32.25:655][  0]LogConsoleResponse: Display: 
[2018.09.11-13.32.25:805][  0]LogCook: Display: Max memory allowance for cook 16384mb min free memory 0mb
[2018.09.11-13.32.25:805][  0]LogCook: Display: Mobile HDR setting 1
[2018.09.11-13.32.25:805][  0]LogGameplayTags: Display: UGameplayTagsManager::DoneAddingNativeTags. DelegateIsBound: 0
[2018.09.11-13.32.25:805][  0]LogStats: UGameplayTagsManager::ConstructGameplayTagTree: Construct from data asset -  0.000 s
[2018.09.11-13.32.25:805][  0]LogStats: UGameplayTagsManager::ConstructGameplayTagTree: GameplayTagTreeChangedEvent.Broadcast -  0.000 s
[2018.09.11-13.32.26:261][  0]LogFileCache: Scanning file cache for directory 'C:/Users/mg-lenovo/Documents/GitHub/VogsAmIFree/Content/' took 0.02s
[2018.09.11-13.32.26:261][  0]SourceControl: Source control is disabled
[2018.09.11-13.32.26:261][  0]Cmd: MAP LOAD FILE="../../../../../../Users/mg-lenovo/Documents/GitHub/VogsAmIFree/Content/map/Maps/Tech_demo.umap" TEMPLATE=0 SHOWPROGRESS=1 FEATURELEVEL=3
[2018.09.11-13.32.26:261][  0]LightingResults: New page: Lighting Build
[2018.09.11-13.32.26:264][  0]MapCheck: New page: Map Check
[2018.09.11-13.32.26:264][  0]LightingResults: New page: Lighting Build
[2018.09.11-13.32.26:274][  0]LogUObjectGlobals: Destroyed PersistentFrame Addr=0x0000019bdb3915a0, Size=88
[2018.09.11-13.32.26:300][  0]LogUObjectGlobals: Created PersistentFrame Addr=0x0000019b8148c5c0, Size=64, Default__ThirdPerson_AnimBP_C Function /Game/Mannequin/Animations/ThirdPerson_AnimBP.ThirdPerson_AnimBP_C:ExecuteUbergraph_ThirdPerson_AnimBP
[2018.09.11-13.32.26:311][  0]LogUObjectGlobals: Destroyed PersistentFrame Addr=0x0000019b8148c5c0, Size=64
[2018.09.11-13.32.26:311][  0]LogUObjectGlobals: Created PersistentFrame Addr=0x0000019b81c0f380, Size=64, Default__ThirdPerson_AnimBP_C Function /Engine/Transient.REINST_ThirdPerson_AnimBP_C_0:ExecuteUbergraph_ThirdPerson_AnimBP
[2018.09.11-13.32.26:318][  0]LogUObjectGlobals: Created PersistentFrame Addr=0x0000019b81b9dfd0, Size=72, Default__ThirdPerson_AnimBP_C Function /Game/Mannequin/Animations/ThirdPerson_AnimBP.ThirdPerson_AnimBP_C:ExecuteUbergraph_ThirdPerson_AnimBP
[2018.09.11-13.32.26:330][  0]LogUObjectGlobals: Created PersistentFrame Addr=0x0000019b818aecc0, Size=112, Default__AIGuardCharacter_C Function /Game/My_Bp/AIGuard/AIGuardCharacter.AIGuardCharacter_C:ExecuteUbergraph_AIGuardCharacter
[2018.09.11-13.32.26:335][  0]LogUObjectGlobals: Destroyed PersistentFrame Addr=0x0000019b818aecc0, Size=112
[2018.09.11-13.32.26:335][  0]LogUObjectGlobals: Created PersistentFrame Addr=0x0000019b818aecc0, Size=112, Default__AIGuardCharacter_C Function /Engine/Transient.REINST_AIGuardCharacter_C_6:ExecuteUbergraph_AIGuardCharacter
[2018.09.11-13.32.26:340][  0]LogUObjectGlobals: Created PersistentFrame Addr=0x0000019b81827510, Size=112, Default__AIGuardCharacter_C Function /Game/My_Bp/AIGuard/AIGuardCharacter.AIGuardCharacter_C:ExecuteUbergraph_AIGuardCharacter
[2018.09.11-13.32.26:348][  0]LogUObjectGlobals: Created PersistentFrame Addr=0x0000019b81be9b80, Size=120, Default__BTService_DistanceToObject_C Function /Game/My_Bp/AIGuard/BTService_DistanceToObject.BTService_DistanceToObject_C:ExecuteUbergraph_BTService_DistanceToObject
[2018.09.11-13.32.26:350][  0]LogUObjectGlobals: Destroyed PersistentFrame Addr=0x0000019b81be9b80, Size=120
[2018.09.11-13.32.26:350][  0]LogUObjectGlobals: Created PersistentFrame Addr=0x0000019b81be9b80, Size=120, Default__BTService_DistanceToObject_C Function /Engine/Transient.REINST_BTService_DistanceToObject_C_8:ExecuteUbergraph_BTService_DistanceToObject
[2018.09.11-13.32.26:353][  0]LogUObjectGlobals: Created PersistentFrame Addr=0x0000019b81811da0, Size=152, Default__BTService_DistanceToObject_C Function /Game/My_Bp/AIGuard/BTService_DistanceToObject.BTService_DistanceToObject_C:ExecuteUbergraph_BTService_DistanceToObject
[2018.09.11-13.32.26:355][  0]LogUObjectGlobals: Created PersistentFrame Addr=0x0000019b818548a0, Size=32, Default__BTTask_BB_DoAttack_C Function /Game/My_Bp/AIGuard/BTTask_BB_DoAttack.BTTask_BB_DoAttack_C:ExecuteUbergraph_BTTask_BB_DoAttack
[2018.09.11-13.32.26:357][  0]LogUObjectGlobals: Destroyed PersistentFrame Addr=0x0000019b818548a0, Size=32
[2018.09.11-13.32.26:357][  0]LogUObjectGlobals: Created PersistentFrame Addr=0x0000019b818548a0, Size=32, Default__BTTask_BB_DoAttack_C Function /Engine/Transient.REINST_BTTask_BB_DoAttack_C_10:ExecuteUbergraph_BTTask_BB_DoAttack
[2018.09.11-13.32.26:358][  0]LogUObjectGlobals: Created PersistentFrame Addr=0x0000019b817d3f80, Size=32, Default__BTTask_BB_DoAttack_C Function /Game/My_Bp/AIGuard/BTTask_BB_DoAttack.BTTask_BB_DoAttack_C:ExecuteUbergraph_BTTask_BB_DoAttack
[2018.09.11-13.32.26:360][  0]LogUObjectGlobals: Created PersistentFrame Addr=0x0000019b81b8f820, Size=16, Default__BTTask_Set_BB_Actor_C Function /Game/My_Bp/AIGuard/BTTask_Set_BB_Actor.BTTask_Set_BB_Actor_C:ExecuteUbergraph_BTTask_Set_BB_Actor
[2018.09.11-13.32.26:361][  0]LogUObjectGlobals: Destroyed PersistentFrame Addr=0x0000019b81b8f820, Size=16
[2018.09.11-13.32.26:361][  0]LogUObjectGlobals: Created PersistentFrame Addr=0x0000019b81b8f820, Size=16, Default__BTTask_Set_BB_Actor_C Function /Engine/Transient.REINST_BTTask_Set_BB_Actor_C_12:ExecuteUbergraph_BTTask_Set_BB_Actor
[2018.09.11-13.32.26:362][  0]LogUObjectGlobals: Created PersistentFrame Addr=0x0000019b81be51e0, Size=24, Default__BTTask_Set_BB_Actor_C Function /Game/My_Bp/AIGuard/BTTask_Set_BB_Actor.BTTask_Set_BB_Actor_C:ExecuteUbergraph_BTTask_Set_BB_Actor
[2018.09.11-13.32.26:365][  0]LogUObjectGlobals: Created PersistentFrame Addr=0x0000019b81b8e1f0, Size=16, Default__BTTask_SetBB_Bool_C Function /Game/My_Bp/AIGuard/BTTask_SetBB_Bool.BTTask_SetBB_Bool_C:ExecuteUbergraph_BTTask_SetBB_Bool
[2018.09.11-13.32.26:366][  0]LogUObjectGlobals: Destroyed PersistentFrame Addr=0x0000019b81b8e1f0, Size=16
[2018.09.11-13.32.26:366][  0]LogUObjectGlobals: Created PersistentFrame Addr=0x0000019b81b8e1f0, Size=16, Default__BTTask_SetBB_Bool_C Function /Engine/Transient.REINST_BTTask_SetBB_Bool_C_14:ExecuteUbergraph_BTTask_SetBB_Bool
[2018.09.11-13.32.26:367][  0]LogUObjectGlobals: Created PersistentFrame Addr=0x0000019b81be4e98, Size=24, Default__BTTask_SetBB_Bool_C Function /Game/My_Bp/AIGuard/BTTask_SetBB_Bool.BTTask_SetBB_Bool_C:ExecuteUbergraph_BTTask_SetBB_Bool
[2018.09.11-13.32.26:373][  0]LogUObjectGlobals: Created PersistentFrame Addr=0x0000019b818ae780, Size=112, Default__AIGuardController_C Function /Game/My_Bp/AIGuard/AIGuardController.AIGuardController_C:ExecuteUbergraph_AIGuardController
[2018.09.11-13.32.26:377][  0]LogUObjectGlobals: Destroyed PersistentFrame Addr=0x0000019b818ae780, Size=112
[2018.09.11-13.32.26:377][  0]LogUObjectGlobals: Created PersistentFrame Addr=0x0000019b818ae780, Size=112, Default__AIGuardController_C Function /Engine/Transient.REINST_AIGuardController_C_16:ExecuteUbergraph_AIGuardController
[2018.09.11-13.32.26:380][  0]LogUObjectGlobals: Created PersistentFrame Addr=0x0000019b818251a0, Size=112, Default__AIGuardController_C Function /Game/My_Bp/AIGuard/AIGuardController.AIGuardController_C:ExecuteUbergraph_AIGuardController
[2018.09.11-13.32.26:409][  0]LogUObjectGlobals: Created PersistentFrame Addr=0x0000019b816d3600, Size=304, Default__door_C Function /Game/My_Bp/door/door.door_C:ExecuteUbergraph_door
[2018.09.11-13.32.26:418][  0]LogUObjectGlobals: Destroyed PersistentFrame Addr=0x0000019b816d3600, Size=304
[2018.09.11-13.32.26:418][  0]LogUObjectGlobals: Created PersistentFrame Addr=0x0000019b816d3600, Size=304, Default__door_C Function /Engine/Transient.REINST_door_C_20:ExecuteUbergraph_door
[2018.09.11-13.32.26:425][  0]LogUObjectGlobals: Created PersistentFrame Addr=0x0000019b816d2980, Size=304, Default__door_C Function /Game/My_Bp/door/door.door_C:ExecuteUbergraph_door
[2018.09.11-13.32.26:434][  0]LogUObjectGlobals: Created PersistentFrame Addr=0x0000019b816d2840, Size=304, Default__lever_door_C Function /Game/My_Bp/door/lever_door.lever_door_C:ExecuteUbergraph_lever_door
[2018.09.11-13.32.26:443][  0]LogUObjectGlobals: Destroyed PersistentFrame Addr=0x0000019b816d2840, Size=304
[2018.09.11-13.32.26:443][  0]LogUObjectGlobals: Created PersistentFrame Addr=0x0000019b816d2840, Size=304, Default__lever_door_C Function /Engine/Transient.REINST_lever_door_C_22:ExecuteUbergraph_lever_door
[2018.09.11-13.32.26:450][  0]LogUObjectGlobals: Created PersistentFrame Addr=0x0000019b816d1440, Size=288, Default__lever_door_C Function /Game/My_Bp/door/lever_door.lever_door_C:ExecuteUbergraph_lever_door
[2018.09.11-13.32.26:460][  0]LogUObjectGlobals: Created PersistentFrame Addr=0x0000019b86fb87e0, Size=32, Default__BP_Hidable_Ceiling_Master_C Function /Game/My_Bp/hide_master/BP_Hidable_Ceiling_Master.BP_Hidable_Ceiling_Master_C:ExecuteUbergraph_BP_Hidable_Ceiling_Master
[2018.09.11-13.32.26:465][  0]LogUObjectGlobals: Destroyed PersistentFrame Addr=0x0000019b86fb87e0, Size=32
[2018.09.11-13.32.26:466][  0]LogUObjectGlobals: Created PersistentFrame Addr=0x0000019be2154420, Size=32, Default__BP_Hidable_Ceiling_Master_C Function /Engine/Transient.REINST_BP_Hidable_Ceiling_Master_C_24:ExecuteUbergraph_BP_Hidable_Ceiling_Master
[2018.09.11-13.32.26:469][  0]LogUObjectGlobals: Created PersistentFrame Addr=0x0000019b86f2bbe0, Size=32, Default__BP_Hidable_Ceiling_Master_C Function /Game/My_Bp/hide_master/BP_Hidable_Ceiling_Master.BP_Hidable_Ceiling_Master_C:ExecuteUbergraph_BP_Hidable_Ceiling_Master
[2018.09.11-13.32.26:489][  0]LogUObjectGlobals: Created PersistentFrame Addr=0x0000019b86fd9d50, Size=16, Default__case_2_bp_C Function /Game/My_Bp/prop_bp/case_2_bp.case_2_bp_C:ExecuteUbergraph_case_2_bp
[2018.09.11-13.32.26:491][  0]LogUObjectGlobals: Destroyed PersistentFrame Addr=0x0000019b86fd9d50, Size=16
[2018.09.11-13.32.26:491][  0]LogUObjectGlobals: Created PersistentFrame Addr=0x0000019b86fd9d50, Size=16, Default__case_2_bp_C Function /Engine/Transient.REINST_case_2_bp_C_26:ExecuteUbergraph_case_2_bp
[2018.09.11-13.32.26:492][  0]LogUObjectGlobals: Created PersistentFrame Addr=0x0000019b86fd9d60, Size=16, Default__case_2_bp_C Function /Game/My_Bp/prop_bp/case_2_bp.case_2_bp_C:ExecuteUbergraph_case_2_bp
[2018.09.11-13.32.26:515][  0]LogUObjectGlobals: Created PersistentFrame Addr=0x0000019b87c4f7e0, Size=148, Default__Dec_Things_Light_1_C Function /Game/My_Bp/prop_bp/Dec_Things_Light_1.Dec_Things_Light_1_C:ExecuteUbergraph_Dec_Things_Light_1
[2018.09.11-13.32.26:518][  0]LogUObjectGlobals: Destroyed PersistentFrame Addr=0x0000019b87c4f7e0, Size=148
[2018.09.11-13.32.26:518][  0]LogUObjectGlobals: Created PersistentFrame Addr=0x0000019b87c4d4e0, Size=148, Default__Dec_Things_Light_1_C Function /Engine/Transient.REINST_Dec_Things_Light_1_C_28:ExecuteUbergraph_Dec_Things_Light_1
[2018.09.11-13.32.26:519][  0]LogUObjectGlobals: Created PersistentFrame Addr=0x0000019b87c4ca40, Size=148, Default__Dec_Things_Light_1_C Function /Game/My_Bp/prop_bp/Dec_Things_Light_1.Dec_Things_Light_1_C:ExecuteUbergraph_Dec_Things_Light_1
[2018.09.11-13.32.26:534][  0]LogUObjectGlobals: Created PersistentFrame Addr=0x0000019b86f307c0, Size=272, Default__Inf_Table_tut_C Function /Game/My_Bp/prop_bp/Inf_Table_tut.Inf_Table_tut_C:ExecuteUbergraph_Inf_Table_tut
[2018.09.11-13.32.26:538][  0]LogUObjectGlobals: Destroyed PersistentFrame Addr=0x0000019b86f307c0, Size=272
[2018.09.11-13.32.26:538][  0]LogUObjectGlobals: Created PersistentFrame Addr=0x0000019b86f307c0, Size=272, Default__Inf_Table_tut_C Function /Engine/Transient.REINST_Inf_Table_tut_C_30:ExecuteUbergraph_Inf_Table_tut
[2018.09.11-13.32.26:539][  0]LogUObjectGlobals: Created PersistentFrame Addr=0x0000019b87857ae0, Size=8, Default__Inf_Table_tut_C Function /Game/My_Bp/prop_bp/Inf_Table_tut.Inf_Table_tut_C:ExecuteUbergraph_Inf_Table_tut
[2018.09.11-13.32.26:565][  0]LogUObjectGlobals: Created PersistentFrame Addr=0x0000019b877fdb20, Size=68, Default__terminal_UI_C Function /Game/UI/termianl_ui/terminal_UI.terminal_UI_C:ExecuteUbergraph_terminal_UI
[2018.09.11-13.32.26:570][  0]LogUObjectGlobals: Destroyed PersistentFrame Addr=0x0000019b877fdb20, Size=68
[2018.09.11-13.32.26:570][  0]LogUObjectGlobals: Created PersistentFrame Addr=0x0000019b8783a7f0, Size=68, Default__terminal_UI_C Function /Engine/Transient.REINST_terminal_UI_C_0:ExecuteUbergraph_terminal_UI
[2018.09.11-13.32.26:574][  0]LogUObjectGlobals: Created PersistentFrame Addr=0x0000019b8741a2f0, Size=68, Default__terminal_UI_C Function /Game/UI/termianl_ui/terminal_UI.terminal_UI_C:ExecuteUbergraph_terminal_UI
[2018.09.11-13.32.26:575][  0]LogUObjectGlobals: Created PersistentFrame Addr=0x0000019b86fbd490, Size=40, Default__Terminal_bp_C Function /Game/My_Bp/terminal/Terminal_bp.Terminal_bp_C:ExecuteUbergraph_Terminal_bp
[2018.09.11-13.32.26:578][  0]LogUObjectGlobals: Destroyed PersistentFrame Addr=0x0000019b86fbd490, Size=40
[2018.09.11-13.32.26:578][  0]LogUObjectGlobals: Created PersistentFrame Addr=0x0000019b86fbd490, Size=40, Default__Terminal_bp_C Function /Engine/Transient.REINST_Terminal_bp_C_33:ExecuteUbergraph_Terminal_bp
[2018.09.11-13.32.26:579][  0]LogUObjectGlobals: Created PersistentFrame Addr=0x0000019b86fbcb08, Size=40, Default__Terminal_bp_C Function /Game/My_Bp/terminal/Terminal_bp.Terminal_bp_C:ExecuteUbergraph_Terminal_bp
[2018.09.11-13.32.26:805][  0]LogUObjectGlobals: Created PersistentFrame Addr=0x0000019b89c829d0, Size=68, Default__firs_screem_C Function /Game/UI/widget/firs_screem.firs_screem_C:ExecuteUbergraph_firs_screem
[2018.09.11-13.32.26:808][  0]LogUObjectGlobals: Destroyed PersistentFrame Addr=0x0000019b89c829d0, Size=68
[2018.09.11-13.32.26:808][  0]LogUObjectGlobals: Created PersistentFrame Addr=0x0000019b89c81e40, Size=68, Default__firs_screem_C Function /Engine/Transient.REINST_firs_screem_C_1:ExecuteUbergraph_firs_screem
[2018.09.11-13.32.26:809][  0]LogUObjectGlobals: Created PersistentFrame Addr=0x0000019b89c81120, Size=68, Default__firs_screem_C Function /Game/UI/widget/firs_screem.firs_screem_C:ExecuteUbergraph_firs_screem
[2018.09.11-13.32.26:815][  0]LogUObjectGlobals: Created PersistentFrame Addr=0x0000019b888653c0, Size=64, Default__UI_C Function /Game/UI/widget/UI.UI_C:ExecuteUbergraph_UI
[2018.09.11-13.32.26:819][  0]LogUObjectGlobals: Destroyed PersistentFrame Addr=0x0000019b888653c0, Size=64
[2018.09.11-13.32.26:819][  0]LogUObjectGlobals: Created PersistentFrame Addr=0x0000019b89befe00, Size=64, Default__UI_C Function /Engine/Transient.REINST_UI_C_2:ExecuteUbergraph_UI
[2018.09.11-13.32.26:820][  0]LogUObjectGlobals: Created PersistentFrame Addr=0x0000019b89bef200, Size=64, Default__UI_C Function /Game/UI/widget/UI.UI_C:ExecuteUbergraph_UI
[2018.09.11-13.32.26:839][  0]LogUObjectGlobals: Created PersistentFrame Addr=0x0000019b89bd7eb0, Size=56, Default__Tech_demo_C Function /Game/map/Maps/Tech_demo.Tech_demo_C:ExecuteUbergraph_Tech_demo
[2018.09.11-13.32.26:841][  0]LogUObjectGlobals: Destroyed PersistentFrame Addr=0x0000019b89bd7eb0, Size=56
[2018.09.11-13.32.26:841][  0]LogUObjectGlobals: Created PersistentFrame Addr=0x0000019b89bd7eb0, Size=56, Default__Tech_demo_C Function /Engine/Transient.REINST_Tech_demo_C_37:ExecuteUbergraph_Tech_demo
[2018.09.11-13.32.26:843][  0]LogUObjectGlobals: Created PersistentFrame Addr=0x0000019b89bd7698, Size=56, Default__Tech_demo_C Function /Game/map/Maps/Tech_demo.Tech_demo_C:ExecuteUbergraph_Tech_demo
[2018.09.11-13.32.27:062][  0]LogSkeletalMesh: Skeletal Mesh found in DDC [11.935831ms] /Game/Mannequin/Character/Mesh/SK_Mannequin.SK_Mannequin
[2018.09.11-13.32.27:352][  0]LogAIModule: Creating AISystem for world Tech_demo
[2018.09.11-13.32.27:663][  0]LogEditorServer: Finished looking for orphan Actors (0.000 secs)
[2018.09.11-13.32.27:682][  0]LogUObjectGlobals: Destroyed PersistentFrame Addr=0x0000019b81c0f380, Size=64
[2018.09.11-13.32.27:682][  0]LogUObjectGlobals: Destroyed PersistentFrame Addr=0x0000019b818aecc0, Size=112
[2018.09.11-13.32.27:682][  0]LogUObjectGlobals: Destroyed PersistentFrame Addr=0x0000019b81be9b80, Size=120
[2018.09.11-13.32.27:682][  0]LogUObjectGlobals: Destroyed PersistentFrame Addr=0x0000019b818548a0, Size=32
[2018.09.11-13.32.27:682][  0]LogUObjectGlobals: Destroyed PersistentFrame Addr=0x0000019b81b8f820, Size=16
[2018.09.11-13.32.27:682][  0]LogUObjectGlobals: Destroyed PersistentFrame Addr=0x0000019b81b8e1f0, Size=16
[2018.09.11-13.32.27:682][  0]LogUObjectGlobals: Destroyed PersistentFrame Addr=0x0000019b818ae780, Size=112
[2018.09.11-13.32.27:682][  0]LogUObjectGlobals: Destroyed PersistentFrame Addr=0x0000019b816d3600, Size=304
[2018.09.11-13.32.27:682][  0]LogUObjectGlobals: Destroyed PersistentFrame Addr=0x0000019b816d2840, Size=304
[2018.09.11-13.32.27:682][  0]LogUObjectGlobals: Destroyed PersistentFrame Addr=0x0000019be2154420, Size=32
[2018.09.11-13.32.27:682][  0]LogUObjectGlobals: Destroyed PersistentFrame Addr=0x0000019b86fd9d50, Size=16
[2018.09.11-13.32.27:682][  0]LogUObjectGlobals: Destroyed PersistentFrame Addr=0x0000019b87c4d4e0, Size=148
[2018.09.11-13.32.27:682][  0]LogUObjectGlobals: Destroyed PersistentFrame Addr=0x0000019b86f307c0, Size=272
[2018.09.11-13.32.27:682][  0]LogUObjectGlobals: Destroyed PersistentFrame Addr=0x0000019b8783a7f0, Size=68
[2018.09.11-13.32.27:682][  0]LogUObjectGlobals: Destroyed PersistentFrame Addr=0x0000019b86fbd490, Size=40
[2018.09.11-13.32.27:682][  0]LogUObjectGlobals: Destroyed PersistentFrame Addr=0x0000019b89c81e40, Size=68
[2018.09.11-13.32.27:682][  0]LogUObjectGlobals: Destroyed PersistentFrame Addr=0x0000019b89befe00, Size=64
[2018.09.11-13.32.27:682][  0]LogUObjectGlobals: Destroyed PersistentFrame Addr=0x0000019b89bd7eb0, Size=56
[2018.09.11-13.32.27:684][  0]Cmd: MAP CHECKDEP NOCLEARLOG
[2018.09.11-13.32.27:775][  0]MapCheck: Map check complete: 0 Error(s), 0 Warning(s), took 91,615ms to complete.
[2018.09.11-13.32.27:776][  0]LogFileHelpers: Loading map 'Tech_demo' took 1.515
[2018.09.11-13.32.27:981][  0]LogCollectionManager: Loaded 0 collections in 0.002251 seconds
[2018.09.11-13.32.28:031][  0]LogFileCache: Scanning file cache for directory 'C:/Users/mg-lenovo/Documents/GitHub/VogsAmIFree/Saved/Collections/' took 0.01s
[2018.09.11-13.32.28:031][  0]LogFileCache: Scanning file cache for directory 'C:/Users/mg-lenovo/Documents/GitHub/VogsAmIFree/Content/Developers/mglenovo/Collections/' took 0.01s
[2018.09.11-13.32.28:031][  0]LogFileCache: Scanning file cache for directory 'C:/Users/mg-lenovo/Documents/GitHub/VogsAmIFree/Content/Collections/' took 0.01s
[2018.09.11-13.32.28:031][  0]LogCollectionManager: Rebuilt the GUID cache for 0 collections in 0.000001 seconds
[2018.09.11-13.32.28:054][  0]LogContentBrowser: Native class hierarchy populated in 0.0227 seconds. Added 2466 classes and 564 folders.
[2018.09.11-13.32.28:071][  0]LogContentBrowser: Native class hierarchy updated for 'WidgetCarousel' in 0.0005 seconds. Added 0 classes and 0 folders.
[2018.09.11-13.32.28:145][  0]LogContentBrowser: Native class hierarchy updated for 'AddContentDialog' in 0.0002 seconds. Added 0 classes and 0 folders.
[2018.09.11-13.32.28:150][  0]LogContentBrowser: Native class hierarchy updated for 'SceneOutliner' in 0.0003 seconds. Added 1 classes and 2 folders.
[2018.09.11-13.32.28:167][  0]LogSlate: Took 0.000262 seconds to synchronously load lazily loaded font '../../../Engine/Content/Slate/Fonts/Roboto-Regular.ttf' (155K)
[2018.09.11-13.32.28:169][  0]LogSlate: Took 0.000262 seconds to synchronously load lazily loaded font '../../../Engine/Content/Slate/Fonts/Roboto-Bold.ttf' (160K)
[2018.09.11-13.32.28:175][  0]LogSlate: Took 0.000243 seconds to synchronously load lazily loaded font '../../../Engine/Content/Editor/Slate/Fonts/FontAwesome.ttf' (139K)
[2018.09.11-13.32.28:277][  0]LogRenderer: Reallocating scene render targets to support 744x436 Format 10 NumSamples 1 (Frame:1).
[2018.09.11-13.32.28:440][  0]LogContentBrowser: Native class hierarchy updated for 'HierarchicalLODOutliner' in 0.0003 seconds. Added 0 classes and 0 folders.
[2018.09.11-13.32.28:440][  0]LogLoad: (Engine Initialization) Total time: 12.96 seconds
[2018.09.11-13.32.28:440][  0]LogLoad: (Engine Initialization) Total Blueprint compile time: 0.00 seconds
[2018.09.11-13.32.28:459][  0]LogWindowsTextInputMethodSystem: Display: IME system now deactivated.
[2018.09.11-13.32.28:482][  0]LogContentStreaming: Texture pool size now 1000 MB
[2018.09.11-13.32.28:561][  1]LogSubstanceLiveLink: Warning: Unable to send data along socket, closing connection
[2018.09.11-13.32.28:964][  2]LogAssetRegistry: Asset discovery search completed in 8.5590 seconds
[2018.09.11-13.32.28:968][  2]LogCollectionManager: Rebuilt the object cache for 0 collections in 0.000000 seconds (found 0 objects)
[2018.09.11-13.32.28:969][  2]LogCollectionManager: Fixed up redirectors for 0 collections in 0.000101 seconds (updated 0 objects)
[2018.09.11-13.32.29:512][ 31]LogSlate: Took 0.000281 seconds to synchronously load lazily loaded font '../../../Engine/Content/Slate/Fonts/Roboto-Light.ttf' (167K)
[2018.09.11-13.32.39:112][ 75]LogSlate: FSceneViewport::OnFocusLost() reason 0
[2018.09.11-13.32.50:729][745]MapCheck: New page: Map Check
[2018.09.11-13.32.50:749][745]Cmd: MAP REBUILD ALLVISIBLE
[2018.09.11-13.32.50:749][745]LogEditorServer: Rebuildmap Clear paths rebuilt
[2018.09.11-13.32.51:323][745]LogMaterial: Missing cached shader map for material FDebugViewModeMaterialProxy wall_materail_Inst, compiling. 
[2018.09.11-13.32.51:330][745]LogMaterial: Missing cached shader map for material FDebugViewModeMaterialProxy doorbase, compiling. 
[2018.09.11-13.32.51:335][745]LogShaderCompilers: Display: Shaders left to compile 2
[2018.09.11-13.32.51:335][745]LogShaderCompilers: Display: Shaders left to compile 1
[2018.09.11-13.32.51:335][745]LogMaterial: Missing cached shader map for material FDebugViewModeMaterialProxy door_useable, compiling. 
[2018.09.11-13.32.51:340][745]LogMaterial: Missing cached shader map for material FDebugViewModeMaterialProxy Case_2_Emissive, compiling. 
[2018.09.11-13.32.51:346][745]LogMaterial: Missing cached shader map for material FDebugViewModeMaterialProxy Case_2_Base, compiling. 
[2018.09.11-13.32.51:351][745]LogMaterial: Missing cached shader map for material FDebugViewModeMaterialProxy door_out, compiling. 
[2018.09.11-13.32.51:357][745]LogMaterial: Missing cached shader map for material FDebugViewModeMaterialProxy Mat_Dec1_Base, compiling. 
[2018.09.11-13.32.51:362][745]LogMaterial: Missing cached shader map for material FDebugViewModeMaterialProxy Mat_Dec1_Light, compiling. 
[2018.09.11-13.32.51:367][745]LogMaterial: Missing cached shader map for material FDebugViewModeMaterialProxy Mat_Dec_Things_1, compiling. 
[2018.09.11-13.32.51:373][745]LogMaterial: Missing cached shader map for material FDebugViewModeMaterialProxy Mat_InfTable_Base, compiling. 
[2018.09.11-13.32.51:378][745]LogMaterial: Missing cached shader map for material FDebugViewModeMaterialProxy Mat_InfTable_Top, compiling. 
[2018.09.11-13.32.51:383][745]LogMaterial: Missing cached shader map for material FDebugViewModeMaterialProxy DefaultTextMaterialOpaque, compiling. 
[2018.09.11-13.32.51:388][745]LogMaterial: Missing cached shader map for material FDebugViewModeMaterialProxy Mat_Table2_Down, compiling. 
[2018.09.11-13.32.51:393][745]LogMaterial: Missing cached shader map for material FDebugViewModeMaterialProxy Mat_Table2_Glass, compiling. 
[2018.09.11-13.32.51:398][745]LogMaterial: Missing cached shader map for material FDebugViewModeMaterialProxy BasicShapeMaterial, compiling. 
[2018.09.11-13.32.51:403][745]LogMaterial: Missing cached shader map for material FDebugViewModeMaterialProxy M_Basic_Wall_Inst, compiling. 
[2018.09.11-13.32.51:408][745]LogMaterial: Missing cached shader map for material FDebugViewModeMaterialProxy Mat_Grid_2, compiling. 
[2018.09.11-13.32.51:413][745]LogMaterial: Missing cached shader map for material FDebugViewModeMaterialProxy Mat_PC, compiling. 
[2018.09.11-13.32.51:419][745]LogMaterial: Missing cached shader map for material FDebugViewModeMaterialProxy Mat_Table_Top, compiling. 
[2018.09.11-13.32.51:424][745]LogMaterial: Missing cached shader map for material FDebugViewModeMaterialProxy Mat_Table_Foot, compiling. 
[2018.09.11-13.32.51:431][745]LogMaterial: Missing cached shader map for material FDebugViewModeMaterialProxy Mat_Light_1_Inst, compiling. 
[2018.09.11-13.32.51:436][745]LogMaterial: Missing cached shader map for material FDebugViewModeMaterialProxy Mat_Case1_Glass, compiling. 
[2018.09.11-13.32.51:442][745]LogMaterial: Missing cached shader map for material FDebugViewModeMaterialProxy Mat_Case1, compiling. 
[2018.09.11-13.32.51:449][745]LogMaterial: Missing cached shader map for material FDebugViewModeMaterialProxy MatineeCam_mat, compiling. 
[2018.09.11-13.32.51:455][745]LogMaterial: Missing cached shader map for material FDebugViewModeMaterialProxy Mat_Terinal_Base, compiling. 
[2018.09.11-13.32.51:461][745]LogMaterial: Missing cached shader map for material FDebugViewModeMaterialProxy Mat_Terminal_Emissive, compiling. 
[2018.09.11-13.32.51:466][745]LogMaterial: Missing cached shader map for material FDebugViewModeMaterialProxy Mat_Terminal_Screen, compiling. 
[2018.09.11-13.32.51:471][745]LogMaterial: Missing cached shader map for material FDebugViewModeMaterialProxy M_UE4Man_Body_Inst, compiling. 
[2018.09.11-13.32.51:481][745]LogShaderCompilers: Display: Shaders left to compile 25
[2018.09.11-13.32.51:481][745]LogShaderCompilers: Display: Shaders left to compile 24
[2018.09.11-13.32.51:481][745]LogMaterial: Missing cached shader map for material FDebugViewModeMaterialProxy M_UE4Man_ChestLogo_Inst, compiling. 
[2018.09.11-13.32.53:802][745]LogShaderCompilers: Display: Shaders left to compile 25
[2018.09.11-13.32.53:802][745]LogShaderCompilers: Display: Shaders left to compile 24
[2018.09.11-13.32.53:802][745]LogShaderCompilers: Display: Shaders left to compile 23
[2018.09.11-13.32.53:802][745]LogShaderCompilers: Display: Shaders left to compile 22
[2018.09.11-13.32.53:802][745]LogShaderCompilers: Display: Shaders left to compile 21
[2018.09.11-13.32.53:802][745]LogShaderCompilers: Display: Shaders left to compile 20
[2018.09.11-13.32.53:802][745]LogShaderCompilers: Display: Shaders left to compile 19
[2018.09.11-13.32.53:802][745]LogShaderCompilers: Display: Shaders left to compile 18
[2018.09.11-13.32.53:802][745]LogShaderCompilers: Display: Shaders left to compile 17
[2018.09.11-13.32.53:802][745]LogShaderCompilers: Display: Shaders left to compile 16
[2018.09.11-13.32.53:802][745]LogShaderCompilers: Display: Shaders left to compile 15
[2018.09.11-13.32.53:802][745]LogShaderCompilers: Display: Shaders left to compile 14
[2018.09.11-13.32.53:802][745]LogShaderCompilers: Display: Shaders left to compile 13
[2018.09.11-13.32.53:802][745]LogShaderCompilers: Display: Shaders left to compile 12
[2018.09.11-13.32.53:802][745]LogShaderCompilers: Display: Shaders left to compile 11
[2018.09.11-13.32.53:802][745]LogShaderCompilers: Display: Shaders left to compile 10
[2018.09.11-13.32.53:802][745]LogShaderCompilers: Display: Shaders left to compile 9
[2018.09.11-13.32.53:802][745]LogShaderCompilers: Display: Shaders left to compile 8
[2018.09.11-13.32.53:802][745]LogShaderCompilers: Display: Shaders left to compile 7
[2018.09.11-13.32.53:802][745]LogShaderCompilers: Display: Shaders left to compile 6
[2018.09.11-13.32.53:802][745]LogShaderCompilers: Display: Shaders left to compile 5
[2018.09.11-13.32.53:802][745]LogShaderCompilers: Display: Shaders left to compile 4
[2018.09.11-13.32.53:802][745]LogShaderCompilers: Display: Shaders left to compile 3
[2018.09.11-13.32.53:802][745]LogShaderCompilers: Display: Shaders left to compile 2
[2018.09.11-13.32.53:802][745]LogShaderCompilers: Display: Shaders left to compile 1
[2018.09.11-13.32.53:802][745]TextureStreamingBuild: Display: Compiling optional shaders took 2.484 seconds.
[2018.09.11-13.32.53:837][745]LogLevel: Display: Export Material TexCoord Scales took 0.034 seconds.
[2018.09.11-13.32.53:885][745]TextureStreamingBuild: Display: Build Texture Streaming took 0.048 seconds.
[2018.09.11-13.32.53:904][745]LightingResults: New page: Lighting Build - 11 Eyl 2018 19:32:53
[2018.09.11-13.32.53:946][745]LogSwarmInterface: [OpenConnection] Registering TCP channel ...
[2018.09.11-13.32.53:950][745]LogSwarmInterface: [OpenConnection] Connecting to agent ...
[2018.09.11-13.32.53:965][745]LogSwarmInterface: [TryOpenConnection] Testing the Agent
[2018.09.11-13.32.55:988][745]LogSwarmInterface: Error: [TryOpenConnection] Waiting for the agent to start up ...
[2018.09.11-13.32.55:991][745]LogSwarmInterface: Error: System.Net.Sockets.SocketException (0x80004005): Hedef makine etkin olarak reddettiğinden bağlantı kurulamadı 127.0.0.1:8008

Server stack trace: 
   konum: System.Net.Sockets.Socket.DoConnect(EndPoint endPointSnapshot, SocketAddress socketAddress)
   konum: System.Net.Sockets.Socket.Connect(EndPoint remoteEP)
   konum: System.Runtime.Remoting.Channels.RemoteConnection.CreateNewSocket(EndPoint ipEndPoint)
   konum: System.Runtime.Remoting.Channels.SocketCache.GetSocket(String machinePortAndSid, Boolean openNew)
   konum: System.Runtime.Remoting.Channels.Tcp.TcpClientTransportSink.SendRequestWithRetry(IMessage msg, ITransportHeaders requestHeaders, Stream requestStream)
   konum: System.Runtime.Remoting.Channels.Tcp.TcpClientTransportSink.AsyncProcessRequest(IClientChannelSinkStack sinkStack, IMessage msg, ITransportHeaders headers, Stream stream)
   konum: System.Runtime.Remoting.Channels.BinaryClientFormatterSink.AsyncProcessMessage(IMessage msg, IMessageSink replySink)

Exception rethrown at [0]: 
   konum: System.Runtime.Remoting.Proxies.RealProxy.HandleReturnMessage(IMessage reqMsg, IMessage retMsg)
   konum: System.Runtime.Remoting.Proxies.RealProxy.PrivateInvoke(MessageData& msgData, Int32 type)
   konum: NSwarm.IAgentInterfaceWrapper.MethodDelegate.EndInvoke(Hashtable& OutParameters, IAsyncResult result)
   konum: NSwarm.FSwarmInterface.TryOpenConnection(FConnectionCallback CallbackFunc, IntPtr CallbackData, ELogFlags LoggingFlags)
[2018.09.11-13.33.02:997][745]LogSwarmInterface: Error: [TryOpenConnection] Waiting for the agent to start up ...
[2018.09.11-13.33.02:997][745]LogSwarmInterface: Error: System.Net.Sockets.SocketException (0x80004005): Hedef makine etkin olarak reddettiğinden bağlantı kurulamadı 127.0.0.1:8008

Server stack trace: 
   konum: System.Net.Sockets.Socket.DoConnect(EndPoint endPointSnapshot, SocketAddress socketAddress)
   konum: System.Net.Sockets.Socket.Connect(EndPoint remoteEP)
   konum: System.Runtime.Remoting.Channels.RemoteConnection.CreateNewSocket(EndPoint ipEndPoint)
   konum: System.Runtime.Remoting.Channels.SocketCache.GetSocket(String machinePortAndSid, Boolean openNew)
   konum: System.Runtime.Remoting.Channels.Tcp.TcpClientTransportSink.SendRequestWithRetry(IMessage msg, ITransportHeaders requestHeaders, Stream requestStream)
   konum: System.Runtime.Remoting.Channels.Tcp.TcpClientTransportSink.AsyncProcessRequest(IClientChannelSinkStack sinkStack, IMessage msg, ITransportHeaders headers, Stream stream)
   konum: System.Runtime.Remoting.Channels.BinaryClientFormatterSink.AsyncProcessMessage(IMessage msg, IMessageSink replySink)

Exception rethrown at [0]: 
   konum: System.Runtime.Remoting.Proxies.RealProxy.HandleReturnMessage(IMessage reqMsg, IMessage retMsg)
   konum: System.Runtime.Remoting.Proxies.RealProxy.PrivateInvoke(MessageData& msgData, Int32 type)
   konum: NSwarm.IAgentInterfaceWrapper.MethodDelegate.EndInvoke(Hashtable& OutParameters, IAsyncResult result)
   konum: NSwarm.FSwarmInterface.TryOpenConnection(FConnectionCallback CallbackFunc, IntPtr CallbackData, ELogFlags LoggingFlags)
[2018.09.11-13.33.10:003][745]LogSwarmInterface: Error: [TryOpenConnection] Waiting for the agent to start up ...
[2018.09.11-13.33.10:004][745]LogSwarmInterface: Error: System.Net.Sockets.SocketException (0x80004005): Hedef makine etkin olarak reddettiğinden bağlantı kurulamadı 127.0.0.1:8008

Server stack trace: 
   konum: System.Net.Sockets.Socket.DoConnect(EndPoint endPointSnapshot, SocketAddress socketAddress)
   konum: System.Net.Sockets.Socket.Connect(EndPoint remoteEP)
   konum: System.Runtime.Remoting.Channels.RemoteConnection.CreateNewSocket(EndPoint ipEndPoint)
   konum: System.Runtime.Remoting.Channels.SocketCache.GetSocket(String machinePortAndSid, Boolean openNew)
   konum: System.Runtime.Remoting.Channels.Tcp.TcpClientTransportSink.SendRequestWithRetry(IMessage msg, ITransportHeaders requestHeaders, Stream requestStream)
   konum: System.Runtime.Remoting.Channels.Tcp.TcpClientTransportSink.AsyncProcessRequest(IClientChannelSinkStack sinkStack, IMessage msg, ITransportHeaders headers, Stream stream)
   konum: System.Runtime.Remoting.Channels.BinaryClientFormatterSink.AsyncProcessMessage(IMessage msg, IMessageSink replySink)

Exception rethrown at [0]: 
   konum: System.Runtime.Remoting.Proxies.RealProxy.HandleReturnMessage(IMessage reqMsg, IMessage retMsg)
   konum: System.Runtime.Remoting.Proxies.RealProxy.PrivateInvoke(MessageData& msgData, Int32 type)
   konum: NSwarm.IAgentInterfaceWrapper.MethodDelegate.EndInvoke(Hashtable& OutParameters, IAsyncResult result)
   konum: NSwarm.FSwarmInterface.TryOpenConnection(FConnectionCallback CallbackFunc, IntPtr CallbackData, ELogFlags LoggingFlags)
[2018.09.11-13.33.17:008][745]LogSwarmInterface: Error: [TryOpenConnection] Waiting for the agent to start up ...
[2018.09.11-13.33.17:009][745]LogSwarmInterface: Error: System.Net.Sockets.SocketException (0x80004005): Hedef makine etkin olarak reddettiğinden bağlantı kurulamadı 127.0.0.1:8008

Server stack trace: 
   konum: System.Net.Sockets.Socket.DoConnect(EndPoint endPointSnapshot, SocketAddress socketAddress)
   konum: System.Net.Sockets.Socket.Connect(EndPoint remoteEP)
   konum: System.Runtime.Remoting.Channels.RemoteConnection.CreateNewSocket(EndPoint ipEndPoint)
   konum: System.Runtime.Remoting.Channels.SocketCache.GetSocket(String machinePortAndSid, Boolean openNew)
   konum: System.Runtime.Remoting.Channels.Tcp.TcpClientTransportSink.SendRequestWithRetry(IMessage msg, ITransportHeaders requestHeaders, Stream requestStream)
   konum: System.Runtime.Remoting.Channels.Tcp.TcpClientTransportSink.AsyncProcessRequest(IClientChannelSinkStack sinkStack, IMessage msg, ITransportHeaders headers, Stream stream)
   konum: System.Runtime.Remoting.Channels.BinaryClientFormatterSink.AsyncProcessMessage(IMessage msg, IMessageSink replySink)

Exception rethrown at [0]: 
   konum: System.Runtime.Remoting.Proxies.RealProxy.HandleReturnMessage(IMessage reqMsg, IMessage retMsg)
   konum: System.Runtime.Remoting.Proxies.RealProxy.PrivateInvoke(MessageData& msgData, Int32 type)
   konum: NSwarm.IAgentInterfaceWrapper.MethodDelegate.EndInvoke(Hashtable& OutParameters, IAsyncResult result)
   konum: NSwarm.FSwarmInterface.TryOpenConnection(FConnectionCallback CallbackFunc, IntPtr CallbackData, ELogFlags LoggingFlags)
[2018.09.11-13.33.24:014][745]LogSwarmInterface: Error: [TryOpenConnection] Waiting for the agent to start up ...
[2018.09.11-13.33.24:014][745]LogSwarmInterface: Error: System.Net.Sockets.SocketException (0x80004005): Hedef makine etkin olarak reddettiğinden bağlantı kurulamadı 127.0.0.1:8008

Server stack trace: 
   konum: System.Net.Sockets.Socket.DoConnect(EndPoint endPointSnapshot, SocketAddress socketAddress)
   konum: System.Net.Sockets.Socket.Connect(EndPoint remoteEP)
   konum: System.Runtime.Remoting.Channels.RemoteConnection.CreateNewSocket(EndPoint ipEndPoint)
   konum: System.Runtime.Remoting.Channels.SocketCache.GetSocket(String machinePortAndSid, Boolean openNew)
   konum: System.Runtime.Remoting.Channels.Tcp.TcpClientTransportSink.SendRequestWithRetry(IMessage msg, ITransportHeaders requestHeaders, Stream requestStream)
   konum: System.Runtime.Remoting.Channels.Tcp.TcpClientTransportSink.AsyncProcessRequest(IClientChannelSinkStack sinkStack, IMessage msg, ITransportHeaders headers, Stream stream)
   konum: System.Runtime.Remoting.Channels.BinaryClientFormatterSink.AsyncProcessMessage(IMessage msg, IMessageSink replySink)

Exception rethrown at [0]: 
   konum: System.Runtime.Remoting.Proxies.RealProxy.HandleReturnMessage(IMessage reqMsg, IMessage retMsg)
   konum: System.Runtime.Remoting.Proxies.RealProxy.PrivateInvoke(MessageData& msgData, Int32 type)
   konum: NSwarm.IAgentInterfaceWrapper.MethodDelegate.EndInvoke(Hashtable& OutParameters, IAsyncResult result)
   konum: NSwarm.FSwarmInterface.TryOpenConnection(FConnectionCallback CallbackFunc, IntPtr CallbackData, ELogFlags LoggingFlags)
[2018.09.11-13.33.31:018][745]LogSwarmInterface: Error: [TryOpenConnection] Waiting for the agent to start up ...
[2018.09.11-13.33.31:018][745]LogSwarmInterface: Error: System.Net.Sockets.SocketException (0x80004005): Hedef makine etkin olarak reddettiğinden bağlantı kurulamadı 127.0.0.1:8008

Server stack trace: 
   konum: System.Net.Sockets.Socket.DoConnect(EndPoint endPointSnapshot, SocketAddress socketAddress)
   konum: System.Net.Sockets.Socket.Connect(EndPoint remoteEP)
   konum: System.Runtime.Remoting.Channels.RemoteConnection.CreateNewSocket(EndPoint ipEndPoint)
   konum: System.Runtime.Remoting.Channels.SocketCache.GetSocket(String machinePortAndSid, Boolean openNew)
   konum: System.Runtime.Remoting.Channels.Tcp.TcpClientTransportSink.SendRequestWithRetry(IMessage msg, ITransportHeaders requestHeaders, Stream requestStream)
   konum: System.Runtime.Remoting.Channels.Tcp.TcpClientTransportSink.AsyncProcessRequest(IClientChannelSinkStack sinkStack, IMessage msg, ITransportHeaders headers, Stream stream)
   konum: System.Runtime.Remoting.Channels.BinaryClientFormatterSink.AsyncProcessMessage(IMessage msg, IMessageSink replySink)

Exception rethrown at [0]: 
   konum: System.Runtime.Remoting.Proxies.RealProxy.HandleReturnMessage(IMessage reqMsg, IMessage retMsg)
   konum: System.Runtime.Remoting.Proxies.RealProxy.PrivateInvoke(MessageData& msgData, Int32 type)
   konum: NSwarm.IAgentInterfaceWrapper.MethodDelegate.EndInvoke(Hashtable& OutParameters, IAsyncResult result)
   konum: NSwarm.FSwarmInterface.TryOpenConnection(FConnectionCallback CallbackFunc, IntPtr CallbackData, ELogFlags LoggingFlags)
[2018.09.11-13.33.38:023][745]LogSwarmInterface: Error: [TryOpenConnection] Waiting for the agent to start up ...
[2018.09.11-13.33.38:024][745]LogSwarmInterface: Error: System.Net.Sockets.SocketException (0x80004005): Hedef makine etkin olarak reddettiğinden bağlantı kurulamadı 127.0.0.1:8008

Server stack trace: 
   konum: System.Net.Sockets.Socket.DoConnect(EndPoint endPointSnapshot, SocketAddress socketAddress)
   konum: System.Net.Sockets.Socket.Connect(EndPoint remoteEP)
   konum: System.Runtime.Remoting.Channels.RemoteConnection.CreateNewSocket(EndPoint ipEndPoint)
   konum: System.Runtime.Remoting.Channels.SocketCache.GetSocket(String machinePortAndSid, Boolean openNew)
   konum: System.Runtime.Remoting.Channels.Tcp.TcpClientTransportSink.SendRequestWithRetry(IMessage msg, ITransportHeaders requestHeaders, Stream requestStream)
   konum: System.Runtime.Remoting.Channels.Tcp.TcpClientTransportSink.AsyncProcessRequest(IClientChannelSinkStack sinkStack, IMessage msg, ITransportHeaders headers, Stream stream)
   konum: System.Runtime.Remoting.Channels.BinaryClientFormatterSink.AsyncProcessMessage(IMessage msg, IMessageSink replySink)

Exception rethrown at [0]: 
   konum: System.Runtime.Remoting.Proxies.RealProxy.HandleReturnMessage(IMessage reqMsg, IMessage retMsg)
   konum: System.Runtime.Remoting.Proxies.RealProxy.PrivateInvoke(MessageData& msgData, Int32 type)
   konum: NSwarm.IAgentInterfaceWrapper.MethodDelegate.EndInvoke(Hashtable& OutParameters, IAsyncResult result)
   konum: NSwarm.FSwarmInterface.TryOpenConnection(FConnectionCallback CallbackFunc, IntPtr CallbackData, ELogFlags LoggingFlags)
[2018.09.11-13.33.45:031][745]LogSwarmInterface: Error: [TryOpenConnection] Waiting for the agent to start up ...
[2018.09.11-13.33.45:031][745]LogSwarmInterface: Error: System.Net.Sockets.SocketException (0x80004005): Hedef makine etkin olarak reddettiğinden bağlantı kurulamadı 127.0.0.1:8008

Server stack trace: 
   konum: System.Net.Sockets.Socket.DoConnect(EndPoint endPointSnapshot, SocketAddress socketAddress)
   konum: System.Net.Sockets.Socket.Connect(EndPoint remoteEP)
   konum: System.Runtime.Remoting.Channels.RemoteConnection.CreateNewSocket(EndPoint ipEndPoint)
   konum: System.Runtime.Remoting.Channels.SocketCache.GetSocket(String machinePortAndSid, Boolean openNew)
   konum: System.Runtime.Remoting.Channels.Tcp.TcpClientTransportSink.SendRequestWithRetry(IMessage msg, ITransportHeaders requestHeaders, Stream requestStream)
   konum: System.Runtime.Remoting.Channels.Tcp.TcpClientTransportSink.AsyncProcessRequest(IClientChannelSinkStack sinkStack, IMessage msg, ITransportHeaders headers, Stream stream)
   konum: System.Runtime.Remoting.Channels.BinaryClientFormatterSink.AsyncProcessMessage(IMessage msg, IMessageSink replySink)

Exception rethrown at [0]: 
   konum: System.Runtime.Remoting.Proxies.RealProxy.HandleReturnMessage(IMessage reqMsg, IMessage retMsg)
   konum: System.Runtime.Remoting.Proxies.RealProxy.PrivateInvoke(MessageData& msgData, Int32 type)
   konum: NSwarm.IAgentInterfaceWrapper.MethodDelegate.EndInvoke(Hashtable& OutParameters, IAsyncResult result)
   konum: NSwarm.FSwarmInterface.TryOpenConnection(FConnectionCallback CallbackFunc, IntPtr CallbackData, ELogFlags LoggingFlags)
[2018.09.11-13.33.52:035][745]LogSwarmInterface: Error: [TryOpenConnection] Waiting for the agent to start up ...
[2018.09.11-13.33.52:035][745]LogSwarmInterface: Error: System.Net.Sockets.SocketException (0x80004005): Hedef makine etkin olarak reddettiğinden bağlantı kurulamadı 127.0.0.1:8008

Server stack trace: 
   konum: System.Net.Sockets.Socket.DoConnect(EndPoint endPointSnapshot, SocketAddress socketAddress)
   konum: System.Net.Sockets.Socket.Connect(EndPoint remoteEP)
   konum: System.Runtime.Remoting.Channels.RemoteConnection.CreateNewSocket(EndPoint ipEndPoint)
   konum: System.Runtime.Remoting.Channels.SocketCache.GetSocket(String machinePortAndSid, Boolean openNew)
   konum: System.Runtime.Remoting.Channels.Tcp.TcpClientTransportSink.SendRequestWithRetry(IMessage msg, ITransportHeaders requestHeaders, Stream requestStream)
   konum: System.Runtime.Remoting.Channels.Tcp.TcpClientTransportSink.AsyncProcessRequest(IClientChannelSinkStack sinkStack, IMessage msg, ITransportHeaders headers, Stream stream)
   konum: System.Runtime.Remoting.Channels.BinaryClientFormatterSink.AsyncProcessMessage(IMessage msg, IMessageSink replySink)

Exception rethrown at [0]: 
   konum: System.Runtime.Remoting.Proxies.RealProxy.HandleReturnMessage(IMessage reqMsg, IMessage retMsg)
   konum: System.Runtime.Remoting.Proxies.RealProxy.PrivateInvoke(MessageData& msgData, Int32 type)
   konum: NSwarm.IAgentInterfaceWrapper.MethodDelegate.EndInvoke(Hashtable& OutParameters, IAsyncResult result)
   konum: NSwarm.FSwarmInterface.TryOpenConnection(FConnectionCallback CallbackFunc, IntPtr CallbackData, ELogFlags LoggingFlags)
[2018.09.11-13.33.59:044][745]LogSwarmInterface: Error: [TryOpenConnection] Waiting for the agent to start up ...
[2018.09.11-13.33.59:045][745]LogSwarmInterface: Error: System.Net.Sockets.SocketException (0x80004005): Hedef makine etkin olarak reddettiğinden bağlantı kurulamadı 127.0.0.1:8008

Server stack trace: 
   konum: System.Net.Sockets.Socket.DoConnect(EndPoint endPointSnapshot, SocketAddress socketAddress)
   konum: System.Net.Sockets.Socket.Connect(EndPoint remoteEP)
   konum: System.Runtime.Remoting.Channels.RemoteConnection.CreateNewSocket(EndPoint ipEndPoint)
   konum: System.Runtime.Remoting.Channels.SocketCache.GetSocket(String machinePortAndSid, Boolean openNew)
   konum: System.Runtime.Remoting.Channels.Tcp.TcpClientTransportSink.SendRequestWithRetry(IMessage msg, ITransportHeaders requestHeaders, Stream requestStream)
   konum: System.Runtime.Remoting.Channels.Tcp.TcpClientTransportSink.AsyncProcessRequest(IClientChannelSinkStack sinkStack, IMessage msg, ITransportHeaders headers, Stream stream)
   konum: System.Runtime.Remoting.Channels.BinaryClientFormatterSink.AsyncProcessMessage(IMessage msg, IMessageSink replySink)

Exception rethrown at [0]: 
   konum: System.Runtime.Remoting.Proxies.RealProxy.HandleReturnMessage(IMessage reqMsg, IMessage retMsg)
   konum: System.Runtime.Remoting.Proxies.RealProxy.PrivateInvoke(MessageData& msgData, Int32 type)
   konum: NSwarm.IAgentInterfaceWrapper.MethodDelegate.EndInvoke(Hashtable& OutParameters, IAsyncResult result)
   konum: NSwarm.FSwarmInterface.TryOpenConnection(FConnectionCallback CallbackFunc, IntPtr CallbackData, ELogFlags LoggingFlags)
