Log file open, 08/18/18 19:14:37
LogWindows: Failed to load 'aqProf.dll' (GetLastError=126)
LogWindows: File 'aqProf.dll' does not exist
LogWindows: Failed to load 'VtuneApi.dll' (GetLastError=126)
LogWindows: File 'VtuneApi.dll' does not exist
LogWindows: Failed to load 'VtuneApi32e.dll' (GetLastError=126)
LogWindows: File 'VtuneApi32e.dll' does not exist
LogInit: Display: Running engine for game: Am_i_Free
LogPlatformFile: Not using cached read wrapper
LogInit: Display: RandInit(1780022938) SRandInit(1780022938).
LogInit: Read version file with build ID '3944462'
LogInit: Overriding engine version to CL 4033788, compatible CL 3944462
LogInit: Registered custom module enumerator with build ID '3944462'
LogTaskGraph: Started task graph with 5 named threads and 23 total threads with 3 sets of task threads.
LogStats: Stats thread started at 0.277514
LogD3D11RHI: Aftermath initialized
LogICUInternationalization: Display: ICU TimeZone Detection - Raw Offset: +2:00, Platform Override: ''
LogModuleManager: Display: Found up-to-date module file ../../../Engine/Plugins/Marketplace/Substance/Binaries/Win64/UE4Editor-SubstanceCore.dll (API version 3944462).
LogModuleManager: Display: Found up-to-date module file ../../../Engine/Plugins/Marketplace/Substance/Binaries/Win64/UE4Editor-SubstanceEditor.dll (API version 3944462).
LogModuleManager: Display: Found up-to-date module file ../../../Engine/Plugins/Marketplace/Substance/Binaries/Win64/UE4Editor-SubstanceSource.dll (API version 3944462).
LogModuleManager: Display: Found up-to-date module file ../../../Engine/Plugins/Marketplace/Substance/Binaries/Win64/UE4Editor-SubstanceLiveLink.dll (API version 3944462).
LogModuleManager: Display: Found up-to-date module file ../../../Engine/Plugins/2D/Paper2D/Binaries/Win64/UE4Editor-Paper2D.dll (API version 3944462).
LogModuleManager: Display: Found up-to-date module file ../../../Engine/Plugins/2D/Paper2D/Binaries/Win64/UE4Editor-Paper2DEditor.dll (API version 3944462).
LogModuleManager: Display: Found up-to-date module file ../../../Engine/Plugins/2D/Paper2D/Binaries/Win64/UE4Editor-PaperSpriteSheetImporter.dll (API version 3944462).
LogModuleManager: Display: Found up-to-date module file ../../../Engine/Plugins/2D/Paper2D/Binaries/Win64/UE4Editor-PaperTiledImporter.dll (API version 3944462).
LogModuleManager: Display: Found up-to-date module file ../../../Engine/Plugins/2D/Paper2D/Binaries/Win64/UE4Editor-SmartSnapping.dll (API version 3944462).
LogModuleManager: Display: Found up-to-date module file ../../../Engine/Plugins/Blendables/LightPropagationVolume/Binaries/Win64/UE4Editor-LightPropagationVolumeRuntime.dll (API version 3944462).
LogModuleManager: Display: Found up-to-date module file ../../../Engine/Plugins/Blendables/LightPropagationVolume/Binaries/Win64/UE4Editor-LightPropagationVolumeEditor.dll (API version 3944462).
LogModuleManager: Display: Found up-to-date module file ../../../Engine/Plugins/Developer/CLionSourceCodeAccess/Binaries/Win64/UE4Editor-CLionSourceCodeAccess.dll (API version 3944462).
LogModuleManager: Display: Found up-to-date module file ../../../Engine/Plugins/Developer/GitSourceControl/Binaries/Win64/UE4Editor-GitSourceControl.dll (API version 3944462).
LogModuleManager: Display: Found up-to-date module file ../../../Engine/Plugins/Developer/PerforceSourceControl/Binaries/Win64/UE4Editor-PerforceSourceControl.dll (API version 3944462).
LogModuleManager: Display: Found up-to-date module file ../../../Engine/Plugins/Developer/SubversionSourceControl/Binaries/Win64/UE4Editor-SubversionSourceControl.dll (API version 3944462).
LogModuleManager: Display: Found up-to-date module file ../../../Engine/Plugins/Developer/UObjectPlugin/Binaries/Win64/UE4Editor-UObjectPlugin.dll (API version 3944462).
LogModuleManager: Display: Found up-to-date module file ../../../Engine/Plugins/Developer/VisualStudioCodeSourceCodeAccess/Binaries/Win64/UE4Editor-VisualStudioCodeSourceCodeAccess.dll (API version 3944462).
LogModuleManager: Display: Found up-to-date module file ../../../Engine/Plugins/Developer/VisualStudioSourceCodeAccess/Binaries/Win64/UE4Editor-VisualStudioSourceCodeAccess.dll (API version 3944462).
LogModuleManager: Display: Found up-to-date module file ../../../Engine/Plugins/Editor/AssetManagerEditor/Binaries/Win64/UE4Editor-AssetManagerEditor.dll (API version 3944462).
LogModuleManager: Display: Found up-to-date module file ../../../Engine/Plugins/Editor/CryptoKeys/Binaries/Win64/UE4Editor-CryptoKeys.dll (API version 3944462).
LogModuleManager: Display: Found up-to-date module file ../../../Engine/Plugins/Editor/CryptoKeys/Binaries/Win64/UE4Editor-CryptoKeysOpenSSL.dll (API version 3944462).
LogModuleManager: Display: Found up-to-date module file ../../../Engine/Plugins/Editor/DataValidation/Binaries/Win64/UE4Editor-DataValidation.dll (API version 3944462).
LogModuleManager: Display: Found up-to-date module file ../../../Engine/Plugins/Editor/FacialAnimation/Binaries/Win64/UE4Editor-FacialAnimation.dll (API version 3944462).
LogModuleManager: Display: Found up-to-date module file ../../../Engine/Plugins/Editor/FacialAnimation/Binaries/Win64/UE4Editor-FacialAnimationEditor.dll (API version 3944462).
LogModuleManager: Display: Found up-to-date module file ../../../Engine/Plugins/Editor/GameplayTagsEditor/Binaries/Win64/UE4Editor-GameplayTagsEditor.dll (API version 3944462).
LogModuleManager: Display: Found up-to-date module file ../../../Engine/Plugins/Editor/MobileLauncherProfileWizard/Binaries/Win64/UE4Editor-MobileLauncherProfileWizard.dll (API version 3944462).
LogModuleManager: Display: Found up-to-date module file ../../../Engine/Plugins/Editor/PluginBrowser/Binaries/Win64/UE4Editor-PluginBrowser.dll (API version 3944462).
LogModuleManager: Display: Found up-to-date module file ../../../Engine/Plugins/Editor/SpeedTreeImporter/Binaries/Win64/UE4Editor-SpeedTreeImporter.dll (API version 3944462).
LogModuleManager: Display: Found up-to-date module file ../../../Engine/Plugins/Enterprise/DatasmithContent/Binaries/Win64/UE4Editor-DatasmithContent.dll (API version 3944462).
LogModuleManager: Display: Found up-to-date module file ../../../Engine/Plugins/Experimental/AlembicImporter/Binaries/Win64/UE4Editor-AlembicImporter.dll (API version 3944462).
LogModuleManager: Display: Found up-to-date module file ../../../Engine/Plugins/Experimental/AlembicImporter/Binaries/Win64/UE4Editor-AlembicLibrary.dll (API version 3944462).
LogModuleManager: Display: Found up-to-date module file ../../../Engine/Plugins/Experimental/CharacterAI/Binaries/Win64/UE4Editor-CharacterAI.dll (API version 3944462).
LogModuleManager: Display: Found up-to-date module file ../../../Engine/Plugins/Experimental/HTML5Networking/Binaries/Win64/UE4Editor-HTML5Networking.dll (API version 3944462).
LogModuleManager: Display: Found up-to-date module file ../../../Engine/Plugins/Media/AndroidMedia/Binaries/Win64/UE4Editor-AndroidMediaEditor.dll (API version 3944462).
LogModuleManager: Display: Found up-to-date module file ../../../Engine/Plugins/Media/AndroidMedia/Binaries/Win64/UE4Editor-AndroidMediaFactory.dll (API version 3944462).
LogModuleManager: Display: Found up-to-date module file ../../../Engine/Plugins/Media/AvfMedia/Binaries/Win64/UE4Editor-AvfMediaEditor.dll (API version 3944462).
LogModuleManager: Display: Found up-to-date module file ../../../Engine/Plugins/Media/AvfMedia/Binaries/Win64/UE4Editor-AvfMediaFactory.dll (API version 3944462).
LogModuleManager: Display: Found up-to-date module file ../../../Engine/Plugins/Media/AvfMedia/Binaries/Win64/UE4Editor-AvfMediaFactory.dll (API version 3944462).
LogModuleManager: Display: Found up-to-date module file ../../../Engine/Plugins/Media/ImgMedia/Binaries/Win64/UE4Editor-ImgMedia.dll (API version 3944462).
LogModuleManager: Display: Found up-to-date module file ../../../Engine/Plugins/Media/ImgMedia/Binaries/Win64/UE4Editor-ImgMediaEditor.dll (API version 3944462).
LogModuleManager: Display: Found up-to-date module file ../../../Engine/Plugins/Media/ImgMedia/Binaries/Win64/UE4Editor-ImgMediaFactory.dll (API version 3944462).
LogModuleManager: Display: Found up-to-date module file ../../../Engine/Plugins/Media/ImgMedia/Binaries/Win64/UE4Editor-ImgMediaFactory.dll (API version 3944462).
LogModuleManager: Display: Found up-to-date module file ../../../Engine/Plugins/Media/ImgMedia/Binaries/Win64/UE4Editor-OpenExrWrapper.dll (API version 3944462).
LogModuleManager: Display: Found up-to-date module file ../../../Engine/Plugins/Media/LinearTimecode/Binaries/Win64/UE4Editor-LinearTimecode.dll (API version 3944462).
LogModuleManager: Display: Found up-to-date module file ../../../Engine/Plugins/Media/MediaCompositing/Binaries/Win64/UE4Editor-MediaCompositing.dll (API version 3944462).
LogModuleManager: Display: Found up-to-date module file ../../../Engine/Plugins/Media/MediaCompositing/Binaries/Win64/UE4Editor-MediaCompositingEditor.dll (API version 3944462).
LogModuleManager: Display: Found up-to-date module file ../../../Engine/Plugins/Media/MediaPlayerEditor/Binaries/Win64/UE4Editor-MediaPlayerEditor.dll (API version 3944462).
LogModuleManager: Display: Found up-to-date module file ../../../Engine/Plugins/Media/WmfMedia/Binaries/Win64/UE4Editor-WmfMedia.dll (API version 3944462).
LogModuleManager: Display: Found up-to-date module file ../../../Engine/Plugins/Media/WmfMedia/Binaries/Win64/UE4Editor-WmfMediaEditor.dll (API version 3944462).
LogModuleManager: Display: Found up-to-date module file ../../../Engine/Plugins/Media/WmfMedia/Binaries/Win64/UE4Editor-WmfMediaFactory.dll (API version 3944462).
LogModuleManager: Display: Found up-to-date module file ../../../Engine/Plugins/Media/WmfMedia/Binaries/Win64/UE4Editor-WmfMediaFactory.dll (API version 3944462).
LogModuleManager: Display: Found up-to-date module file ../../../Engine/Plugins/Messaging/TcpMessaging/Binaries/Win64/UE4Editor-TcpMessaging.dll (API version 3944462).
LogModuleManager: Display: Found up-to-date module file ../../../Engine/Plugins/Messaging/UdpMessaging/Binaries/Win64/UE4Editor-UdpMessaging.dll (API version 3944462).
LogModuleManager: Display: Found up-to-date module file ../../../Engine/Plugins/MovieScene/ActorSequence/Binaries/Win64/UE4Editor-ActorSequence.dll (API version 3944462).
LogModuleManager: Display: Found up-to-date module file ../../../Engine/Plugins/MovieScene/LevelSequenceEditor/Binaries/Win64/UE4Editor-LevelSequenceEditor.dll (API version 3944462).
LogModuleManager: Display: Found up-to-date module file ../../../Engine/Plugins/MovieScene/MatineeToLevelSequence/Binaries/Win64/UE4Editor-MatineeToLevelSequence.dll (API version 3944462).
LogModuleManager: Display: Found up-to-date module file ../../../Engine/Plugins/NetcodeUnitTest/NetcodeUnitTest/Binaries/Win64/UE4Editor-NetcodeUnitTest.dll (API version 3944462).
LogModuleManager: Display: Found up-to-date module file ../../../Engine/Plugins/NetcodeUnitTest/NUTUnrealEngine4/Binaries/Win64/UE4Editor-NUTUnrealEngine4.dll (API version 3944462).
LogModuleManager: Display: Found up-to-date module file ../../../Engine/Plugins/Online/OnlineSubsystem/Binaries/Win64/UE4Editor-OnlineSubsystem.dll (API version 3944462).
LogModuleManager: Display: Found up-to-date module file ../../../Engine/Plugins/Runtime/AndroidPermission/Binaries/Win64/UE4Editor-AndroidPermission.dll (API version 3944462).
LogModuleManager: Display: Found up-to-date module file ../../../Engine/Plugins/Online/OnlineSubsystemNull/Binaries/Win64/UE4Editor-OnlineSubsystemNull.dll (API version 3944462).
LogModuleManager: Display: Found up-to-date module file ../../../Engine/Plugins/Online/OnlineSubsystemUtils/Binaries/Win64/UE4Editor-OnlineSubsystemUtils.dll (API version 3944462).
LogModuleManager: Display: Found up-to-date module file ../../../Engine/Plugins/Online/OnlineSubsystemUtils/Binaries/Win64/UE4Editor-OnlineBlueprintSupport.dll (API version 3944462).
LogModuleManager: Display: Found up-to-date module file ../../../Engine/Plugins/Runtime/AndroidDeviceProfileSelector/Binaries/Win64/UE4Editor-AndroidDeviceProfileSelector.dll (API version 3944462).
LogModuleManager: Display: Found up-to-date module file ../../../Engine/Plugins/Runtime/AppleARKit/Binaries/Win64/UE4Editor-AppleARKit.dll (API version 3944462).
LogModuleManager: Display: Found up-to-date module file ../../../Engine/Plugins/Runtime/ProceduralMeshComponent/Binaries/Win64/UE4Editor-ProceduralMeshComponent.dll (API version 3944462).
LogModuleManager: Display: Found up-to-date module file ../../../Engine/Plugins/Runtime/ProceduralMeshComponent/Binaries/Win64/UE4Editor-ProceduralMeshComponentEditor.dll (API version 3944462).
LogModuleManager: Display: Found up-to-date module file ../../../Engine/Plugins/Animation/LiveLink/Binaries/Win64/UE4Editor-LiveLink.dll (API version 3944462).
LogModuleManager: Display: Found up-to-date module file ../../../Engine/Plugins/Animation/LiveLink/Binaries/Win64/UE4Editor-LiveLinkEditor.dll (API version 3944462).
LogModuleManager: Display: Found up-to-date module file ../../../Engine/Plugins/Runtime/ArchVisCharacter/Binaries/Win64/UE4Editor-ArchVisCharacter.dll (API version 3944462).
LogModuleManager: Display: Found up-to-date module file ../../../Engine/Plugins/Runtime/AudioCapture/Binaries/Win64/UE4Editor-AudioCapture.dll (API version 3944462).
LogModuleManager: Display: Found up-to-date module file ../../../Engine/Plugins/Runtime/AudioCapture/Binaries/Win64/UE4Editor-AudioCaptureEditor.dll (API version 3944462).
LogModuleManager: Display: Found up-to-date module file ../../../Engine/Plugins/Runtime/CableComponent/Binaries/Win64/UE4Editor-CableComponent.dll (API version 3944462).
LogModuleManager: Display: Found up-to-date module file ../../../Engine/Plugins/Runtime/CustomMeshComponent/Binaries/Win64/UE4Editor-CustomMeshComponent.dll (API version 3944462).
LogModuleManager: Display: Found up-to-date module file ../../../Engine/Plugins/Runtime/ExampleDeviceProfileSelector/Binaries/Win64/UE4Editor-ExampleDeviceProfileSelector.dll (API version 3944462).
LogModuleManager: Display: Found up-to-date module file ../../../Engine/Plugins/Runtime/ImmediatePhysics/Binaries/Win64/UE4Editor-ImmediatePhysics.dll (API version 3944462).
LogModuleManager: Display: Found up-to-date module file ../../../Engine/Plugins/Runtime/ImmediatePhysics/Binaries/Win64/UE4Editor-ImmediatePhysicsEditor.dll (API version 3944462).
LogModuleManager: Display: Found up-to-date module file ../../../Engine/Plugins/Runtime/LocationServicesBPLibrary/Binaries/Win64/UE4Editor-LocationServicesBPLibrary.dll (API version 3944462).
LogModuleManager: Display: Found up-to-date module file ../../../Engine/Plugins/Runtime/MobilePatchingUtils/Binaries/Win64/UE4Editor-MobilePatchingUtils.dll (API version 3944462).
LogModuleManager: Display: Found up-to-date module file ../../../Engine/Plugins/Runtime/Oculus/OculusVR/Binaries/Win64/UE4Editor-OculusHMD.dll (API version 3944462).
LogModuleManager: Display: Found up-to-date module file ../../../Engine/Plugins/Runtime/Oculus/OculusVR/Binaries/Win64/UE4Editor-OculusInput.dll (API version 3944462).
LogModuleManager: Display: Found up-to-date module file ../../../Engine/Plugins/Runtime/Oculus/OculusVR/Binaries/Win64/UE4Editor-OculusEditor.dll (API version 3944462).
LogModuleManager: Display: Found up-to-date module file ../../../Engine/Plugins/Runtime/PhysXVehicles/Binaries/Win64/UE4Editor-PhysXVehicles.dll (API version 3944462).
LogModuleManager: Display: Found up-to-date module file ../../../Engine/Plugins/Runtime/PhysXVehicles/Binaries/Win64/UE4Editor-PhysXVehiclesEditor.dll (API version 3944462).
LogModuleManager: Display: Found up-to-date module file ../../../Engine/Plugins/Runtime/RuntimePhysXCooking/Binaries/Win64/UE4Editor-RuntimePhysXCooking.dll (API version 3944462).
LogModuleManager: Display: Found up-to-date module file ../../../Engine/Plugins/Runtime/Steam/SteamVR/Binaries/Win64/UE4Editor-SteamVR.dll (API version 3944462).
LogModuleManager: Display: Found up-to-date module file ../../../Engine/Plugins/Runtime/Steam/SteamVR/Binaries/Win64/UE4Editor-SteamVRController.dll (API version 3944462).
LogModuleManager: Display: Found up-to-date module file ../../../Engine/Plugins/Runtime/WindowsMoviePlayer/Binaries/Win64/UE4Editor-WindowsMoviePlayer.dll (API version 3944462).
LogPluginManager: Mounting plugin Paper2D
LogPluginManager: Mounting plugin LiveLink
LogPluginManager: Mounting plugin LightPropagationVolume
LogPluginManager: Mounting plugin CLionSourceCodeAccess
LogPluginManager: Mounting plugin CodeLiteSourceCodeAccess
LogPluginManager: Mounting plugin GitSourceControl
LogPluginManager: Mounting plugin KDevelopSourceCodeAccess
LogPluginManager: Mounting plugin NullSourceCodeAccess
LogPluginManager: Mounting plugin PerforceSourceControl
LogPluginManager: Mounting plugin SubversionSourceControl
LogPluginManager: Mounting plugin UObjectPlugin
LogPluginManager: Mounting plugin VisualStudioCodeSourceCodeAccess
LogPluginManager: Mounting plugin VisualStudioSourceCodeAccess
LogPluginManager: Mounting plugin XCodeSourceCodeAccess
LogPluginManager: Mounting plugin AssetManagerEditor
LogPluginManager: Mounting plugin CryptoKeys
LogPluginManager: Mounting plugin DataValidation
LogPluginManager: Mounting plugin FacialAnimation
LogPluginManager: Mounting plugin GameplayTagsEditor
LogPluginManager: Mounting plugin MobileLauncherProfileWizard
LogPluginManager: Mounting plugin PluginBrowser
LogPluginManager: Mounting plugin SpeedTreeImporter
LogPluginManager: Mounting plugin DatasmithContent
LogPluginManager: Mounting plugin AlembicImporter
LogPluginManager: Mounting plugin CharacterAI
LogPluginManager: Mounting plugin HTML5Networking
LogPluginManager: Mounting plugin Substance
LogPluginManager: Mounting plugin AndroidMedia
LogPluginManager: Mounting plugin AvfMedia
LogPluginManager: Mounting plugin ImgMedia
LogPluginManager: Mounting plugin LinearTimecode
LogPluginManager: Mounting plugin MediaCompositing
LogPluginManager: Mounting plugin MediaPlayerEditor
LogPluginManager: Mounting plugin WmfMedia
LogPluginManager: Mounting plugin TcpMessaging
LogPluginManager: Mounting plugin UdpMessaging
LogPluginManager: Mounting plugin ActorSequence
LogPluginManager: Mounting plugin LevelSequenceEditor
LogPluginManager: Mounting plugin MatineeToLevelSequence
LogPluginManager: Mounting plugin NetcodeUnitTest
LogPluginManager: Mounting plugin NUTUnrealEngine4
LogPluginManager: Mounting plugin OnlineSubsystemGooglePlay
LogPluginManager: Mounting plugin OnlineSubsystemIOS
LogPluginManager: Mounting plugin OnlineSubsystem
LogPluginManager: Mounting plugin OnlineSubsystemNull
LogPluginManager: Mounting plugin OnlineSubsystemUtils
LogPluginManager: Mounting plugin AndroidDeviceProfileSelector
LogPluginManager: Mounting plugin AndroidMoviePlayer
LogPluginManager: Mounting plugin AndroidPermission
LogPluginManager: Mounting plugin AppleARKit
LogPluginManager: Mounting plugin AppleMoviePlayer
LogPluginManager: Mounting plugin ArchVisCharacter
LogPluginManager: Mounting plugin AudioCapture
LogPluginManager: Mounting plugin CableComponent
LogPluginManager: Mounting plugin CustomMeshComponent
LogPluginManager: Mounting plugin ExampleDeviceProfileSelector
LogPluginManager: Mounting plugin GoogleCloudMessaging
LogPluginManager: Mounting plugin ImmediatePhysics
LogPluginManager: Mounting plugin IOSDeviceProfileSelector
LogPluginManager: Mounting plugin LinuxDeviceProfileSelector
LogPluginManager: Mounting plugin LocationServicesBPLibrary
LogPluginManager: Mounting plugin MobilePatchingUtils
LogPluginManager: Mounting plugin OculusVR
LogPluginManager: Plugin shader directory ../../../Engine/Plugins/Runtime/Oculus/OculusVR/Shaders found
LogPluginManager: Mapping shader source directory ../../../Engine/Plugins/Runtime/Oculus/OculusVR/Shaders to virtual directory /Plugin/OculusVR
LogPluginManager: Mounting plugin PhysXVehicles
LogPluginManager: Mounting plugin ProceduralMeshComponent
LogPluginManager: Mounting plugin RuntimePhysXCooking
LogPluginManager: Mounting plugin SteamVR
LogPluginManager: Mounting plugin WindowsMoviePlayer
LogStreaming: Display: Took  3.787s to configure plugins.
LogInit: Using libcurl 7.47.1
LogInit:  - built for x86_64-pc-win32
LogInit:  - supports SSL with OpenSSL/1.0.2g
LogInit:  - supports HTTP deflate (compression) using libz 1.2.8
LogInit:  - other features:
LogInit:      CURL_VERSION_SSL
LogInit:      CURL_VERSION_LIBZ
LogInit:      CURL_VERSION_IPV6
LogInit:      CURL_VERSION_ASYNCHDNS
LogInit:      CURL_VERSION_LARGEFILE
LogInit:      CURL_VERSION_IDN
LogInit:  CurlRequestOptions (configurable via config and command line):
LogInit:  - bVerifyPeer = false  - Libcurl will NOT verify peer certificate
LogInit:  - bUseHttpProxy = false  - Libcurl will NOT use HTTP proxy
LogInit:  - bDontReuseConnections = false  - Libcurl will reuse connections
LogInit:  - CertBundlePath = nullptr  - Libcurl will use whatever was configured at build time.
LogInit:  - MaxHostConnections = 16  - Libcurl will limit the number of connections to a host
LogInit:  - LocalHostAddr = Default
LogInit: WinSock: version 1.1 (2.2), MaxSocks=32767, MaxUdp=65467
LogInit: WinSock: I am DESKTOP-28I2SJ6 (192.168.0.18:0)
LogInit: Build: ++UE4+Release-4.19-CL-4033788
LogInit: Engine Version: 4.19.2-4033788+++UE4+Release-4.19
LogInit: Compatible Engine Version: 4.19.0-3944462+++UE4+Release-4.19
LogInit: Net CL: 3944462
LogDevObjectVersion: Number of dev versions registered: 18
LogDevObjectVersion:   Dev-Blueprints (B0D832E4-1F89-4F0D-ACCF-7EB736FD4AA2): 10
LogDevObjectVersion:   Dev-Build (E1C64328-A22C-4D53-A36C-8E866417BD8C): 0
LogDevObjectVersion:   Dev-Core (375EC13C-06E4-48FB-B500-84F0262A717E): 2
LogDevObjectVersion:   Dev-Editor (E4B068ED-F494-42E9-A231-DA0B2E46BB41): 23
LogDevObjectVersion:   Dev-Framework (CFFC743F-43B0-4480-9391-14DF171D2073): 33
LogDevObjectVersion:   Dev-Mobile (B02B49B5-BB20-44E9-A304-32B752E40360): 2
LogDevObjectVersion:   Dev-Networking (A4E4105C-59A1-49B5-A7C5-40C4547EDFEE): 0
LogDevObjectVersion:   Dev-Online (39C831C9-5AE6-47DC-9A44-9C173E1C8E7C): 0
LogDevObjectVersion:   Dev-Physics (78F01B33-EBEA-4F98-B9B4-84EACCB95AA2): 0
LogDevObjectVersion:   Dev-Platform (6631380F-2D4D-43E0-8009-CF276956A95A): 0
LogDevObjectVersion:   Dev-Rendering (12F88B9F-8875-4AFC-A67C-D90C383ABD29): 25
LogDevObjectVersion:   Dev-Sequencer (7B5AE74C-D270-4C10-A958-57980B212A5A): 6
LogDevObjectVersion:   Dev-VR (D7296918-1DD6-4BDD-9DE2-64A83CC13884): 1
LogDevObjectVersion:   Dev-LoadTimes (C2A15278-BFE7-4AFE-6C17-90FF531DF755): 1
LogDevObjectVersion:   Private-Geometry (6EACA3D4-40EC-4CC1-B786-8BED09428FC5): 2
LogDevObjectVersion:   Dev-AnimPhys (29E575DD-E0A3-4627-9D10-D276232CDCEA): 16
LogDevObjectVersion:   Dev-ReflectionCapture (6B266CEC-1EC7-4B8F-A30B-E4D90942FC07): 1
LogDevObjectVersion:   Dev-Automation (0DF73D61-A23F-47EA-B727-89E90C41499A): 1
LogInit: Compiled (64-bit): Apr 27 2018 02:06:57
LogInit: Compiled with Visual C++: 19.00.24215.01
LogInit: Build Configuration: Development
LogInit: Branch Name: ++UE4+Release-4.19
LogInit: Command Line:  
LogInit: Base Directory: C:/Program Files/Epic Games/UE_4.19/Engine/Binaries/Win64/
LogInit: Installed Engine Build: 1
LogStreaming: Display: Took  0.319s to delete old logs.
LogInit: Presizing for max 8388607 objects, including 0 objects not considered by GC, pre-allocating 0 bytes for permanent pool.
LogInit: Object subsystem initialized
[2018.08.18-16.14.42:181][  0]LogInit: Selected Device Profile: [Windows]
[2018.08.18-16.14.42:181][  0]LogInit: Applying CVar settings loaded from the selected device profile: [Windows]
[2018.08.18-16.14.42:795][  0]LogInit: Computer: DESKTOP-28I2SJ6
[2018.08.18-16.14.42:795][  0]LogInit: User: mglenovo
[2018.08.18-16.14.42:795][  0]LogInit: CPU Page size=4096, Cores=4
[2018.08.18-16.14.42:795][  0]LogInit: High frequency timer resolution =2.435775 MHz
[2018.08.18-16.14.42:795][  0]LogMemory: Memory total: Physical=15.9GB (16GB approx)
[2018.08.18-16.14.42:795][  0]LogMemory: Platform Memory Stats for Windows
[2018.08.18-16.14.42:796][  0]LogMemory: Process Physical Memory: 275.10 MB used, 275.10 MB peak
[2018.08.18-16.14.42:796][  0]LogMemory: Process Virtual Memory: 264.55 MB used, 264.55 MB peak
[2018.08.18-16.14.42:796][  0]LogMemory: Physical Memory: 4782.53 MB used,  11513.75 MB free, 16296.27 MB total
[2018.08.18-16.14.42:796][  0]LogMemory: Virtual Memory: 4795.27 MB used,  11513.75 MB free, 134217728.00 MB total
[2018.08.18-16.14.42:814][  0]LogInit: Using OS detected language (tr-TR).
[2018.08.18-16.14.42:814][  0]LogInit: Using OS detected locale (tr-TR).
[2018.08.18-16.14.43:940][  0]LogTextLocalizationManager: No localization for 'tr-TR' exists, so 'en' will be used for the language.
[2018.08.18-16.14.44:747][  0]LogStreaming: Display: Took  1.934s to EndInitTextLocalization.
[2018.08.18-16.14.44:748][  0]LogInit: Setting process to per monitor DPI aware
[2018.08.18-16.14.45:756][  0]LogSlate: New Slate User Created.  User Index 0, Is Virtual User: 0
[2018.08.18-16.14.45:756][  0]LogSlate: Slate User Registered.  User Index 0, Is Virtual User: 0
[2018.08.18-16.15.06:857][  0]LogD3D11RHI: D3D11 adapters:
[2018.08.18-16.15.06:891][  0]LogD3D11RHI:    0. 'NVIDIA GeForce GTX 860M' (Feature Level 11_0)
[2018.08.18-16.15.06:892][  0]LogD3D11RHI:       4064/0/8148 MB DedicatedVideo/DedicatedSystem/SharedSystem, Outputs:1, VendorId:0x10de
[2018.08.18-16.15.06:898][  0]LogD3D11RHI:    1. 'Intel(R) HD Graphics 4600' (Feature Level 11_0)
[2018.08.18-16.15.06:898][  0]LogD3D11RHI:       112/0/2048 MB DedicatedVideo/DedicatedSystem/SharedSystem, Outputs:0, VendorId:0x8086
[2018.08.18-16.15.06:899][  0]LogD3D11RHI:    2. 'Microsoft Basic Render Driver' (Feature Level 11_0)
[2018.08.18-16.15.06:900][  0]LogD3D11RHI:       0/0/8148 MB DedicatedVideo/DedicatedSystem/SharedSystem, Outputs:0, VendorId:0x1414
[2018.08.18-16.15.06:900][  0]LogD3D11RHI: Chosen D3D11 Adapter: 0
[2018.08.18-16.15.06:917][  0]LogD3D11RHI: Creating new Direct3DDevice
[2018.08.18-16.15.06:917][  0]LogD3D11RHI:     GPU DeviceId: 0x1392 (for the marketing name, search the web for "GPU Device Id")
[2018.08.18-16.15.06:917][  0]LogWindows: EnumDisplayDevices:
[2018.08.18-16.15.06:917][  0]LogWindows:    0. 'Intel(R) HD Graphics 4600' (P:1 D:1)
[2018.08.18-16.15.06:917][  0]LogWindows:    1. 'Intel(R) HD Graphics 4600' (P:0 D:0)
[2018.08.18-16.15.06:917][  0]LogWindows:    2. 'Intel(R) HD Graphics 4600' (P:0 D:0)
[2018.08.18-16.15.06:917][  0]LogWindows: DebugString: GetVideoDriverDetailsInvalid PrimaryIsNotTheChoosenAdapter GetVideoDriverDetailsInvalid PrimaryIsNotTheChoosenAdapter GetVideoDriverDetailsInvalid PrimaryIsNotTheChoosenAdapter FoundDriverCount:0 
[2018.08.18-16.15.06:917][  0]LogD3D11RHI:     Adapter Name: NVIDIA GeForce GTX 860M
[2018.08.18-16.15.06:917][  0]LogD3D11RHI:   Driver Version: Unknown (internal:Unknown, unified:Unknown)
[2018.08.18-16.15.06:917][  0]LogD3D11RHI:      Driver Date: Unknown
[2018.08.18-16.15.06:917][  0]LogRHI: Texture pool is 2845 MB (70% of 4064 MB)
[2018.08.18-16.15.06:936][  0]LogD3D11RHI: [Aftermath] Aftermath enabled but failed to initialize
[2018.08.18-16.15.06:936][  0]LogD3D11RHI: [Aftermath] Aftermath enabled and primed
[2018.08.18-16.15.06:936][  0]LogD3D11RHI: Async texture creation enabled
[2018.08.18-16.15.06:947][  0]LogD3D11RHI: GPU Timing Frequency: 1000.000000 (Debug: 2 1)
[2018.08.18-16.15.06:948][  0]LogShaderCompilers: Guid format shader working directory is -12 characters bigger than the processId version (../../../../../../Users/mg-lenovo/Documents/GitHub/VogsAmIFree/Intermediate/Shaders/WorkingDirectory/8964/).
[2018.08.18-16.15.06:948][  0]LogShaderCompilers: Cleaned the shader compiler working directory 'C:/Users/mg-lenovo/AppData/Local/Temp/UnrealShaderWorkingDir/DD4A95284DBA06FC3D40BDBA293A8AE5/'.
[2018.08.18-16.15.07:500][  0]LogTemp: Display: Loaded TP AllDesktopTargetPlatform
[2018.08.18-16.15.07:514][  0]LogTemp: Display: Loaded TP MacClientTargetPlatform
[2018.08.18-16.15.07:528][  0]LogTemp: Display: Loaded TP MacNoEditorTargetPlatform
[2018.08.18-16.15.07:542][  0]LogTemp: Display: Loaded TP MacServerTargetPlatform
[2018.08.18-16.15.07:556][  0]LogTemp: Display: Loaded TP MacTargetPlatform
[2018.08.18-16.15.07:570][  0]LogTemp: Display: Loaded TP WindowsClientTargetPlatform
[2018.08.18-16.15.07:584][  0]LogTemp: Display: Loaded TP WindowsNoEditorTargetPlatform
[2018.08.18-16.15.07:598][  0]LogTemp: Display: Loaded TP WindowsServerTargetPlatform
[2018.08.18-16.15.07:605][  0]LogTemp: Display: Loaded TP WindowsTargetPlatform
[2018.08.18-16.15.07:618][  0]LogTemp: Display: Loaded TP Android_ASTCTargetPlatform
[2018.08.18-16.15.07:630][  0]LogTemp: Display: Loaded TP Android_ATCTargetPlatform
[2018.08.18-16.15.07:642][  0]LogTemp: Display: Loaded TP Android_DXTTargetPlatform
[2018.08.18-16.15.07:654][  0]LogTemp: Display: Loaded TP Android_ETC1aTargetPlatform
[2018.08.18-16.15.07:666][  0]LogTemp: Display: Loaded TP Android_ETC1TargetPlatform
[2018.08.18-16.15.07:678][  0]LogTemp: Display: Loaded TP Android_ETC2TargetPlatform
[2018.08.18-16.15.07:703][  0]LogTemp: Display: Loaded TP Android_MultiTargetPlatform
[2018.08.18-16.15.07:703][  0]LogTemp: Display: Loaded TP Android_PVRTCTargetPlatform
[2018.08.18-16.15.07:716][  0]LogTemp: Display: Loaded TP AndroidTargetPlatform
[2018.08.18-16.15.07:717][  0]LogTemp: Display: Loaded TP HTML5TargetPlatform
[2018.08.18-16.15.07:766][  0]LogTemp: Display: Loaded TP IOSTargetPlatform
[2018.08.18-16.15.07:777][  0]LogTemp: Display: Loaded TP TVOSTargetPlatform
[2018.08.18-16.15.07:789][  0]LogTemp: Display: Loaded TP LinuxClientTargetPlatform
[2018.08.18-16.15.07:801][  0]LogTemp: Display: Loaded TP LinuxNoEditorTargetPlatform
[2018.08.18-16.15.07:813][  0]LogTemp: Display: Loaded TP LinuxServerTargetPlatform
[2018.08.18-16.15.07:847][  0]LogTemp: Display: Loaded TP LinuxTargetPlatform
[2018.08.18-16.15.07:847][  0]LogTargetPlatformManager: Display: Building Assets For Windows
[2018.08.18-16.15.08:037][  0]LogXGEController: Cannot use XGE Controller as Incredibuild is not installed on this machine.
[2018.08.18-16.15.08:037][  0]LogShaderCompilers: Cannot use XGE Shader Compiler as Incredibuild is not installed on this machine.
[2018.08.18-16.15.08:037][  0]LogShaderCompilers: Display: Using Local Shader Compiler.
[2018.08.18-16.15.17:639][  0]LogDerivedDataCache: Display: Max Cache Size: 512 MB
[2018.08.18-16.15.17:724][  0]LogDerivedDataCache: Loaded boot cache 0.08s 74MB C:/Users/mg-lenovo/AppData/Local/UnrealEngine/4.19/DerivedDataCache/Boot.ddc.
[2018.08.18-16.15.17:724][  0]LogDerivedDataCache: Display: Loaded Boot cache: C:/Users/mg-lenovo/AppData/Local/UnrealEngine/4.19/DerivedDataCache/Boot.ddc
[2018.08.18-16.15.17:724][  0]LogDerivedDataCache: FDerivedDataBackendGraph:  Pak pak cache file ../../../../../../Users/mg-lenovo/Documents/GitHub/VogsAmIFree/DerivedDataCache/DDC.ddp not found, will not use a pak cache.
[2018.08.18-16.15.17:724][  0]LogDerivedDataCache: Unable to find inner node Pak for hierarchical cache Hierarchy.
[2018.08.18-16.15.17:724][  0]LogDerivedDataCache: FDerivedDataBackendGraph:  CompressedPak pak cache file ../../../../../../Users/mg-lenovo/Documents/GitHub/VogsAmIFree/DerivedDataCache/Compressed.ddp not found, will not use a pak cache.
[2018.08.18-16.15.17:724][  0]LogDerivedDataCache: Unable to find inner node CompressedPak for hierarchical cache Hierarchy.
[2018.08.18-16.15.17:743][  0]LogDerivedDataCache: Display: Pak cache opened for reading ../../../Engine/DerivedDataCache/Compressed.ddp.
[2018.08.18-16.15.17:755][  0]LogDerivedDataCache: Using Local data cache path C:/Users/mg-lenovo/AppData/Local/UnrealEngine/Common/DerivedDataCache: Writable
[2018.08.18-16.15.17:755][  0]LogDerivedDataCache: Shared data cache path not found in *engine.ini, will not use an Shared cache.
[2018.08.18-16.15.17:755][  0]LogDerivedDataCache: Unable to find inner node Shared for hierarchical cache Hierarchy.
[2018.08.18-16.15.17:766][  0]LogMaterial: Verifying Global Shaders for PCD3D_SM5
[2018.08.18-16.15.17:767][  0]LogSlate: Using Freetype 2.6.0
[2018.08.18-16.15.17:804][  0]LogSlate: SlateFontCache - WITH_FREETYPE: 1, WITH_HARFBUZZ: 1
[2018.08.18-16.15.17:804][  0]LogSlate: SlateFontCache - WITH_FREETYPE: 1, WITH_HARFBUZZ: 1
[2018.08.18-16.15.22:268][  0]LogAssetRegistry: FAssetRegistry took 0.0282 seconds to start up
[2018.08.18-16.15.22:685][  0]LogInit: Selected Device Profile: [Windows]
[2018.08.18-16.15.23:241][  0]LogSimplygon: Simplygon DLL not present - disabling.
[2018.08.18-16.15.23:244][  0]LogMeshReduction: Using SimplygonSwarm for distributed automatic mesh merging
[2018.08.18-16.15.23:244][  0]LogMeshReduction: Using QuadricMeshReduction for automatic static mesh reduction
[2018.08.18-16.15.23:245][  0]LogMeshReduction: No automatic skeletal mesh reduction module available
[2018.08.18-16.15.23:245][  0]LogMeshReduction: No automatic mesh merging module available
[2018.08.18-16.15.23:245][  0]LogMeshMerging: No automatic mesh merging module available
[2018.08.18-16.15.23:284][  0]LogNetVersion: Am_i_Free , NetCL: 3944462, EngineNetVer: 2, GameNetVer: 0 (Checksum: 3243282978)
[2018.08.18-16.15.24:089][  0]LogAssetRegistry: Error: Failed to open file for write ../../../../../../Users/mg-lenovo/Documents/GitHub/VogsAmIFree/Intermediate/AssetRegistryCache/866581fd.bin
[2018.08.18-16.15.24:095][  0]LogFileManager: Warning: MoveFile was unable to move '../../../../../../Users/mg-lenovo/Documents/GitHub/VogsAmIFree/Intermediate/AssetRegistryCache/8c0e1344.bin.tmp' to '../../../../../../Users/mg-lenovo/Documents/GitHub/VogsAmIFree/Intermediate/AssetRegistryCache/8c0e1344.bin', retrying in .5s...
[2018.08.18-16.15.24:596][  0]LogFileManager: Warning: MoveFile was unable to move '../../../../../../Users/mg-lenovo/Documents/GitHub/VogsAmIFree/Intermediate/AssetRegistryCache/8c0e1344.bin.tmp' to '../../../../../../Users/mg-lenovo/Documents/GitHub/VogsAmIFree/Intermediate/AssetRegistryCache/8c0e1344.bin', retrying in .5s...
[2018.08.18-16.15.25:097][  0]LogAssetRegistry: Error: Failed to open file for write ../../../../../../Users/mg-lenovo/Documents/GitHub/VogsAmIFree/Intermediate/CachedAssetRegistry.bin
[2018.08.18-16.15.25:097][  0]LogFileManager: Warning: MoveFile was unable to move '../../../../../../Users/mg-lenovo/Documents/GitHub/VogsAmIFree/Intermediate/AssetRegistryCache/8c0e1344.bin.tmp' to '../../../../../../Users/mg-lenovo/Documents/GitHub/VogsAmIFree/Intermediate/AssetRegistryCache/8c0e1344.bin', retrying in .5s...
[2018.08.18-16.15.25:598][  0]LogFileManager: Warning: MoveFile was unable to move '../../../../../../Users/mg-lenovo/Documents/GitHub/VogsAmIFree/Intermediate/AssetRegistryCache/8c0e1344.bin.tmp' to '../../../../../../Users/mg-lenovo/Documents/GitHub/VogsAmIFree/Intermediate/AssetRegistryCache/8c0e1344.bin', retrying in .5s...
[2018.08.18-16.15.26:099][  0]LogFileManager: Warning: MoveFile was unable to move '../../../../../../Users/mg-lenovo/Documents/GitHub/VogsAmIFree/Intermediate/AssetRegistryCache/8c0e1344.bin.tmp' to '../../../../../../Users/mg-lenovo/Documents/GitHub/VogsAmIFree/Intermediate/AssetRegistryCache/8c0e1344.bin', retrying in .5s...
[2018.08.18-16.15.26:600][  0]LogFileManager: Warning: MoveFile was unable to move '../../../../../../Users/mg-lenovo/Documents/GitHub/VogsAmIFree/Intermediate/AssetRegistryCache/8c0e1344.bin.tmp' to '../../../../../../Users/mg-lenovo/Documents/GitHub/VogsAmIFree/Intermediate/AssetRegistryCache/8c0e1344.bin', retrying in .5s...
[2018.08.18-16.15.27:101][  0]LogFileManager: Warning: MoveFile was unable to move '../../../../../../Users/mg-lenovo/Documents/GitHub/VogsAmIFree/Intermediate/AssetRegistryCache/8c0e1344.bin.tmp' to '../../../../../../Users/mg-lenovo/Documents/GitHub/VogsAmIFree/Intermediate/AssetRegistryCache/8c0e1344.bin', retrying in .5s...
[2018.08.18-16.15.27:601][  0]LogFileManager: Warning: MoveFile was unable to move '../../../../../../Users/mg-lenovo/Documents/GitHub/VogsAmIFree/Intermediate/AssetRegistryCache/8c0e1344.bin.tmp' to '../../../../../../Users/mg-lenovo/Documents/GitHub/VogsAmIFree/Intermediate/AssetRegistryCache/8c0e1344.bin', retrying in .5s...
[2018.08.18-16.15.28:102][  0]LogFileManager: Warning: MoveFile was unable to move '../../../../../../Users/mg-lenovo/Documents/GitHub/VogsAmIFree/Intermediate/AssetRegistryCache/8c0e1344.bin.tmp' to '../../../../../../Users/mg-lenovo/Documents/GitHub/VogsAmIFree/Intermediate/AssetRegistryCache/8c0e1344.bin', retrying in .5s...
[2018.08.18-16.15.28:602][  0]LogFileManager: Warning: MoveFile was unable to move '../../../../../../Users/mg-lenovo/Documents/GitHub/VogsAmIFree/Intermediate/AssetRegistryCache/8c0e1344.bin.tmp' to '../../../../../../Users/mg-lenovo/Documents/GitHub/VogsAmIFree/Intermediate/AssetRegistryCache/8c0e1344.bin', retrying in .5s...
[2018.08.18-16.15.29:102][  0]LogFileManager: Error: Error moving file '../../../../../../Users/mg-lenovo/Documents/GitHub/VogsAmIFree/Intermediate/AssetRegistryCache/8c0e1344.bin.tmp' to '../../../../../../Users/mg-lenovo/Documents/GitHub/VogsAmIFree/Intermediate/AssetRegistryCache/8c0e1344.bin'.
[2018.08.18-16.15.29:158][  0]LogPackageLocalizationCache: Processed 9 localized package path(s) for 1 prioritized culture(s) in 5.097408 seconds
[2018.08.18-16.15.29:168][  0]LogUObjectArray: 36728 objects as part of root set at end of initial load.
[2018.08.18-16.15.29:168][  0]LogUObjectAllocator: 7314312 out of 0 bytes used by permanent object pool.
[2018.08.18-16.15.29:168][  0]LogUObjectArray: CloseDisregardForGC: 0/0 objects in disregard for GC pool
[2018.08.18-16.16.38:911][  0]LogSubstanceCoreModule: Substance [CPU] Engine Loaded, Max Texture Size = 2048
[2018.08.18-16.16.38:955][  0]LogTcpMessaging: Initializing TcpMessaging bridge
[2018.08.18-16.16.38:987][  0]LogUdpMessaging: Initializing bridge on interface 0.0.0.0:0 to multicast group 230.0.0.1:6666.
[2018.08.18-16.16.40:960][  0]SourceControl: Source control is disabled
[2018.08.18-16.16.40:960][  0]SourceControl: Source control is disabled
[2018.08.18-16.16.40:980][  0]SourceControl: Source control is disabled
[2018.08.18-16.16.40:999][  0]SourceControl: Source control is disabled
[2018.08.18-16.16.42:016][  0]LogAndroidPermission: UAndroidPermissionCallbackProxy::GetInstance
[2018.08.18-16.16.42:197][  0]LogOcInput: OculusInput pre-init called
[2018.08.18-16.16.42:287][  0]LogConfig: Warning: Failed to saved backup for config[EditorUserSettings]
[2018.08.18-16.16.44:697][  0]LogEngine: Initializing Engine...
[2018.08.18-16.16.44:698][  0]LogHMD: Failed to initialize OpenVR with code 110
[2018.08.18-16.16.44:699][  0]LogStats: UGameplayTagsManager::ConstructGameplayTagTree: Construct from data asset -  0.000 s
[2018.08.18-16.16.44:700][  0]LogStats: UGameplayTagsManager::ConstructGameplayTagTree: GameplayTagTreeChangedEvent.Broadcast -  0.000 s
[2018.08.18-16.16.44:956][  0]LogAIModule: Creating AISystem for world Untitled
[2018.08.18-16.16.44:982][  0]LogInit: XAudio2 using 'Hoparlör (Realtek High Definition Audio)' : 2 channels at 48 kHz using 32 bits per sample (channel mask 0x3)
[2018.08.18-16.16.45:024][  0]LogInit: FAudioDevice initialized.
[2018.08.18-16.16.45:849][  0]LogDerivedDataCache: Saved boot cache 0.82s 74MB C:/Users/mg-lenovo/AppData/Local/UnrealEngine/4.19/DerivedDataCache/Boot.ddc.
[2018.08.18-16.16.45:860][  0]LogInit: Texture streaming: Enabled
[2018.08.18-16.16.45:877][  0]LogEngineSessionManager: EngineSessionManager initialized
[2018.08.18-16.16.45:888][  0]LogInit: Transaction tracking system initialized
[2018.08.18-16.16.45:913][  0]BlueprintLog: New page: Editor Load
[2018.08.18-16.16.45:988][  0]LocalizationService: Localization service is disabled
[2018.08.18-16.16.46:109][  0]LogUObjectGlobals: Created PersistentFrame Addr=0x000001ba250895a0, Size=88, Default__Landscape_Sculpt_Mode_C Function /Engine/Tutorial/Landscape/Landscape_Sculpt_Mode.Landscape_Sculpt_Mode_C:ExecuteUbergraph_Landscape_Sculpt_Mode
[2018.08.18-16.16.46:112][  0]LogUObjectGlobals: Destroyed PersistentFrame Addr=0x000001ba250895a0, Size=88
[2018.08.18-16.16.46:112][  0]LogUObjectGlobals: Created PersistentFrame Addr=0x000001ba250895a0, Size=88, Default__Landscape_Sculpt_Mode_C Function /Engine/Transient.REINST_Landscape_Sculpt_Mode_C_3:ExecuteUbergraph_Landscape_Sculpt_Mode
[2018.08.18-16.16.46:115][  0]LogUObjectGlobals: Created PersistentFrame Addr=0x000001ba0950fe70, Size=80, Default__Landscape_Sculpt_Mode_C Function /Engine/Tutorial/Landscape/Landscape_Sculpt_Mode.Landscape_Sculpt_Mode_C:ExecuteUbergraph_Landscape_Sculpt_Mode
[2018.08.18-16.16.46:175][  0]LogConsoleResponse: Display: 
[2018.08.18-16.16.46:662][  0]LogCook: Display: Max memory allowance for cook 16384mb min free memory 0mb
[2018.08.18-16.16.46:662][  0]LogCook: Display: Mobile HDR setting 1
[2018.08.18-16.16.46:662][  0]LogGameplayTags: Display: UGameplayTagsManager::DoneAddingNativeTags. DelegateIsBound: 0
[2018.08.18-16.16.46:662][  0]LogStats: UGameplayTagsManager::ConstructGameplayTagTree: Construct from data asset -  0.000 s
[2018.08.18-16.16.46:662][  0]LogStats: UGameplayTagsManager::ConstructGameplayTagTree: GameplayTagTreeChangedEvent.Broadcast -  0.000 s
[2018.08.18-16.16.47:330][  0]LogFileCache: Scanning file cache for directory 'C:/Users/mg-lenovo/Documents/GitHub/VogsAmIFree/Content/' took 0.03s
[2018.08.18-16.16.48:406][  0]SourceControl: Source control is disabled
[2018.08.18-16.16.48:407][  0]Cmd: MAP LOAD FILE="../../../../../../Users/mg-lenovo/Documents/GitHub/VogsAmIFree/Content/map/Maps/Tech_demo.umap" TEMPLATE=0 SHOWPROGRESS=1 FEATURELEVEL=3
[2018.08.18-16.16.48:407][  0]LightingResults: New page: Lighting Build
[2018.08.18-16.16.48:410][  0]MapCheck: New page: Map Check
[2018.08.18-16.16.48:410][  0]LightingResults: New page: Lighting Build
[2018.08.18-16.16.48:420][  0]LogUObjectGlobals: Destroyed PersistentFrame Addr=0x000001ba250895a0, Size=88
[2018.08.18-16.16.49:496][  0]LogUObjectGlobals: Created PersistentFrame Addr=0x000001ba0a82be40, Size=64, Default__ThirdPerson_AnimBP_C Function /Game/Mannequin/Animations/ThirdPerson_AnimBP.ThirdPerson_AnimBP_C:ExecuteUbergraph_ThirdPerson_AnimBP
[2018.08.18-16.16.49:662][  0]LogUObjectGlobals: Destroyed PersistentFrame Addr=0x000001ba0a82be40, Size=64
[2018.08.18-16.16.49:662][  0]LogUObjectGlobals: Created PersistentFrame Addr=0x000001ba0a82bec0, Size=64, Default__ThirdPerson_AnimBP_C Function /Engine/Transient.REINST_ThirdPerson_AnimBP_C_0:ExecuteUbergraph_ThirdPerson_AnimBP
[2018.08.18-16.16.49:823][  0]LogUObjectGlobals: Created PersistentFrame Addr=0x000001ba0a78b1f0, Size=72, Default__ThirdPerson_AnimBP_C Function /Game/Mannequin/Animations/ThirdPerson_AnimBP.ThirdPerson_AnimBP_C:ExecuteUbergraph_ThirdPerson_AnimBP
[2018.08.18-16.16.50:368][  0]LogUObjectGlobals: Created PersistentFrame Addr=0x000001ba0a7a2bc0, Size=32, Default__BP_Hidable_Ceiling_Master_C Function /Game/My_Bp/hide_master/BP_Hidable_Ceiling_Master.BP_Hidable_Ceiling_Master_C:ExecuteUbergraph_BP_Hidable_Ceiling_Master
[2018.08.18-16.16.50:389][  0]LogUObjectGlobals: Destroyed PersistentFrame Addr=0x000001ba0a7a2bc0, Size=32
[2018.08.18-16.16.50:389][  0]LogUObjectGlobals: Created PersistentFrame Addr=0x000001ba0a7a2bc0, Size=32, Default__BP_Hidable_Ceiling_Master_C Function /Engine/Transient.REINST_BP_Hidable_Ceiling_Master_C_6:ExecuteUbergraph_BP_Hidable_Ceiling_Master
[2018.08.18-16.16.50:398][  0]LogUObjectGlobals: Created PersistentFrame Addr=0x000001ba0a7170a0, Size=32, Default__BP_Hidable_Ceiling_Master_C Function /Game/My_Bp/hide_master/BP_Hidable_Ceiling_Master.BP_Hidable_Ceiling_Master_C:ExecuteUbergraph_BP_Hidable_Ceiling_Master
[2018.08.18-16.16.50:515][  0]LogUObjectGlobals: Created PersistentFrame Addr=0x000001ba0a716fa0, Size=32, Default__BP_Hidable_Master_C Function /Game/My_Bp/hide_master/BP_Hidable_Master.BP_Hidable_Master_C:ExecuteUbergraph_BP_Hidable_Master
[2018.08.18-16.16.50:529][  0]LogUObjectGlobals: Destroyed PersistentFrame Addr=0x000001ba0a716fa0, Size=32
[2018.08.18-16.16.50:529][  0]LogUObjectGlobals: Created PersistentFrame Addr=0x000001ba0a716fa0, Size=32, Default__BP_Hidable_Master_C Function /Engine/Transient.REINST_BP_Hidable_Master_C_8:ExecuteUbergraph_BP_Hidable_Master
[2018.08.18-16.16.50:540][  0]LogUObjectGlobals: Created PersistentFrame Addr=0x000001ba0a6aef20, Size=32, Default__BP_Hidable_Master_C Function /Game/My_Bp/hide_master/BP_Hidable_Master.BP_Hidable_Master_C:ExecuteUbergraph_BP_Hidable_Master
[2018.08.18-16.16.52:344][  0]LogUObjectGlobals: Created PersistentFrame Addr=0x000001ba0a46f100, Size=672, Default__ThirdPersonCharacter_C Function /Game/ThirdPersonBP/Blueprints/ThirdPersonCharacter.ThirdPersonCharacter_C:ExecuteUbergraph_ThirdPersonCharacter
[2018.08.18-16.16.52:354][  0]LogUObjectGlobals: Destroyed PersistentFrame Addr=0x000001ba0a46f100, Size=672
[2018.08.18-16.16.52:354][  0]LogUObjectGlobals: Created PersistentFrame Addr=0x000001ba0a46f100, Size=672, Default__ThirdPersonCharacter_C Function /Engine/Transient.REINST_ThirdPersonCharacter_C_10:ExecuteUbergraph_ThirdPersonCharacter
[2018.08.18-16.16.52:362][  0]LogUObjectGlobals: Created PersistentFrame Addr=0x000001ba0a3ef100, Size=672, Default__ThirdPersonCharacter_C Function /Game/ThirdPersonBP/Blueprints/ThirdPersonCharacter.ThirdPersonCharacter_C:ExecuteUbergraph_ThirdPersonCharacter
[2018.08.18-16.16.53:274][  0]LogUObjectGlobals: Created PersistentFrame Addr=0x000001ba0a4074c0, Size=304, Default__door_C Function /Game/My_Bp/door/door.door_C:ExecuteUbergraph_door
[2018.08.18-16.16.53:353][  0]LogUObjectGlobals: Destroyed PersistentFrame Addr=0x000001ba0a4074c0, Size=304
[2018.08.18-16.16.53:353][  0]LogUObjectGlobals: Created PersistentFrame Addr=0x000001ba0a4074c0, Size=304, Default__door_C Function /Engine/Transient.REINST_door_C_14:ExecuteUbergraph_door
[2018.08.18-16.16.53:389][  0]LogUObjectGlobals: Created PersistentFrame Addr=0x000001ba09fdbec0, Size=304, Default__door_C Function /Game/My_Bp/door/door.door_C:ExecuteUbergraph_door
[2018.08.18-16.16.53:519][  0]LogUObjectGlobals: Created PersistentFrame Addr=0x000001ba09fdbd80, Size=304, Default__lever_door_C Function /Game/My_Bp/door/lever_door.lever_door_C:ExecuteUbergraph_lever_door
[2018.08.18-16.16.53:540][  0]LogUObjectGlobals: Destroyed PersistentFrame Addr=0x000001ba09fdbd80, Size=304
[2018.08.18-16.16.53:540][  0]LogUObjectGlobals: Created PersistentFrame Addr=0x000001ba09fdbd80, Size=304, Default__lever_door_C Function /Engine/Transient.REINST_lever_door_C_16:ExecuteUbergraph_lever_door
[2018.08.18-16.16.53:550][  0]LogUObjectGlobals: Created PersistentFrame Addr=0x000001ba09fda980, Size=304, Default__lever_door_C Function /Game/My_Bp/door/lever_door.lever_door_C:ExecuteUbergraph_lever_door
[2018.08.18-16.16.55:333][  0]LogUObjectGlobals: Created PersistentFrame Addr=0x000001ba09f42e80, Size=148, Default__Dec_Things_Light_1_C Function /Game/My_Bp/prop_bp/Dec_Things_Light_1.Dec_Things_Light_1_C:ExecuteUbergraph_Dec_Things_Light_1
[2018.08.18-16.16.55:341][  0]LogUObjectGlobals: Destroyed PersistentFrame Addr=0x000001ba09f42e80, Size=148
[2018.08.18-16.16.55:341][  0]LogUObjectGlobals: Created PersistentFrame Addr=0x000001ba0a09d800, Size=148, Default__Dec_Things_Light_1_C Function /Engine/Transient.REINST_Dec_Things_Light_1_C_22:ExecuteUbergraph_Dec_Things_Light_1
[2018.08.18-16.16.55:347][  0]LogUObjectGlobals: Created PersistentFrame Addr=0x000001ba0a09e7a0, Size=148, Default__Dec_Things_Light_1_C Function /Game/My_Bp/prop_bp/Dec_Things_Light_1.Dec_Things_Light_1_C:ExecuteUbergraph_Dec_Things_Light_1
[2018.08.18-16.17.01:508][  0]LogUObjectGlobals: Created PersistentFrame Addr=0x000001ba0cd90f80, Size=120, Default__Tech_demo_C Function /Game/map/Maps/Tech_demo.Tech_demo_C:ExecuteUbergraph_Tech_demo
[2018.08.18-16.17.01:510][  0]LogUObjectGlobals: Destroyed PersistentFrame Addr=0x000001ba0cd90f80, Size=120
[2018.08.18-16.17.01:510][  0]LogUObjectGlobals: Created PersistentFrame Addr=0x000001ba0cd90f80, Size=120, Default__Tech_demo_C Function /Engine/Transient.REINST_Tech_demo_C_30:ExecuteUbergraph_Tech_demo
[2018.08.18-16.17.01:512][  0]LogUObjectGlobals: Created PersistentFrame Addr=0x000001ba0cd90480, Size=120, Default__Tech_demo_C Function /Game/map/Maps/Tech_demo.Tech_demo_C:ExecuteUbergraph_Tech_demo
[2018.08.18-16.17.22:364][  0]LogSkeletalMesh: Skeletal Mesh found in DDC [816.079895ms] /Game/Mannequin/Character/Mesh/SK_Mannequin.SK_Mannequin
[2018.08.18-16.17.23:837][  0]LogAIModule: Creating AISystem for world Tech_demo
[2018.08.18-16.17.24:664][  0]LogEditorServer: Finished looking for orphan Actors (0.000 secs)
[2018.08.18-16.17.24:681][  0]LogUObjectGlobals: Destroyed PersistentFrame Addr=0x000001ba0a82bec0, Size=64
[2018.08.18-16.17.24:681][  0]LogUObjectGlobals: Destroyed PersistentFrame Addr=0x000001ba0a7a2bc0, Size=32
[2018.08.18-16.17.24:681][  0]LogUObjectGlobals: Destroyed PersistentFrame Addr=0x000001ba0a716fa0, Size=32
[2018.08.18-16.17.24:681][  0]LogUObjectGlobals: Destroyed PersistentFrame Addr=0x000001ba0a46f100, Size=672
[2018.08.18-16.17.24:681][  0]LogUObjectGlobals: Destroyed PersistentFrame Addr=0x000001ba0a4074c0, Size=304
[2018.08.18-16.17.24:681][  0]LogUObjectGlobals: Destroyed PersistentFrame Addr=0x000001ba09fdbd80, Size=304
[2018.08.18-16.17.24:682][  0]LogUObjectGlobals: Destroyed PersistentFrame Addr=0x000001ba0a09d800, Size=148
[2018.08.18-16.17.24:682][  0]LogUObjectGlobals: Destroyed PersistentFrame Addr=0x000001ba0cd90f80, Size=120
[2018.08.18-16.17.24:683][  0]Cmd: MAP CHECKDEP NOCLEARLOG
[2018.08.18-16.17.24:779][  0]MapCheck: Map check complete: 0 Error(s), 0 Warning(s), took 96,114ms to complete.
[2018.08.18-16.17.24:779][  0]LogFileHelpers: Loading map 'Tech_demo' took 36.373
[2018.08.18-16.17.25:269][  0]LogCollectionManager: Loaded 0 collections in 0.002203 seconds
[2018.08.18-16.17.25:312][  0]LogFileCache: Scanning file cache for directory 'C:/Users/mg-lenovo/Documents/GitHub/VogsAmIFree/Saved/Collections/' took 0.01s
[2018.08.18-16.17.25:312][  0]LogFileCache: Scanning file cache for directory 'C:/Users/mg-lenovo/Documents/GitHub/VogsAmIFree/Content/Developers/mglenovo/Collections/' took 0.01s
[2018.08.18-16.17.25:312][  0]LogFileCache: Scanning file cache for directory 'C:/Users/mg-lenovo/Documents/GitHub/VogsAmIFree/Content/Collections/' took 0.01s
[2018.08.18-16.17.25:312][  0]LogCollectionManager: Rebuilt the GUID cache for 0 collections in 0.000000 seconds
[2018.08.18-16.17.25:322][  0]LogContentBrowser: Native class hierarchy populated in 0.0095 seconds. Added 2466 classes and 564 folders.
[2018.08.18-16.17.25:330][  0]LogContentBrowser: Native class hierarchy updated for 'WidgetCarousel' in 0.0002 seconds. Added 0 classes and 0 folders.
[2018.08.18-16.17.28:013][  0]LogContentBrowser: Native class hierarchy updated for 'AddContentDialog' in 0.0008 seconds. Added 0 classes and 0 folders.
[2018.08.18-16.17.28:030][  0]LogContentBrowser: Native class hierarchy updated for 'SceneOutliner' in 0.0009 seconds. Added 1 classes and 2 folders.
[2018.08.18-16.17.28:188][  0]LogSlate: Took 0.000235 seconds to synchronously load lazily loaded font '../../../Engine/Content/Slate/Fonts/Roboto-Regular.ttf' (155K)
[2018.08.18-16.17.28:293][  0]LogSlate: Took 0.103407 seconds to synchronously load lazily loaded font '../../../Engine/Content/Slate/Fonts/Roboto-Bold.ttf' (160K)
[2018.08.18-16.17.28:325][  0]LogSlate: Took 0.019930 seconds to synchronously load lazily loaded font '../../../Engine/Content/Editor/Slate/Fonts/FontAwesome.ttf' (139K)
[2018.08.18-16.17.28:454][  0]LogRenderer: Reallocating scene render targets to support 1024x1024 Format 10 NumSamples 1 (Frame:1).
[2018.08.18-16.17.28:779][  0]LogContentBrowser: Native class hierarchy updated for 'HierarchicalLODOutliner' in 0.0003 seconds. Added 0 classes and 0 folders.
[2018.08.18-16.17.28:779][  0]LogLoad: (Engine Initialization) Total time: 187.79 seconds
[2018.08.18-16.17.28:779][  0]LogLoad: (Engine Initialization) Total Blueprint compile time: 0.00 seconds
[2018.08.18-16.17.29:144][  0]LogContentStreaming: Texture pool size now 1000 MB
[2018.08.18-16.17.29:415][  0]LogSlate: Took 0.000303 seconds to synchronously load lazily loaded font '../../../Engine/Content/Slate/Fonts/Roboto-Light.ttf' (167K)
[2018.08.18-16.17.29:424][  1]LogSubstanceLiveLink: Warning: Unable to send data along socket, closing connection
[2018.08.18-16.17.29:835][  2]LogAssetRegistry: Asset discovery search completed in 127.5902 seconds
[2018.08.18-16.17.29:838][  2]LogCollectionManager: Rebuilt the object cache for 0 collections in 0.000000 seconds (found 0 objects)
[2018.08.18-16.17.29:838][  2]LogCollectionManager: Fixed up redirectors for 0 collections in 0.000068 seconds (updated 0 objects)
[2018.08.18-16.17.30:140][  3]LogSlate: Took 0.000503 seconds to synchronously load lazily loaded font '../../../Engine/Content/Slate/Fonts/Roboto-Light.ttf' (167K)
[2018.08.18-16.22.50:561][ 15]LogSlate: FSceneViewport::OnFocusLost() reason 0
[2018.08.18-16.22.50:772][ 18]LogSlate: Window 'Am_i_Free - Unreal Editor' being destroyed
[2018.08.18-16.22.50:772][ 18]LogWindowsTextInputMethodSystem: Display: IME system now deactivated.
[2018.08.18-16.22.50:980][ 19]Cmd: QUIT_EDITOR
[2018.08.18-16.22.51:014][ 19]LogSlate: Slate User Destroyed.  User Index 0, Is Virtual User: 0
[2018.08.18-16.22.51:014][ 19]LogExit: Preparing to exit.
[2018.08.18-16.22.51:226][ 19]LogDirectoryWatcher: A directory notification for 'C:/Users/mg-lenovo/Documents/GitHub/VogsAmIFree/Content/' was aborted.
[2018.08.18-16.22.51:283][ 19]LogExit: Editor shut down
[2018.08.18-16.22.51:289][ 19]LogExit: Transaction tracking system shut down
[2018.08.18-16.22.51:289][ 19]LogUObjectGlobals: Destroyed PersistentFrame Addr=0x000001ba0950fe70, Size=80
[2018.08.18-16.22.51:289][ 19]LogUObjectGlobals: Destroyed PersistentFrame Addr=0x000001ba0a78b1f0, Size=72
[2018.08.18-16.22.51:289][ 19]LogUObjectGlobals: Destroyed PersistentFrame Addr=0x000001ba0a7170a0, Size=32
[2018.08.18-16.22.51:289][ 19]LogUObjectGlobals: Destroyed PersistentFrame Addr=0x000001ba0a6aef20, Size=32
[2018.08.18-16.22.51:290][ 19]LogUObjectGlobals: Destroyed PersistentFrame Addr=0x000001ba0a3ef100, Size=672
[2018.08.18-16.22.51:290][ 19]LogUObjectGlobals: Destroyed PersistentFrame Addr=0x000001ba09fdbec0, Size=304
[2018.08.18-16.22.51:290][ 19]LogUObjectGlobals: Destroyed PersistentFrame Addr=0x000001ba09fda980, Size=304
[2018.08.18-16.22.51:290][ 19]LogUObjectGlobals: Destroyed PersistentFrame Addr=0x000001ba0a09e7a0, Size=148
[2018.08.18-16.22.51:293][ 19]LogUObjectGlobals: Destroyed PersistentFrame Addr=0x000001ba0cd90480, Size=120
[2018.08.18-16.22.51:393][ 19]LogDirectoryWatcher: A directory notification for '../../../Engine/Content/' was aborted.
[2018.08.18-16.22.51:393][ 19]LogDirectoryWatcher: A directory notification for '../../../../../../Users/mg-lenovo/Documents/GitHub/VogsAmIFree/Content/' was aborted.
[2018.08.18-16.22.51:393][ 19]LogDirectoryWatcher: A directory notification for '../../Plugins/2D/Paper2D/Content/' was aborted.
[2018.08.18-16.22.51:393][ 19]LogDirectoryWatcher: A directory notification for '../../Plugins/Enterprise/DatasmithContent/Content/' was aborted.
[2018.08.18-16.22.51:393][ 19]LogDirectoryWatcher: A directory notification for '../../Plugins/Media/MediaCompositing/Content/' was aborted.
[2018.08.18-16.22.51:393][ 19]LogDirectoryWatcher: A directory notification for '../../Plugins/Runtime/AppleARKit/Content/' was aborted.
[2018.08.18-16.22.51:393][ 19]LogDirectoryWatcher: A directory notification for '../../Plugins/Runtime/Oculus/OculusVR/Content/' was aborted.
[2018.08.18-16.22.51:393][ 19]LogDirectoryWatcher: A directory notification for '../../Plugins/Runtime/Steam/SteamVR/Content/' was aborted.
[2018.08.18-16.22.51:546][ 19]LogExit: Object subsystem successfully closed.
[2018.08.18-16.22.51:566][ 19]LogShaderCompilers: Display: Shaders left to compile 0
[2018.08.18-16.22.51:571][ 19]LogD3D11RHI: Shutdown
[2018.08.18-16.22.51:571][ 19]LogD3D11RHI: CleanupD3DDevice
[2018.08.18-16.22.51:573][ 19]LogD3D11RHI: ~FD3D11DynamicRHI
[2018.08.18-16.22.51:739][ 19]LogModuleManager: Shutting down and abandoning module HierarchicalLODOutliner (582)
[2018.08.18-16.22.51:739][ 19]LogModuleManager: Shutting down and abandoning module SceneOutliner (580)
[2018.08.18-16.22.51:739][ 19]LogModuleManager: Shutting down and abandoning module AddContentDialog (578)
[2018.08.18-16.22.51:739][ 19]LogDirectoryWatcher: A directory notification for 'C:/Program Files/Epic Games/UE_4.19/FeaturePacks/' was aborted.
[2018.08.18-16.22.51:739][ 19]LogDirectoryWatcher: A directory notification for 'C:/Program Files/Epic Games/UE_4.19/Enterprise/FeaturePacks/' was aborted.
[2018.08.18-16.22.51:740][ 19]LogModuleManager: Shutting down and abandoning module WidgetCarousel (577)
[2018.08.18-16.22.51:740][ 19]LogModuleManager: Shutting down and abandoning module EditorWidgets (574)
[2018.08.18-16.22.51:740][ 19]LogModuleManager: Shutting down and abandoning module CollectionManager (572)
[2018.08.18-16.22.51:740][ 19]LogDirectoryWatcher: A directory notification for 'C:/Users/mg-lenovo/Documents/GitHub/VogsAmIFree/Content/Collections/' was aborted.
[2018.08.18-16.22.51:741][ 19]LogDirectoryWatcher: A directory notification for 'C:/Users/mg-lenovo/Documents/GitHub/VogsAmIFree/Content/Developers/mglenovo/Collections/' was aborted.
[2018.08.18-16.22.51:741][ 19]LogDirectoryWatcher: A directory notification for 'C:/Users/mg-lenovo/Documents/GitHub/VogsAmIFree/Saved/Collections/' was aborted.
[2018.08.18-16.22.51:741][ 19]LogModuleManager: Shutting down and abandoning module StatsViewer (570)
[2018.08.18-16.22.51:741][ 19]LogModuleManager: Shutting down and abandoning module FoliageEdit (568)
[2018.08.18-16.22.51:741][ 19]LogModuleManager: Shutting down and abandoning module LandscapeEditor (566)
[2018.08.18-16.22.51:741][ 19]LogModuleManager: Shutting down and abandoning module MeshPaintMode (564)
[2018.08.18-16.22.51:741][ 19]LogModuleManager: Shutting down and abandoning module SceneDepthPickerMode (562)
[2018.08.18-16.22.51:741][ 19]LogModuleManager: Shutting down and abandoning module ActorPickerMode (560)
[2018.08.18-16.22.51:741][ 19]LogModuleManager: Shutting down and abandoning module GeometryMode (558)
[2018.08.18-16.22.51:741][ 19]LogModuleManager: Shutting down and abandoning module TextureAlignMode (556)
[2018.08.18-16.22.51:741][ 19]LogModuleManager: Shutting down and abandoning module BspMode (554)
[2018.08.18-16.22.51:741][ 19]LogModuleManager: Shutting down and abandoning module PIEPreviewDeviceProfileSelector (552)
[2018.08.18-16.22.51:741][ 19]LogModuleManager: Shutting down and abandoning module HardwareSurvey (550)
[2018.08.18-16.22.51:741][ 19]LogModuleManager: Shutting down and abandoning module SequenceRecorderSections (548)
[2018.08.18-16.22.51:741][ 19]LogModuleManager: Shutting down and abandoning module AutomationWorker (546)
[2018.08.18-16.22.51:741][ 19]LogModuleManager: Shutting down and abandoning module AudioCaptureEditor (544)
[2018.08.18-16.22.51:741][ 19]LogModuleManager: Shutting down and abandoning module SequenceRecorder (543)
[2018.08.18-16.22.51:741][ 19]LogModuleManager: Shutting down and abandoning module MatineeToLevelSequence (540)
[2018.08.18-16.22.51:741][ 19]LogModuleManager: Shutting down and abandoning module LevelSequenceEditor (538)
[2018.08.18-16.22.51:741][ 19]LogModuleManager: Shutting down and abandoning module PlacementMode (537)
[2018.08.18-16.22.51:741][ 19]LogModuleManager: Shutting down and abandoning module MaterialEditor (536)
[2018.08.18-16.22.51:741][ 19]LogModuleManager: Shutting down and abandoning module WmfMediaFactory (532)
[2018.08.18-16.22.51:741][ 19]LogModuleManager: Shutting down and abandoning module WmfMediaEditor (530)
[2018.08.18-16.22.51:742][ 19]LogModuleManager: Shutting down and abandoning module MediaPlayerEditor (528)
[2018.08.18-16.22.51:742][ 19]LogModuleManager: Shutting down and abandoning module OpenExrWrapper (526)
[2018.08.18-16.22.51:742][ 19]LogModuleManager: Shutting down and abandoning module ImgMediaFactory (524)
[2018.08.18-16.22.51:742][ 19]LogModuleManager: Shutting down and abandoning module ImgMediaEditor (522)
[2018.08.18-16.22.51:742][ 19]LogModuleManager: Shutting down and abandoning module AvfMediaFactory (520)
[2018.08.18-16.22.51:742][ 19]LogModuleManager: Shutting down and abandoning module AvfMediaEditor (518)
[2018.08.18-16.22.51:742][ 19]LogModuleManager: Shutting down and abandoning module AndroidMediaFactory (516)
[2018.08.18-16.22.51:742][ 19]LogModuleManager: Shutting down and abandoning module AndroidMediaEditor (514)
[2018.08.18-16.22.51:742][ 19]LogModuleManager: Shutting down and abandoning module CharacterAI (512)
[2018.08.18-16.22.51:742][ 19]LogModuleManager: Shutting down and abandoning module SmartSnapping (510)
[2018.08.18-16.22.51:742][ 19]LogModuleManager: Shutting down and abandoning module SessionServices (508)
[2018.08.18-16.22.51:742][ 19]LogModuleManager: Shutting down and abandoning module ViewportSnapping (506)
[2018.08.18-16.22.51:742][ 19]LogModuleManager: Shutting down and abandoning module ViewportInteraction (504)
[2018.08.18-16.22.51:742][ 19]LogModuleManager: Shutting down and abandoning module ClothPainter (502)
[2018.08.18-16.22.51:742][ 19]LogModuleManager: Shutting down and abandoning module SkeletalMeshEditor (501)
[2018.08.18-16.22.51:742][ 19]LogModuleManager: Shutting down and abandoning module LogVisualizer (498)
[2018.08.18-16.22.51:742][ 19]LogModuleManager: Shutting down and abandoning module IntroTutorials (496)
[2018.08.18-16.22.51:742][ 19]LogModuleManager: Shutting down and abandoning module GameProjectGeneration (495)
[2018.08.18-16.22.51:742][ 19]LogModuleManager: Shutting down and abandoning module IOSPlatformEditor (492)
[2018.08.18-16.22.51:742][ 19]LogModuleManager: Shutting down and abandoning module HTML5PlatformEditor (490)
[2018.08.18-16.22.51:742][ 19]LogModuleManager: Shutting down and abandoning module AndroidPlatformEditor (488)
[2018.08.18-16.22.51:742][ 19]LogModuleManager: Shutting down and abandoning module AndroidDeviceDetection (487)
[2018.08.18-16.22.52:251][ 19]LogModuleManager: Shutting down and abandoning module WindowsPlatformEditor (484)
[2018.08.18-16.22.52:252][ 19]LogModuleManager: Shutting down and abandoning module IOSRuntimeSettings (482)
[2018.08.18-16.22.52:252][ 19]LogModuleManager: Shutting down and abandoning module AndroidRuntimeSettings (480)
[2018.08.18-16.22.52:252][ 19]LogModuleManager: Shutting down and abandoning module InputBindingEditor (478)
[2018.08.18-16.22.52:252][ 19]LogModuleManager: Shutting down and abandoning module MergeActors (476)
[2018.08.18-16.22.52:252][ 19]LogModuleManager: Shutting down and abandoning module LocalizationDashboard (474)
[2018.08.18-16.22.52:252][ 19]LogModuleManager: Shutting down and abandoning module LocalizationService (473)
[2018.08.18-16.22.52:252][ 19]LogModuleManager: Shutting down and abandoning module HardwareTargeting (470)
[2018.08.18-16.22.52:252][ 19]LogModuleManager: Shutting down and abandoning module DeviceProfileEditor (468)
[2018.08.18-16.22.52:252][ 19]LogModuleManager: Shutting down and abandoning module UndoHistory (466)
[2018.08.18-16.22.52:252][ 19]LogModuleManager: Shutting down and abandoning module XmlParser (464)
[2018.08.18-16.22.52:252][ 19]LogModuleManager: Shutting down and abandoning module Blutility (462)
[2018.08.18-16.22.52:252][ 19]LogModuleManager: Shutting down and abandoning module ProjectSettingsViewer (460)
[2018.08.18-16.22.52:252][ 19]LogModuleManager: Shutting down and abandoning module ProjectTargetPlatformEditor (459)
[2018.08.18-16.22.52:252][ 19]LogModuleManager: Shutting down and abandoning module EditorSettingsViewer (456)
[2018.08.18-16.22.52:252][ 19]LogModuleManager: Shutting down and abandoning module SettingsEditor (454)
[2018.08.18-16.22.52:252][ 19]LogModuleManager: Shutting down and abandoning module ProjectLauncher (452)
[2018.08.18-16.22.52:252][ 19]LogModuleManager: Shutting down and abandoning module SessionFrontend (450)
[2018.08.18-16.22.52:252][ 19]LogModuleManager: Shutting down and abandoning module ProfilerClient (448)
[2018.08.18-16.22.52:252][ 19]LogModuleManager: Shutting down and abandoning module DeviceManager (446)
[2018.08.18-16.22.52:252][ 19]LogModuleManager: Shutting down and abandoning module TargetDeviceServices (445)
[2018.08.18-16.22.52:296][ 19]LogModuleManager: Shutting down and abandoning module AutomationController (442)
[2018.08.18-16.22.52:296][ 19]LogModuleManager: Shutting down and abandoning module AutomationWindow (440)
[2018.08.18-16.22.52:296][ 19]LogModuleManager: Shutting down and abandoning module Layers (438)
[2018.08.18-16.22.52:296][ 19]LogModuleManager: Shutting down and abandoning module ComponentVisualizers (436)
[2018.08.18-16.22.52:296][ 19]LogModuleManager: Shutting down and abandoning module DetailCustomizations (434)
[2018.08.18-16.22.52:296][ 19]LogModuleManager: Shutting down and abandoning module PackagesDialog (432)
[2018.08.18-16.22.52:296][ 19]LogModuleManager: Shutting down and abandoning module Persona (430)
[2018.08.18-16.22.52:296][ 19]LogModuleManager: Shutting down and abandoning module AdvancedPreviewScene (429)
[2018.08.18-16.22.52:296][ 19]LogModuleManager: Shutting down and abandoning module AnimGraph (427)
[2018.08.18-16.22.52:296][ 19]LogModuleManager: Shutting down and abandoning module Kismet (424)
[2018.08.18-16.22.52:297][ 19]LogModuleManager: Shutting down and abandoning module GraphEditor (422)
[2018.08.18-16.22.52:297][ 19]LogModuleManager: Shutting down and abandoning module ClassViewer (420)
[2018.08.18-16.22.52:297][ 19]LogModuleManager: Shutting down and abandoning module Toolbox (418)
[2018.08.18-16.22.52:297][ 19]LogModuleManager: Shutting down and abandoning module ModuleUI (416)
[2018.08.18-16.22.52:297][ 19]LogModuleManager: Shutting down and abandoning module MovieSceneTools (414)
[2018.08.18-16.22.52:297][ 19]LogModuleManager: Shutting down and abandoning module OutputLog (412)
[2018.08.18-16.22.52:297][ 19]LogModuleManager: Shutting down and abandoning module GammaUI (410)
[2018.08.18-16.22.52:297][ 19]LogModuleManager: Shutting down and abandoning module Documentation (408)
[2018.08.18-16.22.52:297][ 19]LogModuleManager: Shutting down and abandoning module MovieSceneTracks (406)
[2018.08.18-16.22.52:297][ 19]LogModuleManager: Shutting down and abandoning module MovieScene (404)
[2018.08.18-16.22.52:297][ 19]LogModuleManager: Shutting down and abandoning module StreamingPauseRendering (402)
[2018.08.18-16.22.52:297][ 19]LogModuleManager: Shutting down and abandoning module LauncherPlatform (400)
[2018.08.18-16.22.52:297][ 19]LogModuleManager: Shutting down and abandoning module AnalyticsET (398)
[2018.08.18-16.22.52:297][ 19]LogModuleManager: Shutting down and abandoning module PortalServices (396)
[2018.08.18-16.22.52:297][ 19]LogModuleManager: Shutting down and abandoning module PortalRpc (394)
[2018.08.18-16.22.52:297][ 19]LogModuleManager: Shutting down and abandoning module MessagingRpc (392)
[2018.08.18-16.22.52:297][ 19]LogModuleManager: Shutting down and abandoning module AIModule (390)
[2018.08.18-16.22.52:297][ 19]LogModuleManager: Shutting down and abandoning module GameplayDebugger (389)
[2018.08.18-16.22.52:297][ 19]LogModuleManager: Shutting down and abandoning module AITestSuite (387)
[2018.08.18-16.22.52:297][ 19]LogModuleManager: Shutting down and abandoning module DesktopPlatform (384)
[2018.08.18-16.22.52:297][ 19]LogModuleManager: Shutting down and abandoning module ProfilerService (382)
[2018.08.18-16.22.52:380][ 19]LogModuleManager: Shutting down and abandoning module TaskGraph (380)
[2018.08.18-16.22.52:380][ 19]LogModuleManager: Shutting down and abandoning module SubstanceLiveLink (378)
[2018.08.18-16.22.52:388][ 19]LogModuleManager: Shutting down and abandoning module SubstanceSource (376)
[2018.08.18-16.22.52:437][ 19]LogModuleManager: Shutting down and abandoning module SubstanceEditor (374)
[2018.08.18-16.22.52:656][ 19]LogModuleManager: Shutting down and abandoning module SteamVRController (372)
[2018.08.18-16.22.52:656][ 19]LogModuleManager: Shutting down and abandoning module ProceduralMeshComponentEditor (370)
[2018.08.18-16.22.52:656][ 19]LogModuleManager: Shutting down and abandoning module ProceduralMeshComponent (368)
[2018.08.18-16.22.52:656][ 19]LogModuleManager: Shutting down and abandoning module OculusInput (366)
[2018.08.18-16.22.52:656][ 19]LogModuleManager: Shutting down and abandoning module MobilePatchingUtils (364)
[2018.08.18-16.22.52:656][ 19]LogModuleManager: Shutting down and abandoning module CustomMeshComponent (362)
[2018.08.18-16.22.52:656][ 19]LogModuleManager: Shutting down and abandoning module CableComponent (360)
[2018.08.18-16.22.52:656][ 19]LogModuleManager: Shutting down and abandoning module AudioCapture (358)
[2018.08.18-16.22.52:656][ 19]LogModuleManager: Shutting down and abandoning module ArchVisCharacter (356)
[2018.08.18-16.22.52:656][ 19]LogModuleManager: Shutting down and abandoning module AndroidPermission (354)
[2018.08.18-16.22.52:656][ 19]LogModuleManager: Shutting down and abandoning module NUTUnrealEngine4 (350)
[2018.08.18-16.22.52:656][ 19]LogModuleManager: Shutting down and abandoning module NetcodeUnitTest (348)
[2018.08.18-16.22.52:656][ 19]LogModuleManager: Shutting down and abandoning module MediaCompositingEditor (346)
[2018.08.18-16.22.52:656][ 19]LogModuleManager: Shutting down and abandoning module MediaCompositing (344)
[2018.08.18-16.22.52:656][ 19]LogModuleManager: Shutting down and abandoning module LinearTimecode (342)
[2018.08.18-16.22.52:656][ 19]LogModuleManager: Shutting down and abandoning module ImgMedia (340)
[2018.08.18-16.22.52:660][ 19]LogModuleManager: Shutting down and abandoning module HTML5Networking (338)
[2018.08.18-16.22.52:660][ 19]LogModuleManager: Shutting down and abandoning module AlembicImporter (336)
[2018.08.18-16.22.52:660][ 19]LogModuleManager: Shutting down and abandoning module AlembicLibrary (335)
[2018.08.18-16.22.52:660][ 19]LogModuleManager: Shutting down and abandoning module GeometryCache (334)
[2018.08.18-16.22.52:660][ 19]LogModuleManager: Shutting down and abandoning module GeometryCacheEd (333)
[2018.08.18-16.22.52:660][ 19]LogModuleManager: Shutting down and abandoning module DatasmithContent (328)
[2018.08.18-16.22.52:660][ 19]LogModuleManager: Shutting down and abandoning module SpeedTreeImporter (326)
[2018.08.18-16.22.52:660][ 19]LogModuleManager: Shutting down and abandoning module PluginBrowser (324)
[2018.08.18-16.22.52:660][ 19]LogModuleManager: Shutting down and abandoning module MobileLauncherProfileWizard (322)
[2018.08.18-16.22.52:660][ 19]LogModuleManager: Shutting down and abandoning module CryptoKeysOpenSSL (320)
[2018.08.18-16.22.52:660][ 19]LogModuleManager: Shutting down and abandoning module CryptoKeys (318)
[2018.08.18-16.22.52:660][ 19]LogModuleManager: Shutting down and abandoning module VisualStudioSourceCodeAccess (316)
[2018.08.18-16.22.52:660][ 19]LogModuleManager: Shutting down and abandoning module VisualStudioCodeSourceCodeAccess (314)
[2018.08.18-16.22.52:660][ 19]LogModuleManager: Shutting down and abandoning module UObjectPlugin (312)
[2018.08.18-16.22.52:660][ 19]LogModuleManager: Shutting down and abandoning module SubversionSourceControl (310)
[2018.08.18-16.22.52:660][ 19]LogModuleManager: Shutting down and abandoning module PerforceSourceControl (308)
[2018.08.18-16.22.52:661][ 19]LogModuleManager: Shutting down and abandoning module GitSourceControl (306)
[2018.08.18-16.22.52:661][ 19]LogModuleManager: Shutting down and abandoning module SourceControl (305)
[2018.08.18-16.22.52:661][ 19]LogModuleManager: Shutting down and abandoning module CLionSourceCodeAccess (302)
[2018.08.18-16.22.52:661][ 19]LogModuleManager: Shutting down and abandoning module LightPropagationVolumeEditor (300)
[2018.08.18-16.22.52:661][ 19]LogModuleManager: Shutting down and abandoning module PaperTiledImporter (298)
[2018.08.18-16.22.52:661][ 19]LogModuleManager: Shutting down and abandoning module PaperSpriteSheetImporter (296)
[2018.08.18-16.22.52:661][ 19]LogModuleManager: Shutting down and abandoning module Paper2DEditor (294)
[2018.08.18-16.22.52:661][ 19]LogModuleManager: Shutting down and abandoning module MeshPaint (293)
[2018.08.18-16.22.52:661][ 19]LogModuleManager: Shutting down and abandoning module RuntimePhysXCooking (290)
[2018.08.18-16.22.52:661][ 19]LogModuleManager: Shutting down and abandoning module PhysXVehiclesEditor (288)
[2018.08.18-16.22.52:661][ 19]LogModuleManager: Shutting down and abandoning module PhysXVehicles (286)
[2018.08.18-16.22.52:661][ 19]LogModuleManager: Shutting down and abandoning module OculusEditor (284)
[2018.08.18-16.22.52:661][ 19]LogModuleManager: Shutting down and abandoning module LocationServicesBPLibrary (282)
[2018.08.18-16.22.52:661][ 19]LogModuleManager: Shutting down and abandoning module ImmediatePhysicsEditor (280)
[2018.08.18-16.22.52:661][ 19]LogModuleManager: Shutting down and abandoning module ImmediatePhysics (278)
[2018.08.18-16.22.52:661][ 19]LogModuleManager: Shutting down and abandoning module ActorSequence (276)
[2018.08.18-16.22.52:661][ 19]LogModuleManager: Shutting down and abandoning module UdpMessaging (274)
[2018.08.18-16.22.52:763][ 19]LogModuleManager: Shutting down and abandoning module TcpMessaging (272)
[2018.08.18-16.22.52:864][ 19]LogModuleManager: Shutting down and abandoning module SubstanceCore (270)
[2018.08.18-16.22.52:893][ 19]LogModuleManager: Shutting down and abandoning module GameplayTagsEditor (268)
[2018.08.18-16.22.52:893][ 19]LogModuleManager: Shutting down and abandoning module FacialAnimationEditor (266)
[2018.08.18-16.22.52:893][ 19]LogModuleManager: Shutting down and abandoning module FacialAnimation (264)
[2018.08.18-16.22.52:894][ 19]LogModuleManager: Shutting down and abandoning module DataValidation (262)
[2018.08.18-16.22.52:894][ 19]LogModuleManager: Shutting down and abandoning module AssetManagerEditor (260)
[2018.08.18-16.22.52:894][ 19]LogModuleManager: Shutting down and abandoning module LevelEditor (259)
[2018.08.18-16.22.52:895][ 19]LogModuleManager: Shutting down and abandoning module PixelInspectorModule (258)
[2018.08.18-16.22.52:895][ 19]LogModuleManager: Shutting down and abandoning module CommonMenuExtensions (256)
[2018.08.18-16.22.52:895][ 19]LogModuleManager: Shutting down and abandoning module MainFrame (254)
[2018.08.18-16.22.52:895][ 19]LogModuleManager: Shutting down and abandoning module HotReload (253)
[2018.08.18-16.22.52:896][ 19]LogModuleManager: Shutting down and abandoning module ContentBrowser (249)
[2018.08.18-16.22.52:897][ 19]LogModuleManager: Shutting down and abandoning module TreeMap (247)
[2018.08.18-16.22.52:897][ 19]LogModuleManager: Shutting down and abandoning module LightPropagationVolumeRuntime (244)
[2018.08.18-16.22.52:897][ 19]LogModuleManager: Shutting down and abandoning module LiveLinkEditor (242)
[2018.08.18-16.22.52:897][ 19]LogModuleManager: Shutting down and abandoning module LiveLink (240)
[2018.08.18-16.22.53:561][ 19]LogModuleManager: Shutting down and abandoning module Paper2D (238)
[2018.08.18-16.22.53:561][ 19]LogModuleManager: Shutting down and abandoning module WindowsMoviePlayer (236)
[2018.08.18-16.22.53:562][ 19]LogModuleManager: Shutting down and abandoning module WmfMedia (234)
[2018.08.18-16.22.53:563][ 19]LogModuleManager: Shutting down and abandoning module Media (233)
[2018.08.18-16.22.53:569][ 19]LogModuleManager: Shutting down and abandoning module PacketHandler (230)
[2018.08.18-16.22.53:569][ 19]LogModuleManager: Shutting down and abandoning module ClothingSystemEditor (228)
[2018.08.18-16.22.53:569][ 19]LogModuleManager: Shutting down and abandoning module ClothingSystemRuntime (226)
[2018.08.18-16.22.53:569][ 19]LogModuleManager: Shutting down and abandoning module MediaAssets (224)
[2018.08.18-16.22.53:569][ 19]LogModuleManager: Shutting down and abandoning module Overlay (222)
[2018.08.18-16.22.53:569][ 19]LogModuleManager: Shutting down and abandoning module OverlayEditor (221)
[2018.08.18-16.22.53:569][ 19]LogModuleManager: Shutting down and abandoning module VREditor (218)
[2018.08.18-16.22.53:570][ 19]LogModuleManager: Shutting down and abandoning module StringTableEditor (216)
[2018.08.18-16.22.53:570][ 19]LogModuleManager: Shutting down and abandoning module GameplayTasksEditor (214)
[2018.08.18-16.22.53:570][ 19]LogModuleManager: Shutting down and abandoning module BehaviorTreeEditor (212)
[2018.08.18-16.22.53:570][ 19]LogModuleManager: Shutting down and abandoning module FunctionalTesting (210)
[2018.08.18-16.22.53:570][ 19]LogModuleManager: Shutting down and abandoning module CollisionAnalyzer (208)
[2018.08.18-16.22.53:570][ 19]LogModuleManager: Shutting down and abandoning module WorkspaceMenuStructure (207)
[2018.08.18-16.22.53:570][ 19]LogModuleManager: Shutting down and abandoning module UMG (204)
[2018.08.18-16.22.53:570][ 19]LogModuleManager: Shutting down and abandoning module UMGEditor (203)
[2018.08.18-16.22.53:570][ 19]LogModuleManager: Shutting down and abandoning module Sequencer (202)
[2018.08.18-16.22.53:570][ 19]LogModuleManager: Shutting down and abandoning module MessageLog (199)
[2018.08.18-16.22.53:570][ 19]LogModuleManager: Shutting down and abandoning module SlateReflector (194)
[2018.08.18-16.22.53:570][ 19]LogModuleManager: Shutting down and abandoning module Slate (192)
[2018.08.18-16.22.53:570][ 19]LogModuleManager: Shutting down and abandoning module EditorStyle (190)
[2018.08.18-16.22.53:572][ 19]LogModuleManager: Shutting down and abandoning module MRMesh (188)
[2018.08.18-16.22.53:572][ 19]LogModuleManager: Shutting down and abandoning module SourceCodeAccess (186)
[2018.08.18-16.22.53:572][ 19]LogModuleManager: Shutting down and abandoning module HeadMountedDisplay (184)
[2018.08.18-16.22.53:572][ 19]LogModuleManager: Shutting down and abandoning module XAudio2 (182)
[2018.08.18-16.22.53:572][ 19]LogModuleManager: Shutting down and abandoning module Networking (180)
[2018.08.18-16.22.53:572][ 19]LogModuleManager: Shutting down and abandoning module Core (178)
[2018.08.18-16.22.53:572][ 19]LogModuleManager: Shutting down and abandoning module LevelSequence (176)
[2018.08.18-16.22.53:572][ 19]LogModuleManager: Shutting down and abandoning module KismetCompiler (174)
[2018.08.18-16.22.53:572][ 19]LogModuleManager: Shutting down and abandoning module MeshUtilities (172)
[2018.08.18-16.22.53:572][ 19]LogModuleManager: Shutting down and abandoning module MeshMergeUtilities (171)
[2018.08.18-16.22.53:572][ 19]LogModuleManager: Shutting down and abandoning module MeshReductionInterface (170)
[2018.08.18-16.22.53:572][ 19]LogModuleManager: Shutting down and abandoning module SimplygonSwarm (169)
[2018.08.18-16.22.53:572][ 19]LogModuleManager: Shutting down and abandoning module SimplygonMeshReduction (167)
[2018.08.18-16.22.53:572][ 19]LogModuleManager: Shutting down and abandoning module QuadricMeshReduction (165)
[2018.08.18-16.22.53:572][ 19]LogModuleManager: Shutting down and abandoning module MaterialBaking (161)
[2018.08.18-16.22.53:572][ 19]LogModuleManager: Shutting down and abandoning module DirectoryWatcher (157)
[2018.08.18-16.22.53:573][ 19]LogModuleManager: Shutting down and abandoning module DerivedDataCache (154)
[2018.08.18-16.22.53:666][ 19]LogDerivedDataCache: Shutdown
[2018.08.18-16.22.53:666][ 19]LogModuleManager: Shutting down and abandoning module XGEController (152)
[2018.08.18-16.22.53:666][ 19]LogModuleManager: Shutting down and abandoning module TargetPlatform (150)
[2018.08.18-16.22.53:666][ 19]LogModuleManager: Shutting down and abandoning module VulkanShaderFormat (149)
[2018.08.18-16.22.53:667][ 19]LogModuleManager: Shutting down and abandoning module ShaderFormatVectorVM (147)
[2018.08.18-16.22.53:667][ 19]LogModuleManager: Shutting down and abandoning module ShaderFormatOpenGL (145)
[2018.08.18-16.22.53:667][ 19]LogModuleManager: Shutting down and abandoning module ShaderFormatD3D (143)
[2018.08.18-16.22.53:667][ 19]LogModuleManager: Shutting down and abandoning module MetalShaderFormat (141)
[2018.08.18-16.22.53:667][ 19]LogModuleManager: Shutting down and abandoning module TextureFormatUncompressed (139)
[2018.08.18-16.22.53:667][ 19]LogModuleManager: Shutting down and abandoning module TextureFormatPVR (137)
[2018.08.18-16.22.53:667][ 19]LogModuleManager: Shutting down and abandoning module TextureFormatDXT (135)
[2018.08.18-16.22.53:667][ 19]LogModuleManager: Shutting down and abandoning module TextureFormatIntelISPCTexComp (133)
[2018.08.18-16.22.53:667][ 19]LogModuleManager: Shutting down and abandoning module TextureFormatASTC (131)
[2018.08.18-16.22.53:667][ 19]LogModuleManager: Shutting down and abandoning module ImageWrapper (130)
[2018.08.18-16.22.53:667][ 19]LogModuleManager: Shutting down and abandoning module TextureFormatAndroid (127)
[2018.08.18-16.22.53:667][ 19]LogModuleManager: Shutting down and abandoning module AudioFormatOpus (125)
[2018.08.18-16.22.53:667][ 19]LogModuleManager: Shutting down and abandoning module AudioFormatOgg (123)
[2018.08.18-16.22.53:667][ 19]LogModuleManager: Shutting down and abandoning module AudioFormatADPCM (121)
[2018.08.18-16.22.53:667][ 19]LogModuleManager: Shutting down and abandoning module LinuxTargetPlatform (119)
[2018.08.18-16.22.53:667][ 19]LogModuleManager: Shutting down and abandoning module LinuxServerTargetPlatform (117)
[2018.08.18-16.22.53:667][ 19]LogModuleManager: Shutting down and abandoning module LinuxNoEditorTargetPlatform (115)
[2018.08.18-16.22.53:667][ 19]LogModuleManager: Shutting down and abandoning module LinuxClientTargetPlatform (113)
[2018.08.18-16.22.53:667][ 19]LogModuleManager: Shutting down and abandoning module TVOSTargetPlatform (111)
[2018.08.18-16.22.53:667][ 19]LogModuleManager: Shutting down and abandoning module Messaging (109)
[2018.08.18-16.22.53:667][ 19]LogModuleManager: Shutting down and abandoning module IOSTargetPlatform (107)
[2018.08.18-16.22.53:667][ 19]LogModuleManager: Shutting down and abandoning module HTML5TargetPlatform (105)
[2018.08.18-16.22.53:667][ 19]LogModuleManager: Shutting down and abandoning module AndroidTargetPlatform (103)
[2018.08.18-16.22.53:667][ 19]LogModuleManager: Shutting down and abandoning module Android_PVRTCTargetPlatform (101)
[2018.08.18-16.22.53:667][ 19]LogModuleManager: Shutting down and abandoning module Android_MultiTargetPlatform (99)
[2018.08.18-16.22.53:667][ 19]LogModuleManager: Shutting down and abandoning module Android_ETC2TargetPlatform (97)
[2018.08.18-16.22.53:667][ 19]LogModuleManager: Shutting down and abandoning module Android_ETC1TargetPlatform (95)
[2018.08.18-16.22.53:667][ 19]LogModuleManager: Shutting down and abandoning module Android_ETC1aTargetPlatform (93)
[2018.08.18-16.22.53:667][ 19]LogModuleManager: Shutting down and abandoning module Android_DXTTargetPlatform (91)
[2018.08.18-16.22.53:667][ 19]LogModuleManager: Shutting down and abandoning module Android_ATCTargetPlatform (89)
[2018.08.18-16.22.53:667][ 19]LogModuleManager: Shutting down and abandoning module Android_ASTCTargetPlatform (87)
[2018.08.18-16.22.53:667][ 19]LogModuleManager: Shutting down and abandoning module WindowsTargetPlatform (85)
[2018.08.18-16.22.53:667][ 19]LogModuleManager: Shutting down and abandoning module WindowsServerTargetPlatform (83)
[2018.08.18-16.22.53:667][ 19]LogModuleManager: Shutting down and abandoning module WindowsNoEditorTargetPlatform (81)
[2018.08.18-16.22.53:667][ 19]LogModuleManager: Shutting down and abandoning module WindowsClientTargetPlatform (79)
[2018.08.18-16.22.53:667][ 19]LogModuleManager: Shutting down and abandoning module MacTargetPlatform (77)
[2018.08.18-16.22.53:667][ 19]LogModuleManager: Shutting down and abandoning module MacServerTargetPlatform (75)
[2018.08.18-16.22.53:667][ 19]LogModuleManager: Shutting down and abandoning module MacNoEditorTargetPlatform (73)
[2018.08.18-16.22.53:667][ 19]LogModuleManager: Shutting down and abandoning module MacClientTargetPlatform (71)
[2018.08.18-16.22.53:667][ 19]LogModuleManager: Shutting down and abandoning module AllDesktopTargetPlatform (69)
[2018.08.18-16.22.53:667][ 19]LogModuleManager: Shutting down and abandoning module InputCore (66)
[2018.08.18-16.22.53:667][ 19]LogModuleManager: Shutting down and abandoning module Settings (64)
[2018.08.18-16.22.53:668][ 19]LogModuleManager: Shutting down and abandoning module PhysXCooking (62)
[2018.08.18-16.22.53:668][ 19]LogModuleManager: Shutting down and abandoning module SteamVR (60)
[2018.08.18-16.22.53:668][ 19]LogModuleManager: Shutting down and abandoning module OculusHMD (58)
[2018.08.18-16.22.53:668][ 19]LogModuleManager: Shutting down and abandoning module ExampleDeviceProfileSelector (56)
[2018.08.18-16.22.53:668][ 19]LogModuleManager: Shutting down and abandoning module AppleARKit (54)
[2018.08.18-16.22.53:668][ 19]LogModuleManager: Shutting down and abandoning module AugmentedReality (51)
[2018.08.18-16.22.53:668][ 19]LogModuleManager: Shutting down and abandoning module OnlineBlueprintSupport (48)
[2018.08.18-16.22.53:668][ 19]LogModuleManager: Shutting down and abandoning module OnlineSubsystem (44)
[2018.08.18-16.22.53:668][ 19]LogModuleManager: Shutting down and abandoning module XMPP (43)
[2018.08.18-16.22.53:668][ 19]LogModuleManager: Shutting down and abandoning module HTTP (41)
[2018.08.18-16.22.53:668][ 19]LogHttp: Display: Http module shutting down, but needs to wait on 1 outstanding Http requests:
[2018.08.18-16.22.53:668][ 19]LogHttp: Display: 	verb=[POST] url=[https://datarouter.ol.epicgames.com/datarouter/api/v1/public/data?SessionID=%7B8615E18C-485F-752E-C405-0A84DE550856%7D&AppID=UEEditor.Rocket.Release&AppVersion=4.19.2-4033788%2B%2B%2BUE4%2BRelease-4.19&UserID=ed59b89a4ffbc480e0ffa6a12f01c482%7Ccc3f9436d5ef46eab972a81d170eca09%7C5e1261bc-e315-43b7-9a6f-becd74040f3c&AppEnvironment=datacollector-binary&UploadType=eteventstream] status=Processing
[2018.08.18-16.22.53:694][ 19]LogModuleManager: Shutting down and abandoning module SSL (40)
[2018.08.18-16.22.53:695][ 19]LogModuleManager: Shutting down and abandoning module AnimationModifiers (36)
[2018.08.18-16.22.53:696][ 19]LogModuleManager: Shutting down and abandoning module PropertyEditor (35)
[2018.08.18-16.22.53:696][ 19]LogModuleManager: Shutting down and abandoning module AudioEditor (32)
[2018.08.18-16.22.53:696][ 19]LogModuleManager: Shutting down and abandoning module TextureCompressor (30)
[2018.08.18-16.22.53:696][ 19]LogModuleManager: Shutting down and abandoning module ShaderCore (28)
[2018.08.18-16.22.53:696][ 19]LogModuleManager: Shutting down and abandoning module Landscape (26)
[2018.08.18-16.22.53:696][ 19]LogModuleManager: Shutting down and abandoning module SlateRHIRenderer (24)
[2018.08.18-16.22.53:697][ 19]LogModuleManager: Shutting down and abandoning module OpenGLDrv (22)
[2018.08.18-16.22.53:697][ 19]LogModuleManager: Shutting down and abandoning module D3D11RHI (20)
[2018.08.18-16.22.53:697][ 19]LogModuleManager: Shutting down and abandoning module AnimGraphRuntime (18)
[2018.08.18-16.22.53:697][ 19]LogModuleManager: Shutting down and abandoning module Renderer (16)
[2018.08.18-16.22.53:697][ 19]LogModuleManager: Shutting down and abandoning module Engine (14)
[2018.08.18-16.22.53:697][ 19]LogModuleManager: Shutting down and abandoning module CoreUObject (12)
[2018.08.18-16.22.53:697][ 19]LogModuleManager: Shutting down and abandoning module NetworkFile (10)
[2018.08.18-16.22.53:697][ 19]LogModuleManager: Shutting down and abandoning module CookedIterativeFile (8)
[2018.08.18-16.22.53:697][ 19]LogModuleManager: Shutting down and abandoning module StreamingFile (6)
[2018.08.18-16.22.53:697][ 19]LogModuleManager: Shutting down and abandoning module SandboxFile (4)
[2018.08.18-16.22.53:697][ 19]LogModuleManager: Shutting down and abandoning module PakFile (2)
[2018.08.18-16.22.53:705][ 19]LogExit: Exiting.
[2018.08.18-16.22.53:738][ 19]Log file closed, 08/18/18 19:22:53
