Log file open, 08/19/18 20:24:22
LogWindows: Failed to load 'aqProf.dll' (GetLastError=126)
LogWindows: File 'aqProf.dll' does not exist
LogWindows: Failed to load 'VtuneApi.dll' (GetLastError=126)
LogWindows: File 'VtuneApi.dll' does not exist
LogWindows: Failed to load 'VtuneApi32e.dll' (GetLastError=126)
LogWindows: File 'VtuneApi32e.dll' does not exist
LogInit: Display: Running engine for game: Am_i_Free
LogPlatformFile: Not using cached read wrapper
LogInit: Display: RandInit(206118865) SRandInit(206118865).
LogInit: Read version file with build ID '3944462'
LogInit: Overriding engine version to CL 4033788, compatible CL 3944462
LogInit: Registered custom module enumerator with build ID '3944462'
LogTaskGraph: Started task graph with 5 named threads and 23 total threads with 3 sets of task threads.
LogStats: Stats thread started at 0.314738
LogD3D11RHI: Aftermath initialized
LogICUInternationalization: Display: ICU TimeZone Detection - Raw Offset: +2:00, Platform Override: ''
LogModuleManager: Display: Found up-to-date module file ../../../Engine/Plugins/Marketplace/Substance/Binaries/Win64/UE4Editor-SubstanceCore.dll (API version 3944462).
LogModuleManager: Display: Found up-to-date module file ../../../Engine/Plugins/Marketplace/Substance/Binaries/Win64/UE4Editor-SubstanceEditor.dll (API version 3944462).
LogModuleManager: Display: Found up-to-date module file ../../../Engine/Plugins/Marketplace/Substance/Binaries/Win64/UE4Editor-SubstanceSource.dll (API version 3944462).
LogModuleManager: Display: Found up-to-date module file ../../../Engine/Plugins/Marketplace/Substance/Binaries/Win64/UE4Editor-SubstanceLiveLink.dll (API version 3944462).
LogModuleManager: Display: Found up-to-date module file ../../../Engine/Plugins/2D/Paper2D/Binaries/Win64/UE4Editor-Paper2D.dll (API version 3944462).
LogModuleManager: Display: Found up-to-date module file ../../../Engine/Plugins/2D/Paper2D/Binaries/Win64/UE4Editor-Paper2DEditor.dll (API version 3944462).
LogModuleManager: Display: Found up-to-date module file ../../../Engine/Plugins/2D/Paper2D/Binaries/Win64/UE4Editor-PaperSpriteSheetImporter.dll (API version 3944462).
LogModuleManager: Display: Found up-to-date module file ../../../Engine/Plugins/2D/Paper2D/Binaries/Win64/UE4Editor-PaperTiledImporter.dll (API version 3944462).
LogModuleManager: Display: Found up-to-date module file ../../../Engine/Plugins/2D/Paper2D/Binaries/Win64/UE4Editor-SmartSnapping.dll (API version 3944462).
LogModuleManager: Display: Found up-to-date module file ../../../Engine/Plugins/Blendables/LightPropagationVolume/Binaries/Win64/UE4Editor-LightPropagationVolumeRuntime.dll (API version 3944462).
LogModuleManager: Display: Found up-to-date module file ../../../Engine/Plugins/Blendables/LightPropagationVolume/Binaries/Win64/UE4Editor-LightPropagationVolumeEditor.dll (API version 3944462).
LogModuleManager: Display: Found up-to-date module file ../../../Engine/Plugins/Developer/CLionSourceCodeAccess/Binaries/Win64/UE4Editor-CLionSourceCodeAccess.dll (API version 3944462).
LogModuleManager: Display: Found up-to-date module file ../../../Engine/Plugins/Developer/GitSourceControl/Binaries/Win64/UE4Editor-GitSourceControl.dll (API version 3944462).
LogModuleManager: Display: Found up-to-date module file ../../../Engine/Plugins/Developer/PerforceSourceControl/Binaries/Win64/UE4Editor-PerforceSourceControl.dll (API version 3944462).
LogModuleManager: Display: Found up-to-date module file ../../../Engine/Plugins/Developer/SubversionSourceControl/Binaries/Win64/UE4Editor-SubversionSourceControl.dll (API version 3944462).
LogModuleManager: Display: Found up-to-date module file ../../../Engine/Plugins/Developer/UObjectPlugin/Binaries/Win64/UE4Editor-UObjectPlugin.dll (API version 3944462).
LogModuleManager: Display: Found up-to-date module file ../../../Engine/Plugins/Developer/VisualStudioCodeSourceCodeAccess/Binaries/Win64/UE4Editor-VisualStudioCodeSourceCodeAccess.dll (API version 3944462).
LogModuleManager: Display: Found up-to-date module file ../../../Engine/Plugins/Developer/VisualStudioSourceCodeAccess/Binaries/Win64/UE4Editor-VisualStudioSourceCodeAccess.dll (API version 3944462).
LogModuleManager: Display: Found up-to-date module file ../../../Engine/Plugins/Editor/AssetManagerEditor/Binaries/Win64/UE4Editor-AssetManagerEditor.dll (API version 3944462).
LogModuleManager: Display: Found up-to-date module file ../../../Engine/Plugins/Editor/CryptoKeys/Binaries/Win64/UE4Editor-CryptoKeys.dll (API version 3944462).
LogModuleManager: Display: Found up-to-date module file ../../../Engine/Plugins/Editor/CryptoKeys/Binaries/Win64/UE4Editor-CryptoKeysOpenSSL.dll (API version 3944462).
LogModuleManager: Display: Found up-to-date module file ../../../Engine/Plugins/Editor/DataValidation/Binaries/Win64/UE4Editor-DataValidation.dll (API version 3944462).
LogModuleManager: Display: Found up-to-date module file ../../../Engine/Plugins/Editor/FacialAnimation/Binaries/Win64/UE4Editor-FacialAnimation.dll (API version 3944462).
LogModuleManager: Display: Found up-to-date module file ../../../Engine/Plugins/Editor/FacialAnimation/Binaries/Win64/UE4Editor-FacialAnimationEditor.dll (API version 3944462).
LogModuleManager: Display: Found up-to-date module file ../../../Engine/Plugins/Editor/GameplayTagsEditor/Binaries/Win64/UE4Editor-GameplayTagsEditor.dll (API version 3944462).
LogModuleManager: Display: Found up-to-date module file ../../../Engine/Plugins/Editor/MobileLauncherProfileWizard/Binaries/Win64/UE4Editor-MobileLauncherProfileWizard.dll (API version 3944462).
LogModuleManager: Display: Found up-to-date module file ../../../Engine/Plugins/Editor/PluginBrowser/Binaries/Win64/UE4Editor-PluginBrowser.dll (API version 3944462).
LogModuleManager: Display: Found up-to-date module file ../../../Engine/Plugins/Editor/SpeedTreeImporter/Binaries/Win64/UE4Editor-SpeedTreeImporter.dll (API version 3944462).
LogModuleManager: Display: Found up-to-date module file ../../../Engine/Plugins/Enterprise/DatasmithContent/Binaries/Win64/UE4Editor-DatasmithContent.dll (API version 3944462).
LogModuleManager: Display: Found up-to-date module file ../../../Engine/Plugins/Experimental/AlembicImporter/Binaries/Win64/UE4Editor-AlembicImporter.dll (API version 3944462).
LogModuleManager: Display: Found up-to-date module file ../../../Engine/Plugins/Experimental/AlembicImporter/Binaries/Win64/UE4Editor-AlembicLibrary.dll (API version 3944462).
LogModuleManager: Display: Found up-to-date module file ../../../Engine/Plugins/Experimental/CharacterAI/Binaries/Win64/UE4Editor-CharacterAI.dll (API version 3944462).
LogModuleManager: Display: Found up-to-date module file ../../../Engine/Plugins/Experimental/HTML5Networking/Binaries/Win64/UE4Editor-HTML5Networking.dll (API version 3944462).
LogModuleManager: Display: Found up-to-date module file ../../../Engine/Plugins/Media/AndroidMedia/Binaries/Win64/UE4Editor-AndroidMediaEditor.dll (API version 3944462).
LogModuleManager: Display: Found up-to-date module file ../../../Engine/Plugins/Media/AndroidMedia/Binaries/Win64/UE4Editor-AndroidMediaFactory.dll (API version 3944462).
LogModuleManager: Display: Found up-to-date module file ../../../Engine/Plugins/Media/AvfMedia/Binaries/Win64/UE4Editor-AvfMediaEditor.dll (API version 3944462).
LogModuleManager: Display: Found up-to-date module file ../../../Engine/Plugins/Media/AvfMedia/Binaries/Win64/UE4Editor-AvfMediaFactory.dll (API version 3944462).
LogModuleManager: Display: Found up-to-date module file ../../../Engine/Plugins/Media/AvfMedia/Binaries/Win64/UE4Editor-AvfMediaFactory.dll (API version 3944462).
LogModuleManager: Display: Found up-to-date module file ../../../Engine/Plugins/Media/ImgMedia/Binaries/Win64/UE4Editor-ImgMedia.dll (API version 3944462).
LogModuleManager: Display: Found up-to-date module file ../../../Engine/Plugins/Media/ImgMedia/Binaries/Win64/UE4Editor-ImgMediaEditor.dll (API version 3944462).
LogModuleManager: Display: Found up-to-date module file ../../../Engine/Plugins/Media/ImgMedia/Binaries/Win64/UE4Editor-ImgMediaFactory.dll (API version 3944462).
LogModuleManager: Display: Found up-to-date module file ../../../Engine/Plugins/Media/ImgMedia/Binaries/Win64/UE4Editor-ImgMediaFactory.dll (API version 3944462).
LogModuleManager: Display: Found up-to-date module file ../../../Engine/Plugins/Media/ImgMedia/Binaries/Win64/UE4Editor-OpenExrWrapper.dll (API version 3944462).
LogModuleManager: Display: Found up-to-date module file ../../../Engine/Plugins/Media/LinearTimecode/Binaries/Win64/UE4Editor-LinearTimecode.dll (API version 3944462).
LogModuleManager: Display: Found up-to-date module file ../../../Engine/Plugins/Media/MediaCompositing/Binaries/Win64/UE4Editor-MediaCompositing.dll (API version 3944462).
LogModuleManager: Display: Found up-to-date module file ../../../Engine/Plugins/Media/MediaCompositing/Binaries/Win64/UE4Editor-MediaCompositingEditor.dll (API version 3944462).
LogModuleManager: Display: Found up-to-date module file ../../../Engine/Plugins/Media/MediaPlayerEditor/Binaries/Win64/UE4Editor-MediaPlayerEditor.dll (API version 3944462).
LogModuleManager: Display: Found up-to-date module file ../../../Engine/Plugins/Media/WmfMedia/Binaries/Win64/UE4Editor-WmfMedia.dll (API version 3944462).
LogModuleManager: Display: Found up-to-date module file ../../../Engine/Plugins/Media/WmfMedia/Binaries/Win64/UE4Editor-WmfMediaEditor.dll (API version 3944462).
LogModuleManager: Display: Found up-to-date module file ../../../Engine/Plugins/Media/WmfMedia/Binaries/Win64/UE4Editor-WmfMediaFactory.dll (API version 3944462).
LogModuleManager: Display: Found up-to-date module file ../../../Engine/Plugins/Media/WmfMedia/Binaries/Win64/UE4Editor-WmfMediaFactory.dll (API version 3944462).
LogModuleManager: Display: Found up-to-date module file ../../../Engine/Plugins/Messaging/TcpMessaging/Binaries/Win64/UE4Editor-TcpMessaging.dll (API version 3944462).
LogModuleManager: Display: Found up-to-date module file ../../../Engine/Plugins/Messaging/UdpMessaging/Binaries/Win64/UE4Editor-UdpMessaging.dll (API version 3944462).
LogModuleManager: Display: Found up-to-date module file ../../../Engine/Plugins/MovieScene/ActorSequence/Binaries/Win64/UE4Editor-ActorSequence.dll (API version 3944462).
LogModuleManager: Display: Found up-to-date module file ../../../Engine/Plugins/MovieScene/LevelSequenceEditor/Binaries/Win64/UE4Editor-LevelSequenceEditor.dll (API version 3944462).
LogModuleManager: Display: Found up-to-date module file ../../../Engine/Plugins/MovieScene/MatineeToLevelSequence/Binaries/Win64/UE4Editor-MatineeToLevelSequence.dll (API version 3944462).
LogModuleManager: Display: Found up-to-date module file ../../../Engine/Plugins/NetcodeUnitTest/NetcodeUnitTest/Binaries/Win64/UE4Editor-NetcodeUnitTest.dll (API version 3944462).
LogModuleManager: Display: Found up-to-date module file ../../../Engine/Plugins/NetcodeUnitTest/NUTUnrealEngine4/Binaries/Win64/UE4Editor-NUTUnrealEngine4.dll (API version 3944462).
LogModuleManager: Display: Found up-to-date module file ../../../Engine/Plugins/Online/OnlineSubsystem/Binaries/Win64/UE4Editor-OnlineSubsystem.dll (API version 3944462).
LogModuleManager: Display: Found up-to-date module file ../../../Engine/Plugins/Runtime/AndroidPermission/Binaries/Win64/UE4Editor-AndroidPermission.dll (API version 3944462).
LogModuleManager: Display: Found up-to-date module file ../../../Engine/Plugins/Online/OnlineSubsystemNull/Binaries/Win64/UE4Editor-OnlineSubsystemNull.dll (API version 3944462).
LogModuleManager: Display: Found up-to-date module file ../../../Engine/Plugins/Online/OnlineSubsystemUtils/Binaries/Win64/UE4Editor-OnlineSubsystemUtils.dll (API version 3944462).
LogModuleManager: Display: Found up-to-date module file ../../../Engine/Plugins/Online/OnlineSubsystemUtils/Binaries/Win64/UE4Editor-OnlineBlueprintSupport.dll (API version 3944462).
LogModuleManager: Display: Found up-to-date module file ../../../Engine/Plugins/Runtime/AndroidDeviceProfileSelector/Binaries/Win64/UE4Editor-AndroidDeviceProfileSelector.dll (API version 3944462).
LogModuleManager: Display: Found up-to-date module file ../../../Engine/Plugins/Runtime/AppleARKit/Binaries/Win64/UE4Editor-AppleARKit.dll (API version 3944462).
LogModuleManager: Display: Found up-to-date module file ../../../Engine/Plugins/Runtime/ProceduralMeshComponent/Binaries/Win64/UE4Editor-ProceduralMeshComponent.dll (API version 3944462).
LogModuleManager: Display: Found up-to-date module file ../../../Engine/Plugins/Runtime/ProceduralMeshComponent/Binaries/Win64/UE4Editor-ProceduralMeshComponentEditor.dll (API version 3944462).
LogModuleManager: Display: Found up-to-date module file ../../../Engine/Plugins/Animation/LiveLink/Binaries/Win64/UE4Editor-LiveLink.dll (API version 3944462).
LogModuleManager: Display: Found up-to-date module file ../../../Engine/Plugins/Animation/LiveLink/Binaries/Win64/UE4Editor-LiveLinkEditor.dll (API version 3944462).
LogModuleManager: Display: Found up-to-date module file ../../../Engine/Plugins/Runtime/ArchVisCharacter/Binaries/Win64/UE4Editor-ArchVisCharacter.dll (API version 3944462).
LogModuleManager: Display: Found up-to-date module file ../../../Engine/Plugins/Runtime/AudioCapture/Binaries/Win64/UE4Editor-AudioCapture.dll (API version 3944462).
LogModuleManager: Display: Found up-to-date module file ../../../Engine/Plugins/Runtime/AudioCapture/Binaries/Win64/UE4Editor-AudioCaptureEditor.dll (API version 3944462).
LogModuleManager: Display: Found up-to-date module file ../../../Engine/Plugins/Runtime/CableComponent/Binaries/Win64/UE4Editor-CableComponent.dll (API version 3944462).
LogModuleManager: Display: Found up-to-date module file ../../../Engine/Plugins/Runtime/CustomMeshComponent/Binaries/Win64/UE4Editor-CustomMeshComponent.dll (API version 3944462).
LogModuleManager: Display: Found up-to-date module file ../../../Engine/Plugins/Runtime/ExampleDeviceProfileSelector/Binaries/Win64/UE4Editor-ExampleDeviceProfileSelector.dll (API version 3944462).
LogModuleManager: Display: Found up-to-date module file ../../../Engine/Plugins/Runtime/ImmediatePhysics/Binaries/Win64/UE4Editor-ImmediatePhysics.dll (API version 3944462).
LogModuleManager: Display: Found up-to-date module file ../../../Engine/Plugins/Runtime/ImmediatePhysics/Binaries/Win64/UE4Editor-ImmediatePhysicsEditor.dll (API version 3944462).
LogModuleManager: Display: Found up-to-date module file ../../../Engine/Plugins/Runtime/LocationServicesBPLibrary/Binaries/Win64/UE4Editor-LocationServicesBPLibrary.dll (API version 3944462).
LogModuleManager: Display: Found up-to-date module file ../../../Engine/Plugins/Runtime/MobilePatchingUtils/Binaries/Win64/UE4Editor-MobilePatchingUtils.dll (API version 3944462).
LogModuleManager: Display: Found up-to-date module file ../../../Engine/Plugins/Runtime/Oculus/OculusVR/Binaries/Win64/UE4Editor-OculusHMD.dll (API version 3944462).
LogModuleManager: Display: Found up-to-date module file ../../../Engine/Plugins/Runtime/Oculus/OculusVR/Binaries/Win64/UE4Editor-OculusInput.dll (API version 3944462).
LogModuleManager: Display: Found up-to-date module file ../../../Engine/Plugins/Runtime/Oculus/OculusVR/Binaries/Win64/UE4Editor-OculusEditor.dll (API version 3944462).
LogModuleManager: Display: Found up-to-date module file ../../../Engine/Plugins/Runtime/PhysXVehicles/Binaries/Win64/UE4Editor-PhysXVehicles.dll (API version 3944462).
LogModuleManager: Display: Found up-to-date module file ../../../Engine/Plugins/Runtime/PhysXVehicles/Binaries/Win64/UE4Editor-PhysXVehiclesEditor.dll (API version 3944462).
LogModuleManager: Display: Found up-to-date module file ../../../Engine/Plugins/Runtime/RuntimePhysXCooking/Binaries/Win64/UE4Editor-RuntimePhysXCooking.dll (API version 3944462).
LogModuleManager: Display: Found up-to-date module file ../../../Engine/Plugins/Runtime/Steam/SteamVR/Binaries/Win64/UE4Editor-SteamVR.dll (API version 3944462).
LogModuleManager: Display: Found up-to-date module file ../../../Engine/Plugins/Runtime/Steam/SteamVR/Binaries/Win64/UE4Editor-SteamVRController.dll (API version 3944462).
LogModuleManager: Display: Found up-to-date module file ../../../Engine/Plugins/Runtime/WindowsMoviePlayer/Binaries/Win64/UE4Editor-WindowsMoviePlayer.dll (API version 3944462).
LogPluginManager: Mounting plugin Paper2D
LogPluginManager: Mounting plugin LiveLink
LogPluginManager: Mounting plugin LightPropagationVolume
LogPluginManager: Mounting plugin CLionSourceCodeAccess
LogPluginManager: Mounting plugin CodeLiteSourceCodeAccess
LogPluginManager: Mounting plugin GitSourceControl
LogPluginManager: Mounting plugin KDevelopSourceCodeAccess
LogPluginManager: Mounting plugin NullSourceCodeAccess
LogPluginManager: Mounting plugin PerforceSourceControl
LogPluginManager: Mounting plugin SubversionSourceControl
LogPluginManager: Mounting plugin UObjectPlugin
LogPluginManager: Mounting plugin VisualStudioCodeSourceCodeAccess
LogPluginManager: Mounting plugin VisualStudioSourceCodeAccess
LogPluginManager: Mounting plugin XCodeSourceCodeAccess
LogPluginManager: Mounting plugin AssetManagerEditor
LogPluginManager: Mounting plugin CryptoKeys
LogPluginManager: Mounting plugin DataValidation
LogPluginManager: Mounting plugin FacialAnimation
LogPluginManager: Mounting plugin GameplayTagsEditor
LogPluginManager: Mounting plugin MobileLauncherProfileWizard
LogPluginManager: Mounting plugin PluginBrowser
LogPluginManager: Mounting plugin SpeedTreeImporter
LogPluginManager: Mounting plugin DatasmithContent
LogPluginManager: Mounting plugin AlembicImporter
LogPluginManager: Mounting plugin CharacterAI
LogPluginManager: Mounting plugin HTML5Networking
LogPluginManager: Mounting plugin Substance
LogPluginManager: Mounting plugin AndroidMedia
LogPluginManager: Mounting plugin AvfMedia
LogPluginManager: Mounting plugin ImgMedia
LogPluginManager: Mounting plugin LinearTimecode
LogPluginManager: Mounting plugin MediaCompositing
LogPluginManager: Mounting plugin MediaPlayerEditor
LogPluginManager: Mounting plugin WmfMedia
LogPluginManager: Mounting plugin TcpMessaging
LogPluginManager: Mounting plugin UdpMessaging
LogPluginManager: Mounting plugin ActorSequence
LogPluginManager: Mounting plugin LevelSequenceEditor
LogPluginManager: Mounting plugin MatineeToLevelSequence
LogPluginManager: Mounting plugin NetcodeUnitTest
LogPluginManager: Mounting plugin NUTUnrealEngine4
LogPluginManager: Mounting plugin OnlineSubsystemGooglePlay
LogPluginManager: Mounting plugin OnlineSubsystemIOS
LogPluginManager: Mounting plugin OnlineSubsystem
LogPluginManager: Mounting plugin OnlineSubsystemNull
LogPluginManager: Mounting plugin OnlineSubsystemUtils
LogPluginManager: Mounting plugin AndroidDeviceProfileSelector
LogPluginManager: Mounting plugin AndroidMoviePlayer
LogPluginManager: Mounting plugin AndroidPermission
LogPluginManager: Mounting plugin AppleARKit
LogPluginManager: Mounting plugin AppleMoviePlayer
LogPluginManager: Mounting plugin ArchVisCharacter
LogPluginManager: Mounting plugin AudioCapture
LogPluginManager: Mounting plugin CableComponent
LogPluginManager: Mounting plugin CustomMeshComponent
LogPluginManager: Mounting plugin ExampleDeviceProfileSelector
LogPluginManager: Mounting plugin GoogleCloudMessaging
LogPluginManager: Mounting plugin ImmediatePhysics
LogPluginManager: Mounting plugin IOSDeviceProfileSelector
LogPluginManager: Mounting plugin LinuxDeviceProfileSelector
LogPluginManager: Mounting plugin LocationServicesBPLibrary
LogPluginManager: Mounting plugin MobilePatchingUtils
LogPluginManager: Mounting plugin OculusVR
LogPluginManager: Plugin shader directory ../../../Engine/Plugins/Runtime/Oculus/OculusVR/Shaders found
LogPluginManager: Mapping shader source directory ../../../Engine/Plugins/Runtime/Oculus/OculusVR/Shaders to virtual directory /Plugin/OculusVR
LogPluginManager: Mounting plugin PhysXVehicles
LogPluginManager: Mounting plugin ProceduralMeshComponent
LogPluginManager: Mounting plugin RuntimePhysXCooking
LogPluginManager: Mounting plugin SteamVR
LogPluginManager: Mounting plugin WindowsMoviePlayer
LogStreaming: Display: Took  1.617s to configure plugins.
LogInit: Using libcurl 7.47.1
LogInit:  - built for x86_64-pc-win32
LogInit:  - supports SSL with OpenSSL/1.0.2g
LogInit:  - supports HTTP deflate (compression) using libz 1.2.8
LogInit:  - other features:
LogInit:      CURL_VERSION_SSL
LogInit:      CURL_VERSION_LIBZ
LogInit:      CURL_VERSION_IPV6
LogInit:      CURL_VERSION_ASYNCHDNS
LogInit:      CURL_VERSION_LARGEFILE
LogInit:      CURL_VERSION_IDN
LogInit:  CurlRequestOptions (configurable via config and command line):
LogInit:  - bVerifyPeer = false  - Libcurl will NOT verify peer certificate
LogInit:  - bUseHttpProxy = false  - Libcurl will NOT use HTTP proxy
LogInit:  - bDontReuseConnections = false  - Libcurl will reuse connections
LogInit:  - CertBundlePath = nullptr  - Libcurl will use whatever was configured at build time.
LogInit:  - MaxHostConnections = 16  - Libcurl will limit the number of connections to a host
LogInit:  - LocalHostAddr = Default
LogInit: WinSock: version 1.1 (2.2), MaxSocks=32767, MaxUdp=65467
LogInit: WinSock: I am DESKTOP-KQUM2EF (192.168.1.103:0)
LogInit: Build: ++UE4+Release-4.19-CL-4033788
LogInit: Engine Version: 4.19.2-4033788+++UE4+Release-4.19
LogInit: Compatible Engine Version: 4.19.0-3944462+++UE4+Release-4.19
LogInit: Net CL: 3944462
LogDevObjectVersion: Number of dev versions registered: 18
LogDevObjectVersion:   Dev-Blueprints (B0D832E4-1F89-4F0D-ACCF-7EB736FD4AA2): 10
LogDevObjectVersion:   Dev-Build (E1C64328-A22C-4D53-A36C-8E866417BD8C): 0
LogDevObjectVersion:   Dev-Core (375EC13C-06E4-48FB-B500-84F0262A717E): 2
LogDevObjectVersion:   Dev-Editor (E4B068ED-F494-42E9-A231-DA0B2E46BB41): 23
LogDevObjectVersion:   Dev-Framework (CFFC743F-43B0-4480-9391-14DF171D2073): 33
LogDevObjectVersion:   Dev-Mobile (B02B49B5-BB20-44E9-A304-32B752E40360): 2
LogDevObjectVersion:   Dev-Networking (A4E4105C-59A1-49B5-A7C5-40C4547EDFEE): 0
LogDevObjectVersion:   Dev-Online (39C831C9-5AE6-47DC-9A44-9C173E1C8E7C): 0
LogDevObjectVersion:   Dev-Physics (78F01B33-EBEA-4F98-B9B4-84EACCB95AA2): 0
LogDevObjectVersion:   Dev-Platform (6631380F-2D4D-43E0-8009-CF276956A95A): 0
LogDevObjectVersion:   Dev-Rendering (12F88B9F-8875-4AFC-A67C-D90C383ABD29): 25
LogDevObjectVersion:   Dev-Sequencer (7B5AE74C-D270-4C10-A958-57980B212A5A): 6
LogDevObjectVersion:   Dev-VR (D7296918-1DD6-4BDD-9DE2-64A83CC13884): 1
LogDevObjectVersion:   Dev-LoadTimes (C2A15278-BFE7-4AFE-6C17-90FF531DF755): 1
LogDevObjectVersion:   Private-Geometry (6EACA3D4-40EC-4CC1-B786-8BED09428FC5): 2
LogDevObjectVersion:   Dev-AnimPhys (29E575DD-E0A3-4627-9D10-D276232CDCEA): 16
LogDevObjectVersion:   Dev-ReflectionCapture (6B266CEC-1EC7-4B8F-A30B-E4D90942FC07): 1
LogDevObjectVersion:   Dev-Automation (0DF73D61-A23F-47EA-B727-89E90C41499A): 1
LogInit: Compiled (64-bit): Apr 27 2018 02:06:57
LogInit: Compiled with Visual C++: 19.00.24215.01
LogInit: Build Configuration: Development
LogInit: Branch Name: ++UE4+Release-4.19
LogInit: Command Line:  /Game/map/Maps/Tech_demo -game -PIEVIACONSOLE -ResX=1280 -ResY=720  -Multiprocess -messaging -SessionName="Play in Standalone Game" -windowed 
LogInit: Base Directory: C:/Program Files/Epic Games/UE_4.19/Engine/Binaries/Win64/
LogInit: Installed Engine Build: 1
LogStreaming: Display: Took  0.006s to delete old logs.
LogInit: Presizing for max 8388607 objects, including 0 objects not considered by GC, pre-allocating 0 bytes for permanent pool.
LogInit: Object subsystem initialized
[2018.08.19-17.24.24:701][  0]LogInit: Selected Device Profile: [Windows]
[2018.08.19-17.24.24:701][  0]LogInit: Applying CVar settings loaded from the selected device profile: [Windows]
[2018.08.19-17.24.24:707][  0]LogInit: Computer: DESKTOP-KQUM2EF
[2018.08.19-17.24.24:707][  0]LogInit: User: Mahir
[2018.08.19-17.24.24:707][  0]LogInit: CPU Page size=4096, Cores=4
[2018.08.19-17.24.24:707][  0]LogInit: High frequency timer resolution =2.742186 MHz
[2018.08.19-17.24.24:707][  0]LogMemory: Memory total: Physical=16.0GB (16GB approx)
[2018.08.19-17.24.24:707][  0]LogMemory: Platform Memory Stats for Windows
[2018.08.19-17.24.24:707][  0]LogMemory: Process Physical Memory: 275.93 MB used, 275.93 MB peak
[2018.08.19-17.24.24:707][  0]LogMemory: Process Virtual Memory: 276.72 MB used, 276.72 MB peak
[2018.08.19-17.24.24:707][  0]LogMemory: Physical Memory: 7987.89 MB used,  8354.48 MB free, 16342.36 MB total
[2018.08.19-17.24.24:707][  0]LogMemory: Virtual Memory: 4807.34 MB used,  8354.48 MB free, 134217728.00 MB total
[2018.08.19-17.24.24:740][  0]LogInit: Using OS detected language (tr-TR).
[2018.08.19-17.24.24:740][  0]LogInit: Using OS detected locale (tr-TR).
[2018.08.19-17.24.24:740][  0]LogTextLocalizationManager: No localization for 'tr-TR' exists, so 'en' will be used for the language.
[2018.08.19-17.24.24:740][  0]LogTextLocalizationManager: No localization for 'tr-TR' exists, so 'en' will be used for the locale.
[2018.08.19-17.24.25:168][  0]LogStreaming: Display: Took  0.428s to EndInitTextLocalization.
[2018.08.19-17.24.25:204][  0]LogSlate: New Slate User Created.  User Index 0, Is Virtual User: 0
[2018.08.19-17.24.25:204][  0]LogSlate: Slate User Registered.  User Index 0, Is Virtual User: 0
[2018.08.19-17.24.25:217][  0]LogD3D11RHI: D3D11 adapters:
[2018.08.19-17.24.25:313][  0]LogD3D11RHI:    0. 'NVIDIA GeForce GTX 1070' (Feature Level 11_0)
[2018.08.19-17.24.25:313][  0]LogD3D11RHI:       8081/0/8171 MB DedicatedVideo/DedicatedSystem/SharedSystem, Outputs:2, VendorId:0x10de
[2018.08.19-17.24.25:317][  0]LogD3D11RHI:    1. 'Microsoft Basic Render Driver' (Feature Level 11_0)
[2018.08.19-17.24.25:317][  0]LogD3D11RHI:       0/0/8171 MB DedicatedVideo/DedicatedSystem/SharedSystem, Outputs:0, VendorId:0x1414
[2018.08.19-17.24.25:317][  0]LogD3D11RHI: Chosen D3D11 Adapter: 0
[2018.08.19-17.24.25:328][  0]LogD3D11RHI: Creating new Direct3DDevice
[2018.08.19-17.24.25:328][  0]LogD3D11RHI:     GPU DeviceId: 0x1be1 (for the marketing name, search the web for "GPU Device Id")
[2018.08.19-17.24.25:328][  0]LogWindows: EnumDisplayDevices:
[2018.08.19-17.24.25:328][  0]LogWindows:    0. 'NVIDIA GeForce GTX 1070' (P:1 D:1)
[2018.08.19-17.24.25:328][  0]LogWindows:    1. 'NVIDIA GeForce GTX 1070' (P:0 D:1)
[2018.08.19-17.24.25:329][  0]LogWindows:    2. 'NVIDIA GeForce GTX 1070' (P:0 D:0)
[2018.08.19-17.24.25:329][  0]LogWindows:    3. 'NVIDIA GeForce GTX 1070' (P:0 D:0)
[2018.08.19-17.24.25:329][  0]LogWindows: DebugString: GetVideoDriverDetailsInvalid PrimaryIsNotTheChoosenAdapter GetVideoDriverDetailsInvalid PrimaryIsNotTheChoosenAdapter GetVideoDriverDetailsInvalid PrimaryIsNotTheChoosenAdapter GetVideoDriverDetailsInvalid PrimaryIsNotTheChoosenAdapter FoundDriverCount:0 
[2018.08.19-17.24.25:329][  0]LogD3D11RHI:     Adapter Name: NVIDIA GeForce GTX 1070
[2018.08.19-17.24.25:329][  0]LogD3D11RHI:   Driver Version: Unknown (internal:Unknown, unified:Unknown)
[2018.08.19-17.24.25:329][  0]LogD3D11RHI:      Driver Date: Unknown
[2018.08.19-17.24.25:329][  0]LogRHI: Texture pool is 5656 MB (70% of 8081 MB)
[2018.08.19-17.24.25:382][  0]LogD3D11RHI: [Aftermath] Aftermath enabled and primed
[2018.08.19-17.24.25:382][  0]LogD3D11RHI: [Aftermath] Aftermath enabled and primed
[2018.08.19-17.24.25:382][  0]LogD3D11RHI: Async texture creation enabled
[2018.08.19-17.24.25:425][  0]LogD3D11RHI: GPU Timing Frequency: 1000.000000 (Debug: 2 2)
[2018.08.19-17.24.25:522][  0]LogShaderCompilers: Guid format shader working directory is -13 characters bigger than the processId version (../../../../../../Users/Mahir/Documents/GitHub/VogsAmIFree/Intermediate/Shaders/WorkingDirectory/15928/).
[2018.08.19-17.24.25:522][  0]LogShaderCompilers: Cleaned the shader compiler working directory 'C:/Users/Mahir/AppData/Local/Temp/UnrealShaderWorkingDir/F7A4B84E4D6DDF2ACC4820BC4A739375/'.
[2018.08.19-17.24.25:812][  0]LogTemp: Display: Loaded TP WindowsClientTargetPlatform
[2018.08.19-17.24.25:828][  0]LogTemp: Display: Loaded TP WindowsNoEditorTargetPlatform
[2018.08.19-17.24.25:844][  0]LogTemp: Display: Loaded TP WindowsServerTargetPlatform
[2018.08.19-17.24.25:861][  0]LogTemp: Display: Loaded TP WindowsTargetPlatform
[2018.08.19-17.24.25:861][  0]LogTargetPlatformManager: Display: Building Assets For Windows
[2018.08.19-17.24.26:082][  0]LogXGEController: Cannot use XGE Controller as Incredibuild is not installed on this machine.
[2018.08.19-17.24.26:082][  0]LogShaderCompilers: Cannot use XGE Shader Compiler as Incredibuild is not installed on this machine.
[2018.08.19-17.24.26:082][  0]LogShaderCompilers: Display: Using Local Shader Compiler.
[2018.08.19-17.24.26:971][  0]LogDerivedDataCache: Display: Max Cache Size: 512 MB
[2018.08.19-17.24.27:056][  0]LogDerivedDataCache: Loaded boot cache 0.08s 74MB C:/Users/Mahir/AppData/Local/UnrealEngine/4.19/DerivedDataCache/Boot.ddc.
[2018.08.19-17.24.27:056][  0]LogDerivedDataCache: Display: Loaded Boot cache: C:/Users/Mahir/AppData/Local/UnrealEngine/4.19/DerivedDataCache/Boot.ddc
[2018.08.19-17.24.27:056][  0]LogDerivedDataCache: FDerivedDataBackendGraph:  Pak pak cache file ../../../../../../Users/Mahir/Documents/GitHub/VogsAmIFree/DerivedDataCache/DDC.ddp not found, will not use a pak cache.
[2018.08.19-17.24.27:056][  0]LogDerivedDataCache: Unable to find inner node Pak for hierarchical cache Hierarchy.
[2018.08.19-17.24.27:056][  0]LogDerivedDataCache: FDerivedDataBackendGraph:  CompressedPak pak cache file ../../../../../../Users/Mahir/Documents/GitHub/VogsAmIFree/DerivedDataCache/Compressed.ddp not found, will not use a pak cache.
[2018.08.19-17.24.27:056][  0]LogDerivedDataCache: Unable to find inner node CompressedPak for hierarchical cache Hierarchy.
[2018.08.19-17.24.27:074][  0]LogDerivedDataCache: Display: Pak cache opened for reading ../../../Engine/DerivedDataCache/Compressed.ddp.
[2018.08.19-17.24.27:088][  0]LogDerivedDataCache: Using Local data cache path C:/Users/Mahir/AppData/Local/UnrealEngine/Common/DerivedDataCache: Writable
[2018.08.19-17.24.27:088][  0]LogDerivedDataCache: Shared data cache path not found in *engine.ini, will not use an Shared cache.
[2018.08.19-17.24.27:088][  0]LogDerivedDataCache: Unable to find inner node Shared for hierarchical cache Hierarchy.
[2018.08.19-17.24.27:101][  0]LogMaterial: Verifying Global Shaders for PCD3D_SM5
[2018.08.19-17.24.27:101][  0]LogSlate: Using Freetype 2.6.0
[2018.08.19-17.24.27:102][  0]LogSlate: SlateFontCache - WITH_FREETYPE: 1, WITH_HARFBUZZ: 1
[2018.08.19-17.24.27:102][  0]LogSlate: SlateFontCache - WITH_FREETYPE: 1, WITH_HARFBUZZ: 1
[2018.08.19-17.24.27:286][  0]LogAssetRegistry: FAssetRegistry took 0.0048 seconds to start up
[2018.08.19-17.24.27:487][  0]LogPackageLocalizationCache: Processed 9 localized package path(s) for 1 prioritized culture(s) in 0.011839 seconds
[2018.08.19-17.24.27:630][  0]LogInit: Selected Device Profile: [Windows]
[2018.08.19-17.24.27:810][  0]LogSimplygon: Simplygon DLL not present - disabling.
[2018.08.19-17.24.27:816][  0]LogMeshReduction: Using SimplygonSwarm for distributed automatic mesh merging
[2018.08.19-17.24.27:816][  0]LogMeshReduction: Using QuadricMeshReduction for automatic static mesh reduction
[2018.08.19-17.24.27:816][  0]LogMeshReduction: No automatic skeletal mesh reduction module available
[2018.08.19-17.24.27:816][  0]LogMeshReduction: No automatic mesh merging module available
[2018.08.19-17.24.27:816][  0]LogMeshMerging: No automatic mesh merging module available
[2018.08.19-17.24.27:882][  0]LogNetVersion: Am_i_Free , NetCL: 3944462, EngineNetVer: 2, GameNetVer: 0 (Checksum: 3243282978)
[2018.08.19-17.24.28:755][  0]LogMoviePlayer: Initializing movie player
[2018.08.19-17.24.29:193][  0]LogSubstanceCoreModule: Substance [CPU] Engine Loaded, Max Texture Size = 2048
[2018.08.19-17.24.29:227][  0]LogTcpMessaging: Initializing TcpMessaging bridge
[2018.08.19-17.24.29:271][  0]LogUdpMessaging: Initializing bridge on interface 0.0.0.0:0 to multicast group 230.0.0.1:6666.
[2018.08.19-17.24.29:626][  0]SourceControl: Source control is disabled
[2018.08.19-17.24.29:626][  0]SourceControl: Source control is disabled
[2018.08.19-17.24.29:657][  0]SourceControl: Source control is disabled
[2018.08.19-17.24.30:197][  0]LogAndroidPermission: UAndroidPermissionCallbackProxy::GetInstance
[2018.08.19-17.24.30:473][  0]LogOcInput: OculusInput pre-init called
[2018.08.19-17.24.30:540][  0]LogUObjectArray: 40321 objects as part of root set at end of initial load.
[2018.08.19-17.24.30:540][  0]LogUObjectAllocator: 8398208 out of 0 bytes used by permanent object pool.
[2018.08.19-17.24.30:540][  0]LogUObjectArray: CloseDisregardForGC: 0/0 objects in disregard for GC pool
[2018.08.19-17.24.30:598][  0]LogEngine: Initializing Engine...
[2018.08.19-17.24.30:600][  0]LogHMD: Failed to initialize OpenVR with code 110
[2018.08.19-17.24.30:613][  0]LogStats: UGameplayTagsManager::ConstructGameplayTagTree: Construct from data asset -  0.000 s
[2018.08.19-17.24.30:613][  0]LogStats: UGameplayTagsManager::ConstructGameplayTagTree: GameplayTagTreeChangedEvent.Broadcast -  0.000 s
[2018.08.19-17.24.30:867][  0]LogInit: XAudio2 using 'Kulaklıklar (2- SteelSeries Siberia 150)' : 2 channels at 48 kHz using 16 bits per sample (channel mask 0x3)
[2018.08.19-17.24.30:925][  0]LogInit: FAudioDevice initialized.
[2018.08.19-17.24.30:955][  0]LogInit: Texture streaming: Enabled
[2018.08.19-17.24.31:106][  0]LogInit: Display: Game Engine Initialized.
[2018.08.19-17.24.31:106][  0]LogGameplayTags: Display: UGameplayTagsManager::DoneAddingNativeTags. DelegateIsBound: 0
[2018.08.19-17.24.31:106][  0]LogStats: UGameplayTagsManager::ConstructGameplayTagTree: Construct from data asset -  0.000 s
[2018.08.19-17.24.31:106][  0]LogStats: UGameplayTagsManager::ConstructGameplayTagTree: GameplayTagTreeChangedEvent.Broadcast -  0.000 s
[2018.08.19-17.24.31:267][  0]LogInit: Display: Starting Game.
[2018.08.19-17.24.31:267][  0]LogNet: Browse: /Game/map/Maps/Tech_demo?Name=Player
[2018.08.19-17.24.31:267][  0]LogLoad: LoadMap: /Game/map/Maps/Tech_demo?Name=Player
[2018.08.19-17.24.31:287][  0]LogUObjectGlobals: Created PersistentFrame Addr=0x000001d2ab723ee0, Size=16, Default__Tech_demo_C Function /Game/map/Maps/Tech_demo.Tech_demo_C:ExecuteUbergraph_Tech_demo
[2018.08.19-17.24.31:289][  0]LogUObjectGlobals: Created PersistentFrame Addr=0x000001d2ab776f80, Size=64, Default__UI_C Function /Game/UI/widget/UI.UI_C:ExecuteUbergraph_UI
[2018.08.19-17.24.31:294][  0]LogUObjectGlobals: Created PersistentFrame Addr=0x000001d2ab7a9750, Size=112, Default__AIGuardCharacter_C Function /Game/My_Bp/AIGuard/AIGuardCharacter.AIGuardCharacter_C:ExecuteUbergraph_AIGuardCharacter
[2018.08.19-17.24.31:301][  0]LogUObjectGlobals: Created PersistentFrame Addr=0x000001d2ab776340, Size=64, Default__ThirdPerson_AnimBP_C Function /Game/Mannequin/Animations/ThirdPerson_AnimBP.ThirdPerson_AnimBP_C:ExecuteUbergraph_ThirdPerson_AnimBP
[2018.08.19-17.24.31:343][  0]LogUObjectGlobals: Created PersistentFrame Addr=0x000001d2ab2ebc80, Size=880, Default__ThirdPersonCharacter_C Function /Game/ThirdPersonBP/Blueprints/ThirdPersonCharacter.ThirdPersonCharacter_C:ExecuteUbergraph_ThirdPersonCharacter
[2018.08.19-17.24.31:345][  0]LogUObjectGlobals: Created PersistentFrame Addr=0x000001d2ab822520, Size=32, Default__BP_Hidable_Ceiling_Master_C Function /Game/My_Bp/hide_master/BP_Hidable_Ceiling_Master.BP_Hidable_Ceiling_Master_C:ExecuteUbergraph_BP_Hidable_Ceiling_Master
[2018.08.19-17.24.31:355][  0]LogUObjectGlobals: Created PersistentFrame Addr=0x000001d2ab2cee60, Size=32, Default__BP_Hidable_Master_C Function /Game/My_Bp/hide_master/BP_Hidable_Master.BP_Hidable_Master_C:ExecuteUbergraph_BP_Hidable_Master
[2018.08.19-17.24.31:363][  0]LogUObjectGlobals: Created PersistentFrame Addr=0x000001d2ab2d4590, Size=72, Default__ThirdPerson_AnimBP_C Function /Game/ThirdPerson_AnimBP.ThirdPerson_AnimBP_C:ExecuteUbergraph_ThirdPerson_AnimBP
[2018.08.19-17.24.31:391][  0]LogUObjectGlobals: Created PersistentFrame Addr=0x000001d2ab7e11a0, Size=112, Default__AIGuardController_C Function /Game/My_Bp/AIGuard/AIGuardController.AIGuardController_C:ExecuteUbergraph_AIGuardController
[2018.08.19-17.24.31:395][  0]LogUObjectGlobals: Created PersistentFrame Addr=0x000001d2ab7ec780, Size=120, Default__BTService_DistanceToObject_C Function /Game/My_Bp/AIGuard/BTService_DistanceToObject.BTService_DistanceToObject_C:ExecuteUbergraph_BTService_DistanceToObject
[2018.08.19-17.24.31:399][  0]LogUObjectGlobals: Created PersistentFrame Addr=0x000001d2ab0b2e40, Size=32, Default__BTTask_BB_DoAttack_C Function /Game/My_Bp/AIGuard/BTTask_BB_DoAttack.BTTask_BB_DoAttack_C:ExecuteUbergraph_BTTask_BB_DoAttack
[2018.08.19-17.24.31:402][  0]LogUObjectGlobals: Created PersistentFrame Addr=0x000001d2a9cfdf20, Size=16, Default__BTTask_Set_BB_Actor_C Function /Game/My_Bp/AIGuard/BTTask_Set_BB_Actor.BTTask_Set_BB_Actor_C:ExecuteUbergraph_BTTask_Set_BB_Actor
[2018.08.19-17.24.31:404][  0]LogUObjectGlobals: Created PersistentFrame Addr=0x000001d2a9cfe140, Size=16, Default__BTTask_SetBB_Bool_C Function /Game/My_Bp/AIGuard/BTTask_SetBB_Bool.BTTask_SetBB_Bool_C:ExecuteUbergraph_BTTask_SetBB_Bool
[2018.08.19-17.24.31:416][  0]LogUObjectGlobals: Created PersistentFrame Addr=0x000001d2ab0d9580, Size=304, Default__door_C Function /Game/My_Bp/door/door.door_C:ExecuteUbergraph_door
[2018.08.19-17.24.31:429][  0]LogUObjectGlobals: Created PersistentFrame Addr=0x000001d2ab003600, Size=304, Default__lever_door_C Function /Game/My_Bp/door/lever_door.lever_door_C:ExecuteUbergraph_lever_door
[2018.08.19-17.24.31:444][  0]LogUObjectGlobals: Created PersistentFrame Addr=0x000001d2ae5665c0, Size=148, Default__Dec_Things_Light_1_C Function /Game/My_Bp/prop_bp/Dec_Things_Light_1.Dec_Things_Light_1_C:ExecuteUbergraph_Dec_Things_Light_1
[2018.08.19-17.24.31:453][  0]LogUObjectGlobals: Created PersistentFrame Addr=0x000001d2ae51bec0, Size=40, Default__Terminal_bp_C Function /Game/My_Bp/terminal/Terminal_bp.Terminal_bp_C:ExecuteUbergraph_Terminal_bp
[2018.08.19-17.24.31:455][  0]LogUObjectGlobals: Created PersistentFrame Addr=0x000001d2ae4ffc40, Size=68, Default__terminal_UI_C Function /Game/UI/termianl_ui/terminal_UI.terminal_UI_C:ExecuteUbergraph_terminal_UI
[2018.08.19-17.24.31:611][  0]LogUObjectGlobals: Destroyed PersistentFrame Addr=0x000001d2ab822520, Size=32
[2018.08.19-17.24.31:611][  0]LogUObjectGlobals: Created PersistentFrame Addr=0x000001d2af428180, Size=32, Default__BP_Hidable_Ceiling_Master_C Function /Engine/Transient.REINST_BP_Hidable_Ceiling_Master_C_2:ExecuteUbergraph_BP_Hidable_Ceiling_Master
[2018.08.19-17.24.31:612][  0]LogUObjectGlobals: Destroyed PersistentFrame Addr=0x000001d2ab2cee60, Size=32
[2018.08.19-17.24.31:612][  0]LogUObjectGlobals: Created PersistentFrame Addr=0x000001d2af428140, Size=32, Default__BP_Hidable_Master_C Function /Engine/Transient.REINST_BP_Hidable_Master_C_3:ExecuteUbergraph_BP_Hidable_Master
[2018.08.19-17.24.31:612][  0]LogUObjectGlobals: Destroyed PersistentFrame Addr=0x000001d2ae5665c0, Size=148
[2018.08.19-17.24.31:612][  0]LogUObjectGlobals: Created PersistentFrame Addr=0x000001d2af3ba480, Size=148, Default__Dec_Things_Light_1_C Function /Engine/Transient.REINST_Dec_Things_Light_1_C_5:ExecuteUbergraph_Dec_Things_Light_1
[2018.08.19-17.24.31:612][  0]LogUObjectGlobals: Destroyed PersistentFrame Addr=0x000001d2ab0d9580, Size=304
[2018.08.19-17.24.31:612][  0]LogUObjectGlobals: Created PersistentFrame Addr=0x000001d2a85791c0, Size=304, Default__door_C Function /Engine/Transient.REINST_door_C_6:ExecuteUbergraph_door
[2018.08.19-17.24.31:613][  0]LogUObjectGlobals: Destroyed PersistentFrame Addr=0x000001d2ab003600, Size=304
[2018.08.19-17.24.31:613][  0]LogUObjectGlobals: Created PersistentFrame Addr=0x000001d2a8578cc0, Size=304, Default__lever_door_C Function /Engine/Transient.REINST_lever_door_C_9:ExecuteUbergraph_lever_door
[2018.08.19-17.24.31:613][  0]LogUObjectGlobals: Destroyed PersistentFrame Addr=0x000001d2ae51bec0, Size=40
[2018.08.19-17.24.31:613][  0]LogUObjectGlobals: Created PersistentFrame Addr=0x000001d2af44b880, Size=40, Default__Terminal_bp_C Function /Engine/Transient.REINST_Terminal_bp_C_10:ExecuteUbergraph_Terminal_bp
[2018.08.19-17.24.31:614][  0]LogUObjectGlobals: Destroyed PersistentFrame Addr=0x000001d2ab2d4590, Size=72
[2018.08.19-17.24.31:614][  0]LogUObjectGlobals: Created PersistentFrame Addr=0x000001d2af387ab0, Size=72, Default__ThirdPerson_AnimBP_C Function /Engine/Transient.REINST_ThirdPerson_AnimBP_C_0:ExecuteUbergraph_ThirdPerson_AnimBP
[2018.08.19-17.24.31:614][  0]LogUObjectGlobals: Destroyed PersistentFrame Addr=0x000001d2ab776340, Size=64
[2018.08.19-17.24.31:614][  0]LogUObjectGlobals: Created PersistentFrame Addr=0x000001d2af39ea00, Size=64, ThirdPerson_AnimBP_C_0 Function /Engine/Transient.REINST_ThirdPerson_AnimBP_C_1:ExecuteUbergraph_ThirdPerson_AnimBP
[2018.08.19-17.24.31:614][  0]LogUObjectGlobals: Destroyed PersistentFrame Addr=0x000001d2ab7a9750, Size=112
[2018.08.19-17.24.31:614][  0]LogUObjectGlobals: Created PersistentFrame Addr=0x000001d2af3cbf90, Size=112, Default__AIGuardCharacter_C Function /Engine/Transient.REINST_AIGuardCharacter_C_11:ExecuteUbergraph_AIGuardCharacter
[2018.08.19-17.24.31:615][  0]LogUObjectGlobals: Destroyed PersistentFrame Addr=0x000001d2ab7e11a0, Size=112
[2018.08.19-17.24.31:615][  0]LogUObjectGlobals: Created PersistentFrame Addr=0x000001d2af3cbf20, Size=112, Default__AIGuardController_C Function /Engine/Transient.REINST_AIGuardController_C_12:ExecuteUbergraph_AIGuardController
[2018.08.19-17.24.31:615][  0]LogUObjectGlobals: Destroyed PersistentFrame Addr=0x000001d2ab0b2e40, Size=32
[2018.08.19-17.24.31:615][  0]LogUObjectGlobals: Created PersistentFrame Addr=0x000001d2af397ea0, Size=32, Default__BTTask_BB_DoAttack_C Function /Engine/Transient.REINST_BTTask_BB_DoAttack_C_13:ExecuteUbergraph_BTTask_BB_DoAttack
[2018.08.19-17.24.31:615][  0]LogUObjectGlobals: Destroyed PersistentFrame Addr=0x000001d2a9cfdf20, Size=16
[2018.08.19-17.24.31:615][  0]LogUObjectGlobals: Created PersistentFrame Addr=0x000001d2af3ff740, Size=16, Default__BTTask_Set_BB_Actor_C Function /Engine/Transient.REINST_BTTask_Set_BB_Actor_C_14:ExecuteUbergraph_BTTask_Set_BB_Actor
[2018.08.19-17.24.31:615][  0]LogUObjectGlobals: Destroyed PersistentFrame Addr=0x000001d2a9cfe140, Size=16
[2018.08.19-17.24.31:615][  0]LogUObjectGlobals: Created PersistentFrame Addr=0x000001d2af3ff3f0, Size=16, Default__BTTask_SetBB_Bool_C Function /Engine/Transient.REINST_BTTask_SetBB_Bool_C_15:ExecuteUbergraph_BTTask_SetBB_Bool
[2018.08.19-17.24.31:615][  0]LogUObjectGlobals: Destroyed PersistentFrame Addr=0x000001d2ae4ffc40, Size=68
[2018.08.19-17.24.31:615][  0]LogUObjectGlobals: Created PersistentFrame Addr=0x000001d2af386bb0, Size=68, Default__terminal_UI_C Function /Engine/Transient.REINST_terminal_UI_C_0:ExecuteUbergraph_terminal_UI
[2018.08.19-17.24.31:616][  0]LogUObjectGlobals: Destroyed PersistentFrame Addr=0x000001d2ab2ebc80, Size=880
[2018.08.19-17.24.31:616][  0]LogUObjectGlobals: Created PersistentFrame Addr=0x000001d2af511600, Size=880, Default__ThirdPersonCharacter_C Function /Engine/Transient.REINST_ThirdPersonCharacter_C_16:ExecuteUbergraph_ThirdPersonCharacter
[2018.08.19-17.24.31:616][  0]LogUObjectGlobals: Destroyed PersistentFrame Addr=0x000001d2ab776f80, Size=64
[2018.08.19-17.24.31:616][  0]LogUObjectGlobals: Created PersistentFrame Addr=0x000001d2af39c800, Size=64, Default__UI_C Function /Engine/Transient.REINST_UI_C_1:ExecuteUbergraph_UI
[2018.08.19-17.24.31:616][  0]LogUObjectGlobals: Destroyed PersistentFrame Addr=0x000001d2ab7ec780, Size=120
[2018.08.19-17.24.31:616][  0]LogUObjectGlobals: Created PersistentFrame Addr=0x000001d2af3dec00, Size=120, Default__BTService_DistanceToObject_C Function /Engine/Transient.REINST_BTService_DistanceToObject_C_17:ExecuteUbergraph_BTService_DistanceToObject
[2018.08.19-17.24.31:667][  0]LogUObjectGlobals: Created PersistentFrame Addr=0x000001d2b1fb5500, Size=32, Default__BP_Hidable_Ceiling_Master_C Function /Game/My_Bp/hide_master/BP_Hidable_Ceiling_Master.BP_Hidable_Ceiling_Master_C:ExecuteUbergraph_BP_Hidable_Ceiling_Master
[2018.08.19-17.24.31:668][  0]LogUObjectGlobals: Created PersistentFrame Addr=0x000001d2b1fb4ca0, Size=32, Default__BP_Hidable_Master_C Function /Game/My_Bp/hide_master/BP_Hidable_Master.BP_Hidable_Master_C:ExecuteUbergraph_BP_Hidable_Master
[2018.08.19-17.24.31:668][  0]LogUObjectGlobals: Created PersistentFrame Addr=0x000001d2b1f4bb00, Size=148, Default__Dec_Things_Light_1_C Function /Game/My_Bp/prop_bp/Dec_Things_Light_1.Dec_Things_Light_1_C:ExecuteUbergraph_Dec_Things_Light_1
[2018.08.19-17.24.31:670][  0]LogUObjectGlobals: Created PersistentFrame Addr=0x000001d2b1fcf880, Size=304, Default__door_C Function /Game/My_Bp/door/door.door_C:ExecuteUbergraph_door
[2018.08.19-17.24.31:672][  0]LogUObjectGlobals: Created PersistentFrame Addr=0x000001d2b1fcf9c0, Size=304, Default__lever_door_C Function /Game/My_Bp/door/lever_door.lever_door_C:ExecuteUbergraph_lever_door
[2018.08.19-17.24.31:673][  0]LogUObjectGlobals: Created PersistentFrame Addr=0x000001d2af449440, Size=40, Default__Terminal_bp_C Function /Game/My_Bp/terminal/Terminal_bp.Terminal_bp_C:ExecuteUbergraph_Terminal_bp
[2018.08.19-17.24.31:673][  0]LogUObjectGlobals: Created PersistentFrame Addr=0x000001d2b1ee36a0, Size=72, Default__ThirdPerson_AnimBP_C Function /Game/ThirdPerson_AnimBP.ThirdPerson_AnimBP_C:ExecuteUbergraph_ThirdPerson_AnimBP
[2018.08.19-17.24.31:674][  0]LogUObjectGlobals: Created PersistentFrame Addr=0x000001d2b1ee2c00, Size=72, Default__ThirdPerson_AnimBP_C Function /Game/Mannequin/Animations/ThirdPerson_AnimBP.ThirdPerson_AnimBP_C:ExecuteUbergraph_ThirdPerson_AnimBP
[2018.08.19-17.24.31:675][  0]LogUObjectGlobals: Created PersistentFrame Addr=0x000001d2b1ebc870, Size=112, Default__AIGuardCharacter_C Function /Game/My_Bp/AIGuard/AIGuardCharacter.AIGuardCharacter_C:ExecuteUbergraph_AIGuardCharacter
[2018.08.19-17.24.31:676][  0]LogUObjectGlobals: Created PersistentFrame Addr=0x000001d2b1ea9980, Size=112, Default__AIGuardController_C Function /Game/My_Bp/AIGuard/AIGuardController.AIGuardController_C:ExecuteUbergraph_AIGuardController
[2018.08.19-17.24.31:676][  0]LogUObjectGlobals: Created PersistentFrame Addr=0x000001d2b1ea7760, Size=32, Default__BTTask_BB_DoAttack_C Function /Game/My_Bp/AIGuard/BTTask_BB_DoAttack.BTTask_BB_DoAttack_C:ExecuteUbergraph_BTTask_BB_DoAttack
[2018.08.19-17.24.31:677][  0]LogUObjectGlobals: Created PersistentFrame Addr=0x000001d2b1f5e938, Size=24, Default__BTTask_Set_BB_Actor_C Function /Game/My_Bp/AIGuard/BTTask_Set_BB_Actor.BTTask_Set_BB_Actor_C:ExecuteUbergraph_BTTask_Set_BB_Actor
[2018.08.19-17.24.31:677][  0]LogUObjectGlobals: Created PersistentFrame Addr=0x000001d2b1f5e830, Size=24, Default__BTTask_SetBB_Bool_C Function /Game/My_Bp/AIGuard/BTTask_SetBB_Bool.BTTask_SetBB_Bool_C:ExecuteUbergraph_BTTask_SetBB_Bool
[2018.08.19-17.24.31:678][  0]LogUObjectGlobals: Created PersistentFrame Addr=0x000001d2b1e8f470, Size=68, Default__terminal_UI_C Function /Game/UI/termianl_ui/terminal_UI.terminal_UI_C:ExecuteUbergraph_terminal_UI
[2018.08.19-17.24.31:680][  0]LogUObjectGlobals: Created PersistentFrame Addr=0x000001d2b1e5f900, Size=880, Default__ThirdPersonCharacter_C Function /Game/ThirdPersonBP/Blueprints/ThirdPersonCharacter.ThirdPersonCharacter_C:ExecuteUbergraph_ThirdPersonCharacter
[2018.08.19-17.24.31:681][  0]LogUObjectGlobals: Created PersistentFrame Addr=0x000001d2b1e72ac0, Size=64, Default__UI_C Function /Game/UI/widget/UI.UI_C:ExecuteUbergraph_UI
[2018.08.19-17.24.31:682][  0]LogUObjectGlobals: Created PersistentFrame Addr=0x000001d2b1e27920, Size=152, Default__BTService_DistanceToObject_C Function /Game/My_Bp/AIGuard/BTService_DistanceToObject.BTService_DistanceToObject_C:ExecuteUbergraph_BTService_DistanceToObject
[2018.08.19-17.24.31:691][  0]LogUObjectGlobals: Destroyed PersistentFrame Addr=0x000001d2ab723ee0, Size=16
[2018.08.19-17.24.31:691][  0]LogUObjectGlobals: Created PersistentFrame Addr=0x000001d2b1f73050, Size=16, Default__Tech_demo_C Function /Engine/Transient.REINST_Tech_demo_C_39:ExecuteUbergraph_Tech_demo
[2018.08.19-17.24.31:692][  0]LogUObjectGlobals: Created PersistentFrame Addr=0x000001d2b1f73170, Size=16, Default__Tech_demo_C Function /Game/map/Maps/Tech_demo.Tech_demo_C:ExecuteUbergraph_Tech_demo
[2018.08.19-17.24.32:158][  0]LogSkeletalMesh: Skeletal Mesh found in DDC [29.389326ms] /Game/meshes/Freda/freda_rig.freda_rig
[2018.08.19-17.24.32:195][  0]LogSkeletalMesh: Skeletal Mesh found in DDC [16.828545ms] /Game/Mannequin/Character/Mesh/SK_Mannequin.SK_Mannequin
[2018.08.19-17.24.32:501][  0]LogAIModule: Creating AISystem for world Tech_demo
[2018.08.19-17.24.32:504][  0]LogUObjectGlobals: Created PersistentFrame Addr=0x000001d2b9f5eec0, Size=16, Default__ThirdPersonGameMode_C Function /Game/ThirdPersonBP/Blueprints/ThirdPersonGameMode.ThirdPersonGameMode_C:ExecuteUbergraph_ThirdPersonGameMode
[2018.08.19-17.24.32:506][  0]LogUObjectGlobals: Destroyed PersistentFrame Addr=0x000001d2b9f5eec0, Size=16
[2018.08.19-17.24.32:506][  0]LogUObjectGlobals: Created PersistentFrame Addr=0x000001d2b9f5eec0, Size=16, Default__ThirdPersonGameMode_C Function /Engine/Transient.REINST_ThirdPersonGameMode_C_41:ExecuteUbergraph_ThirdPersonGameMode
[2018.08.19-17.24.32:506][  0]LogUObjectGlobals: Created PersistentFrame Addr=0x000001d2b9f5eeb0, Size=16, Default__ThirdPersonGameMode_C Function /Game/ThirdPersonBP/Blueprints/ThirdPersonGameMode.ThirdPersonGameMode_C:ExecuteUbergraph_ThirdPersonGameMode
[2018.08.19-17.24.32:507][  0]LogLoad: Game class is 'ThirdPersonGameMode_C'
[2018.08.19-17.24.32:753][  0]LogWorld: Bringing World /Game/map/Maps/Tech_demo.Tech_demo up for play (max tick rate 0) at 2018.08.19-20.24.32
[2018.08.19-17.24.32:756][  0]LogWorld: Bringing up level for play took: 0.247403
[2018.08.19-17.24.32:761][  0]LogLoad: Took 1.493879 seconds to LoadMap(/Game/map/Maps/Tech_demo)
[2018.08.19-17.24.32:860][  0]LogLoad: (Engine Initialization) Total time: 11.67 seconds
[2018.08.19-17.24.32:860][  0]LogLoad: (Engine Initialization) Total Blueprint compile time: 0.00 seconds
[2018.08.19-17.24.32:881][  0]LogRenderer: Reallocating scene render targets to support 1024x1024 Format 10 NumSamples 1 (Frame:1).
[2018.08.19-17.24.32:918][  0]LogRenderer: Reallocating scene render targets to support 1280x1024 Format 10 NumSamples 1 (Frame:1).
[2018.08.19-17.24.32:978][  0]LogContentStreaming: Texture pool size now 1000 MB
[2018.08.19-17.24.47:959][926]LogRenderer: Reallocating scene render targets to support 1920x1080 Format 10 NumSamples 1 (Frame:928).
[2018.08.19-17.25.34:079][785]LogUObjectGlobals: Destroyed PersistentFrame Addr=0x000001d2b1f73050, Size=16
[2018.08.19-17.25.34:079][785]LogUObjectGlobals: Destroyed PersistentFrame Addr=0x000001d2af39c800, Size=64
[2018.08.19-17.25.34:079][785]LogUObjectGlobals: Destroyed PersistentFrame Addr=0x000001d2af3cbf90, Size=112
[2018.08.19-17.25.34:079][785]LogUObjectGlobals: Destroyed PersistentFrame Addr=0x000001d2af39ea00, Size=64
[2018.08.19-17.25.34:079][785]LogUObjectGlobals: Destroyed PersistentFrame Addr=0x000001d2af511600, Size=880
[2018.08.19-17.25.34:079][785]LogUObjectGlobals: Destroyed PersistentFrame Addr=0x000001d2af428180, Size=32
[2018.08.19-17.25.34:079][785]LogUObjectGlobals: Destroyed PersistentFrame Addr=0x000001d2af428140, Size=32
[2018.08.19-17.25.34:079][785]LogUObjectGlobals: Destroyed PersistentFrame Addr=0x000001d2af387ab0, Size=72
[2018.08.19-17.25.34:079][785]LogUObjectGlobals: Destroyed PersistentFrame Addr=0x000001d2af3cbf20, Size=112
[2018.08.19-17.25.34:079][785]LogUObjectGlobals: Destroyed PersistentFrame Addr=0x000001d2af3dec00, Size=120
[2018.08.19-17.25.34:079][785]LogUObjectGlobals: Destroyed PersistentFrame Addr=0x000001d2af397ea0, Size=32
[2018.08.19-17.25.34:079][785]LogUObjectGlobals: Destroyed PersistentFrame Addr=0x000001d2af3ff740, Size=16
[2018.08.19-17.25.34:079][785]LogUObjectGlobals: Destroyed PersistentFrame Addr=0x000001d2af3ff3f0, Size=16
[2018.08.19-17.25.34:079][785]LogUObjectGlobals: Destroyed PersistentFrame Addr=0x000001d2a85791c0, Size=304
[2018.08.19-17.25.34:079][785]LogUObjectGlobals: Destroyed PersistentFrame Addr=0x000001d2a8578cc0, Size=304
[2018.08.19-17.25.34:079][785]LogUObjectGlobals: Destroyed PersistentFrame Addr=0x000001d2af3ba480, Size=148
[2018.08.19-17.25.34:079][785]LogUObjectGlobals: Destroyed PersistentFrame Addr=0x000001d2af44b880, Size=40
[2018.08.19-17.25.34:079][785]LogUObjectGlobals: Destroyed PersistentFrame Addr=0x000001d2af386bb0, Size=68
[2018.08.19-17.25.34:080][785]LogUObjectGlobals: Destroyed PersistentFrame Addr=0x000001d2b9f5eec0, Size=16
[2018.08.19-17.26.43:745][102]LogSlate: Window 'Am_i_Free (64-bit, PCD3D_SM5) ' being destroyed
[2018.08.19-17.26.43:745][102]LogWindowsTextInputMethodSystem: Display: IME system now deactivated.
[2018.08.19-17.26.43:751][102]LogEngine: All Windows Closed
[2018.08.19-17.26.43:751][102]LogWindows: FPlatformMisc::RequestExit(0)
[2018.08.19-17.26.44:676][103]LogSlate: Slate User Destroyed.  User Index 0, Is Virtual User: 0
[2018.08.19-17.26.44:676][103]LogExit: Preparing to exit.
[2018.08.19-17.26.44:676][103]LogMoviePlayer: Shutting down movie player
[2018.08.19-17.26.45:423][103]LogExit: Game engine shut down
[2018.08.19-17.26.45:430][103]LogUObjectGlobals: Destroyed PersistentFrame Addr=0x000001d2b1fb5500, Size=32
[2018.08.19-17.26.45:430][103]LogUObjectGlobals: Destroyed PersistentFrame Addr=0x000001d2b1fb4ca0, Size=32
[2018.08.19-17.26.45:430][103]LogUObjectGlobals: Destroyed PersistentFrame Addr=0x000001d2b1f4bb00, Size=148
[2018.08.19-17.26.45:430][103]LogUObjectGlobals: Destroyed PersistentFrame Addr=0x000001d2b1fcf880, Size=304
[2018.08.19-17.26.45:431][103]LogUObjectGlobals: Destroyed PersistentFrame Addr=0x000001d2b1fcf9c0, Size=304
[2018.08.19-17.26.45:431][103]LogUObjectGlobals: Destroyed PersistentFrame Addr=0x000001d2af449440, Size=40
[2018.08.19-17.26.45:431][103]LogUObjectGlobals: Destroyed PersistentFrame Addr=0x000001d2b1ee36a0, Size=72
[2018.08.19-17.26.45:431][103]LogUObjectGlobals: Destroyed PersistentFrame Addr=0x000001d2b1ee2c00, Size=72
[2018.08.19-17.26.45:431][103]LogUObjectGlobals: Destroyed PersistentFrame Addr=0x000001d2b1ebc870, Size=112
[2018.08.19-17.26.45:431][103]LogUObjectGlobals: Destroyed PersistentFrame Addr=0x000001d2b1ea9980, Size=112
[2018.08.19-17.26.45:431][103]LogUObjectGlobals: Destroyed PersistentFrame Addr=0x000001d2b1ea7760, Size=32
[2018.08.19-17.26.45:431][103]LogUObjectGlobals: Destroyed PersistentFrame Addr=0x000001d2b1f5e938, Size=24
[2018.08.19-17.26.45:431][103]LogUObjectGlobals: Destroyed PersistentFrame Addr=0x000001d2b1f5e830, Size=24
[2018.08.19-17.26.45:431][103]LogUObjectGlobals: Destroyed PersistentFrame Addr=0x000001d2b1e8f470, Size=68
[2018.08.19-17.26.45:431][103]LogUObjectGlobals: Destroyed PersistentFrame Addr=0x000001d2b1e5f900, Size=880
[2018.08.19-17.26.45:431][103]LogUObjectGlobals: Destroyed PersistentFrame Addr=0x000001d2b1e72ac0, Size=64
[2018.08.19-17.26.45:431][103]LogUObjectGlobals: Destroyed PersistentFrame Addr=0x000001d2b1e27920, Size=152
[2018.08.19-17.26.45:431][103]LogUObjectGlobals: Destroyed PersistentFrame Addr=0x000001d2b1f73170, Size=16
[2018.08.19-17.26.45:432][103]LogUObjectGlobals: Destroyed PersistentFrame Addr=0x000001d2b9f5eeb0, Size=16
[2018.08.19-17.26.45:506][103]LogExit: Object subsystem successfully closed.
[2018.08.19-17.26.45:522][103]LogShaderCompilers: Display: Shaders left to compile 0
[2018.08.19-17.26.45:525][103]LogD3D11RHI: Shutdown
[2018.08.19-17.26.45:525][103]LogD3D11RHI: CleanupD3DDevice
[2018.08.19-17.26.45:527][103]LogD3D11RHI: ~FD3D11DynamicRHI
[2018.08.19-17.26.45:552][103]LogModuleManager: Shutting down and abandoning module SequenceRecorderSections (334)
[2018.08.19-17.26.45:552][103]LogModuleManager: Shutting down and abandoning module SequenceRecorder (332)
[2018.08.19-17.26.45:552][103]LogModuleManager: Shutting down and abandoning module AutomationController (330)
[2018.08.19-17.26.45:552][103]LogModuleManager: Shutting down and abandoning module AutomationWorker (328)
[2018.08.19-17.26.45:552][103]LogModuleManager: Shutting down and abandoning module AIModule (326)
[2018.08.19-17.26.45:552][103]LogModuleManager: Shutting down and abandoning module GameplayDebugger (325)
[2018.08.19-17.26.45:553][103]LogModuleManager: Shutting down and abandoning module AITestSuite (323)
[2018.08.19-17.26.45:553][103]LogModuleManager: Shutting down and abandoning module WmfMediaFactory (320)
[2018.08.19-17.26.45:553][103]LogModuleManager: Shutting down and abandoning module OpenExrWrapper (318)
[2018.08.19-17.26.45:553][103]LogModuleManager: Shutting down and abandoning module ImgMediaFactory (316)
[2018.08.19-17.26.45:553][103]LogModuleManager: Shutting down and abandoning module AvfMediaFactory (314)
[2018.08.19-17.26.45:553][103]LogModuleManager: Shutting down and abandoning module CharacterAI (312)
[2018.08.19-17.26.45:553][103]LogModuleManager: Shutting down and abandoning module SessionServices (310)
[2018.08.19-17.26.45:553][103]LogModuleManager: Shutting down and abandoning module MovieSceneCapture (308)
[2018.08.19-17.26.45:553][103]LogModuleManager: Shutting down and abandoning module MovieSceneTracks (306)
[2018.08.19-17.26.45:553][103]LogModuleManager: Shutting down and abandoning module MovieScene (304)
[2018.08.19-17.26.45:553][103]LogModuleManager: Shutting down and abandoning module GeometryCache (302)
[2018.08.19-17.26.45:553][103]LogModuleManager: Shutting down and abandoning module GeometryCacheEd (301)
[2018.08.19-17.26.45:553][103]LogModuleManager: Shutting down and abandoning module StreamingPauseRendering (298)
[2018.08.19-17.26.45:553][103]LogModuleManager: Shutting down and abandoning module PortalServices (296)
[2018.08.19-17.26.45:553][103]LogModuleManager: Shutting down and abandoning module PortalRpc (294)
[2018.08.19-17.26.45:553][103]LogModuleManager: Shutting down and abandoning module MessagingRpc (292)
[2018.08.19-17.26.45:553][103]LogModuleManager: Shutting down and abandoning module ProfilerService (290)
[2018.08.19-17.26.45:791][103]LogModuleManager: Shutting down and abandoning module TaskGraph (288)
[2018.08.19-17.26.45:791][103]LogModuleManager: Shutting down and abandoning module SteamVRController (286)
[2018.08.19-17.26.45:791][103]LogModuleManager: Shutting down and abandoning module ProceduralMeshComponent (284)
[2018.08.19-17.26.45:791][103]LogModuleManager: Shutting down and abandoning module OculusInput (282)
[2018.08.19-17.26.45:791][103]LogModuleManager: Shutting down and abandoning module MobilePatchingUtils (280)
[2018.08.19-17.26.45:791][103]LogModuleManager: Shutting down and abandoning module CustomMeshComponent (278)
[2018.08.19-17.26.45:791][103]LogModuleManager: Shutting down and abandoning module CableComponent (276)
[2018.08.19-17.26.45:791][103]LogModuleManager: Shutting down and abandoning module AudioCapture (274)
[2018.08.19-17.26.45:791][103]LogModuleManager: Shutting down and abandoning module ArchVisCharacter (272)
[2018.08.19-17.26.45:791][103]LogModuleManager: Shutting down and abandoning module AndroidPermission (270)
[2018.08.19-17.26.45:791][103]LogModuleManager: Shutting down and abandoning module NUTUnrealEngine4 (266)
[2018.08.19-17.26.45:791][103]LogModuleManager: Shutting down and abandoning module NetcodeUnitTest (264)
[2018.08.19-17.26.45:791][103]LogModuleManager: Shutting down and abandoning module MediaCompositing (262)
[2018.08.19-17.26.45:791][103]LogModuleManager: Shutting down and abandoning module LinearTimecode (260)
[2018.08.19-17.26.45:791][103]LogModuleManager: Shutting down and abandoning module ImgMedia (258)
[2018.08.19-17.26.45:794][103]LogModuleManager: Shutting down and abandoning module HTML5Networking (256)
[2018.08.19-17.26.45:794][103]LogModuleManager: Shutting down and abandoning module DatasmithContent (254)
[2018.08.19-17.26.45:794][103]LogModuleManager: Shutting down and abandoning module CryptoKeysOpenSSL (252)
[2018.08.19-17.26.45:794][103]LogModuleManager: Shutting down and abandoning module CryptoKeys (250)
[2018.08.19-17.26.45:794][103]LogModuleManager: Shutting down and abandoning module VisualStudioSourceCodeAccess (248)
[2018.08.19-17.26.45:794][103]LogModuleManager: Shutting down and abandoning module HotReload (247)
[2018.08.19-17.26.45:795][103]LogModuleManager: Shutting down and abandoning module DirectoryWatcher (246)
[2018.08.19-17.26.45:795][103]LogModuleManager: Shutting down and abandoning module VisualStudioCodeSourceCodeAccess (242)
[2018.08.19-17.26.45:795][103]LogModuleManager: Shutting down and abandoning module UObjectPlugin (240)
[2018.08.19-17.26.45:795][103]LogModuleManager: Shutting down and abandoning module SubversionSourceControl (238)
[2018.08.19-17.26.45:795][103]LogModuleManager: Shutting down and abandoning module PerforceSourceControl (236)
[2018.08.19-17.26.45:795][103]LogModuleManager: Shutting down and abandoning module SourceControl (235)
[2018.08.19-17.26.45:795][103]LogModuleManager: Shutting down and abandoning module CLionSourceCodeAccess (232)
[2018.08.19-17.26.45:795][103]LogModuleManager: Shutting down and abandoning module RuntimePhysXCooking (230)
[2018.08.19-17.26.45:795][103]LogModuleManager: Shutting down and abandoning module PhysXVehiclesEditor (228)
[2018.08.19-17.26.45:795][103]LogModuleManager: Shutting down and abandoning module PhysXVehicles (226)
[2018.08.19-17.26.45:795][103]LogModuleManager: Shutting down and abandoning module LocationServicesBPLibrary (224)
[2018.08.19-17.26.45:795][103]LogModuleManager: Shutting down and abandoning module ImmediatePhysicsEditor (222)
[2018.08.19-17.26.45:795][103]LogModuleManager: Shutting down and abandoning module ImmediatePhysics (220)
[2018.08.19-17.26.45:795][103]LogModuleManager: Shutting down and abandoning module ActorSequence (218)
[2018.08.19-17.26.45:795][103]LogModuleManager: Shutting down and abandoning module UdpMessaging (216)
[2018.08.19-17.26.45:896][103]LogModuleManager: Shutting down and abandoning module TcpMessaging (214)
[2018.08.19-17.26.46:301][103]LogModuleManager: Shutting down and abandoning module SubstanceCore (212)
[2018.08.19-17.26.46:301][103]LogModuleManager: Shutting down and abandoning module GameplayTagsEditor (210)
[2018.08.19-17.26.46:301][103]LogModuleManager: Shutting down and abandoning module FacialAnimation (208)
[2018.08.19-17.26.46:301][103]LogModuleManager: Shutting down and abandoning module DataValidation (206)
[2018.08.19-17.26.46:301][103]LogModuleManager: Shutting down and abandoning module AssetManagerEditor (204)
[2018.08.19-17.26.46:301][103]LogModuleManager: Shutting down and abandoning module TreeMap (203)
[2018.08.19-17.26.46:301][103]LogModuleManager: Shutting down and abandoning module LightPropagationVolumeRuntime (200)
[2018.08.19-17.26.46:301][103]LogModuleManager: Shutting down and abandoning module LiveLink (198)
[2018.08.19-17.26.47:060][103]LogModuleManager: Shutting down and abandoning module Paper2D (196)
[2018.08.19-17.26.47:060][103]LogModuleManager: Shutting down and abandoning module PIEPreviewDeviceProfileSelector (194)
[2018.08.19-17.26.47:060][103]LogModuleManager: Shutting down and abandoning module WindowsMoviePlayer (192)
[2018.08.19-17.26.47:060][103]LogModuleManager: Shutting down and abandoning module WmfMedia (190)
[2018.08.19-17.26.47:062][103]LogModuleManager: Shutting down and abandoning module Media (189)
[2018.08.19-17.26.47:068][103]LogModuleManager: Shutting down and abandoning module PacketHandler (186)
[2018.08.19-17.26.47:068][103]LogModuleManager: Shutting down and abandoning module ClothingSystemEditor (184)
[2018.08.19-17.26.47:068][103]LogModuleManager: Shutting down and abandoning module ClothingSystemRuntime (182)
[2018.08.19-17.26.47:068][103]LogModuleManager: Shutting down and abandoning module MediaAssets (180)
[2018.08.19-17.26.47:068][103]LogModuleManager: Shutting down and abandoning module Overlay (178)
[2018.08.19-17.26.47:068][103]LogModuleManager: Shutting down and abandoning module OverlayEditor (177)
[2018.08.19-17.26.47:068][103]LogModuleManager: Shutting down and abandoning module VREditor (174)
[2018.08.19-17.26.47:068][103]LogModuleManager: Shutting down and abandoning module StringTableEditor (172)
[2018.08.19-17.26.47:068][103]LogModuleManager: Shutting down and abandoning module GameplayTasksEditor (170)
[2018.08.19-17.26.47:068][103]LogModuleManager: Shutting down and abandoning module BehaviorTreeEditor (168)
[2018.08.19-17.26.47:068][103]LogModuleManager: Shutting down and abandoning module FunctionalTesting (166)
[2018.08.19-17.26.47:068][103]LogModuleManager: Shutting down and abandoning module CollisionAnalyzer (164)
[2018.08.19-17.26.47:068][103]LogModuleManager: Shutting down and abandoning module WorkspaceMenuStructure (163)
[2018.08.19-17.26.47:068][103]LogModuleManager: Shutting down and abandoning module UMG (160)
[2018.08.19-17.26.47:068][103]LogModuleManager: Shutting down and abandoning module UMGEditor (159)
[2018.08.19-17.26.47:068][103]LogModuleManager: Shutting down and abandoning module Sequencer (158)
[2018.08.19-17.26.47:068][103]LogModuleManager: Shutting down and abandoning module MessageLog (155)
[2018.08.19-17.26.47:068][103]LogModuleManager: Shutting down and abandoning module SlateReflector (150)
[2018.08.19-17.26.47:068][103]LogModuleManager: Shutting down and abandoning module Slate (148)
[2018.08.19-17.26.47:068][103]LogModuleManager: Shutting down and abandoning module EditorStyle (146)
[2018.08.19-17.26.47:070][103]LogModuleManager: Shutting down and abandoning module MRMesh (144)
[2018.08.19-17.26.47:070][103]LogModuleManager: Shutting down and abandoning module Messaging (142)
[2018.08.19-17.26.47:070][103]LogModuleManager: Shutting down and abandoning module SourceCodeAccess (140)
[2018.08.19-17.26.47:070][103]LogModuleManager: Shutting down and abandoning module HeadMountedDisplay (138)
[2018.08.19-17.26.47:070][103]LogModuleManager: Shutting down and abandoning module XAudio2 (136)
[2018.08.19-17.26.47:070][103]LogModuleManager: Shutting down and abandoning module Networking (134)
[2018.08.19-17.26.47:070][103]LogModuleManager: Shutting down and abandoning module Core (132)
[2018.08.19-17.26.47:070][103]LogModuleManager: Shutting down and abandoning module LevelSequence (130)
[2018.08.19-17.26.47:070][103]LogModuleManager: Shutting down and abandoning module KismetCompiler (128)
[2018.08.19-17.26.47:070][103]LogModuleManager: Shutting down and abandoning module MeshUtilities (126)
[2018.08.19-17.26.47:070][103]LogModuleManager: Shutting down and abandoning module MeshMergeUtilities (125)
[2018.08.19-17.26.47:070][103]LogModuleManager: Shutting down and abandoning module MeshReductionInterface (124)
[2018.08.19-17.26.47:070][103]LogModuleManager: Shutting down and abandoning module SimplygonSwarm (123)
[2018.08.19-17.26.47:070][103]LogModuleManager: Shutting down and abandoning module SimplygonMeshReduction (121)
[2018.08.19-17.26.47:070][103]LogModuleManager: Shutting down and abandoning module QuadricMeshReduction (119)
[2018.08.19-17.26.47:070][103]LogModuleManager: Shutting down and abandoning module MaterialBaking (115)
[2018.08.19-17.26.47:070][103]LogModuleManager: Shutting down and abandoning module DerivedDataCache (110)
[2018.08.19-17.26.47:126][103]LogDerivedDataCache: Shutdown
[2018.08.19-17.26.47:126][103]LogModuleManager: Shutting down and abandoning module XGEController (108)
[2018.08.19-17.26.47:126][103]LogModuleManager: Shutting down and abandoning module TargetPlatform (106)
[2018.08.19-17.26.47:126][103]LogModuleManager: Shutting down and abandoning module VulkanShaderFormat (105)
[2018.08.19-17.26.47:126][103]LogModuleManager: Shutting down and abandoning module ShaderFormatVectorVM (103)
[2018.08.19-17.26.47:126][103]LogModuleManager: Shutting down and abandoning module ShaderFormatOpenGL (101)
[2018.08.19-17.26.47:126][103]LogModuleManager: Shutting down and abandoning module ShaderFormatD3D (99)
[2018.08.19-17.26.47:126][103]LogModuleManager: Shutting down and abandoning module MetalShaderFormat (97)
[2018.08.19-17.26.47:126][103]LogModuleManager: Shutting down and abandoning module TextureFormatUncompressed (95)
[2018.08.19-17.26.47:126][103]LogModuleManager: Shutting down and abandoning module TextureFormatPVR (93)
[2018.08.19-17.26.47:126][103]LogModuleManager: Shutting down and abandoning module TextureFormatDXT (91)
[2018.08.19-17.26.47:126][103]LogModuleManager: Shutting down and abandoning module TextureFormatIntelISPCTexComp (89)
[2018.08.19-17.26.47:126][103]LogModuleManager: Shutting down and abandoning module TextureFormatASTC (87)
[2018.08.19-17.26.47:126][103]LogModuleManager: Shutting down and abandoning module ImageWrapper (86)
[2018.08.19-17.26.47:126][103]LogModuleManager: Shutting down and abandoning module TextureFormatAndroid (83)
[2018.08.19-17.26.47:126][103]LogModuleManager: Shutting down and abandoning module AudioFormatOpus (81)
[2018.08.19-17.26.47:127][103]LogModuleManager: Shutting down and abandoning module AudioFormatOgg (79)
[2018.08.19-17.26.47:127][103]LogModuleManager: Shutting down and abandoning module AudioFormatADPCM (77)
[2018.08.19-17.26.47:127][103]LogModuleManager: Shutting down and abandoning module WindowsTargetPlatform (75)
[2018.08.19-17.26.47:127][103]LogModuleManager: Shutting down and abandoning module WindowsServerTargetPlatform (73)
[2018.08.19-17.26.47:127][103]LogModuleManager: Shutting down and abandoning module WindowsNoEditorTargetPlatform (71)
[2018.08.19-17.26.47:127][103]LogModuleManager: Shutting down and abandoning module WindowsClientTargetPlatform (69)
[2018.08.19-17.26.47:127][103]LogModuleManager: Shutting down and abandoning module InputCore (66)
[2018.08.19-17.26.47:127][103]LogModuleManager: Shutting down and abandoning module Settings (64)
[2018.08.19-17.26.47:127][103]LogModuleManager: Shutting down and abandoning module PhysXCooking (62)
[2018.08.19-17.26.47:127][103]LogModuleManager: Shutting down and abandoning module SteamVR (60)
[2018.08.19-17.26.47:127][103]LogModuleManager: Shutting down and abandoning module OculusHMD (58)
[2018.08.19-17.26.47:127][103]LogModuleManager: Shutting down and abandoning module ExampleDeviceProfileSelector (56)
[2018.08.19-17.26.47:127][103]LogModuleManager: Shutting down and abandoning module AppleARKit (54)
[2018.08.19-17.26.47:127][103]LogModuleManager: Shutting down and abandoning module AugmentedReality (51)
[2018.08.19-17.26.47:127][103]LogModuleManager: Shutting down and abandoning module OnlineBlueprintSupport (48)
[2018.08.19-17.26.47:127][103]LogModuleManager: Shutting down and abandoning module OnlineSubsystem (44)
[2018.08.19-17.26.47:127][103]LogModuleManager: Shutting down and abandoning module XMPP (43)
[2018.08.19-17.26.47:127][103]LogModuleManager: Shutting down and abandoning module HTTP (41)
[2018.08.19-17.26.47:147][103]LogModuleManager: Shutting down and abandoning module SSL (40)
[2018.08.19-17.26.47:149][103]LogModuleManager: Shutting down and abandoning module AnimationModifiers (36)
[2018.08.19-17.26.47:149][103]LogModuleManager: Shutting down and abandoning module PropertyEditor (35)
[2018.08.19-17.26.47:149][103]LogModuleManager: Shutting down and abandoning module AudioEditor (32)
[2018.08.19-17.26.47:149][103]LogModuleManager: Shutting down and abandoning module TextureCompressor (30)
[2018.08.19-17.26.47:149][103]LogModuleManager: Shutting down and abandoning module ShaderCore (28)
[2018.08.19-17.26.47:149][103]LogModuleManager: Shutting down and abandoning module Landscape (26)
[2018.08.19-17.26.47:149][103]LogModuleManager: Shutting down and abandoning module SlateRHIRenderer (24)
[2018.08.19-17.26.47:149][103]LogModuleManager: Shutting down and abandoning module OpenGLDrv (22)
[2018.08.19-17.26.47:149][103]LogModuleManager: Shutting down and abandoning module D3D11RHI (20)
[2018.08.19-17.26.47:149][103]LogModuleManager: Shutting down and abandoning module AnimGraphRuntime (18)
[2018.08.19-17.26.47:149][103]LogModuleManager: Shutting down and abandoning module Renderer (16)
[2018.08.19-17.26.47:149][103]LogModuleManager: Shutting down and abandoning module Engine (14)
[2018.08.19-17.26.47:150][103]LogModuleManager: Shutting down and abandoning module CoreUObject (12)
[2018.08.19-17.26.47:150][103]LogModuleManager: Shutting down and abandoning module NetworkFile (10)
[2018.08.19-17.26.47:150][103]LogModuleManager: Shutting down and abandoning module CookedIterativeFile (8)
[2018.08.19-17.26.47:150][103]LogModuleManager: Shutting down and abandoning module StreamingFile (6)
[2018.08.19-17.26.47:150][103]LogModuleManager: Shutting down and abandoning module SandboxFile (4)
[2018.08.19-17.26.47:150][103]LogModuleManager: Shutting down and abandoning module PakFile (2)
[2018.08.19-17.26.47:154][103]LogExit: Exiting.
[2018.08.19-17.26.47:156][103]Log file closed, 08/19/18 20:26:47
