Log file open, 08/16/18 07:31:45
LogWindows: Failed to load 'aqProf.dll' (GetLastError=126)
LogWindows: File 'aqProf.dll' does not exist
LogWindows: Failed to load 'VtuneApi.dll' (GetLastError=126)
LogWindows: File 'VtuneApi.dll' does not exist
LogWindows: Failed to load 'VtuneApi32e.dll' (GetLastError=126)
LogWindows: File 'VtuneApi32e.dll' does not exist
LogInit: Display: Running engine for game: Am_i_Free
LogPlatformFile: Not using cached read wrapper
LogInit: Display: RandInit(869018276) SRandInit(869018276).
LogInit: Read version file with build ID '3944462'
LogInit: Overriding engine version to CL 4033788, compatible CL 3944462
LogInit: Registered custom module enumerator with build ID '3944462'
LogTaskGraph: Started task graph with 5 named threads and 23 total threads with 3 sets of task threads.
LogStats: Stats thread started at 0.284983
LogD3D11RHI: Aftermath initialized
LogICUInternationalization: Display: ICU TimeZone Detection - Raw Offset: +2:00, Platform Override: ''
LogModuleManager: Display: Found up-to-date module file ../../../Engine/Plugins/Marketplace/Substance/Binaries/Win64/UE4Editor-SubstanceCore.dll (API version 3944462).
LogModuleManager: Display: Found up-to-date module file ../../../Engine/Plugins/Marketplace/Substance/Binaries/Win64/UE4Editor-SubstanceEditor.dll (API version 3944462).
LogModuleManager: Display: Found up-to-date module file ../../../Engine/Plugins/Marketplace/Substance/Binaries/Win64/UE4Editor-SubstanceSource.dll (API version 3944462).
LogModuleManager: Display: Found up-to-date module file ../../../Engine/Plugins/Marketplace/Substance/Binaries/Win64/UE4Editor-SubstanceLiveLink.dll (API version 3944462).
LogModuleManager: Display: Found up-to-date module file ../../../Engine/Plugins/2D/Paper2D/Binaries/Win64/UE4Editor-Paper2D.dll (API version 3944462).
LogModuleManager: Display: Found up-to-date module file ../../../Engine/Plugins/2D/Paper2D/Binaries/Win64/UE4Editor-Paper2DEditor.dll (API version 3944462).
LogModuleManager: Display: Found up-to-date module file ../../../Engine/Plugins/2D/Paper2D/Binaries/Win64/UE4Editor-PaperSpriteSheetImporter.dll (API version 3944462).
LogModuleManager: Display: Found up-to-date module file ../../../Engine/Plugins/2D/Paper2D/Binaries/Win64/UE4Editor-PaperTiledImporter.dll (API version 3944462).
LogModuleManager: Display: Found up-to-date module file ../../../Engine/Plugins/2D/Paper2D/Binaries/Win64/UE4Editor-SmartSnapping.dll (API version 3944462).
LogModuleManager: Display: Found up-to-date module file ../../../Engine/Plugins/Blendables/LightPropagationVolume/Binaries/Win64/UE4Editor-LightPropagationVolumeRuntime.dll (API version 3944462).
LogModuleManager: Display: Found up-to-date module file ../../../Engine/Plugins/Blendables/LightPropagationVolume/Binaries/Win64/UE4Editor-LightPropagationVolumeEditor.dll (API version 3944462).
LogModuleManager: Display: Found up-to-date module file ../../../Engine/Plugins/Developer/CLionSourceCodeAccess/Binaries/Win64/UE4Editor-CLionSourceCodeAccess.dll (API version 3944462).
LogModuleManager: Display: Found up-to-date module file ../../../Engine/Plugins/Developer/GitSourceControl/Binaries/Win64/UE4Editor-GitSourceControl.dll (API version 3944462).
LogModuleManager: Display: Found up-to-date module file ../../../Engine/Plugins/Developer/PerforceSourceControl/Binaries/Win64/UE4Editor-PerforceSourceControl.dll (API version 3944462).
LogModuleManager: Display: Found up-to-date module file ../../../Engine/Plugins/Developer/SubversionSourceControl/Binaries/Win64/UE4Editor-SubversionSourceControl.dll (API version 3944462).
LogModuleManager: Display: Found up-to-date module file ../../../Engine/Plugins/Developer/UObjectPlugin/Binaries/Win64/UE4Editor-UObjectPlugin.dll (API version 3944462).
LogModuleManager: Display: Found up-to-date module file ../../../Engine/Plugins/Developer/VisualStudioCodeSourceCodeAccess/Binaries/Win64/UE4Editor-VisualStudioCodeSourceCodeAccess.dll (API version 3944462).
LogModuleManager: Display: Found up-to-date module file ../../../Engine/Plugins/Developer/VisualStudioSourceCodeAccess/Binaries/Win64/UE4Editor-VisualStudioSourceCodeAccess.dll (API version 3944462).
LogModuleManager: Display: Found up-to-date module file ../../../Engine/Plugins/Editor/AssetManagerEditor/Binaries/Win64/UE4Editor-AssetManagerEditor.dll (API version 3944462).
LogModuleManager: Display: Found up-to-date module file ../../../Engine/Plugins/Editor/CryptoKeys/Binaries/Win64/UE4Editor-CryptoKeys.dll (API version 3944462).
LogModuleManager: Display: Found up-to-date module file ../../../Engine/Plugins/Editor/CryptoKeys/Binaries/Win64/UE4Editor-CryptoKeysOpenSSL.dll (API version 3944462).
LogModuleManager: Display: Found up-to-date module file ../../../Engine/Plugins/Editor/DataValidation/Binaries/Win64/UE4Editor-DataValidation.dll (API version 3944462).
LogModuleManager: Display: Found up-to-date module file ../../../Engine/Plugins/Editor/FacialAnimation/Binaries/Win64/UE4Editor-FacialAnimation.dll (API version 3944462).
LogModuleManager: Display: Found up-to-date module file ../../../Engine/Plugins/Editor/FacialAnimation/Binaries/Win64/UE4Editor-FacialAnimationEditor.dll (API version 3944462).
LogModuleManager: Display: Found up-to-date module file ../../../Engine/Plugins/Editor/GameplayTagsEditor/Binaries/Win64/UE4Editor-GameplayTagsEditor.dll (API version 3944462).
LogModuleManager: Display: Found up-to-date module file ../../../Engine/Plugins/Editor/MobileLauncherProfileWizard/Binaries/Win64/UE4Editor-MobileLauncherProfileWizard.dll (API version 3944462).
LogModuleManager: Display: Found up-to-date module file ../../../Engine/Plugins/Editor/PluginBrowser/Binaries/Win64/UE4Editor-PluginBrowser.dll (API version 3944462).
LogModuleManager: Display: Found up-to-date module file ../../../Engine/Plugins/Editor/SpeedTreeImporter/Binaries/Win64/UE4Editor-SpeedTreeImporter.dll (API version 3944462).
LogModuleManager: Display: Found up-to-date module file ../../../Engine/Plugins/Enterprise/DatasmithContent/Binaries/Win64/UE4Editor-DatasmithContent.dll (API version 3944462).
LogModuleManager: Display: Found up-to-date module file ../../../Engine/Plugins/Experimental/AlembicImporter/Binaries/Win64/UE4Editor-AlembicImporter.dll (API version 3944462).
LogModuleManager: Display: Found up-to-date module file ../../../Engine/Plugins/Experimental/AlembicImporter/Binaries/Win64/UE4Editor-AlembicLibrary.dll (API version 3944462).
LogModuleManager: Display: Found up-to-date module file ../../../Engine/Plugins/Experimental/CharacterAI/Binaries/Win64/UE4Editor-CharacterAI.dll (API version 3944462).
LogModuleManager: Display: Found up-to-date module file ../../../Engine/Plugins/Experimental/HTML5Networking/Binaries/Win64/UE4Editor-HTML5Networking.dll (API version 3944462).
LogModuleManager: Display: Found up-to-date module file ../../../Engine/Plugins/Media/AndroidMedia/Binaries/Win64/UE4Editor-AndroidMediaEditor.dll (API version 3944462).
LogModuleManager: Display: Found up-to-date module file ../../../Engine/Plugins/Media/AndroidMedia/Binaries/Win64/UE4Editor-AndroidMediaFactory.dll (API version 3944462).
LogModuleManager: Display: Found up-to-date module file ../../../Engine/Plugins/Media/AvfMedia/Binaries/Win64/UE4Editor-AvfMediaEditor.dll (API version 3944462).
LogModuleManager: Display: Found up-to-date module file ../../../Engine/Plugins/Media/AvfMedia/Binaries/Win64/UE4Editor-AvfMediaFactory.dll (API version 3944462).
LogModuleManager: Display: Found up-to-date module file ../../../Engine/Plugins/Media/AvfMedia/Binaries/Win64/UE4Editor-AvfMediaFactory.dll (API version 3944462).
LogModuleManager: Display: Found up-to-date module file ../../../Engine/Plugins/Media/ImgMedia/Binaries/Win64/UE4Editor-ImgMedia.dll (API version 3944462).
LogModuleManager: Display: Found up-to-date module file ../../../Engine/Plugins/Media/ImgMedia/Binaries/Win64/UE4Editor-ImgMediaEditor.dll (API version 3944462).
LogModuleManager: Display: Found up-to-date module file ../../../Engine/Plugins/Media/ImgMedia/Binaries/Win64/UE4Editor-ImgMediaFactory.dll (API version 3944462).
LogModuleManager: Display: Found up-to-date module file ../../../Engine/Plugins/Media/ImgMedia/Binaries/Win64/UE4Editor-ImgMediaFactory.dll (API version 3944462).
LogModuleManager: Display: Found up-to-date module file ../../../Engine/Plugins/Media/ImgMedia/Binaries/Win64/UE4Editor-OpenExrWrapper.dll (API version 3944462).
LogModuleManager: Display: Found up-to-date module file ../../../Engine/Plugins/Media/LinearTimecode/Binaries/Win64/UE4Editor-LinearTimecode.dll (API version 3944462).
LogModuleManager: Display: Found up-to-date module file ../../../Engine/Plugins/Media/MediaCompositing/Binaries/Win64/UE4Editor-MediaCompositing.dll (API version 3944462).
LogModuleManager: Display: Found up-to-date module file ../../../Engine/Plugins/Media/MediaCompositing/Binaries/Win64/UE4Editor-MediaCompositingEditor.dll (API version 3944462).
LogModuleManager: Display: Found up-to-date module file ../../../Engine/Plugins/Media/MediaPlayerEditor/Binaries/Win64/UE4Editor-MediaPlayerEditor.dll (API version 3944462).
LogModuleManager: Display: Found up-to-date module file ../../../Engine/Plugins/Media/WmfMedia/Binaries/Win64/UE4Editor-WmfMedia.dll (API version 3944462).
LogModuleManager: Display: Found up-to-date module file ../../../Engine/Plugins/Media/WmfMedia/Binaries/Win64/UE4Editor-WmfMediaEditor.dll (API version 3944462).
LogModuleManager: Display: Found up-to-date module file ../../../Engine/Plugins/Media/WmfMedia/Binaries/Win64/UE4Editor-WmfMediaFactory.dll (API version 3944462).
LogModuleManager: Display: Found up-to-date module file ../../../Engine/Plugins/Media/WmfMedia/Binaries/Win64/UE4Editor-WmfMediaFactory.dll (API version 3944462).
LogModuleManager: Display: Found up-to-date module file ../../../Engine/Plugins/Messaging/TcpMessaging/Binaries/Win64/UE4Editor-TcpMessaging.dll (API version 3944462).
LogModuleManager: Display: Found up-to-date module file ../../../Engine/Plugins/Messaging/UdpMessaging/Binaries/Win64/UE4Editor-UdpMessaging.dll (API version 3944462).
LogModuleManager: Display: Found up-to-date module file ../../../Engine/Plugins/MovieScene/ActorSequence/Binaries/Win64/UE4Editor-ActorSequence.dll (API version 3944462).
LogModuleManager: Display: Found up-to-date module file ../../../Engine/Plugins/MovieScene/LevelSequenceEditor/Binaries/Win64/UE4Editor-LevelSequenceEditor.dll (API version 3944462).
LogModuleManager: Display: Found up-to-date module file ../../../Engine/Plugins/MovieScene/MatineeToLevelSequence/Binaries/Win64/UE4Editor-MatineeToLevelSequence.dll (API version 3944462).
LogModuleManager: Display: Found up-to-date module file ../../../Engine/Plugins/NetcodeUnitTest/NetcodeUnitTest/Binaries/Win64/UE4Editor-NetcodeUnitTest.dll (API version 3944462).
LogModuleManager: Display: Found up-to-date module file ../../../Engine/Plugins/NetcodeUnitTest/NUTUnrealEngine4/Binaries/Win64/UE4Editor-NUTUnrealEngine4.dll (API version 3944462).
LogModuleManager: Display: Found up-to-date module file ../../../Engine/Plugins/Online/OnlineSubsystem/Binaries/Win64/UE4Editor-OnlineSubsystem.dll (API version 3944462).
LogModuleManager: Display: Found up-to-date module file ../../../Engine/Plugins/Runtime/AndroidPermission/Binaries/Win64/UE4Editor-AndroidPermission.dll (API version 3944462).
LogModuleManager: Display: Found up-to-date module file ../../../Engine/Plugins/Online/OnlineSubsystemNull/Binaries/Win64/UE4Editor-OnlineSubsystemNull.dll (API version 3944462).
LogModuleManager: Display: Found up-to-date module file ../../../Engine/Plugins/Online/OnlineSubsystemUtils/Binaries/Win64/UE4Editor-OnlineSubsystemUtils.dll (API version 3944462).
LogModuleManager: Display: Found up-to-date module file ../../../Engine/Plugins/Online/OnlineSubsystemUtils/Binaries/Win64/UE4Editor-OnlineBlueprintSupport.dll (API version 3944462).
LogModuleManager: Display: Found up-to-date module file ../../../Engine/Plugins/Runtime/AndroidDeviceProfileSelector/Binaries/Win64/UE4Editor-AndroidDeviceProfileSelector.dll (API version 3944462).
LogModuleManager: Display: Found up-to-date module file ../../../Engine/Plugins/Runtime/AppleARKit/Binaries/Win64/UE4Editor-AppleARKit.dll (API version 3944462).
LogModuleManager: Display: Found up-to-date module file ../../../Engine/Plugins/Runtime/ProceduralMeshComponent/Binaries/Win64/UE4Editor-ProceduralMeshComponent.dll (API version 3944462).
LogModuleManager: Display: Found up-to-date module file ../../../Engine/Plugins/Runtime/ProceduralMeshComponent/Binaries/Win64/UE4Editor-ProceduralMeshComponentEditor.dll (API version 3944462).
LogModuleManager: Display: Found up-to-date module file ../../../Engine/Plugins/Animation/LiveLink/Binaries/Win64/UE4Editor-LiveLink.dll (API version 3944462).
LogModuleManager: Display: Found up-to-date module file ../../../Engine/Plugins/Animation/LiveLink/Binaries/Win64/UE4Editor-LiveLinkEditor.dll (API version 3944462).
LogModuleManager: Display: Found up-to-date module file ../../../Engine/Plugins/Runtime/ArchVisCharacter/Binaries/Win64/UE4Editor-ArchVisCharacter.dll (API version 3944462).
LogModuleManager: Display: Found up-to-date module file ../../../Engine/Plugins/Runtime/AudioCapture/Binaries/Win64/UE4Editor-AudioCapture.dll (API version 3944462).
LogModuleManager: Display: Found up-to-date module file ../../../Engine/Plugins/Runtime/AudioCapture/Binaries/Win64/UE4Editor-AudioCaptureEditor.dll (API version 3944462).
LogModuleManager: Display: Found up-to-date module file ../../../Engine/Plugins/Runtime/CableComponent/Binaries/Win64/UE4Editor-CableComponent.dll (API version 3944462).
LogModuleManager: Display: Found up-to-date module file ../../../Engine/Plugins/Runtime/CustomMeshComponent/Binaries/Win64/UE4Editor-CustomMeshComponent.dll (API version 3944462).
LogModuleManager: Display: Found up-to-date module file ../../../Engine/Plugins/Runtime/ExampleDeviceProfileSelector/Binaries/Win64/UE4Editor-ExampleDeviceProfileSelector.dll (API version 3944462).
LogModuleManager: Display: Found up-to-date module file ../../../Engine/Plugins/Runtime/ImmediatePhysics/Binaries/Win64/UE4Editor-ImmediatePhysics.dll (API version 3944462).
LogModuleManager: Display: Found up-to-date module file ../../../Engine/Plugins/Runtime/ImmediatePhysics/Binaries/Win64/UE4Editor-ImmediatePhysicsEditor.dll (API version 3944462).
LogModuleManager: Display: Found up-to-date module file ../../../Engine/Plugins/Runtime/LocationServicesBPLibrary/Binaries/Win64/UE4Editor-LocationServicesBPLibrary.dll (API version 3944462).
LogModuleManager: Display: Found up-to-date module file ../../../Engine/Plugins/Runtime/MobilePatchingUtils/Binaries/Win64/UE4Editor-MobilePatchingUtils.dll (API version 3944462).
LogModuleManager: Display: Found up-to-date module file ../../../Engine/Plugins/Runtime/Oculus/OculusVR/Binaries/Win64/UE4Editor-OculusHMD.dll (API version 3944462).
LogModuleManager: Display: Found up-to-date module file ../../../Engine/Plugins/Runtime/Oculus/OculusVR/Binaries/Win64/UE4Editor-OculusInput.dll (API version 3944462).
LogModuleManager: Display: Found up-to-date module file ../../../Engine/Plugins/Runtime/Oculus/OculusVR/Binaries/Win64/UE4Editor-OculusEditor.dll (API version 3944462).
LogModuleManager: Display: Found up-to-date module file ../../../Engine/Plugins/Runtime/PhysXVehicles/Binaries/Win64/UE4Editor-PhysXVehicles.dll (API version 3944462).
LogModuleManager: Display: Found up-to-date module file ../../../Engine/Plugins/Runtime/PhysXVehicles/Binaries/Win64/UE4Editor-PhysXVehiclesEditor.dll (API version 3944462).
LogModuleManager: Display: Found up-to-date module file ../../../Engine/Plugins/Runtime/RuntimePhysXCooking/Binaries/Win64/UE4Editor-RuntimePhysXCooking.dll (API version 3944462).
LogModuleManager: Display: Found up-to-date module file ../../../Engine/Plugins/Runtime/Steam/SteamVR/Binaries/Win64/UE4Editor-SteamVR.dll (API version 3944462).
LogModuleManager: Display: Found up-to-date module file ../../../Engine/Plugins/Runtime/Steam/SteamVR/Binaries/Win64/UE4Editor-SteamVRController.dll (API version 3944462).
LogModuleManager: Display: Found up-to-date module file ../../../Engine/Plugins/Runtime/WindowsMoviePlayer/Binaries/Win64/UE4Editor-WindowsMoviePlayer.dll (API version 3944462).
LogPluginManager: Mounting plugin Paper2D
LogPluginManager: Mounting plugin LiveLink
LogPluginManager: Mounting plugin LightPropagationVolume
LogPluginManager: Mounting plugin CLionSourceCodeAccess
LogPluginManager: Mounting plugin CodeLiteSourceCodeAccess
LogPluginManager: Mounting plugin GitSourceControl
LogPluginManager: Mounting plugin KDevelopSourceCodeAccess
LogPluginManager: Mounting plugin NullSourceCodeAccess
LogPluginManager: Mounting plugin PerforceSourceControl
LogPluginManager: Mounting plugin SubversionSourceControl
LogPluginManager: Mounting plugin UObjectPlugin
LogPluginManager: Mounting plugin VisualStudioCodeSourceCodeAccess
LogPluginManager: Mounting plugin VisualStudioSourceCodeAccess
LogPluginManager: Mounting plugin XCodeSourceCodeAccess
LogPluginManager: Mounting plugin AssetManagerEditor
LogPluginManager: Mounting plugin CryptoKeys
LogPluginManager: Mounting plugin DataValidation
LogPluginManager: Mounting plugin FacialAnimation
LogPluginManager: Mounting plugin GameplayTagsEditor
LogPluginManager: Mounting plugin MobileLauncherProfileWizard
LogPluginManager: Mounting plugin PluginBrowser
LogPluginManager: Mounting plugin SpeedTreeImporter
LogPluginManager: Mounting plugin DatasmithContent
LogPluginManager: Mounting plugin AlembicImporter
LogPluginManager: Mounting plugin CharacterAI
LogPluginManager: Mounting plugin HTML5Networking
LogPluginManager: Mounting plugin Substance
LogPluginManager: Mounting plugin AndroidMedia
LogPluginManager: Mounting plugin AvfMedia
LogPluginManager: Mounting plugin ImgMedia
LogPluginManager: Mounting plugin LinearTimecode
LogPluginManager: Mounting plugin MediaCompositing
LogPluginManager: Mounting plugin MediaPlayerEditor
LogPluginManager: Mounting plugin WmfMedia
LogPluginManager: Mounting plugin TcpMessaging
LogPluginManager: Mounting plugin UdpMessaging
LogPluginManager: Mounting plugin ActorSequence
LogPluginManager: Mounting plugin LevelSequenceEditor
LogPluginManager: Mounting plugin MatineeToLevelSequence
LogPluginManager: Mounting plugin NetcodeUnitTest
LogPluginManager: Mounting plugin NUTUnrealEngine4
LogPluginManager: Mounting plugin OnlineSubsystemGooglePlay
LogPluginManager: Mounting plugin OnlineSubsystemIOS
LogPluginManager: Mounting plugin OnlineSubsystem
LogPluginManager: Mounting plugin OnlineSubsystemNull
LogPluginManager: Mounting plugin OnlineSubsystemUtils
LogPluginManager: Mounting plugin AndroidDeviceProfileSelector
LogPluginManager: Mounting plugin AndroidMoviePlayer
LogPluginManager: Mounting plugin AndroidPermission
LogPluginManager: Mounting plugin AppleARKit
LogPluginManager: Mounting plugin AppleMoviePlayer
LogPluginManager: Mounting plugin ArchVisCharacter
LogPluginManager: Mounting plugin AudioCapture
LogPluginManager: Mounting plugin CableComponent
LogPluginManager: Mounting plugin CustomMeshComponent
LogPluginManager: Mounting plugin ExampleDeviceProfileSelector
LogPluginManager: Mounting plugin GoogleCloudMessaging
LogPluginManager: Mounting plugin ImmediatePhysics
LogPluginManager: Mounting plugin IOSDeviceProfileSelector
LogPluginManager: Mounting plugin LinuxDeviceProfileSelector
LogPluginManager: Mounting plugin LocationServicesBPLibrary
LogPluginManager: Mounting plugin MobilePatchingUtils
LogPluginManager: Mounting plugin OculusVR
LogPluginManager: Plugin shader directory ../../../Engine/Plugins/Runtime/Oculus/OculusVR/Shaders found
LogPluginManager: Mapping shader source directory ../../../Engine/Plugins/Runtime/Oculus/OculusVR/Shaders to virtual directory /Plugin/OculusVR
LogPluginManager: Mounting plugin PhysXVehicles
LogPluginManager: Mounting plugin ProceduralMeshComponent
LogPluginManager: Mounting plugin RuntimePhysXCooking
LogPluginManager: Mounting plugin SteamVR
LogPluginManager: Mounting plugin WindowsMoviePlayer
LogStreaming: Display: Took  1.867s to configure plugins.
LogInit: Using libcurl 7.47.1
LogInit:  - built for x86_64-pc-win32
LogInit:  - supports SSL with OpenSSL/1.0.2g
LogInit:  - supports HTTP deflate (compression) using libz 1.2.8
LogInit:  - other features:
LogInit:      CURL_VERSION_SSL
LogInit:      CURL_VERSION_LIBZ
LogInit:      CURL_VERSION_IPV6
LogInit:      CURL_VERSION_ASYNCHDNS
LogInit:      CURL_VERSION_LARGEFILE
LogInit:      CURL_VERSION_IDN
LogInit:  CurlRequestOptions (configurable via config and command line):
LogInit:  - bVerifyPeer = false  - Libcurl will NOT verify peer certificate
LogInit:  - bUseHttpProxy = false  - Libcurl will NOT use HTTP proxy
LogInit:  - bDontReuseConnections = false  - Libcurl will reuse connections
LogInit:  - CertBundlePath = nullptr  - Libcurl will use whatever was configured at build time.
LogInit:  - MaxHostConnections = 16  - Libcurl will limit the number of connections to a host
LogInit:  - LocalHostAddr = Default
LogInit: WinSock: version 1.1 (2.2), MaxSocks=32767, MaxUdp=65467
LogInit: WinSock: I am DESKTOP-KQUM2EF (192.168.1.102:0)
LogInit: Build: ++UE4+Release-4.19-CL-4033788
LogInit: Engine Version: 4.19.2-4033788+++UE4+Release-4.19
LogInit: Compatible Engine Version: 4.19.0-3944462+++UE4+Release-4.19
LogInit: Net CL: 3944462
LogDevObjectVersion: Number of dev versions registered: 18
LogDevObjectVersion:   Dev-Blueprints (B0D832E4-1F89-4F0D-ACCF-7EB736FD4AA2): 10
LogDevObjectVersion:   Dev-Build (E1C64328-A22C-4D53-A36C-8E866417BD8C): 0
LogDevObjectVersion:   Dev-Core (375EC13C-06E4-48FB-B500-84F0262A717E): 2
LogDevObjectVersion:   Dev-Editor (E4B068ED-F494-42E9-A231-DA0B2E46BB41): 23
LogDevObjectVersion:   Dev-Framework (CFFC743F-43B0-4480-9391-14DF171D2073): 33
LogDevObjectVersion:   Dev-Mobile (B02B49B5-BB20-44E9-A304-32B752E40360): 2
LogDevObjectVersion:   Dev-Networking (A4E4105C-59A1-49B5-A7C5-40C4547EDFEE): 0
LogDevObjectVersion:   Dev-Online (39C831C9-5AE6-47DC-9A44-9C173E1C8E7C): 0
LogDevObjectVersion:   Dev-Physics (78F01B33-EBEA-4F98-B9B4-84EACCB95AA2): 0
LogDevObjectVersion:   Dev-Platform (6631380F-2D4D-43E0-8009-CF276956A95A): 0
LogDevObjectVersion:   Dev-Rendering (12F88B9F-8875-4AFC-A67C-D90C383ABD29): 25
LogDevObjectVersion:   Dev-Sequencer (7B5AE74C-D270-4C10-A958-57980B212A5A): 6
LogDevObjectVersion:   Dev-VR (D7296918-1DD6-4BDD-9DE2-64A83CC13884): 1
LogDevObjectVersion:   Dev-LoadTimes (C2A15278-BFE7-4AFE-6C17-90FF531DF755): 1
LogDevObjectVersion:   Private-Geometry (6EACA3D4-40EC-4CC1-B786-8BED09428FC5): 2
LogDevObjectVersion:   Dev-AnimPhys (29E575DD-E0A3-4627-9D10-D276232CDCEA): 16
LogDevObjectVersion:   Dev-ReflectionCapture (6B266CEC-1EC7-4B8F-A30B-E4D90942FC07): 1
LogDevObjectVersion:   Dev-Automation (0DF73D61-A23F-47EA-B727-89E90C41499A): 1
LogInit: Compiled (64-bit): Apr 27 2018 02:06:57
LogInit: Compiled with Visual C++: 19.00.24215.01
LogInit: Build Configuration: Development
LogInit: Branch Name: ++UE4+Release-4.19
LogInit: Command Line:  
LogInit: Base Directory: C:/Program Files/Epic Games/UE_4.19/Engine/Binaries/Win64/
LogInit: Installed Engine Build: 1
LogStreaming: Display: Took  0.006s to delete old logs.
LogInit: Presizing for max 8388607 objects, including 0 objects not considered by GC, pre-allocating 0 bytes for permanent pool.
LogInit: Object subsystem initialized
[2018.08.16-04.31.47:733][  0]LogInit: Selected Device Profile: [Windows]
[2018.08.16-04.31.47:733][  0]LogInit: Applying CVar settings loaded from the selected device profile: [Windows]
[2018.08.16-04.31.47:774][  0]LogInit: Computer: DESKTOP-KQUM2EF
[2018.08.16-04.31.47:774][  0]LogInit: User: Mahir
[2018.08.16-04.31.47:774][  0]LogInit: CPU Page size=4096, Cores=4
[2018.08.16-04.31.47:774][  0]LogInit: High frequency timer resolution =2.742191 MHz
[2018.08.16-04.31.47:774][  0]LogMemory: Memory total: Physical=16.0GB (16GB approx)
[2018.08.16-04.31.47:774][  0]LogMemory: Platform Memory Stats for Windows
[2018.08.16-04.31.47:774][  0]LogMemory: Process Physical Memory: 275.26 MB used, 275.26 MB peak
[2018.08.16-04.31.47:774][  0]LogMemory: Process Virtual Memory: 264.74 MB used, 264.74 MB peak
[2018.08.16-04.31.47:774][  0]LogMemory: Physical Memory: 5392.81 MB used,  10949.55 MB free, 16342.36 MB total
[2018.08.16-04.31.47:774][  0]LogMemory: Virtual Memory: 4794.22 MB used,  10949.55 MB free, 134217728.00 MB total
[2018.08.16-04.31.47:814][  0]LogInit: Using OS detected language (tr-TR).
[2018.08.16-04.31.47:814][  0]LogInit: Using OS detected locale (tr-TR).
[2018.08.16-04.31.47:881][  0]LogTextLocalizationManager: No localization for 'tr-TR' exists, so 'en' will be used for the language.
[2018.08.16-04.31.48:329][  0]LogStreaming: Display: Took  0.516s to EndInitTextLocalization.
[2018.08.16-04.31.48:329][  0]LogInit: Setting process to per monitor DPI aware
[2018.08.16-04.31.48:431][  0]LogSlate: New Slate User Created.  User Index 0, Is Virtual User: 0
[2018.08.16-04.31.48:431][  0]LogSlate: Slate User Registered.  User Index 0, Is Virtual User: 0
[2018.08.16-04.31.50:904][  0]LogD3D11RHI: D3D11 adapters:
[2018.08.16-04.31.50:987][  0]LogD3D11RHI:    0. 'NVIDIA GeForce GTX 1070' (Feature Level 11_0)
[2018.08.16-04.31.50:987][  0]LogD3D11RHI:       8081/0/8171 MB DedicatedVideo/DedicatedSystem/SharedSystem, Outputs:2, VendorId:0x10de
[2018.08.16-04.31.50:989][  0]LogD3D11RHI:    1. 'Microsoft Basic Render Driver' (Feature Level 11_0)
[2018.08.16-04.31.50:990][  0]LogD3D11RHI:       0/0/8171 MB DedicatedVideo/DedicatedSystem/SharedSystem, Outputs:0, VendorId:0x1414
[2018.08.16-04.31.50:990][  0]LogD3D11RHI: Chosen D3D11 Adapter: 0
[2018.08.16-04.31.50:997][  0]LogD3D11RHI: Creating new Direct3DDevice
[2018.08.16-04.31.50:997][  0]LogD3D11RHI:     GPU DeviceId: 0x1be1 (for the marketing name, search the web for "GPU Device Id")
[2018.08.16-04.31.50:997][  0]LogWindows: EnumDisplayDevices:
[2018.08.16-04.31.50:997][  0]LogWindows:    0. 'NVIDIA GeForce GTX 1070' (P:1 D:1)
[2018.08.16-04.31.50:997][  0]LogWindows:    1. 'NVIDIA GeForce GTX 1070' (P:0 D:1)
[2018.08.16-04.31.50:998][  0]LogWindows:    2. 'NVIDIA GeForce GTX 1070' (P:0 D:0)
[2018.08.16-04.31.50:998][  0]LogWindows:    3. 'NVIDIA GeForce GTX 1070' (P:0 D:0)
[2018.08.16-04.31.50:998][  0]LogWindows: DebugString: GetVideoDriverDetailsInvalid PrimaryIsNotTheChoosenAdapter GetVideoDriverDetailsInvalid PrimaryIsNotTheChoosenAdapter GetVideoDriverDetailsInvalid PrimaryIsNotTheChoosenAdapter GetVideoDriverDetailsInvalid PrimaryIsNotTheChoosenAdapter FoundDriverCount:0 
[2018.08.16-04.31.50:998][  0]LogD3D11RHI:     Adapter Name: NVIDIA GeForce GTX 1070
[2018.08.16-04.31.50:998][  0]LogD3D11RHI:   Driver Version: Unknown (internal:Unknown, unified:Unknown)
[2018.08.16-04.31.50:998][  0]LogD3D11RHI:      Driver Date: Unknown
[2018.08.16-04.31.50:998][  0]LogRHI: Texture pool is 5656 MB (70% of 8081 MB)
[2018.08.16-04.31.51:042][  0]LogD3D11RHI: [Aftermath] Aftermath enabled and primed
[2018.08.16-04.31.51:043][  0]LogD3D11RHI: [Aftermath] Aftermath enabled and primed
[2018.08.16-04.31.51:043][  0]LogD3D11RHI: Async texture creation enabled
[2018.08.16-04.31.51:077][  0]LogD3D11RHI: GPU Timing Frequency: 1000.000000 (Debug: 2 2)
[2018.08.16-04.31.51:171][  0]LogShaderCompilers: Guid format shader working directory is -13 characters bigger than the processId version (../../../../../../Users/Mahir/Documents/GitHub/VogsAmIFree/Intermediate/Shaders/WorkingDirectory/16480/).
[2018.08.16-04.31.51:171][  0]LogShaderCompilers: Cleaned the shader compiler working directory 'C:/Users/Mahir/AppData/Local/Temp/UnrealShaderWorkingDir/92484CF549978255C0F51A96AB8A3B44/'.
[2018.08.16-04.31.51:845][  0]LogTemp: Display: Loaded TP AllDesktopTargetPlatform
[2018.08.16-04.31.51:860][  0]LogTemp: Display: Loaded TP MacClientTargetPlatform
[2018.08.16-04.31.51:875][  0]LogTemp: Display: Loaded TP MacNoEditorTargetPlatform
[2018.08.16-04.31.51:890][  0]LogTemp: Display: Loaded TP MacServerTargetPlatform
[2018.08.16-04.31.51:910][  0]LogTemp: Display: Loaded TP MacTargetPlatform
[2018.08.16-04.31.51:925][  0]LogTemp: Display: Loaded TP WindowsClientTargetPlatform
[2018.08.16-04.31.51:940][  0]LogTemp: Display: Loaded TP WindowsNoEditorTargetPlatform
[2018.08.16-04.31.51:956][  0]LogTemp: Display: Loaded TP WindowsServerTargetPlatform
[2018.08.16-04.31.51:966][  0]LogTemp: Display: Loaded TP WindowsTargetPlatform
[2018.08.16-04.31.51:979][  0]LogTemp: Display: Loaded TP Android_ASTCTargetPlatform
[2018.08.16-04.31.51:992][  0]LogTemp: Display: Loaded TP Android_ATCTargetPlatform
[2018.08.16-04.31.52:005][  0]LogTemp: Display: Loaded TP Android_DXTTargetPlatform
[2018.08.16-04.31.52:019][  0]LogTemp: Display: Loaded TP Android_ETC1aTargetPlatform
[2018.08.16-04.31.52:034][  0]LogTemp: Display: Loaded TP Android_ETC1TargetPlatform
[2018.08.16-04.31.52:050][  0]LogTemp: Display: Loaded TP Android_ETC2TargetPlatform
[2018.08.16-04.31.52:076][  0]LogTemp: Display: Loaded TP Android_MultiTargetPlatform
[2018.08.16-04.31.52:077][  0]LogTemp: Display: Loaded TP Android_PVRTCTargetPlatform
[2018.08.16-04.31.52:095][  0]LogTemp: Display: Loaded TP AndroidTargetPlatform
[2018.08.16-04.31.52:097][  0]LogTemp: Display: Loaded TP HTML5TargetPlatform
[2018.08.16-04.31.52:144][  0]LogTemp: Display: Loaded TP IOSTargetPlatform
[2018.08.16-04.31.52:157][  0]LogTemp: Display: Loaded TP TVOSTargetPlatform
[2018.08.16-04.31.52:170][  0]LogTemp: Display: Loaded TP LinuxClientTargetPlatform
[2018.08.16-04.31.52:183][  0]LogTemp: Display: Loaded TP LinuxNoEditorTargetPlatform
[2018.08.16-04.31.52:196][  0]LogTemp: Display: Loaded TP LinuxServerTargetPlatform
[2018.08.16-04.31.52:214][  0]LogTemp: Display: Loaded TP LinuxTargetPlatform
[2018.08.16-04.31.52:214][  0]LogTargetPlatformManager: Display: Building Assets For Windows
[2018.08.16-04.31.52:385][  0]LogXGEController: Cleaning working directory: C:/Users/Mahir/AppData/Local/Temp/UnrealXGEWorkingDir/
[2018.08.16-04.31.52:385][  0]LogXGEController: Cannot use XGE Controller as Incredibuild is not installed on this machine.
[2018.08.16-04.31.52:385][  0]LogShaderCompilers: Cannot use XGE Shader Compiler as Incredibuild is not installed on this machine.
[2018.08.16-04.31.52:386][  0]LogShaderCompilers: Display: Using Local Shader Compiler.
[2018.08.16-04.31.54:488][  0]LogDerivedDataCache: Display: Max Cache Size: 512 MB
[2018.08.16-04.31.55:861][  0]LogDerivedDataCache: Loaded boot cache 1.37s 74MB C:/Users/Mahir/AppData/Local/UnrealEngine/4.19/DerivedDataCache/Boot.ddc.
[2018.08.16-04.31.55:861][  0]LogDerivedDataCache: Display: Loaded Boot cache: C:/Users/Mahir/AppData/Local/UnrealEngine/4.19/DerivedDataCache/Boot.ddc
[2018.08.16-04.31.55:861][  0]LogDerivedDataCache: FDerivedDataBackendGraph:  Pak pak cache file ../../../../../../Users/Mahir/Documents/GitHub/VogsAmIFree/DerivedDataCache/DDC.ddp not found, will not use a pak cache.
[2018.08.16-04.31.55:861][  0]LogDerivedDataCache: Unable to find inner node Pak for hierarchical cache Hierarchy.
[2018.08.16-04.31.55:862][  0]LogDerivedDataCache: FDerivedDataBackendGraph:  CompressedPak pak cache file ../../../../../../Users/Mahir/Documents/GitHub/VogsAmIFree/DerivedDataCache/Compressed.ddp not found, will not use a pak cache.
[2018.08.16-04.31.55:862][  0]LogDerivedDataCache: Unable to find inner node CompressedPak for hierarchical cache Hierarchy.
[2018.08.16-04.31.55:877][  0]LogDerivedDataCache: Display: Pak cache opened for reading ../../../Engine/DerivedDataCache/Compressed.ddp.
[2018.08.16-04.31.55:892][  0]LogDerivedDataCache: Using Local data cache path C:/Users/Mahir/AppData/Local/UnrealEngine/Common/DerivedDataCache: Writable
[2018.08.16-04.31.55:892][  0]LogDerivedDataCache: Shared data cache path not found in *engine.ini, will not use an Shared cache.
[2018.08.16-04.31.55:892][  0]LogDerivedDataCache: Unable to find inner node Shared for hierarchical cache Hierarchy.
[2018.08.16-04.31.55:903][  0]LogMaterial: Verifying Global Shaders for PCD3D_SM5
[2018.08.16-04.31.55:903][  0]LogSlate: Using Freetype 2.6.0
[2018.08.16-04.31.55:917][  0]LogSlate: SlateFontCache - WITH_FREETYPE: 1, WITH_HARFBUZZ: 1
[2018.08.16-04.31.55:917][  0]LogSlate: SlateFontCache - WITH_FREETYPE: 1, WITH_HARFBUZZ: 1
[2018.08.16-04.31.56:434][  0]LogAssetRegistry: FAssetRegistry took 0.0269 seconds to start up
[2018.08.16-04.31.56:762][  0]LogInit: Selected Device Profile: [Windows]
[2018.08.16-04.31.56:940][  0]LogSimplygon: Simplygon DLL not present - disabling.
[2018.08.16-04.31.56:944][  0]LogMeshReduction: Using SimplygonSwarm for distributed automatic mesh merging
[2018.08.16-04.31.56:944][  0]LogMeshReduction: Using QuadricMeshReduction for automatic static mesh reduction
[2018.08.16-04.31.56:944][  0]LogMeshReduction: No automatic skeletal mesh reduction module available
[2018.08.16-04.31.56:944][  0]LogMeshReduction: No automatic mesh merging module available
[2018.08.16-04.31.56:944][  0]LogMeshMerging: No automatic mesh merging module available
[2018.08.16-04.31.56:995][  0]LogNetVersion: Am_i_Free , NetCL: 3944462, EngineNetVer: 2, GameNetVer: 0 (Checksum: 3243282978)
[2018.08.16-04.31.57:497][  0]LogPackageLocalizationCache: Processed 9 localized package path(s) for 1 prioritized culture(s) in 0.073930 seconds
[2018.08.16-04.31.57:503][  0]LogUObjectArray: 36728 objects as part of root set at end of initial load.
[2018.08.16-04.31.57:503][  0]LogUObjectAllocator: 7314304 out of 0 bytes used by permanent object pool.
[2018.08.16-04.31.57:503][  0]LogUObjectArray: CloseDisregardForGC: 0/0 objects in disregard for GC pool
[2018.08.16-04.32.04:215][  0]LogSubstanceCoreModule: Substance [CPU] Engine Loaded, Max Texture Size = 2048
[2018.08.16-04.32.04:255][  0]LogTcpMessaging: Initializing TcpMessaging bridge
[2018.08.16-04.32.04:297][  0]LogUdpMessaging: Initializing bridge on interface 0.0.0.0:0 to multicast group 230.0.0.1:6666.
[2018.08.16-04.32.04:938][  0]SourceControl: Source control is disabled
[2018.08.16-04.32.04:938][  0]SourceControl: Source control is disabled
[2018.08.16-04.32.04:967][  0]SourceControl: Source control is disabled
[2018.08.16-04.32.04:996][  0]SourceControl: Source control is disabled
[2018.08.16-04.32.05:751][  0]LogAndroidPermission: UAndroidPermissionCallbackProxy::GetInstance
[2018.08.16-04.32.06:040][  0]LogOcInput: OculusInput pre-init called
[2018.08.16-04.32.06:492][  0]LogEngine: Initializing Engine...
[2018.08.16-04.32.06:494][  0]LogHMD: Failed to initialize OpenVR with code 110
[2018.08.16-04.32.06:495][  0]LogStats: UGameplayTagsManager::ConstructGameplayTagTree: Construct from data asset -  0.000 s
[2018.08.16-04.32.06:496][  0]LogStats: UGameplayTagsManager::ConstructGameplayTagTree: GameplayTagTreeChangedEvent.Broadcast -  0.000 s
[2018.08.16-04.32.06:751][  0]LogAIModule: Creating AISystem for world Untitled
[2018.08.16-04.32.06:770][  0]LogInit: XAudio2 using 'Kulaklıklar (2- SteelSeries Siberia 150)' : 2 channels at 48 kHz using 16 bits per sample (channel mask 0x3)
[2018.08.16-04.32.06:831][  0]LogInit: FAudioDevice initialized.
[2018.08.16-04.32.07:184][  0]LogDerivedDataCache: Saved boot cache 0.35s 74MB C:/Users/Mahir/AppData/Local/UnrealEngine/4.19/DerivedDataCache/Boot.ddc.
[2018.08.16-04.32.07:193][  0]LogInit: Texture streaming: Enabled
[2018.08.16-04.32.07:218][  0]LogEngineSessionManager: EngineSessionManager initialized
[2018.08.16-04.32.07:238][  0]LogInit: Transaction tracking system initialized
[2018.08.16-04.32.07:272][  0]BlueprintLog: New page: Editor Load
[2018.08.16-04.32.07:405][  0]LocalizationService: Localization service is disabled
[2018.08.16-04.32.07:511][  0]LogLinker: Warning: Can't find file '/Game/FirstPersonBP/FirstPersonOverview'
[2018.08.16-04.32.07:511][  0]LogLinker: Warning: Can't find file '/Game/FirstPersonBP/FirstPersonOverview'
[2018.08.16-04.32.07:511][  0]LogUObjectGlobals: Warning: Failed to find object 'Class /Game/FirstPersonBP/FirstPersonOverview.FirstPersonOverview_C'
[2018.08.16-04.32.07:560][  0]LogConsoleResponse: Display: 
[2018.08.16-04.32.07:763][  0]LogCook: Display: Max memory allowance for cook 16384mb min free memory 0mb
[2018.08.16-04.32.07:763][  0]LogCook: Display: Mobile HDR setting 1
[2018.08.16-04.32.07:763][  0]LogGameplayTags: Display: UGameplayTagsManager::DoneAddingNativeTags. DelegateIsBound: 0
[2018.08.16-04.32.07:763][  0]LogStats: UGameplayTagsManager::ConstructGameplayTagTree: Construct from data asset -  0.000 s
[2018.08.16-04.32.07:763][  0]LogStats: UGameplayTagsManager::ConstructGameplayTagTree: GameplayTagTreeChangedEvent.Broadcast -  0.000 s
[2018.08.16-04.32.08:402][  0]LogFileCache: Scanning file cache for directory 'C:/Users/Mahir/Documents/GitHub/VogsAmIFree/Content/' took 0.02s
[2018.08.16-04.32.08:581][  0]SourceControl: Source control is disabled
[2018.08.16-04.32.08:581][  0]Cmd: MAP LOAD FILE="../../../../../../Users/Mahir/Documents/GitHub/VogsAmIFree/Content/map/Maps/Tech_demo.umap" TEMPLATE=0 SHOWPROGRESS=1 FEATURELEVEL=3
[2018.08.16-04.32.08:582][  0]LightingResults: New page: Lighting Build
[2018.08.16-04.32.08:586][  0]MapCheck: New page: Map Check
[2018.08.16-04.32.08:586][  0]LightingResults: New page: Lighting Build
[2018.08.16-04.32.08:657][  0]LogUObjectGlobals: Created PersistentFrame Addr=0x00000187089f5800, Size=304, Default__door_C Function /Game/My_Bp/door/door.door_C:ExecuteUbergraph_door
[2018.08.16-04.32.08:666][  0]LogUObjectGlobals: Destroyed PersistentFrame Addr=0x00000187089f5800, Size=304
[2018.08.16-04.32.08:666][  0]LogUObjectGlobals: Created PersistentFrame Addr=0x000001870863bd80, Size=304, Default__door_C Function /Engine/Transient.REINST_door_C_5:ExecuteUbergraph_door
[2018.08.16-04.32.08:673][  0]LogUObjectGlobals: Created PersistentFrame Addr=0x000001870863b4c0, Size=304, Default__door_C Function /Game/My_Bp/door/door.door_C:ExecuteUbergraph_door
[2018.08.16-04.32.08:683][  0]LogUObjectGlobals: Created PersistentFrame Addr=0x000001870863b380, Size=304, Default__lever_door_C Function /Game/My_Bp/door/lever_door.lever_door_C:ExecuteUbergraph_lever_door
[2018.08.16-04.32.08:691][  0]LogUObjectGlobals: Destroyed PersistentFrame Addr=0x000001870863b380, Size=304
[2018.08.16-04.32.08:691][  0]LogUObjectGlobals: Created PersistentFrame Addr=0x000001870863b380, Size=304, Default__lever_door_C Function /Engine/Transient.REINST_lever_door_C_7:ExecuteUbergraph_lever_door
[2018.08.16-04.32.08:698][  0]LogUObjectGlobals: Created PersistentFrame Addr=0x0000018708639f80, Size=304, Default__lever_door_C Function /Game/My_Bp/door/lever_door.lever_door_C:ExecuteUbergraph_lever_door
[2018.08.16-04.32.08:711][  0]LogUObjectGlobals: Created PersistentFrame Addr=0x00000187082f5bc0, Size=32, Default__BP_Hidable_Ceiling_Master_C Function /Game/My_Bp/hide_master/BP_Hidable_Ceiling_Master.BP_Hidable_Ceiling_Master_C:ExecuteUbergraph_BP_Hidable_Ceiling_Master
[2018.08.16-04.32.08:716][  0]LogUObjectGlobals: Destroyed PersistentFrame Addr=0x00000187082f5bc0, Size=32
[2018.08.16-04.32.08:716][  0]LogUObjectGlobals: Created PersistentFrame Addr=0x00000187082f5bc0, Size=32, Default__BP_Hidable_Ceiling_Master_C Function /Engine/Transient.REINST_BP_Hidable_Ceiling_Master_C_9:ExecuteUbergraph_BP_Hidable_Ceiling_Master
[2018.08.16-04.32.08:720][  0]LogUObjectGlobals: Created PersistentFrame Addr=0x0000018708393f80, Size=32, Default__BP_Hidable_Ceiling_Master_C Function /Game/My_Bp/hide_master/BP_Hidable_Ceiling_Master.BP_Hidable_Ceiling_Master_C:ExecuteUbergraph_BP_Hidable_Ceiling_Master
[2018.08.16-04.32.09:006][  0]LogUObjectGlobals: Created PersistentFrame Addr=0x00000187717f6c80, Size=120, Default__Tech_demo_C Function /Game/map/Maps/Tech_demo.Tech_demo_C:ExecuteUbergraph_Tech_demo
[2018.08.16-04.32.09:009][  0]LogUObjectGlobals: Destroyed PersistentFrame Addr=0x00000187717f6c80, Size=120
[2018.08.16-04.32.09:009][  0]LogUObjectGlobals: Created PersistentFrame Addr=0x00000187717f6c80, Size=120, Default__Tech_demo_C Function /Engine/Transient.REINST_Tech_demo_C_15:ExecuteUbergraph_Tech_demo
[2018.08.16-04.32.09:010][  0]LogUObjectGlobals: Created PersistentFrame Addr=0x00000187717f6200, Size=120, Default__Tech_demo_C Function /Game/map/Maps/Tech_demo.Tech_demo_C:ExecuteUbergraph_Tech_demo
[2018.08.16-04.32.12:143][  0]LogAIModule: Creating AISystem for world Tech_demo
[2018.08.16-04.32.12:416][  0]LogEditorServer: Finished looking for orphan Actors (0.000 secs)
[2018.08.16-04.32.12:430][  0]LogUObjectGlobals: Destroyed PersistentFrame Addr=0x000001870863bd80, Size=304
[2018.08.16-04.32.12:431][  0]LogUObjectGlobals: Destroyed PersistentFrame Addr=0x000001870863b380, Size=304
[2018.08.16-04.32.12:431][  0]LogUObjectGlobals: Destroyed PersistentFrame Addr=0x00000187082f5bc0, Size=32
[2018.08.16-04.32.12:431][  0]LogUObjectGlobals: Destroyed PersistentFrame Addr=0x00000187717f6c80, Size=120
[2018.08.16-04.32.12:431][  0]Cmd: MAP CHECKDEP NOCLEARLOG
[2018.08.16-04.32.12:584][  0]MapCheck: Map check complete: 0 Error(s), 0 Warning(s), took 152,163ms to complete.
[2018.08.16-04.32.12:584][  0]LogFileHelpers: Loading map 'Tech_demo' took 4.003
[2018.08.16-04.32.12:718][  0]LogCollectionManager: Loaded 0 collections in 0.002339 seconds
[2018.08.16-04.32.12:771][  0]LogFileCache: Scanning file cache for directory 'C:/Users/Mahir/Documents/GitHub/VogsAmIFree/Saved/Collections/' took 0.01s
[2018.08.16-04.32.12:771][  0]LogFileCache: Scanning file cache for directory 'C:/Users/Mahir/Documents/GitHub/VogsAmIFree/Content/Developers/Mahir/Collections/' took 0.01s
[2018.08.16-04.32.12:772][  0]LogFileCache: Scanning file cache for directory 'C:/Users/Mahir/Documents/GitHub/VogsAmIFree/Content/Collections/' took 0.01s
[2018.08.16-04.32.12:772][  0]LogCollectionManager: Rebuilt the GUID cache for 0 collections in 0.000000 seconds
[2018.08.16-04.32.12:781][  0]LogContentBrowser: Native class hierarchy populated in 0.0090 seconds. Added 2466 classes and 564 folders.
[2018.08.16-04.32.12:789][  0]LogContentBrowser: Native class hierarchy updated for 'WidgetCarousel' in 0.0003 seconds. Added 0 classes and 0 folders.
[2018.08.16-04.32.13:069][  0]LogContentBrowser: Native class hierarchy updated for 'AddContentDialog' in 0.0002 seconds. Added 0 classes and 0 folders.
[2018.08.16-04.32.13:139][  0]LogContentBrowser: Native class hierarchy updated for 'SceneOutliner' in 0.0002 seconds. Added 1 classes and 2 folders.
[2018.08.16-04.32.13:242][  0]LogContentBrowser: Native class hierarchy updated for 'HierarchicalLODOutliner' in 0.0002 seconds. Added 0 classes and 0 folders.
[2018.08.16-04.32.13:242][  0]LogLoad: (Engine Initialization) Total time: 30.54 seconds
[2018.08.16-04.32.13:242][  0]LogLoad: (Engine Initialization) Total Blueprint compile time: 0.00 seconds
[2018.08.16-04.32.13:279][  0]LogContentStreaming: Texture pool size now 1000 MB
[2018.08.16-04.32.13:318][  0]LogSlate: Took 0.037418 seconds to synchronously load lazily loaded font '../../../Engine/Content/Slate/Fonts/Roboto-Regular.ttf' (155K)
[2018.08.16-04.32.13:323][  0]LogSlate: Took 0.003621 seconds to synchronously load lazily loaded font '../../../Engine/Content/Slate/Fonts/Roboto-Bold.ttf' (160K)
[2018.08.16-04.32.13:333][  0]LogSlate: Took 0.008069 seconds to synchronously load lazily loaded font '../../../Engine/Content/Editor/Slate/Fonts/FontAwesome.ttf' (139K)
[2018.08.16-04.32.13:380][  0]LogSlate: Took 0.000281 seconds to synchronously load lazily loaded font '../../../Engine/Content/Slate/Fonts/Roboto-Light.ttf' (167K)
[2018.08.16-04.32.13:486][  1]LogSubstanceLiveLink: Warning: Unable to send data along socket, closing connection
[2018.08.16-04.32.13:522][  1]LogRenderer: Reallocating scene render targets to support 1024x1024 Format 10 NumSamples 1 (Frame:1).
[2018.08.16-04.32.13:623][  1]LogAssetRegistry: Asset discovery search completed in 17.2112 seconds
[2018.08.16-04.32.13:625][  1]LogCollectionManager: Rebuilt the object cache for 0 collections in 0.000000 seconds (found 0 objects)
[2018.08.16-04.32.13:625][  1]LogCollectionManager: Fixed up redirectors for 0 collections in 0.000096 seconds (updated 0 objects)
[2018.08.16-04.32.21:645][ 81]LogSlate: FSceneViewport::OnFocusLost() reason 0
[2018.08.16-04.32.21:770][ 88]LogTemp: Repeating last play command: New Editor Window (PIE)
[2018.08.16-04.32.21:789][ 88]LogBlueprintUserMessages: Early PlayInEditor Detection: Level '/Game/map/Maps/Tech_demo.Tech_demo:PersistentLevel' has LevelScriptBlueprint '/Game/map/Maps/Tech_demo.Tech_demo:PersistentLevel.Tech_demo' with GeneratedClass '/Game/map/Maps/Tech_demo.Tech_demo_C' with ClassGeneratedBy '/Game/map/Maps/Tech_demo.Tech_demo:PersistentLevel.Tech_demo'
[2018.08.16-04.32.21:789][ 88]LogPlayLevel: PlayLevel: No blueprints needed recompiling
[2018.08.16-04.32.21:790][ 88]PIE: New page: PIE session: Tech_demo (16 Ağu 2018 10:32:21)
[2018.08.16-04.32.21:790][ 88]LogPlayLevel: Creating play world package: /Game/map/Maps/UEDPIE_0_Tech_demo
[2018.08.16-04.32.21:809][ 88]LogPlayLevel: PIE: StaticDuplicateObject took: (0.019081s)
[2018.08.16-04.32.21:810][ 88]LogAIModule: Creating AISystem for world Tech_demo
[2018.08.16-04.32.21:811][ 88]LogPlayLevel: PIE: World Init took: (0.001141s)
[2018.08.16-04.32.21:811][ 88]LogPlayLevel: PIE: Created PIE world by copying editor world from /Game/map/Maps/Tech_demo.Tech_demo to /Game/map/Maps/UEDPIE_0_Tech_demo.Tech_demo (0.020530s)
[2018.08.16-04.32.21:835][ 88]LogInit: XAudio2 using 'Kulaklıklar (2- SteelSeries Siberia 150)' : 2 channels at 48 kHz using 16 bits per sample (channel mask 0x3)
[2018.08.16-04.32.21:869][ 88]LogInit: FAudioDevice initialized.
[2018.08.16-04.32.21:993][ 88]LogUObjectGlobals: Created PersistentFrame Addr=0x0000018786401b00, Size=64, Default__ThirdPerson_AnimBP_C Function /Game/Mannequin/Animations/ThirdPerson_AnimBP.ThirdPerson_AnimBP_C:ExecuteUbergraph_ThirdPerson_AnimBP
[2018.08.16-04.32.22:003][ 88]LogUObjectGlobals: Destroyed PersistentFrame Addr=0x0000018786401b00, Size=64
[2018.08.16-04.32.22:003][ 88]LogUObjectGlobals: Created PersistentFrame Addr=0x0000018786401b80, Size=64, Default__ThirdPerson_AnimBP_C Function /Engine/Transient.REINST_ThirdPerson_AnimBP_C_0:ExecuteUbergraph_ThirdPerson_AnimBP
[2018.08.16-04.32.22:010][ 88]LogUObjectGlobals: Created PersistentFrame Addr=0x0000018776d8f240, Size=72, Default__ThirdPerson_AnimBP_C Function /Game/Mannequin/Animations/ThirdPerson_AnimBP.ThirdPerson_AnimBP_C:ExecuteUbergraph_ThirdPerson_AnimBP
[2018.08.16-04.32.22:017][ 88]LogUObjectGlobals: Created PersistentFrame Addr=0x0000018776e28a80, Size=32, Default__BP_Hidable_Master_C Function /Game/My_Bp/hide_master/BP_Hidable_Master.BP_Hidable_Master_C:ExecuteUbergraph_BP_Hidable_Master
[2018.08.16-04.32.22:022][ 88]LogUObjectGlobals: Destroyed PersistentFrame Addr=0x0000018776e28a80, Size=32
[2018.08.16-04.32.22:022][ 88]LogUObjectGlobals: Created PersistentFrame Addr=0x0000018776d7a8a0, Size=32, Default__BP_Hidable_Master_C Function /Engine/Transient.REINST_BP_Hidable_Master_C_18:ExecuteUbergraph_BP_Hidable_Master
[2018.08.16-04.32.22:026][ 88]LogUObjectGlobals: Created PersistentFrame Addr=0x0000018776d78b40, Size=32, Default__BP_Hidable_Master_C Function /Game/My_Bp/hide_master/BP_Hidable_Master.BP_Hidable_Master_C:ExecuteUbergraph_BP_Hidable_Master
[2018.08.16-04.32.22:071][ 88]LogUObjectGlobals: Created PersistentFrame Addr=0x0000018786095300, Size=672, Default__ThirdPersonCharacter_C Function /Game/ThirdPersonBP/Blueprints/ThirdPersonCharacter.ThirdPersonCharacter_C:ExecuteUbergraph_ThirdPersonCharacter
[2018.08.16-04.32.22:079][ 88]LogUObjectGlobals: Destroyed PersistentFrame Addr=0x0000018786095300, Size=672
[2018.08.16-04.32.22:079][ 88]LogUObjectGlobals: Created PersistentFrame Addr=0x0000018776ebab00, Size=672, Default__ThirdPersonCharacter_C Function /Engine/Transient.REINST_ThirdPersonCharacter_C_20:ExecuteUbergraph_ThirdPersonCharacter
[2018.08.16-04.32.22:084][ 88]LogUObjectGlobals: Created PersistentFrame Addr=0x0000018776eb9600, Size=672, Default__ThirdPersonCharacter_C Function /Game/ThirdPersonBP/Blueprints/ThirdPersonCharacter.ThirdPersonCharacter_C:ExecuteUbergraph_ThirdPersonCharacter
[2018.08.16-04.32.22:089][ 88]LogUObjectGlobals: Created PersistentFrame Addr=0x0000018776ec3a20, Size=16, Default__ThirdPersonGameMode_C Function /Game/ThirdPersonBP/Blueprints/ThirdPersonGameMode.ThirdPersonGameMode_C:ExecuteUbergraph_ThirdPersonGameMode
[2018.08.16-04.32.22:090][ 88]LogUObjectGlobals: Destroyed PersistentFrame Addr=0x0000018776ec3a20, Size=16
[2018.08.16-04.32.22:090][ 88]LogUObjectGlobals: Created PersistentFrame Addr=0x0000018776ec3a20, Size=16, Default__ThirdPersonGameMode_C Function /Engine/Transient.REINST_ThirdPersonGameMode_C_22:ExecuteUbergraph_ThirdPersonGameMode
[2018.08.16-04.32.22:091][ 88]LogUObjectGlobals: Created PersistentFrame Addr=0x0000018776ec3630, Size=16, Default__ThirdPersonGameMode_C Function /Game/ThirdPersonBP/Blueprints/ThirdPersonGameMode.ThirdPersonGameMode_C:ExecuteUbergraph_ThirdPersonGameMode
[2018.08.16-04.32.22:165][ 88]LogSkeletalMesh: Skeletal Mesh found in DDC [10.994858ms] /Game/Mannequin/Character/Mesh/SK_Mannequin.SK_Mannequin
[2018.08.16-04.32.22:195][ 88]LogLoad: Game class is 'ThirdPersonGameMode_C'
[2018.08.16-04.32.22:284][ 88]LogWorld: Bringing World /Game/map/Maps/UEDPIE_0_Tech_demo.Tech_demo up for play (max tick rate 60) at 2018.08.16-07.32.22
[2018.08.16-04.32.22:286][ 88]LogWorld: Bringing up level for play took: 0.088976
[2018.08.16-04.32.22:291][ 88]LogContentBrowser: Native class hierarchy updated for 'MovieSceneCapture' in 0.0003 seconds. Added 11 classes and 0 folders.
[2018.08.16-04.32.22:298][ 88]PIE: Play in editor start time for /Game/map/Maps/UEDPIE_0_Tech_demo 0,27
[2018.08.16-04.32.22:299][ 88]LogBlueprintUserMessages: Late PlayInEditor Detection: Level '/Game/map/Maps/Tech_demo.Tech_demo:PersistentLevel' has LevelScriptBlueprint '/Game/map/Maps/Tech_demo.Tech_demo:PersistentLevel.Tech_demo' with GeneratedClass '/Game/map/Maps/Tech_demo.Tech_demo_C' with ClassGeneratedBy '/Game/map/Maps/Tech_demo.Tech_demo:PersistentLevel.Tech_demo'
[2018.08.16-04.32.22:342][ 88]LogRenderer: Reallocating scene render targets to support 1292x1024 Format 10 NumSamples 1 (Frame:1).
[2018.08.16-04.32.25:681][286]LogBlueprintUserMessages: Early EndPlayMap Detection: Level '/Game/map/Maps/Tech_demo.Tech_demo:PersistentLevel' has LevelScriptBlueprint '/Game/map/Maps/Tech_demo.Tech_demo:PersistentLevel.Tech_demo' with GeneratedClass '/Game/map/Maps/Tech_demo.Tech_demo_C' with ClassGeneratedBy '/Game/map/Maps/Tech_demo.Tech_demo:PersistentLevel.Tech_demo'
[2018.08.16-04.32.25:701][286]LogSlate: Window 'Am_i_Free Game Preview Standalone (64-bit/PCD3D_SM5)' being destroyed
[2018.08.16-04.32.25:760][286]LogBlueprintUserMessages: Late EndPlayMap Detection: Level '/Game/map/Maps/Tech_demo.Tech_demo:PersistentLevel' has LevelScriptBlueprint '/Game/map/Maps/Tech_demo.Tech_demo:PersistentLevel.Tech_demo' with GeneratedClass '/Game/map/Maps/Tech_demo.Tech_demo_C' with ClassGeneratedBy '/Game/map/Maps/Tech_demo.Tech_demo:PersistentLevel.Tech_demo'
[2018.08.16-04.32.25:776][286]LogUObjectGlobals: Destroyed PersistentFrame Addr=0x0000018786401b80, Size=64
[2018.08.16-04.32.25:777][286]LogUObjectGlobals: Destroyed PersistentFrame Addr=0x0000018776d7a8a0, Size=32
[2018.08.16-04.32.25:777][286]LogUObjectGlobals: Destroyed PersistentFrame Addr=0x0000018776ebab00, Size=672
[2018.08.16-04.32.25:777][286]LogUObjectGlobals: Destroyed PersistentFrame Addr=0x0000018776ec3a20, Size=16
[2018.08.16-04.32.26:460][326]LogEditorViewport: Clicking on Actor (LMB): StaticMeshActor (StaticMesh)
[2018.08.16-04.32.39:687][ 65]LogSlate: FSceneViewport::OnFocusLost() reason 0
[2018.08.16-04.32.39:770][ 70]LogTemp: Repeating last play command: New Editor Window (PIE)
[2018.08.16-04.32.39:790][ 70]LogBlueprintUserMessages: Early PlayInEditor Detection: Level '/Game/map/Maps/Tech_demo.Tech_demo:PersistentLevel' has LevelScriptBlueprint '/Game/map/Maps/Tech_demo.Tech_demo:PersistentLevel.Tech_demo' with GeneratedClass '/Game/map/Maps/Tech_demo.Tech_demo_C' with ClassGeneratedBy '/Game/map/Maps/Tech_demo.Tech_demo:PersistentLevel.Tech_demo'
[2018.08.16-04.32.39:790][ 70]LogPlayLevel: PlayLevel: No blueprints needed recompiling
[2018.08.16-04.32.39:791][ 70]PIE: New page: PIE session: Tech_demo (16 Ağu 2018 10:32:39)
[2018.08.16-04.32.39:791][ 70]LogPlayLevel: Creating play world package: /Game/map/Maps/UEDPIE_0_Tech_demo
[2018.08.16-04.32.39:803][ 70]LogPlayLevel: PIE: StaticDuplicateObject took: (0.013053s)
[2018.08.16-04.32.39:804][ 70]LogAIModule: Creating AISystem for world Tech_demo
[2018.08.16-04.32.39:804][ 70]LogPlayLevel: PIE: World Init took: (0.001271s)
[2018.08.16-04.32.39:806][ 70]LogPlayLevel: PIE: Created PIE world by copying editor world from /Game/map/Maps/Tech_demo.Tech_demo to /Game/map/Maps/UEDPIE_0_Tech_demo.Tech_demo (0.014644s)
[2018.08.16-04.32.39:831][ 70]LogInit: XAudio2 using 'Kulaklıklar (2- SteelSeries Siberia 150)' : 2 channels at 48 kHz using 16 bits per sample (channel mask 0x3)
[2018.08.16-04.32.39:868][ 70]LogInit: FAudioDevice initialized.
[2018.08.16-04.32.39:941][ 70]LogLoad: Game class is 'ThirdPersonGameMode_C'
[2018.08.16-04.32.40:027][ 70]LogWorld: Bringing World /Game/map/Maps/UEDPIE_0_Tech_demo.Tech_demo up for play (max tick rate 60) at 2018.08.16-07.32.40
[2018.08.16-04.32.40:030][ 70]LogWorld: Bringing up level for play took: 0.088344
[2018.08.16-04.32.40:037][ 70]PIE: Play in editor start time for /Game/map/Maps/UEDPIE_0_Tech_demo 0,009
[2018.08.16-04.32.40:038][ 70]LogBlueprintUserMessages: Late PlayInEditor Detection: Level '/Game/map/Maps/Tech_demo.Tech_demo:PersistentLevel' has LevelScriptBlueprint '/Game/map/Maps/Tech_demo.Tech_demo:PersistentLevel.Tech_demo' with GeneratedClass '/Game/map/Maps/Tech_demo.Tech_demo_C' with ClassGeneratedBy '/Game/map/Maps/Tech_demo.Tech_demo:PersistentLevel.Tech_demo'
[2018.08.16-04.32.41:404][148]LogBlueprintUserMessages: Early EndPlayMap Detection: Level '/Game/map/Maps/Tech_demo.Tech_demo:PersistentLevel' has LevelScriptBlueprint '/Game/map/Maps/Tech_demo.Tech_demo:PersistentLevel.Tech_demo' with GeneratedClass '/Game/map/Maps/Tech_demo.Tech_demo_C' with ClassGeneratedBy '/Game/map/Maps/Tech_demo.Tech_demo:PersistentLevel.Tech_demo'
[2018.08.16-04.32.41:425][148]LogSlate: Window 'Am_i_Free Game Preview Standalone (64-bit/PCD3D_SM5)' being destroyed
[2018.08.16-04.32.41:483][148]LogBlueprintUserMessages: Late EndPlayMap Detection: Level '/Game/map/Maps/Tech_demo.Tech_demo:PersistentLevel' has LevelScriptBlueprint '/Game/map/Maps/Tech_demo.Tech_demo:PersistentLevel.Tech_demo' with GeneratedClass '/Game/map/Maps/Tech_demo.Tech_demo_C' with ClassGeneratedBy '/Game/map/Maps/Tech_demo.Tech_demo:PersistentLevel.Tech_demo'
[2018.08.16-04.32.42:417][202]LogEditorViewport: Clicking on Actor (LMB): BP_Hidable_Ceiling_Master_C (start room roof)
[2018.08.16-04.32.44:257][298]LogEditorViewport: Clicking on Actor (LMB): StaticMeshActor (StaticMesh)
[2018.08.16-04.32.46:532][419]LogSlate: FSceneViewport::OnFocusLost() reason 0
[2018.08.16-04.33.21:297][320]Cmd: CAMERA ALIGN ACTIVEVIEWPORTONLY
[2018.08.16-04.33.48:652][849]LogEditorViewport: Clicking on Actor (LMB): StaticMeshActor (StaticMesh)
[2018.08.16-04.33.54:280][171]LogSlate: FSceneViewport::OnFocusLost() reason 0
[2018.08.16-04.33.54:958][211]LogSlate: Took 0.000434 seconds to synchronously load lazily loaded font '../../../Engine/Content/Slate/Fonts/Roboto-Light.ttf' (167K)
[2018.08.16-04.33.54:972][211]LogMaterial: Missing cached shader map for material Mat_Body, compiling. 
[2018.08.16-04.33.55:367][211]LogMaterial: Missing cached shader map for material Mat_Body, compiling. 
[2018.08.16-04.33.55:388][211]LogMaterial: Missing cached shader map for material Mat_Body, compiling. 
[2018.08.16-04.33.55:418][211]LogShaderCompilers: Display: Shaders left to compile 48
[2018.08.16-04.33.55:418][211]LogShaderCompilers: Display: Shaders left to compile 47
[2018.08.16-04.33.55:418][211]LogShaderCompilers: Display: Shaders left to compile 46
[2018.08.16-04.33.55:418][211]LogShaderCompilers: Display: Shaders left to compile 45
[2018.08.16-04.33.55:431][211]LogMaterial: Missing cached shader map for material FMatExpressionPreview MaterialExpressionTextureSampleParameter2D_4, compiling. 
[2018.08.16-04.33.55:436][211]LogMaterial: Missing cached shader map for material FMatExpressionPreview MaterialExpressionTextureSampleParameter2D_6, compiling. 
[2018.08.16-04.33.55:439][211]LogMaterial: Missing cached shader map for material FMatExpressionPreview MaterialExpressionTextureSampleParameter2D_3, compiling. 
[2018.08.16-04.33.55:444][211]LogMaterial: Missing cached shader map for material FMatExpressionPreview MaterialExpressionTextureSampleParameter2D_5, compiling. 
[2018.08.16-04.33.55:462][211]LogSlate: Took 0.006373 seconds to synchronously load lazily loaded font '../../../Engine/Content/Slate/Fonts/Roboto-BoldCondensed.ttf' (158K)
[2018.08.16-04.33.55:825][215]LogSlate: Took 0.000361 seconds to synchronously load lazily loaded font '../../../Engine/Content/Slate/Fonts/Roboto-Italic.ttf' (157K)
[2018.08.16-04.33.56:268][235]LogShaderCompilers: Display: Shaders left to compile 52
[2018.08.16-04.33.56:287][236]LogShaderCompilers: Display: Shaders left to compile 51
[2018.08.16-04.33.56:306][237]LogShaderCompilers: Display: Shaders left to compile 50
[2018.08.16-04.33.56:507][247]LogShaderCompilers: Display: Shaders left to compile 49
[2018.08.16-04.33.56:507][247]LogShaderCompilers: Display: Shaders left to compile 48
[2018.08.16-04.33.56:538][249]LogShaderCompilers: Display: Shaders left to compile 47
[2018.08.16-04.33.56:538][249]LogShaderCompilers: Display: Shaders left to compile 46
[2018.08.16-04.33.56:851][262]LogShaderCompilers: Display: Shaders left to compile 45
[2018.08.16-04.33.57:050][271]LogShaderCompilers: Display: Shaders left to compile 44
[2018.08.16-04.33.57:074][272]LogShaderCompilers: Display: Shaders left to compile 43
[2018.08.16-04.33.57:113][274]LogShaderCompilers: Display: Shaders left to compile 42
[2018.08.16-04.33.57:312][284]LogShaderCompilers: Display: Shaders left to compile 41
[2018.08.16-04.33.57:358][286]LogShaderCompilers: Display: Shaders left to compile 40
[2018.08.16-04.33.57:558][293]LogShaderCompilers: Display: Shaders left to compile 39
[2018.08.16-04.33.57:559][293]LogShaderCompilers: Display: Shaders left to compile 38
[2018.08.16-04.33.57:614][295]LogShaderCompilers: Display: Shaders left to compile 37
[2018.08.16-04.33.57:701][299]LogShaderCompilers: Display: Shaders left to compile 36
[2018.08.16-04.33.57:878][306]LogShaderCompilers: Display: Shaders left to compile 35
[2018.08.16-04.33.57:925][308]LogShaderCompilers: Display: Shaders left to compile 34
[2018.08.16-04.33.57:944][309]LogShaderCompilers: Display: Shaders left to compile 33
[2018.08.16-04.33.57:984][311]LogShaderCompilers: Display: Shaders left to compile 32
[2018.08.16-04.33.58:178][319]LogShaderCompilers: Display: Shaders left to compile 31
[2018.08.16-04.33.58:233][321]LogShaderCompilers: Display: Shaders left to compile 30
[2018.08.16-04.33.58:427][329]LogShaderCompilers: Display: Shaders left to compile 29
[2018.08.16-04.33.58:520][333]LogShaderCompilers: Display: Shaders left to compile 28
[2018.08.16-04.33.58:539][334]LogShaderCompilers: Display: Shaders left to compile 27
[2018.08.16-04.33.58:770][344]LogShaderCompilers: Display: Shaders left to compile 26
[2018.08.16-04.33.58:915][350]LogShaderCompilers: Display: Shaders left to compile 25
[2018.08.16-04.33.59:029][355]LogShaderCompilers: Display: Shaders left to compile 24
[2018.08.16-04.33.59:053][356]LogShaderCompilers: Display: Shaders left to compile 23
[2018.08.16-04.33.59:286][365]LogShaderCompilers: Display: Shaders left to compile 22
[2018.08.16-04.33.59:311][366]LogShaderCompilers: Display: Shaders left to compile 21
[2018.08.16-04.33.59:349][368]LogShaderCompilers: Display: Shaders left to compile 20
[2018.08.16-04.33.59:385][370]LogShaderCompilers: Display: Shaders left to compile 19
[2018.08.16-04.33.59:623][379]LogShaderCompilers: Display: Shaders left to compile 18
[2018.08.16-04.33.59:623][379]LogShaderCompilers: Display: Shaders left to compile 17
[2018.08.16-04.33.59:646][380]LogShaderCompilers: Display: Shaders left to compile 16
[2018.08.16-04.33.59:666][381]LogShaderCompilers: Display: Shaders left to compile 15
[2018.08.16-04.33.59:866][389]LogShaderCompilers: Display: Shaders left to compile 14
[2018.08.16-04.34.00:023][395]LogShaderCompilers: Display: Shaders left to compile 13
[2018.08.16-04.34.01:291][466]LogShaderCompilers: Display: Shaders left to compile 12
[2018.08.16-04.34.01:291][466]LogShaderCompilers: Display: Shaders left to compile 11
[2018.08.16-04.34.01:327][468]LogShaderCompilers: Display: Shaders left to compile 10
[2018.08.16-04.34.01:327][468]LogShaderCompilers: Display: Shaders left to compile 9
[2018.08.16-04.34.01:608][479]LogShaderCompilers: Display: Shaders left to compile 8
[2018.08.16-04.34.01:654][481]LogShaderCompilers: Display: Shaders left to compile 7
[2018.08.16-04.34.01:790][487]LogShaderCompilers: Display: Shaders left to compile 6
[2018.08.16-04.34.01:817][488]LogShaderCompilers: Display: Shaders left to compile 5
[2018.08.16-04.34.01:860][489]MaterialEditorStats: Base pass shader: 117 instructions
[2018.08.16-04.34.01:860][489]MaterialEditorStats: Base pass shader with Volumetric Lightmap: 193 instructions
[2018.08.16-04.34.01:860][489]MaterialEditorStats: Vertex shader: 38 instructions
[2018.08.16-04.34.01:860][489]MaterialEditorStats: Texture samplers: 6/16
[2018.08.16-04.34.01:860][489]MaterialEditorStats: User interpolators: 2/4 Scalars (1/4 Vectors) (TexCoords: 2, Custom: 0)
[2018.08.16-04.34.01:973][493]LogShaderCompilers: Display: Shaders left to compile 4
[2018.08.16-04.34.01:999][494]LogShaderCompilers: Display: Shaders left to compile 3
[2018.08.16-04.34.02:094][498]LogShaderCompilers: Display: Shaders left to compile 2
[2018.08.16-04.34.02:141][500]LogShaderCompilers: Display: Shaders left to compile 1
[2018.08.16-04.34.13:260][162]LogSlate: Window 'Mat_Body' being destroyed
[2018.08.16-04.34.38:211][607]LogEditorViewport: Clicking on Actor (LMB): StaticMeshActor (StaticMesh2)
[2018.08.16-04.34.45:013][986]Cmd: CAMERA ALIGN ACTIVEVIEWPORTONLY
[2018.08.16-04.34.55:357][577]LogSlate: FSceneViewport::OnFocusLost() reason 0
[2018.08.16-04.34.55:457][583]LogTemp: Repeating last play command: New Editor Window (PIE)
[2018.08.16-04.34.55:476][583]LogBlueprintUserMessages: Early PlayInEditor Detection: Level '/Game/map/Maps/Tech_demo.Tech_demo:PersistentLevel' has LevelScriptBlueprint '/Game/map/Maps/Tech_demo.Tech_demo:PersistentLevel.Tech_demo' with GeneratedClass '/Game/map/Maps/Tech_demo.Tech_demo_C' with ClassGeneratedBy '/Game/map/Maps/Tech_demo.Tech_demo:PersistentLevel.Tech_demo'
[2018.08.16-04.34.55:476][583]LogPlayLevel: PlayLevel: No blueprints needed recompiling
[2018.08.16-04.34.55:477][583]PIE: New page: PIE session: Tech_demo (16 Ağu 2018 10:34:55)
[2018.08.16-04.34.55:477][583]LogPlayLevel: Creating play world package: /Game/map/Maps/UEDPIE_0_Tech_demo
[2018.08.16-04.34.55:490][583]LogPlayLevel: PIE: StaticDuplicateObject took: (0.013510s)
[2018.08.16-04.34.55:491][583]LogAIModule: Creating AISystem for world Tech_demo
[2018.08.16-04.34.55:492][583]LogPlayLevel: PIE: World Init took: (0.001332s)
[2018.08.16-04.34.55:492][583]LogPlayLevel: PIE: Created PIE world by copying editor world from /Game/map/Maps/Tech_demo.Tech_demo to /Game/map/Maps/UEDPIE_0_Tech_demo.Tech_demo (0.015016s)
[2018.08.16-04.34.55:521][583]LogInit: XAudio2 using 'Kulaklıklar (2- SteelSeries Siberia 150)' : 2 channels at 48 kHz using 16 bits per sample (channel mask 0x3)
[2018.08.16-04.34.55:558][583]LogInit: FAudioDevice initialized.
[2018.08.16-04.34.55:630][583]LogLoad: Game class is 'ThirdPersonGameMode_C'
[2018.08.16-04.34.55:709][583]LogWorld: Bringing World /Game/map/Maps/UEDPIE_0_Tech_demo.Tech_demo up for play (max tick rate 60) at 2018.08.16-07.34.55
[2018.08.16-04.34.55:712][583]LogWorld: Bringing up level for play took: 0.080146
[2018.08.16-04.34.55:720][583]PIE: Play in editor start time for /Game/map/Maps/UEDPIE_0_Tech_demo -0,308
[2018.08.16-04.34.55:720][583]LogBlueprintUserMessages: Late PlayInEditor Detection: Level '/Game/map/Maps/Tech_demo.Tech_demo:PersistentLevel' has LevelScriptBlueprint '/Game/map/Maps/Tech_demo.Tech_demo:PersistentLevel.Tech_demo' with GeneratedClass '/Game/map/Maps/Tech_demo.Tech_demo_C' with ClassGeneratedBy '/Game/map/Maps/Tech_demo.Tech_demo:PersistentLevel.Tech_demo'
[2018.08.16-04.35.50:550][868]LogBlueprintUserMessages: Early EndPlayMap Detection: Level '/Game/map/Maps/Tech_demo.Tech_demo:PersistentLevel' has LevelScriptBlueprint '/Game/map/Maps/Tech_demo.Tech_demo:PersistentLevel.Tech_demo' with GeneratedClass '/Game/map/Maps/Tech_demo.Tech_demo_C' with ClassGeneratedBy '/Game/map/Maps/Tech_demo.Tech_demo:PersistentLevel.Tech_demo'
[2018.08.16-04.35.50:573][868]LogSlate: Window 'Am_i_Free Game Preview Standalone (64-bit/PCD3D_SM5)' being destroyed
[2018.08.16-04.35.50:641][868]LogBlueprintUserMessages: Late EndPlayMap Detection: Level '/Game/map/Maps/Tech_demo.Tech_demo:PersistentLevel' has LevelScriptBlueprint '/Game/map/Maps/Tech_demo.Tech_demo:PersistentLevel.Tech_demo' with GeneratedClass '/Game/map/Maps/Tech_demo.Tech_demo_C' with ClassGeneratedBy '/Game/map/Maps/Tech_demo.Tech_demo:PersistentLevel.Tech_demo'
[2018.08.16-04.35.53:762][ 41]Cmd: OBJ SAVEPACKAGE PACKAGE="/Game/map/Maps/Tech_demo" FILE="../../../../../../Users/Mahir/Documents/GitHub/VogsAmIFree/Content/map/Maps/Tech_demo.umap" SILENT=true AUTOSAVING=false KEEPDIRTY=false
[2018.08.16-04.35.53:808][ 41]LogUObjectGlobals: Destroyed PersistentFrame Addr=0x00000187717f6200, Size=120
[2018.08.16-04.35.53:808][ 41]LogUObjectGlobals: Created PersistentFrame Addr=0x0000018796611d00, Size=120, Default__Tech_demo_C Function /Engine/Transient.REINST_Tech_demo_C_26:ExecuteUbergraph_Tech_demo
[2018.08.16-04.35.53:810][ 41]LogUObjectGlobals: Created PersistentFrame Addr=0x0000018796611a80, Size=120, Default__Tech_demo_C Function /Game/map/Maps/Tech_demo.Tech_demo_C:ExecuteUbergraph_Tech_demo
[2018.08.16-04.35.54:124][ 41]LogSavePackage: Save=320.31ms
[2018.08.16-04.35.54:124][ 41]LogSavePackage: Moving '../../../../../../Users/Mahir/Documents/GitHub/VogsAmIFree/Saved/Tech_demo44E1FCE743529320BD8F87AE6D05CC2E.tmp' to '../../../../../../Users/Mahir/Documents/GitHub/VogsAmIFree/Content/map/Maps/Tech_demo.umap'
[2018.08.16-04.35.54:133][ 41]LogSavePackage: Display: Finished SavePackage ../../../../../../Users/Mahir/Documents/GitHub/VogsAmIFree/Content/map/Maps/Tech_demo.umap
[2018.08.16-04.35.54:182][ 41]LogFileHelpers: Saving map 'Tech_demo' took 0.581
[2018.08.16-04.36.00:453][410]LogUObjectGlobals: Destroyed PersistentFrame Addr=0x0000018796611d00, Size=120
[2018.08.16-04.36.03:953][414]UATHelper: Packaging (Windows (64-bit)): Running AutomationTool...
[2018.08.16-04.36.04:119][423]UATHelper: Packaging (Windows (64-bit)): Parsing command line: -ScriptsForProject=C:/Users/Mahir/Documents/GitHub/VogsAmIFree/Am_i_Free.uproject BuildCookRun -nocompile -nocompileeditor -installed -nop4 -project=C:/Users/Mahir/Documents/GitHub/VogsAmIFree/Am_i_Free.uproject -cook -stage -archive -archivedirectory="C:/Users/Mahir/Desktop/am i free" -package -clientconfig=Development -ue4exe=UE4Editor-Cmd.exe -pak -prereqs -nodebuginfo -targetplatform=Win64 -build -utf8output
[2018.08.16-04.36.04:366][438]UATHelper: Packaging (Windows (64-bit)): Setting up ProjectParams for C:\Users\Mahir\Documents\GitHub\VogsAmIFree\Am_i_Free.uproject
[2018.08.16-04.36.06:500][566]UATHelper: Packaging (Windows (64-bit)): ********** BUILD COMMAND STARTED **********
[2018.08.16-04.36.06:531][568]UATHelper: Packaging (Windows (64-bit)): Running: C:\Program Files\Epic Games\UE_4.19\Engine\Binaries\DotNET\UnrealBuildTool.exe Am_i_Free Win64 Development -Project=C:\Users\Mahir\Documents\GitHub\VogsAmIFree\Am_i_Free.uproject  C:\Users\Mahir\Documents\GitHub\VogsAmIFree\Am_i_Free.uproject -NoUBTMakefiles  -remoteini="C:\Users\Mahir\Documents\GitHub\VogsAmIFree" -skipdeploy -noxge -generatemanifest -NoHotReload
[2018.08.16-04.36.06:800][581]LogSlate: Took 0.014188 seconds to synchronously load lazily loaded font '../../../Engine/Content/Slate/Fonts/DroidSansMono.ttf' (77K)
[2018.08.16-04.36.06:899][582]UATHelper: Packaging (Windows (64-bit)):   Using 'git status' to determine working set for adaptive non-unity build.
[2018.08.16-04.36.08:412][673]UATHelper: Packaging (Windows (64-bit)): Took 1,8891274s to run UnrealBuildTool.exe, ExitCode=0
[2018.08.16-04.36.08:459][676]UATHelper: Packaging (Windows (64-bit)): Running: C:\Program Files\Epic Games\UE_4.19\Engine\Binaries\DotNET\UnrealBuildTool.exe Am_i_Free Win64 Development -Project=C:\Users\Mahir\Documents\GitHub\VogsAmIFree\Am_i_Free.uproject  C:\Users\Mahir\Documents\GitHub\VogsAmIFree\Am_i_Free.uproject -NoUBTMakefiles  -remoteini="C:\Users\Mahir\Documents\GitHub\VogsAmIFree" -skipdeploy -noxge -NoHotReload -ignorejunk
[2018.08.16-04.36.08:794][696]UATHelper: Packaging (Windows (64-bit)):   Using 'git status' to determine working set for adaptive non-unity build.
[2018.08.16-04.36.19:549][ 74]UATHelper: Packaging (Windows (64-bit)):   ERROR: Windows SDK v8.1 must be installed in order to build this target.
[2018.08.16-04.36.19:550][ 74]UATHelper: Packaging (Windows (64-bit)): Took 10,9082902s to run UnrealBuildTool.exe, ExitCode=5
[2018.08.16-04.36.19:550][ 74]UATHelper: Packaging (Windows (64-bit)): ERROR: Command failed (Result:5): C:\Program Files\Epic Games\UE_4.19\Engine\Binaries\DotNET\UnrealBuildTool.exe Am_i_Free Win64 Development -Project=C:\Users\Mahir\Documents\GitHub\VogsAmIFree\Am_i_Free.uproject  C:\Users\Mahir\Documents\GitHub\VogsAmIFree\Am_i_Free.uproject -NoUBTMakefiles  -remoteini="C:\Users\Mahir\Documents\GitHub\VogsAmIFree" -skipdeploy -noxge -NoHotReload -ignorejunk. See logfile for details: 'UnrealBuildTool-2018.08.16-07.36.08.txt' 
[2018.08.16-04.36.19:550][ 74]UATHelper: Packaging (Windows (64-bit)):        (see C:\Users\Mahir\AppData\Roaming\Unreal Engine\AutomationTool\Logs\C+Program+Files+Epic+Games+UE_4.19\UAT_Log.txt for full exception trace)
[2018.08.16-04.36.19:551][ 74]UATHelper: Packaging (Windows (64-bit)): AutomationTool exiting with ExitCode=5 (5)
[2018.08.16-04.36.19:551][ 74]UATHelper: Packaging (Windows (64-bit)): BUILD FAILED
[2018.08.16-04.36.19:551][ 74]PackagingResults: Error: Windows SDK v8.1 must be installed in order to build this target.
[2018.08.16-04.36.19:551][ 74]PackagingResults: Error: Command failed (Result:5): C:\Program Files\Epic Games\UE_4.19\Engine\Binaries\DotNET\UnrealBuildTool.exe Am_i_Free Win64 Development -Project=C:\Users\Mahir\Documents\GitHub\VogsAmIFree\Am_i_Free.uproject  C:\Users\Mahir\Documents\GitHub\VogsAmIFree\Am_i_Free.uproject -NoUBTMakefiles  -remoteini="C:\Users\Mahir\Documents\GitHub\VogsAmIFree" -skipdeploy -noxge -NoHotReload -ignorejunk. See logfile for details: 'UnrealBuildTool-2018.08.16-07.36.08.txt' 
[2018.08.16-04.36.19:552][ 74]PackagingResults: Error: Unknown Error
