Log file open, 08/19/18 20:03:57
LogWindows: Failed to load 'aqProf.dll' (GetLastError=126)
LogWindows: File 'aqProf.dll' does not exist
LogWindows: Failed to load 'VtuneApi.dll' (GetLastError=126)
LogWindows: File 'VtuneApi.dll' does not exist
LogWindows: Failed to load 'VtuneApi32e.dll' (GetLastError=126)
LogWindows: File 'VtuneApi32e.dll' does not exist
LogInit: Display: Running engine for game: Am_i_Free
LogPlatformFile: Not using cached read wrapper
LogInit: Display: RandInit(1140365967) SRandInit(1140365967).
LogInit: Read version file with build ID '3944462'
LogInit: Overriding engine version to CL 4033788, compatible CL 3944462
LogInit: Registered custom module enumerator with build ID '3944462'
LogTaskGraph: Started task graph with 5 named threads and 23 total threads with 3 sets of task threads.
LogStats: Stats thread started at 0.298738
LogD3D11RHI: Aftermath initialized
LogICUInternationalization: Display: ICU TimeZone Detection - Raw Offset: +2:00, Platform Override: ''
LogModuleManager: Display: Found up-to-date module file ../../../Engine/Plugins/Marketplace/Substance/Binaries/Win64/UE4Editor-SubstanceCore.dll (API version 3944462).
LogModuleManager: Display: Found up-to-date module file ../../../Engine/Plugins/Marketplace/Substance/Binaries/Win64/UE4Editor-SubstanceEditor.dll (API version 3944462).
LogModuleManager: Display: Found up-to-date module file ../../../Engine/Plugins/Marketplace/Substance/Binaries/Win64/UE4Editor-SubstanceSource.dll (API version 3944462).
LogModuleManager: Display: Found up-to-date module file ../../../Engine/Plugins/Marketplace/Substance/Binaries/Win64/UE4Editor-SubstanceLiveLink.dll (API version 3944462).
LogModuleManager: Display: Found up-to-date module file ../../../Engine/Plugins/2D/Paper2D/Binaries/Win64/UE4Editor-Paper2D.dll (API version 3944462).
LogModuleManager: Display: Found up-to-date module file ../../../Engine/Plugins/2D/Paper2D/Binaries/Win64/UE4Editor-Paper2DEditor.dll (API version 3944462).
LogModuleManager: Display: Found up-to-date module file ../../../Engine/Plugins/2D/Paper2D/Binaries/Win64/UE4Editor-PaperSpriteSheetImporter.dll (API version 3944462).
LogModuleManager: Display: Found up-to-date module file ../../../Engine/Plugins/2D/Paper2D/Binaries/Win64/UE4Editor-PaperTiledImporter.dll (API version 3944462).
LogModuleManager: Display: Found up-to-date module file ../../../Engine/Plugins/2D/Paper2D/Binaries/Win64/UE4Editor-SmartSnapping.dll (API version 3944462).
LogModuleManager: Display: Found up-to-date module file ../../../Engine/Plugins/Blendables/LightPropagationVolume/Binaries/Win64/UE4Editor-LightPropagationVolumeRuntime.dll (API version 3944462).
LogModuleManager: Display: Found up-to-date module file ../../../Engine/Plugins/Blendables/LightPropagationVolume/Binaries/Win64/UE4Editor-LightPropagationVolumeEditor.dll (API version 3944462).
LogModuleManager: Display: Found up-to-date module file ../../../Engine/Plugins/Developer/CLionSourceCodeAccess/Binaries/Win64/UE4Editor-CLionSourceCodeAccess.dll (API version 3944462).
LogModuleManager: Display: Found up-to-date module file ../../../Engine/Plugins/Developer/GitSourceControl/Binaries/Win64/UE4Editor-GitSourceControl.dll (API version 3944462).
LogModuleManager: Display: Found up-to-date module file ../../../Engine/Plugins/Developer/PerforceSourceControl/Binaries/Win64/UE4Editor-PerforceSourceControl.dll (API version 3944462).
LogModuleManager: Display: Found up-to-date module file ../../../Engine/Plugins/Developer/SubversionSourceControl/Binaries/Win64/UE4Editor-SubversionSourceControl.dll (API version 3944462).
LogModuleManager: Display: Found up-to-date module file ../../../Engine/Plugins/Developer/UObjectPlugin/Binaries/Win64/UE4Editor-UObjectPlugin.dll (API version 3944462).
LogModuleManager: Display: Found up-to-date module file ../../../Engine/Plugins/Developer/VisualStudioCodeSourceCodeAccess/Binaries/Win64/UE4Editor-VisualStudioCodeSourceCodeAccess.dll (API version 3944462).
LogModuleManager: Display: Found up-to-date module file ../../../Engine/Plugins/Developer/VisualStudioSourceCodeAccess/Binaries/Win64/UE4Editor-VisualStudioSourceCodeAccess.dll (API version 3944462).
LogModuleManager: Display: Found up-to-date module file ../../../Engine/Plugins/Editor/AssetManagerEditor/Binaries/Win64/UE4Editor-AssetManagerEditor.dll (API version 3944462).
LogModuleManager: Display: Found up-to-date module file ../../../Engine/Plugins/Editor/CryptoKeys/Binaries/Win64/UE4Editor-CryptoKeys.dll (API version 3944462).
LogModuleManager: Display: Found up-to-date module file ../../../Engine/Plugins/Editor/CryptoKeys/Binaries/Win64/UE4Editor-CryptoKeysOpenSSL.dll (API version 3944462).
LogModuleManager: Display: Found up-to-date module file ../../../Engine/Plugins/Editor/DataValidation/Binaries/Win64/UE4Editor-DataValidation.dll (API version 3944462).
LogModuleManager: Display: Found up-to-date module file ../../../Engine/Plugins/Editor/FacialAnimation/Binaries/Win64/UE4Editor-FacialAnimation.dll (API version 3944462).
LogModuleManager: Display: Found up-to-date module file ../../../Engine/Plugins/Editor/FacialAnimation/Binaries/Win64/UE4Editor-FacialAnimationEditor.dll (API version 3944462).
LogModuleManager: Display: Found up-to-date module file ../../../Engine/Plugins/Editor/GameplayTagsEditor/Binaries/Win64/UE4Editor-GameplayTagsEditor.dll (API version 3944462).
LogModuleManager: Display: Found up-to-date module file ../../../Engine/Plugins/Editor/MobileLauncherProfileWizard/Binaries/Win64/UE4Editor-MobileLauncherProfileWizard.dll (API version 3944462).
LogModuleManager: Display: Found up-to-date module file ../../../Engine/Plugins/Editor/PluginBrowser/Binaries/Win64/UE4Editor-PluginBrowser.dll (API version 3944462).
LogModuleManager: Display: Found up-to-date module file ../../../Engine/Plugins/Editor/SpeedTreeImporter/Binaries/Win64/UE4Editor-SpeedTreeImporter.dll (API version 3944462).
LogModuleManager: Display: Found up-to-date module file ../../../Engine/Plugins/Enterprise/DatasmithContent/Binaries/Win64/UE4Editor-DatasmithContent.dll (API version 3944462).
LogModuleManager: Display: Found up-to-date module file ../../../Engine/Plugins/Experimental/AlembicImporter/Binaries/Win64/UE4Editor-AlembicImporter.dll (API version 3944462).
LogModuleManager: Display: Found up-to-date module file ../../../Engine/Plugins/Experimental/AlembicImporter/Binaries/Win64/UE4Editor-AlembicLibrary.dll (API version 3944462).
LogModuleManager: Display: Found up-to-date module file ../../../Engine/Plugins/Experimental/CharacterAI/Binaries/Win64/UE4Editor-CharacterAI.dll (API version 3944462).
LogModuleManager: Display: Found up-to-date module file ../../../Engine/Plugins/Experimental/HTML5Networking/Binaries/Win64/UE4Editor-HTML5Networking.dll (API version 3944462).
LogModuleManager: Display: Found up-to-date module file ../../../Engine/Plugins/Media/AndroidMedia/Binaries/Win64/UE4Editor-AndroidMediaEditor.dll (API version 3944462).
LogModuleManager: Display: Found up-to-date module file ../../../Engine/Plugins/Media/AndroidMedia/Binaries/Win64/UE4Editor-AndroidMediaFactory.dll (API version 3944462).
LogModuleManager: Display: Found up-to-date module file ../../../Engine/Plugins/Media/AvfMedia/Binaries/Win64/UE4Editor-AvfMediaEditor.dll (API version 3944462).
LogModuleManager: Display: Found up-to-date module file ../../../Engine/Plugins/Media/AvfMedia/Binaries/Win64/UE4Editor-AvfMediaFactory.dll (API version 3944462).
LogModuleManager: Display: Found up-to-date module file ../../../Engine/Plugins/Media/AvfMedia/Binaries/Win64/UE4Editor-AvfMediaFactory.dll (API version 3944462).
LogModuleManager: Display: Found up-to-date module file ../../../Engine/Plugins/Media/ImgMedia/Binaries/Win64/UE4Editor-ImgMedia.dll (API version 3944462).
LogModuleManager: Display: Found up-to-date module file ../../../Engine/Plugins/Media/ImgMedia/Binaries/Win64/UE4Editor-ImgMediaEditor.dll (API version 3944462).
LogModuleManager: Display: Found up-to-date module file ../../../Engine/Plugins/Media/ImgMedia/Binaries/Win64/UE4Editor-ImgMediaFactory.dll (API version 3944462).
LogModuleManager: Display: Found up-to-date module file ../../../Engine/Plugins/Media/ImgMedia/Binaries/Win64/UE4Editor-ImgMediaFactory.dll (API version 3944462).
LogModuleManager: Display: Found up-to-date module file ../../../Engine/Plugins/Media/ImgMedia/Binaries/Win64/UE4Editor-OpenExrWrapper.dll (API version 3944462).
LogModuleManager: Display: Found up-to-date module file ../../../Engine/Plugins/Media/LinearTimecode/Binaries/Win64/UE4Editor-LinearTimecode.dll (API version 3944462).
LogModuleManager: Display: Found up-to-date module file ../../../Engine/Plugins/Media/MediaCompositing/Binaries/Win64/UE4Editor-MediaCompositing.dll (API version 3944462).
LogModuleManager: Display: Found up-to-date module file ../../../Engine/Plugins/Media/MediaCompositing/Binaries/Win64/UE4Editor-MediaCompositingEditor.dll (API version 3944462).
LogModuleManager: Display: Found up-to-date module file ../../../Engine/Plugins/Media/MediaPlayerEditor/Binaries/Win64/UE4Editor-MediaPlayerEditor.dll (API version 3944462).
LogModuleManager: Display: Found up-to-date module file ../../../Engine/Plugins/Media/WmfMedia/Binaries/Win64/UE4Editor-WmfMedia.dll (API version 3944462).
LogModuleManager: Display: Found up-to-date module file ../../../Engine/Plugins/Media/WmfMedia/Binaries/Win64/UE4Editor-WmfMediaEditor.dll (API version 3944462).
LogModuleManager: Display: Found up-to-date module file ../../../Engine/Plugins/Media/WmfMedia/Binaries/Win64/UE4Editor-WmfMediaFactory.dll (API version 3944462).
LogModuleManager: Display: Found up-to-date module file ../../../Engine/Plugins/Media/WmfMedia/Binaries/Win64/UE4Editor-WmfMediaFactory.dll (API version 3944462).
LogModuleManager: Display: Found up-to-date module file ../../../Engine/Plugins/Messaging/TcpMessaging/Binaries/Win64/UE4Editor-TcpMessaging.dll (API version 3944462).
LogModuleManager: Display: Found up-to-date module file ../../../Engine/Plugins/Messaging/UdpMessaging/Binaries/Win64/UE4Editor-UdpMessaging.dll (API version 3944462).
LogModuleManager: Display: Found up-to-date module file ../../../Engine/Plugins/MovieScene/ActorSequence/Binaries/Win64/UE4Editor-ActorSequence.dll (API version 3944462).
LogModuleManager: Display: Found up-to-date module file ../../../Engine/Plugins/MovieScene/LevelSequenceEditor/Binaries/Win64/UE4Editor-LevelSequenceEditor.dll (API version 3944462).
LogModuleManager: Display: Found up-to-date module file ../../../Engine/Plugins/MovieScene/MatineeToLevelSequence/Binaries/Win64/UE4Editor-MatineeToLevelSequence.dll (API version 3944462).
LogModuleManager: Display: Found up-to-date module file ../../../Engine/Plugins/NetcodeUnitTest/NetcodeUnitTest/Binaries/Win64/UE4Editor-NetcodeUnitTest.dll (API version 3944462).
LogModuleManager: Display: Found up-to-date module file ../../../Engine/Plugins/NetcodeUnitTest/NUTUnrealEngine4/Binaries/Win64/UE4Editor-NUTUnrealEngine4.dll (API version 3944462).
LogModuleManager: Display: Found up-to-date module file ../../../Engine/Plugins/Online/OnlineSubsystem/Binaries/Win64/UE4Editor-OnlineSubsystem.dll (API version 3944462).
LogModuleManager: Display: Found up-to-date module file ../../../Engine/Plugins/Runtime/AndroidPermission/Binaries/Win64/UE4Editor-AndroidPermission.dll (API version 3944462).
LogModuleManager: Display: Found up-to-date module file ../../../Engine/Plugins/Online/OnlineSubsystemNull/Binaries/Win64/UE4Editor-OnlineSubsystemNull.dll (API version 3944462).
LogModuleManager: Display: Found up-to-date module file ../../../Engine/Plugins/Online/OnlineSubsystemUtils/Binaries/Win64/UE4Editor-OnlineSubsystemUtils.dll (API version 3944462).
LogModuleManager: Display: Found up-to-date module file ../../../Engine/Plugins/Online/OnlineSubsystemUtils/Binaries/Win64/UE4Editor-OnlineBlueprintSupport.dll (API version 3944462).
LogModuleManager: Display: Found up-to-date module file ../../../Engine/Plugins/Runtime/AndroidDeviceProfileSelector/Binaries/Win64/UE4Editor-AndroidDeviceProfileSelector.dll (API version 3944462).
LogModuleManager: Display: Found up-to-date module file ../../../Engine/Plugins/Runtime/AppleARKit/Binaries/Win64/UE4Editor-AppleARKit.dll (API version 3944462).
LogModuleManager: Display: Found up-to-date module file ../../../Engine/Plugins/Runtime/ProceduralMeshComponent/Binaries/Win64/UE4Editor-ProceduralMeshComponent.dll (API version 3944462).
LogModuleManager: Display: Found up-to-date module file ../../../Engine/Plugins/Runtime/ProceduralMeshComponent/Binaries/Win64/UE4Editor-ProceduralMeshComponentEditor.dll (API version 3944462).
LogModuleManager: Display: Found up-to-date module file ../../../Engine/Plugins/Animation/LiveLink/Binaries/Win64/UE4Editor-LiveLink.dll (API version 3944462).
LogModuleManager: Display: Found up-to-date module file ../../../Engine/Plugins/Animation/LiveLink/Binaries/Win64/UE4Editor-LiveLinkEditor.dll (API version 3944462).
LogModuleManager: Display: Found up-to-date module file ../../../Engine/Plugins/Runtime/ArchVisCharacter/Binaries/Win64/UE4Editor-ArchVisCharacter.dll (API version 3944462).
LogModuleManager: Display: Found up-to-date module file ../../../Engine/Plugins/Runtime/AudioCapture/Binaries/Win64/UE4Editor-AudioCapture.dll (API version 3944462).
LogModuleManager: Display: Found up-to-date module file ../../../Engine/Plugins/Runtime/AudioCapture/Binaries/Win64/UE4Editor-AudioCaptureEditor.dll (API version 3944462).
LogModuleManager: Display: Found up-to-date module file ../../../Engine/Plugins/Runtime/CableComponent/Binaries/Win64/UE4Editor-CableComponent.dll (API version 3944462).
LogModuleManager: Display: Found up-to-date module file ../../../Engine/Plugins/Runtime/CustomMeshComponent/Binaries/Win64/UE4Editor-CustomMeshComponent.dll (API version 3944462).
LogModuleManager: Display: Found up-to-date module file ../../../Engine/Plugins/Runtime/ExampleDeviceProfileSelector/Binaries/Win64/UE4Editor-ExampleDeviceProfileSelector.dll (API version 3944462).
LogModuleManager: Display: Found up-to-date module file ../../../Engine/Plugins/Runtime/ImmediatePhysics/Binaries/Win64/UE4Editor-ImmediatePhysics.dll (API version 3944462).
LogModuleManager: Display: Found up-to-date module file ../../../Engine/Plugins/Runtime/ImmediatePhysics/Binaries/Win64/UE4Editor-ImmediatePhysicsEditor.dll (API version 3944462).
LogModuleManager: Display: Found up-to-date module file ../../../Engine/Plugins/Runtime/LocationServicesBPLibrary/Binaries/Win64/UE4Editor-LocationServicesBPLibrary.dll (API version 3944462).
LogModuleManager: Display: Found up-to-date module file ../../../Engine/Plugins/Runtime/MobilePatchingUtils/Binaries/Win64/UE4Editor-MobilePatchingUtils.dll (API version 3944462).
LogModuleManager: Display: Found up-to-date module file ../../../Engine/Plugins/Runtime/Oculus/OculusVR/Binaries/Win64/UE4Editor-OculusHMD.dll (API version 3944462).
LogModuleManager: Display: Found up-to-date module file ../../../Engine/Plugins/Runtime/Oculus/OculusVR/Binaries/Win64/UE4Editor-OculusInput.dll (API version 3944462).
LogModuleManager: Display: Found up-to-date module file ../../../Engine/Plugins/Runtime/Oculus/OculusVR/Binaries/Win64/UE4Editor-OculusEditor.dll (API version 3944462).
LogModuleManager: Display: Found up-to-date module file ../../../Engine/Plugins/Runtime/PhysXVehicles/Binaries/Win64/UE4Editor-PhysXVehicles.dll (API version 3944462).
LogModuleManager: Display: Found up-to-date module file ../../../Engine/Plugins/Runtime/PhysXVehicles/Binaries/Win64/UE4Editor-PhysXVehiclesEditor.dll (API version 3944462).
LogModuleManager: Display: Found up-to-date module file ../../../Engine/Plugins/Runtime/RuntimePhysXCooking/Binaries/Win64/UE4Editor-RuntimePhysXCooking.dll (API version 3944462).
LogModuleManager: Display: Found up-to-date module file ../../../Engine/Plugins/Runtime/Steam/SteamVR/Binaries/Win64/UE4Editor-SteamVR.dll (API version 3944462).
LogModuleManager: Display: Found up-to-date module file ../../../Engine/Plugins/Runtime/Steam/SteamVR/Binaries/Win64/UE4Editor-SteamVRController.dll (API version 3944462).
LogModuleManager: Display: Found up-to-date module file ../../../Engine/Plugins/Runtime/WindowsMoviePlayer/Binaries/Win64/UE4Editor-WindowsMoviePlayer.dll (API version 3944462).
LogPluginManager: Mounting plugin Paper2D
LogPluginManager: Mounting plugin LiveLink
LogPluginManager: Mounting plugin LightPropagationVolume
LogPluginManager: Mounting plugin CLionSourceCodeAccess
LogPluginManager: Mounting plugin CodeLiteSourceCodeAccess
LogPluginManager: Mounting plugin GitSourceControl
LogPluginManager: Mounting plugin KDevelopSourceCodeAccess
LogPluginManager: Mounting plugin NullSourceCodeAccess
LogPluginManager: Mounting plugin PerforceSourceControl
LogPluginManager: Mounting plugin SubversionSourceControl
LogPluginManager: Mounting plugin UObjectPlugin
LogPluginManager: Mounting plugin VisualStudioCodeSourceCodeAccess
LogPluginManager: Mounting plugin VisualStudioSourceCodeAccess
LogPluginManager: Mounting plugin XCodeSourceCodeAccess
LogPluginManager: Mounting plugin AssetManagerEditor
LogPluginManager: Mounting plugin CryptoKeys
LogPluginManager: Mounting plugin DataValidation
LogPluginManager: Mounting plugin FacialAnimation
LogPluginManager: Mounting plugin GameplayTagsEditor
LogPluginManager: Mounting plugin MobileLauncherProfileWizard
LogPluginManager: Mounting plugin PluginBrowser
LogPluginManager: Mounting plugin SpeedTreeImporter
LogPluginManager: Mounting plugin DatasmithContent
LogPluginManager: Mounting plugin AlembicImporter
LogPluginManager: Mounting plugin CharacterAI
LogPluginManager: Mounting plugin HTML5Networking
LogPluginManager: Mounting plugin Substance
LogPluginManager: Mounting plugin AndroidMedia
LogPluginManager: Mounting plugin AvfMedia
LogPluginManager: Mounting plugin ImgMedia
LogPluginManager: Mounting plugin LinearTimecode
LogPluginManager: Mounting plugin MediaCompositing
LogPluginManager: Mounting plugin MediaPlayerEditor
LogPluginManager: Mounting plugin WmfMedia
LogPluginManager: Mounting plugin TcpMessaging
LogPluginManager: Mounting plugin UdpMessaging
LogPluginManager: Mounting plugin ActorSequence
LogPluginManager: Mounting plugin LevelSequenceEditor
LogPluginManager: Mounting plugin MatineeToLevelSequence
LogPluginManager: Mounting plugin NetcodeUnitTest
LogPluginManager: Mounting plugin NUTUnrealEngine4
LogPluginManager: Mounting plugin OnlineSubsystemGooglePlay
LogPluginManager: Mounting plugin OnlineSubsystemIOS
LogPluginManager: Mounting plugin OnlineSubsystem
LogPluginManager: Mounting plugin OnlineSubsystemNull
LogPluginManager: Mounting plugin OnlineSubsystemUtils
LogPluginManager: Mounting plugin AndroidDeviceProfileSelector
LogPluginManager: Mounting plugin AndroidMoviePlayer
LogPluginManager: Mounting plugin AndroidPermission
LogPluginManager: Mounting plugin AppleARKit
LogPluginManager: Mounting plugin AppleMoviePlayer
LogPluginManager: Mounting plugin ArchVisCharacter
LogPluginManager: Mounting plugin AudioCapture
LogPluginManager: Mounting plugin CableComponent
LogPluginManager: Mounting plugin CustomMeshComponent
LogPluginManager: Mounting plugin ExampleDeviceProfileSelector
LogPluginManager: Mounting plugin GoogleCloudMessaging
LogPluginManager: Mounting plugin ImmediatePhysics
LogPluginManager: Mounting plugin IOSDeviceProfileSelector
LogPluginManager: Mounting plugin LinuxDeviceProfileSelector
LogPluginManager: Mounting plugin LocationServicesBPLibrary
LogPluginManager: Mounting plugin MobilePatchingUtils
LogPluginManager: Mounting plugin OculusVR
LogPluginManager: Plugin shader directory ../../../Engine/Plugins/Runtime/Oculus/OculusVR/Shaders found
LogPluginManager: Mapping shader source directory ../../../Engine/Plugins/Runtime/Oculus/OculusVR/Shaders to virtual directory /Plugin/OculusVR
LogPluginManager: Mounting plugin PhysXVehicles
LogPluginManager: Mounting plugin ProceduralMeshComponent
LogPluginManager: Mounting plugin RuntimePhysXCooking
LogPluginManager: Mounting plugin SteamVR
LogPluginManager: Mounting plugin WindowsMoviePlayer
LogStreaming: Display: Took  2.045s to configure plugins.
LogInit: Using libcurl 7.47.1
LogInit:  - built for x86_64-pc-win32
LogInit:  - supports SSL with OpenSSL/1.0.2g
LogInit:  - supports HTTP deflate (compression) using libz 1.2.8
LogInit:  - other features:
LogInit:      CURL_VERSION_SSL
LogInit:      CURL_VERSION_LIBZ
LogInit:      CURL_VERSION_IPV6
LogInit:      CURL_VERSION_ASYNCHDNS
LogInit:      CURL_VERSION_LARGEFILE
LogInit:      CURL_VERSION_IDN
LogInit:  CurlRequestOptions (configurable via config and command line):
LogInit:  - bVerifyPeer = false  - Libcurl will NOT verify peer certificate
LogInit:  - bUseHttpProxy = false  - Libcurl will NOT use HTTP proxy
LogInit:  - bDontReuseConnections = false  - Libcurl will reuse connections
LogInit:  - CertBundlePath = nullptr  - Libcurl will use whatever was configured at build time.
LogInit:  - MaxHostConnections = 16  - Libcurl will limit the number of connections to a host
LogInit:  - LocalHostAddr = Default
LogInit: WinSock: version 1.1 (2.2), MaxSocks=32767, MaxUdp=65467
LogInit: WinSock: I am DESKTOP-KQUM2EF (192.168.1.103:0)
LogInit: Build: ++UE4+Release-4.19-CL-4033788
LogInit: Engine Version: 4.19.2-4033788+++UE4+Release-4.19
LogInit: Compatible Engine Version: 4.19.0-3944462+++UE4+Release-4.19
LogInit: Net CL: 3944462
LogDevObjectVersion: Number of dev versions registered: 18
LogDevObjectVersion:   Dev-Blueprints (B0D832E4-1F89-4F0D-ACCF-7EB736FD4AA2): 10
LogDevObjectVersion:   Dev-Build (E1C64328-A22C-4D53-A36C-8E866417BD8C): 0
LogDevObjectVersion:   Dev-Core (375EC13C-06E4-48FB-B500-84F0262A717E): 2
LogDevObjectVersion:   Dev-Editor (E4B068ED-F494-42E9-A231-DA0B2E46BB41): 23
LogDevObjectVersion:   Dev-Framework (CFFC743F-43B0-4480-9391-14DF171D2073): 33
LogDevObjectVersion:   Dev-Mobile (B02B49B5-BB20-44E9-A304-32B752E40360): 2
LogDevObjectVersion:   Dev-Networking (A4E4105C-59A1-49B5-A7C5-40C4547EDFEE): 0
LogDevObjectVersion:   Dev-Online (39C831C9-5AE6-47DC-9A44-9C173E1C8E7C): 0
LogDevObjectVersion:   Dev-Physics (78F01B33-EBEA-4F98-B9B4-84EACCB95AA2): 0
LogDevObjectVersion:   Dev-Platform (6631380F-2D4D-43E0-8009-CF276956A95A): 0
LogDevObjectVersion:   Dev-Rendering (12F88B9F-8875-4AFC-A67C-D90C383ABD29): 25
LogDevObjectVersion:   Dev-Sequencer (7B5AE74C-D270-4C10-A958-57980B212A5A): 6
LogDevObjectVersion:   Dev-VR (D7296918-1DD6-4BDD-9DE2-64A83CC13884): 1
LogDevObjectVersion:   Dev-LoadTimes (C2A15278-BFE7-4AFE-6C17-90FF531DF755): 1
LogDevObjectVersion:   Private-Geometry (6EACA3D4-40EC-4CC1-B786-8BED09428FC5): 2
LogDevObjectVersion:   Dev-AnimPhys (29E575DD-E0A3-4627-9D10-D276232CDCEA): 16
LogDevObjectVersion:   Dev-ReflectionCapture (6B266CEC-1EC7-4B8F-A30B-E4D90942FC07): 1
LogDevObjectVersion:   Dev-Automation (0DF73D61-A23F-47EA-B727-89E90C41499A): 1
LogInit: Compiled (64-bit): Apr 27 2018 02:06:57
LogInit: Compiled with Visual C++: 19.00.24215.01
LogInit: Build Configuration: Development
LogInit: Branch Name: ++UE4+Release-4.19
LogInit: Command Line:  /Game/map/Maps/Tech_demo -game -PIEVIACONSOLE -ResX=1280 -ResY=720  -Multiprocess -messaging -SessionName="Play in Standalone Game" -windowed 
LogInit: Base Directory: C:/Program Files/Epic Games/UE_4.19/Engine/Binaries/Win64/
LogInit: Installed Engine Build: 1
LogStreaming: Display: Took  0.007s to delete old logs.
LogInit: Presizing for max 8388607 objects, including 0 objects not considered by GC, pre-allocating 0 bytes for permanent pool.
LogInit: Object subsystem initialized
[2018.08.19-17.03.59:743][  0]LogInit: Selected Device Profile: [Windows]
[2018.08.19-17.03.59:743][  0]LogInit: Applying CVar settings loaded from the selected device profile: [Windows]
[2018.08.19-17.03.59:750][  0]LogInit: Computer: DESKTOP-KQUM2EF
[2018.08.19-17.03.59:750][  0]LogInit: User: Mahir
[2018.08.19-17.03.59:750][  0]LogInit: CPU Page size=4096, Cores=4
[2018.08.19-17.03.59:750][  0]LogInit: High frequency timer resolution =2.742186 MHz
[2018.08.19-17.03.59:750][  0]LogMemory: Memory total: Physical=16.0GB (16GB approx)
[2018.08.19-17.03.59:750][  0]LogMemory: Platform Memory Stats for Windows
[2018.08.19-17.03.59:750][  0]LogMemory: Process Physical Memory: 276.25 MB used, 276.25 MB peak
[2018.08.19-17.03.59:750][  0]LogMemory: Process Virtual Memory: 276.92 MB used, 276.92 MB peak
[2018.08.19-17.03.59:750][  0]LogMemory: Physical Memory: 7829.98 MB used,  8512.39 MB free, 16342.36 MB total
[2018.08.19-17.03.59:750][  0]LogMemory: Virtual Memory: 4807.34 MB used,  8512.39 MB free, 134217728.00 MB total
[2018.08.19-17.03.59:795][  0]LogInit: Using OS detected language (tr-TR).
[2018.08.19-17.03.59:795][  0]LogInit: Using OS detected locale (tr-TR).
[2018.08.19-17.03.59:796][  0]LogTextLocalizationManager: No localization for 'tr-TR' exists, so 'en' will be used for the language.
[2018.08.19-17.03.59:796][  0]LogTextLocalizationManager: No localization for 'tr-TR' exists, so 'en' will be used for the locale.
[2018.08.19-17.04.00:306][  0]LogStreaming: Display: Took  0.512s to EndInitTextLocalization.
[2018.08.19-17.04.00:344][  0]LogSlate: New Slate User Created.  User Index 0, Is Virtual User: 0
[2018.08.19-17.04.00:344][  0]LogSlate: Slate User Registered.  User Index 0, Is Virtual User: 0
[2018.08.19-17.04.00:355][  0]LogD3D11RHI: D3D11 adapters:
[2018.08.19-17.04.00:434][  0]LogD3D11RHI:    0. 'NVIDIA GeForce GTX 1070' (Feature Level 11_0)
[2018.08.19-17.04.00:434][  0]LogD3D11RHI:       8081/0/8171 MB DedicatedVideo/DedicatedSystem/SharedSystem, Outputs:2, VendorId:0x10de
[2018.08.19-17.04.00:438][  0]LogD3D11RHI:    1. 'Microsoft Basic Render Driver' (Feature Level 11_0)
[2018.08.19-17.04.00:438][  0]LogD3D11RHI:       0/0/8171 MB DedicatedVideo/DedicatedSystem/SharedSystem, Outputs:0, VendorId:0x1414
[2018.08.19-17.04.00:438][  0]LogD3D11RHI: Chosen D3D11 Adapter: 0
[2018.08.19-17.04.00:448][  0]LogD3D11RHI: Creating new Direct3DDevice
[2018.08.19-17.04.00:448][  0]LogD3D11RHI:     GPU DeviceId: 0x1be1 (for the marketing name, search the web for "GPU Device Id")
[2018.08.19-17.04.00:448][  0]LogWindows: EnumDisplayDevices:
[2018.08.19-17.04.00:448][  0]LogWindows:    0. 'NVIDIA GeForce GTX 1070' (P:1 D:1)
[2018.08.19-17.04.00:448][  0]LogWindows:    1. 'NVIDIA GeForce GTX 1070' (P:0 D:1)
[2018.08.19-17.04.00:449][  0]LogWindows:    2. 'NVIDIA GeForce GTX 1070' (P:0 D:0)
[2018.08.19-17.04.00:449][  0]LogWindows:    3. 'NVIDIA GeForce GTX 1070' (P:0 D:0)
[2018.08.19-17.04.00:449][  0]LogWindows: DebugString: GetVideoDriverDetailsInvalid PrimaryIsNotTheChoosenAdapter GetVideoDriverDetailsInvalid PrimaryIsNotTheChoosenAdapter GetVideoDriverDetailsInvalid PrimaryIsNotTheChoosenAdapter GetVideoDriverDetailsInvalid PrimaryIsNotTheChoosenAdapter FoundDriverCount:0 
[2018.08.19-17.04.00:449][  0]LogD3D11RHI:     Adapter Name: NVIDIA GeForce GTX 1070
[2018.08.19-17.04.00:449][  0]LogD3D11RHI:   Driver Version: Unknown (internal:Unknown, unified:Unknown)
[2018.08.19-17.04.00:449][  0]LogD3D11RHI:      Driver Date: Unknown
[2018.08.19-17.04.00:449][  0]LogRHI: Texture pool is 5656 MB (70% of 8081 MB)
[2018.08.19-17.04.00:508][  0]LogD3D11RHI: [Aftermath] Aftermath enabled and primed
[2018.08.19-17.04.00:508][  0]LogD3D11RHI: [Aftermath] Aftermath enabled and primed
[2018.08.19-17.04.00:508][  0]LogD3D11RHI: Async texture creation enabled
[2018.08.19-17.04.00:537][  0]LogD3D11RHI: GPU Timing Frequency: 1000.000000 (Debug: 2 2)
[2018.08.19-17.04.00:635][  0]LogShaderCompilers: Guid format shader working directory is -13 characters bigger than the processId version (../../../../../../Users/Mahir/Documents/GitHub/VogsAmIFree/Intermediate/Shaders/WorkingDirectory/19500/).
[2018.08.19-17.04.00:635][  0]LogShaderCompilers: Cleaned the shader compiler working directory 'C:/Users/Mahir/AppData/Local/Temp/UnrealShaderWorkingDir/DE31A15942F675B5375EABB46E10BF72/'.
[2018.08.19-17.04.00:966][  0]LogTemp: Display: Loaded TP WindowsClientTargetPlatform
[2018.08.19-17.04.00:984][  0]LogTemp: Display: Loaded TP WindowsNoEditorTargetPlatform
[2018.08.19-17.04.01:002][  0]LogTemp: Display: Loaded TP WindowsServerTargetPlatform
[2018.08.19-17.04.01:018][  0]LogTemp: Display: Loaded TP WindowsTargetPlatform
[2018.08.19-17.04.01:018][  0]LogTargetPlatformManager: Display: Building Assets For Windows
[2018.08.19-17.04.01:197][  0]LogXGEController: Cannot use XGE Controller as Incredibuild is not installed on this machine.
[2018.08.19-17.04.01:197][  0]LogShaderCompilers: Cannot use XGE Shader Compiler as Incredibuild is not installed on this machine.
[2018.08.19-17.04.01:197][  0]LogShaderCompilers: Display: Using Local Shader Compiler.
[2018.08.19-17.04.02:047][  0]LogDerivedDataCache: Display: Max Cache Size: 512 MB
[2018.08.19-17.04.02:136][  0]LogDerivedDataCache: Loaded boot cache 0.09s 74MB C:/Users/Mahir/AppData/Local/UnrealEngine/4.19/DerivedDataCache/Boot.ddc.
[2018.08.19-17.04.02:136][  0]LogDerivedDataCache: Display: Loaded Boot cache: C:/Users/Mahir/AppData/Local/UnrealEngine/4.19/DerivedDataCache/Boot.ddc
[2018.08.19-17.04.02:137][  0]LogDerivedDataCache: FDerivedDataBackendGraph:  Pak pak cache file ../../../../../../Users/Mahir/Documents/GitHub/VogsAmIFree/DerivedDataCache/DDC.ddp not found, will not use a pak cache.
[2018.08.19-17.04.02:137][  0]LogDerivedDataCache: Unable to find inner node Pak for hierarchical cache Hierarchy.
[2018.08.19-17.04.02:137][  0]LogDerivedDataCache: FDerivedDataBackendGraph:  CompressedPak pak cache file ../../../../../../Users/Mahir/Documents/GitHub/VogsAmIFree/DerivedDataCache/Compressed.ddp not found, will not use a pak cache.
[2018.08.19-17.04.02:137][  0]LogDerivedDataCache: Unable to find inner node CompressedPak for hierarchical cache Hierarchy.
[2018.08.19-17.04.02:154][  0]LogDerivedDataCache: Display: Pak cache opened for reading ../../../Engine/DerivedDataCache/Compressed.ddp.
[2018.08.19-17.04.02:168][  0]LogDerivedDataCache: Using Local data cache path C:/Users/Mahir/AppData/Local/UnrealEngine/Common/DerivedDataCache: Writable
[2018.08.19-17.04.02:168][  0]LogDerivedDataCache: Shared data cache path not found in *engine.ini, will not use an Shared cache.
[2018.08.19-17.04.02:168][  0]LogDerivedDataCache: Unable to find inner node Shared for hierarchical cache Hierarchy.
[2018.08.19-17.04.02:179][  0]LogMaterial: Verifying Global Shaders for PCD3D_SM5
[2018.08.19-17.04.02:190][  0]LogSlate: Using Freetype 2.6.0
[2018.08.19-17.04.02:191][  0]LogSlate: SlateFontCache - WITH_FREETYPE: 1, WITH_HARFBUZZ: 1
[2018.08.19-17.04.02:191][  0]LogSlate: SlateFontCache - WITH_FREETYPE: 1, WITH_HARFBUZZ: 1
[2018.08.19-17.04.02:357][  0]LogAssetRegistry: FAssetRegistry took 0.0048 seconds to start up
[2018.08.19-17.04.02:550][  0]LogPackageLocalizationCache: Processed 9 localized package path(s) for 1 prioritized culture(s) in 0.010143 seconds
[2018.08.19-17.04.02:677][  0]LogInit: Selected Device Profile: [Windows]
[2018.08.19-17.04.02:853][  0]LogSimplygon: Simplygon DLL not present - disabling.
[2018.08.19-17.04.02:858][  0]LogMeshReduction: Using SimplygonSwarm for distributed automatic mesh merging
[2018.08.19-17.04.02:858][  0]LogMeshReduction: Using QuadricMeshReduction for automatic static mesh reduction
[2018.08.19-17.04.02:858][  0]LogMeshReduction: No automatic skeletal mesh reduction module available
[2018.08.19-17.04.02:858][  0]LogMeshReduction: No automatic mesh merging module available
[2018.08.19-17.04.02:858][  0]LogMeshMerging: No automatic mesh merging module available
[2018.08.19-17.04.02:922][  0]LogNetVersion: Am_i_Free , NetCL: 3944462, EngineNetVer: 2, GameNetVer: 0 (Checksum: 3243282978)
[2018.08.19-17.04.03:771][  0]LogMoviePlayer: Initializing movie player
[2018.08.19-17.04.04:690][  0]LogSubstanceCoreModule: Substance [CPU] Engine Loaded, Max Texture Size = 2048
[2018.08.19-17.04.04:722][  0]LogTcpMessaging: Initializing TcpMessaging bridge
[2018.08.19-17.04.04:761][  0]LogUdpMessaging: Initializing bridge on interface 0.0.0.0:0 to multicast group 230.0.0.1:6666.
[2018.08.19-17.04.05:193][  0]SourceControl: Source control is disabled
[2018.08.19-17.04.05:193][  0]SourceControl: Source control is disabled
[2018.08.19-17.04.05:233][  0]SourceControl: Source control is disabled
[2018.08.19-17.04.05:765][  0]LogAndroidPermission: UAndroidPermissionCallbackProxy::GetInstance
[2018.08.19-17.04.06:039][  0]LogOcInput: OculusInput pre-init called
[2018.08.19-17.04.06:101][  0]LogUObjectArray: 40321 objects as part of root set at end of initial load.
[2018.08.19-17.04.06:101][  0]LogUObjectAllocator: 8398208 out of 0 bytes used by permanent object pool.
[2018.08.19-17.04.06:101][  0]LogUObjectArray: CloseDisregardForGC: 0/0 objects in disregard for GC pool
[2018.08.19-17.04.06:161][  0]LogEngine: Initializing Engine...
[2018.08.19-17.04.06:162][  0]LogHMD: Failed to initialize OpenVR with code 110
[2018.08.19-17.04.06:175][  0]LogStats: UGameplayTagsManager::ConstructGameplayTagTree: Construct from data asset -  0.000 s
[2018.08.19-17.04.06:175][  0]LogStats: UGameplayTagsManager::ConstructGameplayTagTree: GameplayTagTreeChangedEvent.Broadcast -  0.000 s
[2018.08.19-17.04.06:387][  0]LogInit: XAudio2 using 'Kulaklıklar (2- SteelSeries Siberia 150)' : 2 channels at 48 kHz using 16 bits per sample (channel mask 0x3)
[2018.08.19-17.04.06:438][  0]LogInit: FAudioDevice initialized.
[2018.08.19-17.04.06:465][  0]LogInit: Texture streaming: Enabled
[2018.08.19-17.04.06:883][  0]LogInit: Display: Game Engine Initialized.
[2018.08.19-17.04.06:883][  0]LogGameplayTags: Display: UGameplayTagsManager::DoneAddingNativeTags. DelegateIsBound: 0
[2018.08.19-17.04.06:883][  0]LogStats: UGameplayTagsManager::ConstructGameplayTagTree: Construct from data asset -  0.000 s
[2018.08.19-17.04.06:883][  0]LogStats: UGameplayTagsManager::ConstructGameplayTagTree: GameplayTagTreeChangedEvent.Broadcast -  0.000 s
[2018.08.19-17.04.07:178][  0]LogInit: Display: Starting Game.
[2018.08.19-17.04.07:178][  0]LogNet: Browse: /Game/map/Maps/Tech_demo?Name=Player
[2018.08.19-17.04.07:206][  0]LogLoad: LoadMap: /Game/map/Maps/Tech_demo?Name=Player
[2018.08.19-17.04.07:269][  0]LogUObjectGlobals: Created PersistentFrame Addr=0x000001ace7b53ee0, Size=16, Default__Tech_demo_C Function /Game/map/Maps/Tech_demo.Tech_demo_C:ExecuteUbergraph_Tech_demo
[2018.08.19-17.04.07:272][  0]LogUObjectGlobals: Created PersistentFrame Addr=0x000001ace7b72f80, Size=64, Default__UI_C Function /Game/UI/widget/UI.UI_C:ExecuteUbergraph_UI
[2018.08.19-17.04.07:278][  0]LogUObjectGlobals: Created PersistentFrame Addr=0x000001ace7be1750, Size=112, Default__AIGuardCharacter_C Function /Game/My_Bp/AIGuard/AIGuardCharacter.AIGuardCharacter_C:ExecuteUbergraph_AIGuardCharacter
[2018.08.19-17.04.07:285][  0]LogUObjectGlobals: Created PersistentFrame Addr=0x000001ace7b72340, Size=64, Default__ThirdPerson_AnimBP_C Function /Game/Mannequin/Animations/ThirdPerson_AnimBP.ThirdPerson_AnimBP_C:ExecuteUbergraph_ThirdPerson_AnimBP
[2018.08.19-17.04.07:326][  0]LogUObjectGlobals: Created PersistentFrame Addr=0x000001ace796e780, Size=880, Default__ThirdPersonCharacter_C Function /Game/ThirdPersonBP/Blueprints/ThirdPersonCharacter.ThirdPersonCharacter_C:ExecuteUbergraph_ThirdPersonCharacter
[2018.08.19-17.04.07:329][  0]LogUObjectGlobals: Created PersistentFrame Addr=0x000001ace7c3e540, Size=32, Default__BP_Hidable_Ceiling_Master_C Function /Game/My_Bp/hide_master/BP_Hidable_Ceiling_Master.BP_Hidable_Ceiling_Master_C:ExecuteUbergraph_BP_Hidable_Ceiling_Master
[2018.08.19-17.04.07:337][  0]LogUObjectGlobals: Created PersistentFrame Addr=0x000001ace77d6e80, Size=32, Default__BP_Hidable_Master_C Function /Game/My_Bp/hide_master/BP_Hidable_Master.BP_Hidable_Master_C:ExecuteUbergraph_BP_Hidable_Master
[2018.08.19-17.04.07:344][  0]LogUObjectGlobals: Created PersistentFrame Addr=0x000001ace7930540, Size=72, Default__ThirdPerson_AnimBP_C Function /Game/ThirdPerson_AnimBP.ThirdPerson_AnimBP_C:ExecuteUbergraph_ThirdPerson_AnimBP
[2018.08.19-17.04.07:372][  0]LogUObjectGlobals: Created PersistentFrame Addr=0x000001ace7c191a0, Size=112, Default__AIGuardController_C Function /Game/My_Bp/AIGuard/AIGuardController.AIGuardController_C:ExecuteUbergraph_AIGuardController
[2018.08.19-17.04.07:376][  0]LogUObjectGlobals: Created PersistentFrame Addr=0x000001ace7c04c80, Size=120, Default__BTService_DistanceToObject_C Function /Game/My_Bp/AIGuard/BTService_DistanceToObject.BTService_DistanceToObject_C:ExecuteUbergraph_BTService_DistanceToObject
[2018.08.19-17.04.07:380][  0]LogUObjectGlobals: Created PersistentFrame Addr=0x000001ace7752e60, Size=32, Default__BTTask_BB_DoAttack_C Function /Game/My_Bp/AIGuard/BTTask_BB_DoAttack.BTTask_BB_DoAttack_C:ExecuteUbergraph_BTTask_BB_DoAttack
[2018.08.19-17.04.07:383][  0]LogUObjectGlobals: Created PersistentFrame Addr=0x000001ace6399f20, Size=16, Default__BTTask_Set_BB_Actor_C Function /Game/My_Bp/AIGuard/BTTask_Set_BB_Actor.BTTask_Set_BB_Actor_C:ExecuteUbergraph_BTTask_Set_BB_Actor
[2018.08.19-17.04.07:385][  0]LogUObjectGlobals: Created PersistentFrame Addr=0x000001ace639a140, Size=16, Default__BTTask_SetBB_Bool_C Function /Game/My_Bp/AIGuard/BTTask_SetBB_Bool.BTTask_SetBB_Bool_C:ExecuteUbergraph_BTTask_SetBB_Bool
[2018.08.19-17.04.07:400][  0]LogUObjectGlobals: Created PersistentFrame Addr=0x000001ace7769580, Size=304, Default__door_C Function /Game/My_Bp/door/door.door_C:ExecuteUbergraph_door
[2018.08.19-17.04.07:414][  0]LogUObjectGlobals: Created PersistentFrame Addr=0x000001ace73c7600, Size=304, Default__lever_door_C Function /Game/My_Bp/door/lever_door.lever_door_C:ExecuteUbergraph_lever_door
[2018.08.19-17.04.07:428][  0]LogUObjectGlobals: Created PersistentFrame Addr=0x000001acdbecfec0, Size=148, Default__Dec_Things_Light_1_C Function /Game/My_Bp/prop_bp/Dec_Things_Light_1.Dec_Things_Light_1_C:ExecuteUbergraph_Dec_Things_Light_1
[2018.08.19-17.04.07:437][  0]LogUObjectGlobals: Created PersistentFrame Addr=0x000001acea513c90, Size=40, Default__Terminal_bp_C Function /Game/My_Bp/terminal/Terminal_bp.Terminal_bp_C:ExecuteUbergraph_Terminal_bp
[2018.08.19-17.04.07:440][  0]LogUObjectGlobals: Created PersistentFrame Addr=0x000001acea6dbc40, Size=68, Default__terminal_UI_C Function /Game/UI/termianl_ui/terminal_UI.terminal_UI_C:ExecuteUbergraph_terminal_UI
[2018.08.19-17.04.07:623][  0]LogUObjectGlobals: Destroyed PersistentFrame Addr=0x000001ace7c3e540, Size=32
[2018.08.19-17.04.07:623][  0]LogUObjectGlobals: Created PersistentFrame Addr=0x000001aceaf881a0, Size=32, Default__BP_Hidable_Ceiling_Master_C Function /Engine/Transient.REINST_BP_Hidable_Ceiling_Master_C_2:ExecuteUbergraph_BP_Hidable_Ceiling_Master
[2018.08.19-17.04.07:624][  0]LogUObjectGlobals: Destroyed PersistentFrame Addr=0x000001ace77d6e80, Size=32
[2018.08.19-17.04.07:624][  0]LogUObjectGlobals: Created PersistentFrame Addr=0x000001aceaf88160, Size=32, Default__BP_Hidable_Master_C Function /Engine/Transient.REINST_BP_Hidable_Master_C_3:ExecuteUbergraph_BP_Hidable_Master
[2018.08.19-17.04.07:624][  0]LogUObjectGlobals: Destroyed PersistentFrame Addr=0x000001acdbecfec0, Size=148
[2018.08.19-17.04.07:624][  0]LogUObjectGlobals: Created PersistentFrame Addr=0x000001aceaf1b6a0, Size=148, Default__Dec_Things_Light_1_C Function /Engine/Transient.REINST_Dec_Things_Light_1_C_5:ExecuteUbergraph_Dec_Things_Light_1
[2018.08.19-17.04.07:625][  0]LogUObjectGlobals: Destroyed PersistentFrame Addr=0x000001ace7769580, Size=304
[2018.08.19-17.04.07:625][  0]LogUObjectGlobals: Created PersistentFrame Addr=0x000001aceb4551c0, Size=304, Default__door_C Function /Engine/Transient.REINST_door_C_6:ExecuteUbergraph_door
[2018.08.19-17.04.07:626][  0]LogUObjectGlobals: Destroyed PersistentFrame Addr=0x000001ace73c7600, Size=304
[2018.08.19-17.04.07:626][  0]LogUObjectGlobals: Created PersistentFrame Addr=0x000001aceb454cc0, Size=304, Default__lever_door_C Function /Engine/Transient.REINST_lever_door_C_9:ExecuteUbergraph_lever_door
[2018.08.19-17.04.07:626][  0]LogUObjectGlobals: Destroyed PersistentFrame Addr=0x000001acea513c90, Size=40
[2018.08.19-17.04.07:626][  0]LogUObjectGlobals: Created PersistentFrame Addr=0x000001aceafbf650, Size=40, Default__Terminal_bp_C Function /Engine/Transient.REINST_Terminal_bp_C_10:ExecuteUbergraph_Terminal_bp
[2018.08.19-17.04.07:627][  0]LogUObjectGlobals: Destroyed PersistentFrame Addr=0x000001ace7930540, Size=72
[2018.08.19-17.04.07:627][  0]LogUObjectGlobals: Created PersistentFrame Addr=0x000001aceaeefb00, Size=72, Default__ThirdPerson_AnimBP_C Function /Engine/Transient.REINST_ThirdPerson_AnimBP_C_0:ExecuteUbergraph_ThirdPerson_AnimBP
[2018.08.19-17.04.07:627][  0]LogUObjectGlobals: Destroyed PersistentFrame Addr=0x000001ace7b72340, Size=64
[2018.08.19-17.04.07:627][  0]LogUObjectGlobals: Created PersistentFrame Addr=0x000001aceaee7ec0, Size=64, ThirdPerson_AnimBP_C_0 Function /Engine/Transient.REINST_ThirdPerson_AnimBP_C_1:ExecuteUbergraph_ThirdPerson_AnimBP
[2018.08.19-17.04.07:628][  0]LogUObjectGlobals: Destroyed PersistentFrame Addr=0x000001ace7be1750, Size=112
[2018.08.19-17.04.07:628][  0]LogUObjectGlobals: Created PersistentFrame Addr=0x000001aceaf33f90, Size=112, Default__AIGuardCharacter_C Function /Engine/Transient.REINST_AIGuardCharacter_C_11:ExecuteUbergraph_AIGuardCharacter
[2018.08.19-17.04.07:628][  0]LogUObjectGlobals: Destroyed PersistentFrame Addr=0x000001ace7c191a0, Size=112
[2018.08.19-17.04.07:628][  0]LogUObjectGlobals: Created PersistentFrame Addr=0x000001aceaf33f20, Size=112, Default__AIGuardController_C Function /Engine/Transient.REINST_AIGuardController_C_12:ExecuteUbergraph_AIGuardController
[2018.08.19-17.04.07:628][  0]LogUObjectGlobals: Destroyed PersistentFrame Addr=0x000001ace7752e60, Size=32
[2018.08.19-17.04.07:628][  0]LogUObjectGlobals: Created PersistentFrame Addr=0x000001aceaef3ee0, Size=32, Default__BTTask_BB_DoAttack_C Function /Engine/Transient.REINST_BTTask_BB_DoAttack_C_13:ExecuteUbergraph_BTTask_BB_DoAttack
[2018.08.19-17.04.07:628][  0]LogUObjectGlobals: Destroyed PersistentFrame Addr=0x000001ace6399f20, Size=16
[2018.08.19-17.04.07:628][  0]LogUObjectGlobals: Created PersistentFrame Addr=0x000001aceaf6b740, Size=16, Default__BTTask_Set_BB_Actor_C Function /Engine/Transient.REINST_BTTask_Set_BB_Actor_C_14:ExecuteUbergraph_BTTask_Set_BB_Actor
[2018.08.19-17.04.07:629][  0]LogUObjectGlobals: Destroyed PersistentFrame Addr=0x000001ace639a140, Size=16
[2018.08.19-17.04.07:629][  0]LogUObjectGlobals: Created PersistentFrame Addr=0x000001aceaf6b3f0, Size=16, Default__BTTask_SetBB_Bool_C Function /Engine/Transient.REINST_BTTask_SetBB_Bool_C_15:ExecuteUbergraph_BTTask_SetBB_Bool
[2018.08.19-17.04.07:629][  0]LogUObjectGlobals: Destroyed PersistentFrame Addr=0x000001acea6dbc40, Size=68
[2018.08.19-17.04.07:629][  0]LogUObjectGlobals: Created PersistentFrame Addr=0x000001aceaeeec50, Size=68, Default__terminal_UI_C Function /Engine/Transient.REINST_terminal_UI_C_0:ExecuteUbergraph_terminal_UI
[2018.08.19-17.04.07:630][  0]LogUObjectGlobals: Destroyed PersistentFrame Addr=0x000001ace796e780, Size=880
[2018.08.19-17.04.07:630][  0]LogUObjectGlobals: Created PersistentFrame Addr=0x000001aceaeb7c80, Size=880, Default__ThirdPersonCharacter_C Function /Engine/Transient.REINST_ThirdPersonCharacter_C_16:ExecuteUbergraph_ThirdPersonCharacter
[2018.08.19-17.04.07:631][  0]LogUObjectGlobals: Destroyed PersistentFrame Addr=0x000001ace7b72f80, Size=64
[2018.08.19-17.04.07:631][  0]LogUObjectGlobals: Created PersistentFrame Addr=0x000001aceaee5cc0, Size=64, Default__UI_C Function /Engine/Transient.REINST_UI_C_1:ExecuteUbergraph_UI
[2018.08.19-17.04.07:631][  0]LogUObjectGlobals: Destroyed PersistentFrame Addr=0x000001ace7c04c80, Size=120
[2018.08.19-17.04.07:631][  0]LogUObjectGlobals: Created PersistentFrame Addr=0x000001aceaed3d80, Size=120, Default__BTService_DistanceToObject_C Function /Engine/Transient.REINST_BTService_DistanceToObject_C_17:ExecuteUbergraph_BTService_DistanceToObject
[2018.08.19-17.04.07:686][  0]LogUObjectGlobals: Created PersistentFrame Addr=0x000001acebb51540, Size=32, Default__BP_Hidable_Ceiling_Master_C Function /Game/My_Bp/hide_master/BP_Hidable_Ceiling_Master.BP_Hidable_Ceiling_Master_C:ExecuteUbergraph_BP_Hidable_Ceiling_Master
[2018.08.19-17.04.07:687][  0]LogUObjectGlobals: Created PersistentFrame Addr=0x000001acebb50ce0, Size=32, Default__BP_Hidable_Master_C Function /Game/My_Bp/hide_master/BP_Hidable_Master.BP_Hidable_Master_C:ExecuteUbergraph_BP_Hidable_Master
[2018.08.19-17.04.07:688][  0]LogUObjectGlobals: Created PersistentFrame Addr=0x000001acebb1d120, Size=148, Default__Dec_Things_Light_1_C Function /Game/My_Bp/prop_bp/Dec_Things_Light_1.Dec_Things_Light_1_C:ExecuteUbergraph_Dec_Things_Light_1
[2018.08.19-17.04.07:689][  0]LogUObjectGlobals: Created PersistentFrame Addr=0x000001acebb6b880, Size=304, Default__door_C Function /Game/My_Bp/door/door.door_C:ExecuteUbergraph_door
[2018.08.19-17.04.07:691][  0]LogUObjectGlobals: Created PersistentFrame Addr=0x000001acebb6b9c0, Size=304, Default__lever_door_C Function /Game/My_Bp/door/lever_door.lever_door_C:ExecuteUbergraph_lever_door
[2018.08.19-17.04.07:692][  0]LogUObjectGlobals: Created PersistentFrame Addr=0x000001aceafbd210, Size=40, Default__Terminal_bp_C Function /Game/My_Bp/terminal/Terminal_bp.Terminal_bp_C:ExecuteUbergraph_Terminal_bp
[2018.08.19-17.04.07:693][  0]LogUObjectGlobals: Created PersistentFrame Addr=0x000001aceba6f830, Size=72, Default__ThirdPerson_AnimBP_C Function /Game/ThirdPerson_AnimBP.ThirdPerson_AnimBP_C:ExecuteUbergraph_ThirdPerson_AnimBP
[2018.08.19-17.04.07:694][  0]LogUObjectGlobals: Created PersistentFrame Addr=0x000001aceba6ed90, Size=72, Default__ThirdPerson_AnimBP_C Function /Game/Mannequin/Animations/ThirdPerson_AnimBP.ThirdPerson_AnimBP_C:ExecuteUbergraph_ThirdPerson_AnimBP
[2018.08.19-17.04.07:694][  0]LogUObjectGlobals: Created PersistentFrame Addr=0x000001aceba54870, Size=112, Default__AIGuardCharacter_C Function /Game/My_Bp/AIGuard/AIGuardCharacter.AIGuardCharacter_C:ExecuteUbergraph_AIGuardCharacter
[2018.08.19-17.04.07:695][  0]LogUObjectGlobals: Created PersistentFrame Addr=0x000001aceba39980, Size=112, Default__AIGuardController_C Function /Game/My_Bp/AIGuard/AIGuardController.AIGuardController_C:ExecuteUbergraph_AIGuardController
[2018.08.19-17.04.07:696][  0]LogUObjectGlobals: Created PersistentFrame Addr=0x000001aceba377a0, Size=32, Default__BTTask_BB_DoAttack_C Function /Game/My_Bp/AIGuard/BTTask_BB_DoAttack.BTTask_BB_DoAttack_C:ExecuteUbergraph_BTTask_BB_DoAttack
[2018.08.19-17.04.07:696][  0]LogUObjectGlobals: Created PersistentFrame Addr=0x000001acebaf2938, Size=24, Default__BTTask_Set_BB_Actor_C Function /Game/My_Bp/AIGuard/BTTask_Set_BB_Actor.BTTask_Set_BB_Actor_C:ExecuteUbergraph_BTTask_Set_BB_Actor
[2018.08.19-17.04.07:696][  0]LogUObjectGlobals: Created PersistentFrame Addr=0x000001acebaf2830, Size=24, Default__BTTask_SetBB_Bool_C Function /Game/My_Bp/AIGuard/BTTask_SetBB_Bool.BTTask_SetBB_Bool_C:ExecuteUbergraph_BTTask_SetBB_Bool
[2018.08.19-17.04.07:697][  0]LogUObjectGlobals: Created PersistentFrame Addr=0x000001aceba1b650, Size=68, Default__terminal_UI_C Function /Game/UI/termianl_ui/terminal_UI.terminal_UI_C:ExecuteUbergraph_terminal_UI
[2018.08.19-17.04.07:700][  0]LogUObjectGlobals: Created PersistentFrame Addr=0x000001aceba12080, Size=880, Default__ThirdPersonCharacter_C Function /Game/ThirdPersonBP/Blueprints/ThirdPersonCharacter.ThirdPersonCharacter_C:ExecuteUbergraph_ThirdPersonCharacter
[2018.08.19-17.04.07:701][  0]LogUObjectGlobals: Created PersistentFrame Addr=0x000001aceba4c180, Size=64, Default__UI_C Function /Game/UI/widget/UI.UI_C:ExecuteUbergraph_UI
[2018.08.19-17.04.07:702][  0]LogUObjectGlobals: Created PersistentFrame Addr=0x000001aceba00f40, Size=152, Default__BTService_DistanceToObject_C Function /Game/My_Bp/AIGuard/BTService_DistanceToObject.BTService_DistanceToObject_C:ExecuteUbergraph_BTService_DistanceToObject
[2018.08.19-17.04.07:714][  0]LogUObjectGlobals: Destroyed PersistentFrame Addr=0x000001ace7b53ee0, Size=16
[2018.08.19-17.04.07:714][  0]LogUObjectGlobals: Created PersistentFrame Addr=0x000001acebaf7050, Size=16, Default__Tech_demo_C Function /Engine/Transient.REINST_Tech_demo_C_39:ExecuteUbergraph_Tech_demo
[2018.08.19-17.04.07:716][  0]LogUObjectGlobals: Created PersistentFrame Addr=0x000001acebaf7170, Size=16, Default__Tech_demo_C Function /Game/map/Maps/Tech_demo.Tech_demo_C:ExecuteUbergraph_Tech_demo
[2018.08.19-17.04.08:608][  0]LogSkeletalMesh: Skeletal Mesh found in DDC [32.571461ms] /Game/meshes/Freda/freda_rig.freda_rig
[2018.08.19-17.04.08:652][  0]LogSkeletalMesh: Skeletal Mesh found in DDC [16.021160ms] /Game/Mannequin/Character/Mesh/SK_Mannequin.SK_Mannequin
[2018.08.19-17.04.08:988][  0]LogAIModule: Creating AISystem for world Tech_demo
[2018.08.19-17.04.08:991][  0]LogUObjectGlobals: Created PersistentFrame Addr=0x000001acf5e7efd0, Size=16, Default__ThirdPersonGameMode_C Function /Game/ThirdPersonBP/Blueprints/ThirdPersonGameMode.ThirdPersonGameMode_C:ExecuteUbergraph_ThirdPersonGameMode
[2018.08.19-17.04.08:993][  0]LogUObjectGlobals: Destroyed PersistentFrame Addr=0x000001acf5e7efd0, Size=16
[2018.08.19-17.04.08:993][  0]LogUObjectGlobals: Created PersistentFrame Addr=0x000001acf5e7efd0, Size=16, Default__ThirdPersonGameMode_C Function /Engine/Transient.REINST_ThirdPersonGameMode_C_41:ExecuteUbergraph_ThirdPersonGameMode
[2018.08.19-17.04.08:994][  0]LogUObjectGlobals: Created PersistentFrame Addr=0x000001acf5e7efc0, Size=16, Default__ThirdPersonGameMode_C Function /Game/ThirdPersonBP/Blueprints/ThirdPersonGameMode.ThirdPersonGameMode_C:ExecuteUbergraph_ThirdPersonGameMode
[2018.08.19-17.04.08:995][  0]LogLoad: Game class is 'ThirdPersonGameMode_C'
[2018.08.19-17.04.09:260][  0]LogWorld: Bringing World /Game/map/Maps/Tech_demo.Tech_demo up for play (max tick rate 0) at 2018.08.19-20.04.09
[2018.08.19-17.04.09:263][  0]LogWorld: Bringing up level for play took: 0.266369
[2018.08.19-17.04.09:702][  0]LogLoad: Took 2.495172 seconds to LoadMap(/Game/map/Maps/Tech_demo)
[2018.08.19-17.04.09:794][  0]LogLoad: (Engine Initialization) Total time: 14.15 seconds
[2018.08.19-17.04.09:794][  0]LogLoad: (Engine Initialization) Total Blueprint compile time: 0.00 seconds
[2018.08.19-17.04.09:814][  0]LogRenderer: Reallocating scene render targets to support 1024x1024 Format 10 NumSamples 1 (Frame:1).
[2018.08.19-17.04.09:852][  0]LogRenderer: Reallocating scene render targets to support 1280x1024 Format 10 NumSamples 1 (Frame:1).
[2018.08.19-17.04.09:915][  0]LogWindowsTextInputMethodSystem: Display: IME system now deactivated.
[2018.08.19-17.04.09:930][  0]LogContentStreaming: Texture pool size now 1000 MB
[2018.08.19-17.04.12:096][118]LogRenderer: Reallocating scene render targets to support 1840x1060 Format 10 NumSamples 1 (Frame:121).
[2018.08.19-17.04.13:045][173]LogRenderer: Reallocating scene render targets to support 1920x1080 Format 10 NumSamples 1 (Frame:176).
[2018.08.19-17.04.33:341][431]LogSlate: Took 0.000400 seconds to synchronously load lazily loaded font '../../../Engine/Content/Slate/Fonts/Roboto-Regular.ttf' (155K)
[2018.08.19-17.05.11:021][767]LogUObjectGlobals: Destroyed PersistentFrame Addr=0x000001acebaf7050, Size=16
[2018.08.19-17.05.11:021][767]LogUObjectGlobals: Destroyed PersistentFrame Addr=0x000001aceaee5cc0, Size=64
[2018.08.19-17.05.11:021][767]LogUObjectGlobals: Destroyed PersistentFrame Addr=0x000001aceaf33f90, Size=112
[2018.08.19-17.05.11:021][767]LogUObjectGlobals: Destroyed PersistentFrame Addr=0x000001aceaee7ec0, Size=64
[2018.08.19-17.05.11:021][767]LogUObjectGlobals: Destroyed PersistentFrame Addr=0x000001aceaeb7c80, Size=880
[2018.08.19-17.05.11:021][767]LogUObjectGlobals: Destroyed PersistentFrame Addr=0x000001aceaf881a0, Size=32
[2018.08.19-17.05.11:021][767]LogUObjectGlobals: Destroyed PersistentFrame Addr=0x000001aceaf88160, Size=32
[2018.08.19-17.05.11:021][767]LogUObjectGlobals: Destroyed PersistentFrame Addr=0x000001aceaeefb00, Size=72
[2018.08.19-17.05.11:021][767]LogUObjectGlobals: Destroyed PersistentFrame Addr=0x000001aceaf33f20, Size=112
[2018.08.19-17.05.11:021][767]LogUObjectGlobals: Destroyed PersistentFrame Addr=0x000001aceaed3d80, Size=120
[2018.08.19-17.05.11:021][767]LogUObjectGlobals: Destroyed PersistentFrame Addr=0x000001aceaef3ee0, Size=32
[2018.08.19-17.05.11:021][767]LogUObjectGlobals: Destroyed PersistentFrame Addr=0x000001aceaf6b740, Size=16
[2018.08.19-17.05.11:021][767]LogUObjectGlobals: Destroyed PersistentFrame Addr=0x000001aceaf6b3f0, Size=16
[2018.08.19-17.05.11:021][767]LogUObjectGlobals: Destroyed PersistentFrame Addr=0x000001aceb4551c0, Size=304
[2018.08.19-17.05.11:021][767]LogUObjectGlobals: Destroyed PersistentFrame Addr=0x000001aceb454cc0, Size=304
[2018.08.19-17.05.11:021][767]LogUObjectGlobals: Destroyed PersistentFrame Addr=0x000001aceaf1b6a0, Size=148
[2018.08.19-17.05.11:021][767]LogUObjectGlobals: Destroyed PersistentFrame Addr=0x000001aceafbf650, Size=40
[2018.08.19-17.05.11:021][767]LogUObjectGlobals: Destroyed PersistentFrame Addr=0x000001aceaeeec50, Size=68
[2018.08.19-17.05.11:022][767]LogUObjectGlobals: Destroyed PersistentFrame Addr=0x000001acf5e7efd0, Size=16
[2018.08.19-17.05.11:052][769]LogSlate: FSceneViewport::OnFocusLost() reason 0
[2018.08.19-17.05.11:054][769]LogBlueprintUserMessages: [terminal_UI_C_0] 0.005055
[2018.08.19-17.05.11:071][770]LogBlueprintUserMessages: [terminal_UI_C_0] 0.005111
[2018.08.19-17.05.11:086][771]LogBlueprintUserMessages: [terminal_UI_C_0] 0.005168
[2018.08.19-17.05.11:103][772]LogBlueprintUserMessages: [terminal_UI_C_0] 0.005225
[2018.08.19-17.05.11:119][773]LogBlueprintUserMessages: [terminal_UI_C_0] 0.005284
[2018.08.19-17.05.11:135][774]LogBlueprintUserMessages: [terminal_UI_C_0] 0.005344
[2018.08.19-17.05.11:152][775]LogBlueprintUserMessages: [terminal_UI_C_0] 0.005404
[2018.08.19-17.05.11:167][776]LogBlueprintUserMessages: [terminal_UI_C_0] 0.005466
[2018.08.19-17.05.11:183][777]LogBlueprintUserMessages: [terminal_UI_C_0] 0.005529
[2018.08.19-17.05.11:201][778]LogBlueprintUserMessages: [terminal_UI_C_0] 0.005592
[2018.08.19-17.05.11:215][779]LogBlueprintUserMessages: [terminal_UI_C_0] 0.005657
[2018.08.19-17.05.11:231][780]LogBlueprintUserMessages: [terminal_UI_C_0] 0.005723
[2018.08.19-17.05.11:247][781]LogBlueprintUserMessages: [terminal_UI_C_0] 0.00579
[2018.08.19-17.05.11:263][782]LogBlueprintUserMessages: [terminal_UI_C_0] 0.005858
[2018.08.19-17.05.11:279][783]LogBlueprintUserMessages: [terminal_UI_C_0] 0.005928
[2018.08.19-17.05.11:296][784]LogBlueprintUserMessages: [terminal_UI_C_0] 0.005999
[2018.08.19-17.05.11:312][785]LogBlueprintUserMessages: [terminal_UI_C_0] 0.006071
[2018.08.19-17.05.11:328][786]LogBlueprintUserMessages: [terminal_UI_C_0] 0.006144
[2018.08.19-17.05.11:344][787]LogBlueprintUserMessages: [terminal_UI_C_0] 0.006218
[2018.08.19-17.05.11:361][788]LogBlueprintUserMessages: [terminal_UI_C_0] 0.006294
[2018.08.19-17.05.11:377][789]LogBlueprintUserMessages: [terminal_UI_C_0] 0.006372
[2018.08.19-17.05.11:393][790]LogBlueprintUserMessages: [terminal_UI_C_0] 0.006451
[2018.08.19-17.05.11:409][791]LogBlueprintUserMessages: [terminal_UI_C_0] 0.006531
[2018.08.19-17.05.11:425][792]LogBlueprintUserMessages: [terminal_UI_C_0] 0.006613
[2018.08.19-17.05.11:441][793]LogBlueprintUserMessages: [terminal_UI_C_0] 0.006696
[2018.08.19-17.05.11:457][794]LogBlueprintUserMessages: [terminal_UI_C_0] 0.006781
[2018.08.19-17.05.11:473][795]LogBlueprintUserMessages: [terminal_UI_C_0] 0.006868
[2018.08.19-17.05.11:489][796]LogBlueprintUserMessages: [terminal_UI_C_0] 0.006956
[2018.08.19-17.05.11:506][797]LogBlueprintUserMessages: [terminal_UI_C_0] 0.007046
[2018.08.19-17.05.11:521][798]LogBlueprintUserMessages: [terminal_UI_C_0] 0.007138
[2018.08.19-17.05.11:538][799]LogBlueprintUserMessages: [terminal_UI_C_0] 0.007232
[2018.08.19-17.05.11:554][800]LogBlueprintUserMessages: [terminal_UI_C_0] 0.007328
[2018.08.19-17.05.11:570][801]LogBlueprintUserMessages: [terminal_UI_C_0] 0.007426
[2018.08.19-17.05.11:586][802]LogBlueprintUserMessages: [terminal_UI_C_0] 0.007525
[2018.08.19-17.05.11:603][803]LogBlueprintUserMessages: [terminal_UI_C_0] 0.007627
[2018.08.19-17.05.11:619][804]LogBlueprintUserMessages: [terminal_UI_C_0] 0.007731
[2018.08.19-17.05.11:635][805]LogBlueprintUserMessages: [terminal_UI_C_0] 0.007837
[2018.08.19-17.05.11:652][806]LogBlueprintUserMessages: [terminal_UI_C_0] 0.007946
[2018.08.19-17.05.11:667][807]LogBlueprintUserMessages: [terminal_UI_C_0] 0.008056
[2018.08.19-17.05.11:683][808]LogBlueprintUserMessages: [terminal_UI_C_0] 0.00817
[2018.08.19-17.05.11:700][809]LogBlueprintUserMessages: [terminal_UI_C_0] 0.008285
[2018.08.19-17.05.11:716][810]LogBlueprintUserMessages: [terminal_UI_C_0] 0.008404
[2018.08.19-17.05.11:732][811]LogBlueprintUserMessages: [terminal_UI_C_0] 0.008525
[2018.08.19-17.05.11:748][812]LogBlueprintUserMessages: [terminal_UI_C_0] 0.008649
[2018.08.19-17.05.11:764][813]LogBlueprintUserMessages: [terminal_UI_C_0] 0.008775
[2018.08.19-17.05.11:781][814]LogBlueprintUserMessages: [terminal_UI_C_0] 0.008905
[2018.08.19-17.05.11:797][815]LogBlueprintUserMessages: [terminal_UI_C_0] 0.009038
[2018.08.19-17.05.11:812][816]LogBlueprintUserMessages: [terminal_UI_C_0] 0.009174
[2018.08.19-17.05.11:828][817]LogBlueprintUserMessages: [terminal_UI_C_0] 0.009313
[2018.08.19-17.05.11:844][818]LogBlueprintUserMessages: [terminal_UI_C_0] 0.009455
[2018.08.19-17.05.11:861][819]LogBlueprintUserMessages: [terminal_UI_C_0] 0.009601
[2018.08.19-17.05.11:877][820]LogBlueprintUserMessages: [terminal_UI_C_0] 0.009751
[2018.08.19-17.05.11:893][821]LogBlueprintUserMessages: [terminal_UI_C_0] 0.009905
[2018.08.19-17.05.11:909][822]LogBlueprintUserMessages: [terminal_UI_C_0] 0.010062
[2018.08.19-17.05.11:925][823]LogBlueprintUserMessages: [terminal_UI_C_0] 0.010224
[2018.08.19-17.05.11:942][824]LogBlueprintUserMessages: [terminal_UI_C_0] 0.01039
[2018.08.19-17.05.11:958][825]LogBlueprintUserMessages: [terminal_UI_C_0] 0.01056
[2018.08.19-17.05.11:975][826]LogBlueprintUserMessages: [terminal_UI_C_0] 0.010735
[2018.08.19-17.05.11:990][827]LogBlueprintUserMessages: [terminal_UI_C_0] 0.010915
[2018.08.19-17.05.12:006][828]LogBlueprintUserMessages: [terminal_UI_C_0] 0.011099
[2018.08.19-17.05.12:023][829]LogBlueprintUserMessages: [terminal_UI_C_0] 0.011289
[2018.08.19-17.05.12:038][830]LogBlueprintUserMessages: [terminal_UI_C_0] 0.011484
[2018.08.19-17.05.12:055][831]LogBlueprintUserMessages: [terminal_UI_C_0] 0.011685
[2018.08.19-17.05.12:071][832]LogBlueprintUserMessages: [terminal_UI_C_0] 0.011892
[2018.08.19-17.05.12:087][833]LogBlueprintUserMessages: [terminal_UI_C_0] 0.012105
[2018.08.19-17.05.12:103][834]LogBlueprintUserMessages: [terminal_UI_C_0] 0.012324
[2018.08.19-17.05.12:119][835]LogBlueprintUserMessages: [terminal_UI_C_0] 0.012549
[2018.08.19-17.05.12:135][836]LogBlueprintUserMessages: [terminal_UI_C_0] 0.012782
[2018.08.19-17.05.12:152][837]LogBlueprintUserMessages: [terminal_UI_C_0] 0.013022
[2018.08.19-17.05.12:168][838]LogBlueprintUserMessages: [terminal_UI_C_0] 0.01327
[2018.08.19-17.05.12:183][839]LogBlueprintUserMessages: [terminal_UI_C_0] 0.013526
[2018.08.19-17.05.12:199][840]LogBlueprintUserMessages: [terminal_UI_C_0] 0.01379
[2018.08.19-17.05.12:216][841]LogBlueprintUserMessages: [terminal_UI_C_0] 0.014063
[2018.08.19-17.05.12:232][842]LogBlueprintUserMessages: [terminal_UI_C_0] 0.014345
[2018.08.19-17.05.12:248][843]LogBlueprintUserMessages: [terminal_UI_C_0] 0.014637
[2018.08.19-17.05.12:265][844]LogBlueprintUserMessages: [terminal_UI_C_0] 0.014939
[2018.08.19-17.05.12:281][845]LogBlueprintUserMessages: [terminal_UI_C_0] 0.015252
[2018.08.19-17.05.12:297][846]LogBlueprintUserMessages: [terminal_UI_C_0] 0.015576
[2018.08.19-17.05.12:313][847]LogBlueprintUserMessages: [terminal_UI_C_0] 0.015912
[2018.08.19-17.05.12:329][848]LogBlueprintUserMessages: [terminal_UI_C_0] 0.01626
[2018.08.19-17.05.12:345][849]LogBlueprintUserMessages: [terminal_UI_C_0] 0.016622
[2018.08.19-17.05.12:361][850]LogBlueprintUserMessages: [terminal_UI_C_0] 0.016998
[2018.08.19-17.05.12:376][851]LogBlueprintUserMessages: [terminal_UI_C_0] 0.017389
[2018.08.19-17.05.12:393][852]LogBlueprintUserMessages: [terminal_UI_C_0] 0.017796
[2018.08.19-17.05.12:410][853]LogBlueprintUserMessages: [terminal_UI_C_0] 0.01822
[2018.08.19-17.05.12:426][854]LogBlueprintUserMessages: [terminal_UI_C_0] 0.018661
[2018.08.19-17.05.12:442][855]LogBlueprintUserMessages: [terminal_UI_C_0] 0.019121
[2018.08.19-17.05.12:458][856]LogBlueprintUserMessages: [terminal_UI_C_0] 0.019601
[2018.08.19-17.05.12:473][857]LogBlueprintUserMessages: [terminal_UI_C_0] 0.020103
[2018.08.19-17.05.12:491][858]LogBlueprintUserMessages: [terminal_UI_C_0] 0.020628
[2018.08.19-17.05.12:508][859]LogBlueprintUserMessages: [terminal_UI_C_0] 0.021177
[2018.08.19-17.05.12:522][860]LogBlueprintUserMessages: [terminal_UI_C_0] 0.021753
[2018.08.19-17.05.12:539][861]LogBlueprintUserMessages: [terminal_UI_C_0] 0.022357
[2018.08.19-17.05.12:555][862]LogBlueprintUserMessages: [terminal_UI_C_0] 0.022991
[2018.08.19-17.05.12:571][863]LogBlueprintUserMessages: [terminal_UI_C_0] 0.023657
[2018.08.19-17.05.12:587][864]LogBlueprintUserMessages: [terminal_UI_C_0] 0.024359
[2018.08.19-17.05.12:603][865]LogBlueprintUserMessages: [terminal_UI_C_0] 0.025098
[2018.08.19-17.05.12:619][866]LogBlueprintUserMessages: [terminal_UI_C_0] 0.025879
[2018.08.19-17.05.12:635][867]LogBlueprintUserMessages: [terminal_UI_C_0] 0.026704
[2018.08.19-17.05.12:652][868]LogBlueprintUserMessages: [terminal_UI_C_0] 0.027577
[2018.08.19-17.05.12:668][869]LogBlueprintUserMessages: [terminal_UI_C_0] 0.028503
[2018.08.19-17.05.12:684][870]LogBlueprintUserMessages: [terminal_UI_C_0] 0.029486
[2018.08.19-17.05.12:701][871]LogBlueprintUserMessages: [terminal_UI_C_0] 0.030533
[2018.08.19-17.05.12:716][872]LogBlueprintUserMessages: [terminal_UI_C_0] 0.031648
[2018.08.19-17.05.12:733][873]LogBlueprintUserMessages: [terminal_UI_C_0] 0.03284
[2018.08.19-17.05.12:749][874]LogBlueprintUserMessages: [terminal_UI_C_0] 0.034115
[2018.08.19-17.05.12:765][875]LogBlueprintUserMessages: [terminal_UI_C_0] 0.035484
[2018.08.19-17.05.12:781][876]LogBlueprintUserMessages: [terminal_UI_C_0] 0.036956
[2018.08.19-17.05.12:797][877]LogBlueprintUserMessages: [terminal_UI_C_0] 0.038543
[2018.08.19-17.05.12:812][878]LogBlueprintUserMessages: [terminal_UI_C_0] 0.04026
[2018.08.19-17.05.12:828][879]LogBlueprintUserMessages: [terminal_UI_C_0] 0.042122
[2018.08.19-17.05.12:845][880]LogBlueprintUserMessages: [terminal_UI_C_0] 0.044149
[2018.08.19-17.05.12:861][881]LogBlueprintUserMessages: [terminal_UI_C_0] 0.046363
[2018.08.19-17.05.12:877][882]LogBlueprintUserMessages: [terminal_UI_C_0] 0.048791
[2018.08.19-17.05.12:893][883]LogBlueprintUserMessages: [terminal_UI_C_0] 0.051464
[2018.08.19-17.05.12:910][884]LogBlueprintUserMessages: [terminal_UI_C_0] 0.054422
[2018.08.19-17.05.12:926][885]LogBlueprintUserMessages: [terminal_UI_C_0] 0.05771
[2018.08.19-17.05.12:942][886]LogBlueprintUserMessages: [terminal_UI_C_0] 0.061387
[2018.08.19-17.05.12:958][887]LogBlueprintUserMessages: [terminal_UI_C_0] 0.065523
[2018.08.19-17.05.12:974][888]LogBlueprintUserMessages: [terminal_UI_C_0] 0.07021
[2018.08.19-17.05.12:991][889]LogBlueprintUserMessages: [terminal_UI_C_0] 0.07556
[2018.08.19-17.05.13:007][890]LogBlueprintUserMessages: [terminal_UI_C_0] 0.081723
[2018.08.19-17.05.13:022][891]LogBlueprintUserMessages: [terminal_UI_C_0] 0.088892
[2018.08.19-17.05.13:039][892]LogBlueprintUserMessages: [terminal_UI_C_0] 0.097327
[2018.08.19-17.05.13:055][893]LogBlueprintUserMessages: [terminal_UI_C_0] 0.107384
[2018.08.19-17.05.13:071][894]LogBlueprintUserMessages: [terminal_UI_C_0] 0.119559
[2018.08.19-17.05.13:087][895]LogBlueprintUserMessages: [terminal_UI_C_0] 0.134571
[2018.08.19-17.05.13:103][896]LogBlueprintUserMessages: [terminal_UI_C_0] 0.153488
[2018.08.19-17.05.13:120][897]LogBlueprintUserMessages: [terminal_UI_C_0] 0.177967
[2018.08.19-17.05.13:136][898]LogBlueprintUserMessages: [terminal_UI_C_0] 0.210707
[2018.08.19-17.05.13:152][899]LogBlueprintUserMessages: [terminal_UI_C_0] 0.256369
[2018.08.19-17.05.13:168][900]LogBlueprintUserMessages: [terminal_UI_C_0] 0.323632
[2018.08.19-17.05.13:184][901]LogBlueprintUserMessages: [terminal_UI_C_0] 0.430312
[2018.08.19-17.05.13:201][902]LogBlueprintUserMessages: [terminal_UI_C_0] 0.618063
[2018.08.19-17.05.13:216][903]LogBlueprintUserMessages: [terminal_UI_C_0] 1.003772
[2018.08.19-17.05.13:232][904]LogBlueprintUserMessages: [terminal_UI_C_0] 2.017354
[2018.08.19-17.05.13:248][905]LogBlueprintUserMessages: [terminal_UI_C_0] 6.099175
[2018.08.19-17.05.13:264][906]LogBlueprintUserMessages: [terminal_UI_C_0] 43.335712
[2018.08.19-17.05.13:281][907]LogBlueprintUserMessages: [terminal_UI_C_0] 1921.579712
[2018.08.19-17.05.13:297][908]LogBlueprintUserMessages: [terminal_UI_C_0] 3694401.5
[2018.08.19-17.05.13:313][909]LogBlueprintUserMessages: [terminal_UI_C_0] 13648607051776.0
[2018.08.19-17.05.13:329][910]LogBlueprintUserMessages: [terminal_UI_C_0] 186284481921844054413279232.0
[2018.08.19-17.05.13:345][911]LogBlueprintUserMessages: [terminal_UI_C_0] inf
[2018.08.19-17.05.13:362][912]LogBlueprintUserMessages: [terminal_UI_C_0] inf
[2018.08.19-17.05.13:378][913]LogBlueprintUserMessages: [terminal_UI_C_0] inf
[2018.08.19-17.05.13:394][914]LogBlueprintUserMessages: [terminal_UI_C_0] inf
[2018.08.19-17.05.13:410][915]LogBlueprintUserMessages: [terminal_UI_C_0] inf
[2018.08.19-17.05.13:426][916]LogBlueprintUserMessages: [terminal_UI_C_0] inf
[2018.08.19-17.05.13:442][917]LogBlueprintUserMessages: [terminal_UI_C_0] inf
[2018.08.19-17.05.13:458][918]LogBlueprintUserMessages: [terminal_UI_C_0] inf
[2018.08.19-17.05.16:938][132]LogSlate: Window 'Am_i_Free (64-bit, PCD3D_SM5) ' being destroyed
[2018.08.19-17.05.16:938][132]LogWindowsTextInputMethodSystem: Display: IME system now deactivated.
[2018.08.19-17.05.16:943][132]LogEngine: All Windows Closed
[2018.08.19-17.05.16:943][132]LogWindows: FPlatformMisc::RequestExit(0)
[2018.08.19-17.05.17:208][133]LogSlate: Slate User Destroyed.  User Index 0, Is Virtual User: 0
[2018.08.19-17.05.17:208][133]LogExit: Preparing to exit.
[2018.08.19-17.05.17:208][133]LogMoviePlayer: Shutting down movie player
[2018.08.19-17.05.17:875][133]LogExit: Game engine shut down
[2018.08.19-17.05.17:881][133]LogUObjectGlobals: Destroyed PersistentFrame Addr=0x000001acebb51540, Size=32
[2018.08.19-17.05.17:881][133]LogUObjectGlobals: Destroyed PersistentFrame Addr=0x000001acebb50ce0, Size=32
[2018.08.19-17.05.17:881][133]LogUObjectGlobals: Destroyed PersistentFrame Addr=0x000001acebb1d120, Size=148
[2018.08.19-17.05.17:881][133]LogUObjectGlobals: Destroyed PersistentFrame Addr=0x000001acebb6b880, Size=304
[2018.08.19-17.05.17:881][133]LogUObjectGlobals: Destroyed PersistentFrame Addr=0x000001acebb6b9c0, Size=304
[2018.08.19-17.05.17:881][133]LogUObjectGlobals: Destroyed PersistentFrame Addr=0x000001aceafbd210, Size=40
[2018.08.19-17.05.17:881][133]LogUObjectGlobals: Destroyed PersistentFrame Addr=0x000001aceba6f830, Size=72
[2018.08.19-17.05.17:881][133]LogUObjectGlobals: Destroyed PersistentFrame Addr=0x000001aceba6ed90, Size=72
[2018.08.19-17.05.17:881][133]LogUObjectGlobals: Destroyed PersistentFrame Addr=0x000001aceba54870, Size=112
[2018.08.19-17.05.17:881][133]LogUObjectGlobals: Destroyed PersistentFrame Addr=0x000001aceba39980, Size=112
[2018.08.19-17.05.17:881][133]LogUObjectGlobals: Destroyed PersistentFrame Addr=0x000001aceba377a0, Size=32
[2018.08.19-17.05.17:881][133]LogUObjectGlobals: Destroyed PersistentFrame Addr=0x000001acebaf2938, Size=24
[2018.08.19-17.05.17:881][133]LogUObjectGlobals: Destroyed PersistentFrame Addr=0x000001acebaf2830, Size=24
[2018.08.19-17.05.17:881][133]LogUObjectGlobals: Destroyed PersistentFrame Addr=0x000001aceba1b650, Size=68
[2018.08.19-17.05.17:881][133]LogUObjectGlobals: Destroyed PersistentFrame Addr=0x000001aceba12080, Size=880
[2018.08.19-17.05.17:881][133]LogUObjectGlobals: Destroyed PersistentFrame Addr=0x000001aceba4c180, Size=64
[2018.08.19-17.05.17:881][133]LogUObjectGlobals: Destroyed PersistentFrame Addr=0x000001aceba00f40, Size=152
[2018.08.19-17.05.17:881][133]LogUObjectGlobals: Destroyed PersistentFrame Addr=0x000001acebaf7170, Size=16
[2018.08.19-17.05.17:882][133]LogUObjectGlobals: Destroyed PersistentFrame Addr=0x000001acf5e7efc0, Size=16
[2018.08.19-17.05.17:937][133]LogExit: Object subsystem successfully closed.
[2018.08.19-17.05.17:952][133]LogShaderCompilers: Display: Shaders left to compile 0
[2018.08.19-17.05.17:955][133]LogD3D11RHI: Shutdown
[2018.08.19-17.05.17:955][133]LogD3D11RHI: CleanupD3DDevice
[2018.08.19-17.05.17:956][133]LogD3D11RHI: ~FD3D11DynamicRHI
[2018.08.19-17.05.17:982][133]LogModuleManager: Shutting down and abandoning module SequenceRecorderSections (334)
[2018.08.19-17.05.17:982][133]LogModuleManager: Shutting down and abandoning module SequenceRecorder (332)
[2018.08.19-17.05.17:982][133]LogModuleManager: Shutting down and abandoning module AutomationController (330)
[2018.08.19-17.05.17:982][133]LogModuleManager: Shutting down and abandoning module AutomationWorker (328)
[2018.08.19-17.05.17:982][133]LogModuleManager: Shutting down and abandoning module AIModule (326)
[2018.08.19-17.05.17:982][133]LogModuleManager: Shutting down and abandoning module GameplayDebugger (325)
[2018.08.19-17.05.17:982][133]LogModuleManager: Shutting down and abandoning module AITestSuite (323)
[2018.08.19-17.05.17:982][133]LogModuleManager: Shutting down and abandoning module WmfMediaFactory (320)
[2018.08.19-17.05.17:982][133]LogModuleManager: Shutting down and abandoning module OpenExrWrapper (318)
[2018.08.19-17.05.17:982][133]LogModuleManager: Shutting down and abandoning module ImgMediaFactory (316)
[2018.08.19-17.05.17:982][133]LogModuleManager: Shutting down and abandoning module AvfMediaFactory (314)
[2018.08.19-17.05.17:982][133]LogModuleManager: Shutting down and abandoning module CharacterAI (312)
[2018.08.19-17.05.17:982][133]LogModuleManager: Shutting down and abandoning module SessionServices (310)
[2018.08.19-17.05.17:982][133]LogModuleManager: Shutting down and abandoning module MovieSceneCapture (308)
[2018.08.19-17.05.17:982][133]LogModuleManager: Shutting down and abandoning module MovieSceneTracks (306)
[2018.08.19-17.05.17:982][133]LogModuleManager: Shutting down and abandoning module MovieScene (304)
[2018.08.19-17.05.17:982][133]LogModuleManager: Shutting down and abandoning module GeometryCache (302)
[2018.08.19-17.05.17:982][133]LogModuleManager: Shutting down and abandoning module GeometryCacheEd (301)
[2018.08.19-17.05.17:982][133]LogModuleManager: Shutting down and abandoning module StreamingPauseRendering (298)
[2018.08.19-17.05.17:982][133]LogModuleManager: Shutting down and abandoning module PortalServices (296)
[2018.08.19-17.05.17:982][133]LogModuleManager: Shutting down and abandoning module PortalRpc (294)
[2018.08.19-17.05.17:982][133]LogModuleManager: Shutting down and abandoning module MessagingRpc (292)
[2018.08.19-17.05.17:982][133]LogModuleManager: Shutting down and abandoning module ProfilerService (290)
[2018.08.19-17.05.17:997][133]LogModuleManager: Shutting down and abandoning module TaskGraph (288)
[2018.08.19-17.05.17:997][133]LogModuleManager: Shutting down and abandoning module SteamVRController (286)
[2018.08.19-17.05.17:997][133]LogModuleManager: Shutting down and abandoning module ProceduralMeshComponent (284)
[2018.08.19-17.05.17:997][133]LogModuleManager: Shutting down and abandoning module OculusInput (282)
[2018.08.19-17.05.17:997][133]LogModuleManager: Shutting down and abandoning module MobilePatchingUtils (280)
[2018.08.19-17.05.17:997][133]LogModuleManager: Shutting down and abandoning module CustomMeshComponent (278)
[2018.08.19-17.05.17:997][133]LogModuleManager: Shutting down and abandoning module CableComponent (276)
[2018.08.19-17.05.17:997][133]LogModuleManager: Shutting down and abandoning module AudioCapture (274)
[2018.08.19-17.05.17:997][133]LogModuleManager: Shutting down and abandoning module ArchVisCharacter (272)
[2018.08.19-17.05.17:997][133]LogModuleManager: Shutting down and abandoning module AndroidPermission (270)
[2018.08.19-17.05.17:997][133]LogModuleManager: Shutting down and abandoning module NUTUnrealEngine4 (266)
[2018.08.19-17.05.17:997][133]LogModuleManager: Shutting down and abandoning module NetcodeUnitTest (264)
[2018.08.19-17.05.17:997][133]LogModuleManager: Shutting down and abandoning module MediaCompositing (262)
[2018.08.19-17.05.17:997][133]LogModuleManager: Shutting down and abandoning module LinearTimecode (260)
[2018.08.19-17.05.17:997][133]LogModuleManager: Shutting down and abandoning module ImgMedia (258)
[2018.08.19-17.05.18:000][133]LogModuleManager: Shutting down and abandoning module HTML5Networking (256)
[2018.08.19-17.05.18:000][133]LogModuleManager: Shutting down and abandoning module DatasmithContent (254)
[2018.08.19-17.05.18:000][133]LogModuleManager: Shutting down and abandoning module CryptoKeysOpenSSL (252)
[2018.08.19-17.05.18:000][133]LogModuleManager: Shutting down and abandoning module CryptoKeys (250)
[2018.08.19-17.05.18:000][133]LogModuleManager: Shutting down and abandoning module VisualStudioSourceCodeAccess (248)
[2018.08.19-17.05.18:000][133]LogModuleManager: Shutting down and abandoning module HotReload (247)
[2018.08.19-17.05.18:000][133]LogModuleManager: Shutting down and abandoning module DirectoryWatcher (246)
[2018.08.19-17.05.18:000][133]LogModuleManager: Shutting down and abandoning module VisualStudioCodeSourceCodeAccess (242)
[2018.08.19-17.05.18:000][133]LogModuleManager: Shutting down and abandoning module UObjectPlugin (240)
[2018.08.19-17.05.18:000][133]LogModuleManager: Shutting down and abandoning module SubversionSourceControl (238)
[2018.08.19-17.05.18:000][133]LogModuleManager: Shutting down and abandoning module PerforceSourceControl (236)
[2018.08.19-17.05.18:000][133]LogModuleManager: Shutting down and abandoning module SourceControl (235)
[2018.08.19-17.05.18:001][133]LogModuleManager: Shutting down and abandoning module CLionSourceCodeAccess (232)
[2018.08.19-17.05.18:001][133]LogModuleManager: Shutting down and abandoning module RuntimePhysXCooking (230)
[2018.08.19-17.05.18:001][133]LogModuleManager: Shutting down and abandoning module PhysXVehiclesEditor (228)
[2018.08.19-17.05.18:001][133]LogModuleManager: Shutting down and abandoning module PhysXVehicles (226)
[2018.08.19-17.05.18:001][133]LogModuleManager: Shutting down and abandoning module LocationServicesBPLibrary (224)
[2018.08.19-17.05.18:001][133]LogModuleManager: Shutting down and abandoning module ImmediatePhysicsEditor (222)
[2018.08.19-17.05.18:001][133]LogModuleManager: Shutting down and abandoning module ImmediatePhysics (220)
[2018.08.19-17.05.18:001][133]LogModuleManager: Shutting down and abandoning module ActorSequence (218)
[2018.08.19-17.05.18:001][133]LogModuleManager: Shutting down and abandoning module UdpMessaging (216)
[2018.08.19-17.05.18:102][133]LogModuleManager: Shutting down and abandoning module TcpMessaging (214)
[2018.08.19-17.05.18:767][133]LogModuleManager: Shutting down and abandoning module SubstanceCore (212)
[2018.08.19-17.05.18:768][133]LogModuleManager: Shutting down and abandoning module GameplayTagsEditor (210)
[2018.08.19-17.05.18:768][133]LogModuleManager: Shutting down and abandoning module FacialAnimation (208)
[2018.08.19-17.05.18:768][133]LogModuleManager: Shutting down and abandoning module DataValidation (206)
[2018.08.19-17.05.18:768][133]LogModuleManager: Shutting down and abandoning module AssetManagerEditor (204)
[2018.08.19-17.05.18:768][133]LogModuleManager: Shutting down and abandoning module TreeMap (203)
[2018.08.19-17.05.18:768][133]LogModuleManager: Shutting down and abandoning module LightPropagationVolumeRuntime (200)
[2018.08.19-17.05.18:768][133]LogModuleManager: Shutting down and abandoning module LiveLink (198)
[2018.08.19-17.05.19:510][133]LogModuleManager: Shutting down and abandoning module Paper2D (196)
[2018.08.19-17.05.19:511][133]LogModuleManager: Shutting down and abandoning module PIEPreviewDeviceProfileSelector (194)
[2018.08.19-17.05.19:511][133]LogModuleManager: Shutting down and abandoning module WindowsMoviePlayer (192)
[2018.08.19-17.05.19:511][133]LogModuleManager: Shutting down and abandoning module WmfMedia (190)
[2018.08.19-17.05.19:511][133]LogModuleManager: Shutting down and abandoning module Media (189)
[2018.08.19-17.05.19:518][133]LogModuleManager: Shutting down and abandoning module PacketHandler (186)
[2018.08.19-17.05.19:518][133]LogModuleManager: Shutting down and abandoning module ClothingSystemEditor (184)
[2018.08.19-17.05.19:518][133]LogModuleManager: Shutting down and abandoning module ClothingSystemRuntime (182)
[2018.08.19-17.05.19:518][133]LogModuleManager: Shutting down and abandoning module MediaAssets (180)
[2018.08.19-17.05.19:518][133]LogModuleManager: Shutting down and abandoning module Overlay (178)
[2018.08.19-17.05.19:518][133]LogModuleManager: Shutting down and abandoning module OverlayEditor (177)
[2018.08.19-17.05.19:518][133]LogModuleManager: Shutting down and abandoning module VREditor (174)
[2018.08.19-17.05.19:518][133]LogModuleManager: Shutting down and abandoning module StringTableEditor (172)
[2018.08.19-17.05.19:518][133]LogModuleManager: Shutting down and abandoning module GameplayTasksEditor (170)
[2018.08.19-17.05.19:518][133]LogModuleManager: Shutting down and abandoning module BehaviorTreeEditor (168)
[2018.08.19-17.05.19:518][133]LogModuleManager: Shutting down and abandoning module FunctionalTesting (166)
[2018.08.19-17.05.19:518][133]LogModuleManager: Shutting down and abandoning module CollisionAnalyzer (164)
[2018.08.19-17.05.19:518][133]LogModuleManager: Shutting down and abandoning module WorkspaceMenuStructure (163)
[2018.08.19-17.05.19:518][133]LogModuleManager: Shutting down and abandoning module UMG (160)
[2018.08.19-17.05.19:518][133]LogModuleManager: Shutting down and abandoning module UMGEditor (159)
[2018.08.19-17.05.19:518][133]LogModuleManager: Shutting down and abandoning module Sequencer (158)
[2018.08.19-17.05.19:518][133]LogModuleManager: Shutting down and abandoning module MessageLog (155)
[2018.08.19-17.05.19:518][133]LogModuleManager: Shutting down and abandoning module SlateReflector (150)
[2018.08.19-17.05.19:519][133]LogModuleManager: Shutting down and abandoning module Slate (148)
[2018.08.19-17.05.19:519][133]LogModuleManager: Shutting down and abandoning module EditorStyle (146)
[2018.08.19-17.05.19:520][133]LogModuleManager: Shutting down and abandoning module MRMesh (144)
[2018.08.19-17.05.19:520][133]LogModuleManager: Shutting down and abandoning module Messaging (142)
[2018.08.19-17.05.19:520][133]LogModuleManager: Shutting down and abandoning module SourceCodeAccess (140)
[2018.08.19-17.05.19:520][133]LogModuleManager: Shutting down and abandoning module HeadMountedDisplay (138)
[2018.08.19-17.05.19:520][133]LogModuleManager: Shutting down and abandoning module XAudio2 (136)
[2018.08.19-17.05.19:520][133]LogModuleManager: Shutting down and abandoning module Networking (134)
[2018.08.19-17.05.19:520][133]LogModuleManager: Shutting down and abandoning module Core (132)
[2018.08.19-17.05.19:520][133]LogModuleManager: Shutting down and abandoning module LevelSequence (130)
[2018.08.19-17.05.19:520][133]LogModuleManager: Shutting down and abandoning module KismetCompiler (128)
[2018.08.19-17.05.19:520][133]LogModuleManager: Shutting down and abandoning module MeshUtilities (126)
[2018.08.19-17.05.19:520][133]LogModuleManager: Shutting down and abandoning module MeshMergeUtilities (125)
[2018.08.19-17.05.19:520][133]LogModuleManager: Shutting down and abandoning module MeshReductionInterface (124)
[2018.08.19-17.05.19:520][133]LogModuleManager: Shutting down and abandoning module SimplygonSwarm (123)
[2018.08.19-17.05.19:520][133]LogModuleManager: Shutting down and abandoning module SimplygonMeshReduction (121)
[2018.08.19-17.05.19:520][133]LogModuleManager: Shutting down and abandoning module QuadricMeshReduction (119)
[2018.08.19-17.05.19:520][133]LogModuleManager: Shutting down and abandoning module MaterialBaking (115)
[2018.08.19-17.05.19:520][133]LogModuleManager: Shutting down and abandoning module DerivedDataCache (110)
[2018.08.19-17.05.19:753][133]LogDerivedDataCache: Shutdown
[2018.08.19-17.05.19:753][133]LogModuleManager: Shutting down and abandoning module XGEController (108)
[2018.08.19-17.05.19:753][133]LogModuleManager: Shutting down and abandoning module TargetPlatform (106)
[2018.08.19-17.05.19:753][133]LogModuleManager: Shutting down and abandoning module VulkanShaderFormat (105)
[2018.08.19-17.05.19:753][133]LogModuleManager: Shutting down and abandoning module ShaderFormatVectorVM (103)
[2018.08.19-17.05.19:753][133]LogModuleManager: Shutting down and abandoning module ShaderFormatOpenGL (101)
[2018.08.19-17.05.19:753][133]LogModuleManager: Shutting down and abandoning module ShaderFormatD3D (99)
[2018.08.19-17.05.19:753][133]LogModuleManager: Shutting down and abandoning module MetalShaderFormat (97)
[2018.08.19-17.05.19:753][133]LogModuleManager: Shutting down and abandoning module TextureFormatUncompressed (95)
[2018.08.19-17.05.19:753][133]LogModuleManager: Shutting down and abandoning module TextureFormatPVR (93)
[2018.08.19-17.05.19:753][133]LogModuleManager: Shutting down and abandoning module TextureFormatDXT (91)
[2018.08.19-17.05.19:753][133]LogModuleManager: Shutting down and abandoning module TextureFormatIntelISPCTexComp (89)
[2018.08.19-17.05.19:753][133]LogModuleManager: Shutting down and abandoning module TextureFormatASTC (87)
[2018.08.19-17.05.19:753][133]LogModuleManager: Shutting down and abandoning module ImageWrapper (86)
[2018.08.19-17.05.19:753][133]LogModuleManager: Shutting down and abandoning module TextureFormatAndroid (83)
[2018.08.19-17.05.19:753][133]LogModuleManager: Shutting down and abandoning module AudioFormatOpus (81)
[2018.08.19-17.05.19:753][133]LogModuleManager: Shutting down and abandoning module AudioFormatOgg (79)
[2018.08.19-17.05.19:753][133]LogModuleManager: Shutting down and abandoning module AudioFormatADPCM (77)
[2018.08.19-17.05.19:753][133]LogModuleManager: Shutting down and abandoning module WindowsTargetPlatform (75)
[2018.08.19-17.05.19:753][133]LogModuleManager: Shutting down and abandoning module WindowsServerTargetPlatform (73)
[2018.08.19-17.05.19:753][133]LogModuleManager: Shutting down and abandoning module WindowsNoEditorTargetPlatform (71)
[2018.08.19-17.05.19:753][133]LogModuleManager: Shutting down and abandoning module WindowsClientTargetPlatform (69)
[2018.08.19-17.05.19:753][133]LogModuleManager: Shutting down and abandoning module InputCore (66)
[2018.08.19-17.05.19:753][133]LogModuleManager: Shutting down and abandoning module Settings (64)
[2018.08.19-17.05.19:753][133]LogModuleManager: Shutting down and abandoning module PhysXCooking (62)
[2018.08.19-17.05.19:753][133]LogModuleManager: Shutting down and abandoning module SteamVR (60)
[2018.08.19-17.05.19:754][133]LogModuleManager: Shutting down and abandoning module OculusHMD (58)
[2018.08.19-17.05.19:754][133]LogModuleManager: Shutting down and abandoning module ExampleDeviceProfileSelector (56)
[2018.08.19-17.05.19:754][133]LogModuleManager: Shutting down and abandoning module AppleARKit (54)
[2018.08.19-17.05.19:754][133]LogModuleManager: Shutting down and abandoning module AugmentedReality (51)
[2018.08.19-17.05.19:754][133]LogModuleManager: Shutting down and abandoning module OnlineBlueprintSupport (48)
[2018.08.19-17.05.19:754][133]LogModuleManager: Shutting down and abandoning module OnlineSubsystem (44)
[2018.08.19-17.05.19:754][133]LogModuleManager: Shutting down and abandoning module XMPP (43)
[2018.08.19-17.05.19:754][133]LogModuleManager: Shutting down and abandoning module HTTP (41)
[2018.08.19-17.05.19:770][133]LogModuleManager: Shutting down and abandoning module SSL (40)
[2018.08.19-17.05.19:771][133]LogModuleManager: Shutting down and abandoning module AnimationModifiers (36)
[2018.08.19-17.05.19:771][133]LogModuleManager: Shutting down and abandoning module PropertyEditor (35)
[2018.08.19-17.05.19:771][133]LogModuleManager: Shutting down and abandoning module AudioEditor (32)
[2018.08.19-17.05.19:771][133]LogModuleManager: Shutting down and abandoning module TextureCompressor (30)
[2018.08.19-17.05.19:771][133]LogModuleManager: Shutting down and abandoning module ShaderCore (28)
[2018.08.19-17.05.19:771][133]LogModuleManager: Shutting down and abandoning module Landscape (26)
[2018.08.19-17.05.19:771][133]LogModuleManager: Shutting down and abandoning module SlateRHIRenderer (24)
[2018.08.19-17.05.19:772][133]LogModuleManager: Shutting down and abandoning module OpenGLDrv (22)
[2018.08.19-17.05.19:772][133]LogModuleManager: Shutting down and abandoning module D3D11RHI (20)
[2018.08.19-17.05.19:772][133]LogModuleManager: Shutting down and abandoning module AnimGraphRuntime (18)
[2018.08.19-17.05.19:772][133]LogModuleManager: Shutting down and abandoning module Renderer (16)
[2018.08.19-17.05.19:772][133]LogModuleManager: Shutting down and abandoning module Engine (14)
[2018.08.19-17.05.19:772][133]LogModuleManager: Shutting down and abandoning module CoreUObject (12)
[2018.08.19-17.05.19:772][133]LogModuleManager: Shutting down and abandoning module NetworkFile (10)
[2018.08.19-17.05.19:772][133]LogModuleManager: Shutting down and abandoning module CookedIterativeFile (8)
[2018.08.19-17.05.19:772][133]LogModuleManager: Shutting down and abandoning module StreamingFile (6)
[2018.08.19-17.05.19:772][133]LogModuleManager: Shutting down and abandoning module SandboxFile (4)
[2018.08.19-17.05.19:772][133]LogModuleManager: Shutting down and abandoning module PakFile (2)
[2018.08.19-17.05.19:777][133]LogExit: Exiting.
[2018.08.19-17.05.19:779][133]Log file closed, 08/19/18 20:05:19
