Log file open, 08/19/18 20:29:57
LogWindows: Failed to load 'aqProf.dll' (GetLastError=126)
LogWindows: File 'aqProf.dll' does not exist
LogWindows: Failed to load 'VtuneApi.dll' (GetLastError=126)
LogWindows: File 'VtuneApi.dll' does not exist
LogWindows: Failed to load 'VtuneApi32e.dll' (GetLastError=126)
LogWindows: File 'VtuneApi32e.dll' does not exist
LogInit: Display: Running engine for game: Am_i_Free
LogPlatformFile: Not using cached read wrapper
LogInit: Display: RandInit(1123427290) SRandInit(1123427290).
LogInit: Read version file with build ID '3944462'
LogInit: Overriding engine version to CL 4033788, compatible CL 3944462
LogInit: Registered custom module enumerator with build ID '3944462'
LogTaskGraph: Started task graph with 5 named threads and 23 total threads with 3 sets of task threads.
LogStats: Stats thread started at 0.298703
LogD3D11RHI: Aftermath initialized
LogICUInternationalization: Display: ICU TimeZone Detection - Raw Offset: +2:00, Platform Override: ''
LogModuleManager: Display: Found up-to-date module file ../../../Engine/Plugins/Marketplace/Substance/Binaries/Win64/UE4Editor-SubstanceCore.dll (API version 3944462).
LogModuleManager: Display: Found up-to-date module file ../../../Engine/Plugins/Marketplace/Substance/Binaries/Win64/UE4Editor-SubstanceEditor.dll (API version 3944462).
LogModuleManager: Display: Found up-to-date module file ../../../Engine/Plugins/Marketplace/Substance/Binaries/Win64/UE4Editor-SubstanceSource.dll (API version 3944462).
LogModuleManager: Display: Found up-to-date module file ../../../Engine/Plugins/Marketplace/Substance/Binaries/Win64/UE4Editor-SubstanceLiveLink.dll (API version 3944462).
LogModuleManager: Display: Found up-to-date module file ../../../Engine/Plugins/2D/Paper2D/Binaries/Win64/UE4Editor-Paper2D.dll (API version 3944462).
LogModuleManager: Display: Found up-to-date module file ../../../Engine/Plugins/2D/Paper2D/Binaries/Win64/UE4Editor-Paper2DEditor.dll (API version 3944462).
LogModuleManager: Display: Found up-to-date module file ../../../Engine/Plugins/2D/Paper2D/Binaries/Win64/UE4Editor-PaperSpriteSheetImporter.dll (API version 3944462).
LogModuleManager: Display: Found up-to-date module file ../../../Engine/Plugins/2D/Paper2D/Binaries/Win64/UE4Editor-PaperTiledImporter.dll (API version 3944462).
LogModuleManager: Display: Found up-to-date module file ../../../Engine/Plugins/2D/Paper2D/Binaries/Win64/UE4Editor-SmartSnapping.dll (API version 3944462).
LogModuleManager: Display: Found up-to-date module file ../../../Engine/Plugins/Blendables/LightPropagationVolume/Binaries/Win64/UE4Editor-LightPropagationVolumeRuntime.dll (API version 3944462).
LogModuleManager: Display: Found up-to-date module file ../../../Engine/Plugins/Blendables/LightPropagationVolume/Binaries/Win64/UE4Editor-LightPropagationVolumeEditor.dll (API version 3944462).
LogModuleManager: Display: Found up-to-date module file ../../../Engine/Plugins/Developer/CLionSourceCodeAccess/Binaries/Win64/UE4Editor-CLionSourceCodeAccess.dll (API version 3944462).
LogModuleManager: Display: Found up-to-date module file ../../../Engine/Plugins/Developer/GitSourceControl/Binaries/Win64/UE4Editor-GitSourceControl.dll (API version 3944462).
LogModuleManager: Display: Found up-to-date module file ../../../Engine/Plugins/Developer/PerforceSourceControl/Binaries/Win64/UE4Editor-PerforceSourceControl.dll (API version 3944462).
LogModuleManager: Display: Found up-to-date module file ../../../Engine/Plugins/Developer/SubversionSourceControl/Binaries/Win64/UE4Editor-SubversionSourceControl.dll (API version 3944462).
LogModuleManager: Display: Found up-to-date module file ../../../Engine/Plugins/Developer/UObjectPlugin/Binaries/Win64/UE4Editor-UObjectPlugin.dll (API version 3944462).
LogModuleManager: Display: Found up-to-date module file ../../../Engine/Plugins/Developer/VisualStudioCodeSourceCodeAccess/Binaries/Win64/UE4Editor-VisualStudioCodeSourceCodeAccess.dll (API version 3944462).
LogModuleManager: Display: Found up-to-date module file ../../../Engine/Plugins/Developer/VisualStudioSourceCodeAccess/Binaries/Win64/UE4Editor-VisualStudioSourceCodeAccess.dll (API version 3944462).
LogModuleManager: Display: Found up-to-date module file ../../../Engine/Plugins/Editor/AssetManagerEditor/Binaries/Win64/UE4Editor-AssetManagerEditor.dll (API version 3944462).
LogModuleManager: Display: Found up-to-date module file ../../../Engine/Plugins/Editor/CryptoKeys/Binaries/Win64/UE4Editor-CryptoKeys.dll (API version 3944462).
LogModuleManager: Display: Found up-to-date module file ../../../Engine/Plugins/Editor/CryptoKeys/Binaries/Win64/UE4Editor-CryptoKeysOpenSSL.dll (API version 3944462).
LogModuleManager: Display: Found up-to-date module file ../../../Engine/Plugins/Editor/DataValidation/Binaries/Win64/UE4Editor-DataValidation.dll (API version 3944462).
LogModuleManager: Display: Found up-to-date module file ../../../Engine/Plugins/Editor/FacialAnimation/Binaries/Win64/UE4Editor-FacialAnimation.dll (API version 3944462).
LogModuleManager: Display: Found up-to-date module file ../../../Engine/Plugins/Editor/FacialAnimation/Binaries/Win64/UE4Editor-FacialAnimationEditor.dll (API version 3944462).
LogModuleManager: Display: Found up-to-date module file ../../../Engine/Plugins/Editor/GameplayTagsEditor/Binaries/Win64/UE4Editor-GameplayTagsEditor.dll (API version 3944462).
LogModuleManager: Display: Found up-to-date module file ../../../Engine/Plugins/Editor/MobileLauncherProfileWizard/Binaries/Win64/UE4Editor-MobileLauncherProfileWizard.dll (API version 3944462).
LogModuleManager: Display: Found up-to-date module file ../../../Engine/Plugins/Editor/PluginBrowser/Binaries/Win64/UE4Editor-PluginBrowser.dll (API version 3944462).
LogModuleManager: Display: Found up-to-date module file ../../../Engine/Plugins/Editor/SpeedTreeImporter/Binaries/Win64/UE4Editor-SpeedTreeImporter.dll (API version 3944462).
LogModuleManager: Display: Found up-to-date module file ../../../Engine/Plugins/Enterprise/DatasmithContent/Binaries/Win64/UE4Editor-DatasmithContent.dll (API version 3944462).
LogModuleManager: Display: Found up-to-date module file ../../../Engine/Plugins/Experimental/AlembicImporter/Binaries/Win64/UE4Editor-AlembicImporter.dll (API version 3944462).
LogModuleManager: Display: Found up-to-date module file ../../../Engine/Plugins/Experimental/AlembicImporter/Binaries/Win64/UE4Editor-AlembicLibrary.dll (API version 3944462).
LogModuleManager: Display: Found up-to-date module file ../../../Engine/Plugins/Experimental/CharacterAI/Binaries/Win64/UE4Editor-CharacterAI.dll (API version 3944462).
LogModuleManager: Display: Found up-to-date module file ../../../Engine/Plugins/Experimental/HTML5Networking/Binaries/Win64/UE4Editor-HTML5Networking.dll (API version 3944462).
LogModuleManager: Display: Found up-to-date module file ../../../Engine/Plugins/Media/AndroidMedia/Binaries/Win64/UE4Editor-AndroidMediaEditor.dll (API version 3944462).
LogModuleManager: Display: Found up-to-date module file ../../../Engine/Plugins/Media/AndroidMedia/Binaries/Win64/UE4Editor-AndroidMediaFactory.dll (API version 3944462).
LogModuleManager: Display: Found up-to-date module file ../../../Engine/Plugins/Media/AvfMedia/Binaries/Win64/UE4Editor-AvfMediaEditor.dll (API version 3944462).
LogModuleManager: Display: Found up-to-date module file ../../../Engine/Plugins/Media/AvfMedia/Binaries/Win64/UE4Editor-AvfMediaFactory.dll (API version 3944462).
LogModuleManager: Display: Found up-to-date module file ../../../Engine/Plugins/Media/AvfMedia/Binaries/Win64/UE4Editor-AvfMediaFactory.dll (API version 3944462).
LogModuleManager: Display: Found up-to-date module file ../../../Engine/Plugins/Media/ImgMedia/Binaries/Win64/UE4Editor-ImgMedia.dll (API version 3944462).
LogModuleManager: Display: Found up-to-date module file ../../../Engine/Plugins/Media/ImgMedia/Binaries/Win64/UE4Editor-ImgMediaEditor.dll (API version 3944462).
LogModuleManager: Display: Found up-to-date module file ../../../Engine/Plugins/Media/ImgMedia/Binaries/Win64/UE4Editor-ImgMediaFactory.dll (API version 3944462).
LogModuleManager: Display: Found up-to-date module file ../../../Engine/Plugins/Media/ImgMedia/Binaries/Win64/UE4Editor-ImgMediaFactory.dll (API version 3944462).
LogModuleManager: Display: Found up-to-date module file ../../../Engine/Plugins/Media/ImgMedia/Binaries/Win64/UE4Editor-OpenExrWrapper.dll (API version 3944462).
LogModuleManager: Display: Found up-to-date module file ../../../Engine/Plugins/Media/LinearTimecode/Binaries/Win64/UE4Editor-LinearTimecode.dll (API version 3944462).
LogModuleManager: Display: Found up-to-date module file ../../../Engine/Plugins/Media/MediaCompositing/Binaries/Win64/UE4Editor-MediaCompositing.dll (API version 3944462).
LogModuleManager: Display: Found up-to-date module file ../../../Engine/Plugins/Media/MediaCompositing/Binaries/Win64/UE4Editor-MediaCompositingEditor.dll (API version 3944462).
LogModuleManager: Display: Found up-to-date module file ../../../Engine/Plugins/Media/MediaPlayerEditor/Binaries/Win64/UE4Editor-MediaPlayerEditor.dll (API version 3944462).
LogModuleManager: Display: Found up-to-date module file ../../../Engine/Plugins/Media/WmfMedia/Binaries/Win64/UE4Editor-WmfMedia.dll (API version 3944462).
LogModuleManager: Display: Found up-to-date module file ../../../Engine/Plugins/Media/WmfMedia/Binaries/Win64/UE4Editor-WmfMediaEditor.dll (API version 3944462).
LogModuleManager: Display: Found up-to-date module file ../../../Engine/Plugins/Media/WmfMedia/Binaries/Win64/UE4Editor-WmfMediaFactory.dll (API version 3944462).
LogModuleManager: Display: Found up-to-date module file ../../../Engine/Plugins/Media/WmfMedia/Binaries/Win64/UE4Editor-WmfMediaFactory.dll (API version 3944462).
LogModuleManager: Display: Found up-to-date module file ../../../Engine/Plugins/Messaging/TcpMessaging/Binaries/Win64/UE4Editor-TcpMessaging.dll (API version 3944462).
LogModuleManager: Display: Found up-to-date module file ../../../Engine/Plugins/Messaging/UdpMessaging/Binaries/Win64/UE4Editor-UdpMessaging.dll (API version 3944462).
LogModuleManager: Display: Found up-to-date module file ../../../Engine/Plugins/MovieScene/ActorSequence/Binaries/Win64/UE4Editor-ActorSequence.dll (API version 3944462).
LogModuleManager: Display: Found up-to-date module file ../../../Engine/Plugins/MovieScene/LevelSequenceEditor/Binaries/Win64/UE4Editor-LevelSequenceEditor.dll (API version 3944462).
LogModuleManager: Display: Found up-to-date module file ../../../Engine/Plugins/MovieScene/MatineeToLevelSequence/Binaries/Win64/UE4Editor-MatineeToLevelSequence.dll (API version 3944462).
LogModuleManager: Display: Found up-to-date module file ../../../Engine/Plugins/NetcodeUnitTest/NetcodeUnitTest/Binaries/Win64/UE4Editor-NetcodeUnitTest.dll (API version 3944462).
LogModuleManager: Display: Found up-to-date module file ../../../Engine/Plugins/NetcodeUnitTest/NUTUnrealEngine4/Binaries/Win64/UE4Editor-NUTUnrealEngine4.dll (API version 3944462).
LogModuleManager: Display: Found up-to-date module file ../../../Engine/Plugins/Online/OnlineSubsystem/Binaries/Win64/UE4Editor-OnlineSubsystem.dll (API version 3944462).
LogModuleManager: Display: Found up-to-date module file ../../../Engine/Plugins/Runtime/AndroidPermission/Binaries/Win64/UE4Editor-AndroidPermission.dll (API version 3944462).
LogModuleManager: Display: Found up-to-date module file ../../../Engine/Plugins/Online/OnlineSubsystemNull/Binaries/Win64/UE4Editor-OnlineSubsystemNull.dll (API version 3944462).
LogModuleManager: Display: Found up-to-date module file ../../../Engine/Plugins/Online/OnlineSubsystemUtils/Binaries/Win64/UE4Editor-OnlineSubsystemUtils.dll (API version 3944462).
LogModuleManager: Display: Found up-to-date module file ../../../Engine/Plugins/Online/OnlineSubsystemUtils/Binaries/Win64/UE4Editor-OnlineBlueprintSupport.dll (API version 3944462).
LogModuleManager: Display: Found up-to-date module file ../../../Engine/Plugins/Runtime/AndroidDeviceProfileSelector/Binaries/Win64/UE4Editor-AndroidDeviceProfileSelector.dll (API version 3944462).
LogModuleManager: Display: Found up-to-date module file ../../../Engine/Plugins/Runtime/AppleARKit/Binaries/Win64/UE4Editor-AppleARKit.dll (API version 3944462).
LogModuleManager: Display: Found up-to-date module file ../../../Engine/Plugins/Runtime/ProceduralMeshComponent/Binaries/Win64/UE4Editor-ProceduralMeshComponent.dll (API version 3944462).
LogModuleManager: Display: Found up-to-date module file ../../../Engine/Plugins/Runtime/ProceduralMeshComponent/Binaries/Win64/UE4Editor-ProceduralMeshComponentEditor.dll (API version 3944462).
LogModuleManager: Display: Found up-to-date module file ../../../Engine/Plugins/Animation/LiveLink/Binaries/Win64/UE4Editor-LiveLink.dll (API version 3944462).
LogModuleManager: Display: Found up-to-date module file ../../../Engine/Plugins/Animation/LiveLink/Binaries/Win64/UE4Editor-LiveLinkEditor.dll (API version 3944462).
LogModuleManager: Display: Found up-to-date module file ../../../Engine/Plugins/Runtime/ArchVisCharacter/Binaries/Win64/UE4Editor-ArchVisCharacter.dll (API version 3944462).
LogModuleManager: Display: Found up-to-date module file ../../../Engine/Plugins/Runtime/AudioCapture/Binaries/Win64/UE4Editor-AudioCapture.dll (API version 3944462).
LogModuleManager: Display: Found up-to-date module file ../../../Engine/Plugins/Runtime/AudioCapture/Binaries/Win64/UE4Editor-AudioCaptureEditor.dll (API version 3944462).
LogModuleManager: Display: Found up-to-date module file ../../../Engine/Plugins/Runtime/CableComponent/Binaries/Win64/UE4Editor-CableComponent.dll (API version 3944462).
LogModuleManager: Display: Found up-to-date module file ../../../Engine/Plugins/Runtime/CustomMeshComponent/Binaries/Win64/UE4Editor-CustomMeshComponent.dll (API version 3944462).
LogModuleManager: Display: Found up-to-date module file ../../../Engine/Plugins/Runtime/ExampleDeviceProfileSelector/Binaries/Win64/UE4Editor-ExampleDeviceProfileSelector.dll (API version 3944462).
LogModuleManager: Display: Found up-to-date module file ../../../Engine/Plugins/Runtime/ImmediatePhysics/Binaries/Win64/UE4Editor-ImmediatePhysics.dll (API version 3944462).
LogModuleManager: Display: Found up-to-date module file ../../../Engine/Plugins/Runtime/ImmediatePhysics/Binaries/Win64/UE4Editor-ImmediatePhysicsEditor.dll (API version 3944462).
LogModuleManager: Display: Found up-to-date module file ../../../Engine/Plugins/Runtime/LocationServicesBPLibrary/Binaries/Win64/UE4Editor-LocationServicesBPLibrary.dll (API version 3944462).
LogModuleManager: Display: Found up-to-date module file ../../../Engine/Plugins/Runtime/MobilePatchingUtils/Binaries/Win64/UE4Editor-MobilePatchingUtils.dll (API version 3944462).
LogModuleManager: Display: Found up-to-date module file ../../../Engine/Plugins/Runtime/Oculus/OculusVR/Binaries/Win64/UE4Editor-OculusHMD.dll (API version 3944462).
LogModuleManager: Display: Found up-to-date module file ../../../Engine/Plugins/Runtime/Oculus/OculusVR/Binaries/Win64/UE4Editor-OculusInput.dll (API version 3944462).
LogModuleManager: Display: Found up-to-date module file ../../../Engine/Plugins/Runtime/Oculus/OculusVR/Binaries/Win64/UE4Editor-OculusEditor.dll (API version 3944462).
LogModuleManager: Display: Found up-to-date module file ../../../Engine/Plugins/Runtime/PhysXVehicles/Binaries/Win64/UE4Editor-PhysXVehicles.dll (API version 3944462).
LogModuleManager: Display: Found up-to-date module file ../../../Engine/Plugins/Runtime/PhysXVehicles/Binaries/Win64/UE4Editor-PhysXVehiclesEditor.dll (API version 3944462).
LogModuleManager: Display: Found up-to-date module file ../../../Engine/Plugins/Runtime/RuntimePhysXCooking/Binaries/Win64/UE4Editor-RuntimePhysXCooking.dll (API version 3944462).
LogModuleManager: Display: Found up-to-date module file ../../../Engine/Plugins/Runtime/Steam/SteamVR/Binaries/Win64/UE4Editor-SteamVR.dll (API version 3944462).
LogModuleManager: Display: Found up-to-date module file ../../../Engine/Plugins/Runtime/Steam/SteamVR/Binaries/Win64/UE4Editor-SteamVRController.dll (API version 3944462).
LogModuleManager: Display: Found up-to-date module file ../../../Engine/Plugins/Runtime/WindowsMoviePlayer/Binaries/Win64/UE4Editor-WindowsMoviePlayer.dll (API version 3944462).
LogPluginManager: Mounting plugin Paper2D
LogPluginManager: Mounting plugin LiveLink
LogPluginManager: Mounting plugin LightPropagationVolume
LogPluginManager: Mounting plugin CLionSourceCodeAccess
LogPluginManager: Mounting plugin CodeLiteSourceCodeAccess
LogPluginManager: Mounting plugin GitSourceControl
LogPluginManager: Mounting plugin KDevelopSourceCodeAccess
LogPluginManager: Mounting plugin NullSourceCodeAccess
LogPluginManager: Mounting plugin PerforceSourceControl
LogPluginManager: Mounting plugin SubversionSourceControl
LogPluginManager: Mounting plugin UObjectPlugin
LogPluginManager: Mounting plugin VisualStudioCodeSourceCodeAccess
LogPluginManager: Mounting plugin VisualStudioSourceCodeAccess
LogPluginManager: Mounting plugin XCodeSourceCodeAccess
LogPluginManager: Mounting plugin AssetManagerEditor
LogPluginManager: Mounting plugin CryptoKeys
LogPluginManager: Mounting plugin DataValidation
LogPluginManager: Mounting plugin FacialAnimation
LogPluginManager: Mounting plugin GameplayTagsEditor
LogPluginManager: Mounting plugin MobileLauncherProfileWizard
LogPluginManager: Mounting plugin PluginBrowser
LogPluginManager: Mounting plugin SpeedTreeImporter
LogPluginManager: Mounting plugin DatasmithContent
LogPluginManager: Mounting plugin AlembicImporter
LogPluginManager: Mounting plugin CharacterAI
LogPluginManager: Mounting plugin HTML5Networking
LogPluginManager: Mounting plugin Substance
LogPluginManager: Mounting plugin AndroidMedia
LogPluginManager: Mounting plugin AvfMedia
LogPluginManager: Mounting plugin ImgMedia
LogPluginManager: Mounting plugin LinearTimecode
LogPluginManager: Mounting plugin MediaCompositing
LogPluginManager: Mounting plugin MediaPlayerEditor
LogPluginManager: Mounting plugin WmfMedia
LogPluginManager: Mounting plugin TcpMessaging
LogPluginManager: Mounting plugin UdpMessaging
LogPluginManager: Mounting plugin ActorSequence
LogPluginManager: Mounting plugin LevelSequenceEditor
LogPluginManager: Mounting plugin MatineeToLevelSequence
LogPluginManager: Mounting plugin NetcodeUnitTest
LogPluginManager: Mounting plugin NUTUnrealEngine4
LogPluginManager: Mounting plugin OnlineSubsystemGooglePlay
LogPluginManager: Mounting plugin OnlineSubsystemIOS
LogPluginManager: Mounting plugin OnlineSubsystem
LogPluginManager: Mounting plugin OnlineSubsystemNull
LogPluginManager: Mounting plugin OnlineSubsystemUtils
LogPluginManager: Mounting plugin AndroidDeviceProfileSelector
LogPluginManager: Mounting plugin AndroidMoviePlayer
LogPluginManager: Mounting plugin AndroidPermission
LogPluginManager: Mounting plugin AppleARKit
LogPluginManager: Mounting plugin AppleMoviePlayer
LogPluginManager: Mounting plugin ArchVisCharacter
LogPluginManager: Mounting plugin AudioCapture
LogPluginManager: Mounting plugin CableComponent
LogPluginManager: Mounting plugin CustomMeshComponent
LogPluginManager: Mounting plugin ExampleDeviceProfileSelector
LogPluginManager: Mounting plugin GoogleCloudMessaging
LogPluginManager: Mounting plugin ImmediatePhysics
LogPluginManager: Mounting plugin IOSDeviceProfileSelector
LogPluginManager: Mounting plugin LinuxDeviceProfileSelector
LogPluginManager: Mounting plugin LocationServicesBPLibrary
LogPluginManager: Mounting plugin MobilePatchingUtils
LogPluginManager: Mounting plugin OculusVR
LogPluginManager: Plugin shader directory ../../../Engine/Plugins/Runtime/Oculus/OculusVR/Shaders found
LogPluginManager: Mapping shader source directory ../../../Engine/Plugins/Runtime/Oculus/OculusVR/Shaders to virtual directory /Plugin/OculusVR
LogPluginManager: Mounting plugin PhysXVehicles
LogPluginManager: Mounting plugin ProceduralMeshComponent
LogPluginManager: Mounting plugin RuntimePhysXCooking
LogPluginManager: Mounting plugin SteamVR
LogPluginManager: Mounting plugin WindowsMoviePlayer
LogStreaming: Display: Took  1.989s to configure plugins.
LogInit: Using libcurl 7.47.1
LogInit:  - built for x86_64-pc-win32
LogInit:  - supports SSL with OpenSSL/1.0.2g
LogInit:  - supports HTTP deflate (compression) using libz 1.2.8
LogInit:  - other features:
LogInit:      CURL_VERSION_SSL
LogInit:      CURL_VERSION_LIBZ
LogInit:      CURL_VERSION_IPV6
LogInit:      CURL_VERSION_ASYNCHDNS
LogInit:      CURL_VERSION_LARGEFILE
LogInit:      CURL_VERSION_IDN
LogInit:  CurlRequestOptions (configurable via config and command line):
LogInit:  - bVerifyPeer = false  - Libcurl will NOT verify peer certificate
LogInit:  - bUseHttpProxy = false  - Libcurl will NOT use HTTP proxy
LogInit:  - bDontReuseConnections = false  - Libcurl will reuse connections
LogInit:  - CertBundlePath = nullptr  - Libcurl will use whatever was configured at build time.
LogInit:  - MaxHostConnections = 16  - Libcurl will limit the number of connections to a host
LogInit:  - LocalHostAddr = Default
LogInit: WinSock: version 1.1 (2.2), MaxSocks=32767, MaxUdp=65467
LogInit: WinSock: I am DESKTOP-KQUM2EF (192.168.1.103:0)
LogInit: Build: ++UE4+Release-4.19-CL-4033788
LogInit: Engine Version: 4.19.2-4033788+++UE4+Release-4.19
LogInit: Compatible Engine Version: 4.19.0-3944462+++UE4+Release-4.19
LogInit: Net CL: 3944462
LogDevObjectVersion: Number of dev versions registered: 18
LogDevObjectVersion:   Dev-Blueprints (B0D832E4-1F89-4F0D-ACCF-7EB736FD4AA2): 10
LogDevObjectVersion:   Dev-Build (E1C64328-A22C-4D53-A36C-8E866417BD8C): 0
LogDevObjectVersion:   Dev-Core (375EC13C-06E4-48FB-B500-84F0262A717E): 2
LogDevObjectVersion:   Dev-Editor (E4B068ED-F494-42E9-A231-DA0B2E46BB41): 23
LogDevObjectVersion:   Dev-Framework (CFFC743F-43B0-4480-9391-14DF171D2073): 33
LogDevObjectVersion:   Dev-Mobile (B02B49B5-BB20-44E9-A304-32B752E40360): 2
LogDevObjectVersion:   Dev-Networking (A4E4105C-59A1-49B5-A7C5-40C4547EDFEE): 0
LogDevObjectVersion:   Dev-Online (39C831C9-5AE6-47DC-9A44-9C173E1C8E7C): 0
LogDevObjectVersion:   Dev-Physics (78F01B33-EBEA-4F98-B9B4-84EACCB95AA2): 0
LogDevObjectVersion:   Dev-Platform (6631380F-2D4D-43E0-8009-CF276956A95A): 0
LogDevObjectVersion:   Dev-Rendering (12F88B9F-8875-4AFC-A67C-D90C383ABD29): 25
LogDevObjectVersion:   Dev-Sequencer (7B5AE74C-D270-4C10-A958-57980B212A5A): 6
LogDevObjectVersion:   Dev-VR (D7296918-1DD6-4BDD-9DE2-64A83CC13884): 1
LogDevObjectVersion:   Dev-LoadTimes (C2A15278-BFE7-4AFE-6C17-90FF531DF755): 1
LogDevObjectVersion:   Private-Geometry (6EACA3D4-40EC-4CC1-B786-8BED09428FC5): 2
LogDevObjectVersion:   Dev-AnimPhys (29E575DD-E0A3-4627-9D10-D276232CDCEA): 16
LogDevObjectVersion:   Dev-ReflectionCapture (6B266CEC-1EC7-4B8F-A30B-E4D90942FC07): 1
LogDevObjectVersion:   Dev-Automation (0DF73D61-A23F-47EA-B727-89E90C41499A): 1
LogInit: Compiled (64-bit): Apr 27 2018 02:06:57
LogInit: Compiled with Visual C++: 19.00.24215.01
LogInit: Build Configuration: Development
LogInit: Branch Name: ++UE4+Release-4.19
LogInit: Command Line:  /Game/map/Maps/Tech_demo -game -PIEVIACONSOLE -ResX=1280 -ResY=720  -Multiprocess -messaging -SessionName="Play in Standalone Game" -windowed 
LogInit: Base Directory: C:/Program Files/Epic Games/UE_4.19/Engine/Binaries/Win64/
LogInit: Installed Engine Build: 1
LogStreaming: Display: Took  0.009s to delete old logs.
LogInit: Presizing for max 8388607 objects, including 0 objects not considered by GC, pre-allocating 0 bytes for permanent pool.
LogInit: Object subsystem initialized
[2018.08.19-17.29.59:719][  0]LogInit: Selected Device Profile: [Windows]
[2018.08.19-17.29.59:719][  0]LogInit: Applying CVar settings loaded from the selected device profile: [Windows]
[2018.08.19-17.29.59:724][  0]LogInit: Computer: DESKTOP-KQUM2EF
[2018.08.19-17.29.59:725][  0]LogInit: User: Mahir
[2018.08.19-17.29.59:725][  0]LogInit: CPU Page size=4096, Cores=4
[2018.08.19-17.29.59:725][  0]LogInit: High frequency timer resolution =2.742186 MHz
[2018.08.19-17.29.59:725][  0]LogMemory: Memory total: Physical=16.0GB (16GB approx)
[2018.08.19-17.29.59:725][  0]LogMemory: Platform Memory Stats for Windows
[2018.08.19-17.29.59:725][  0]LogMemory: Process Physical Memory: 276.02 MB used, 276.02 MB peak
[2018.08.19-17.29.59:725][  0]LogMemory: Process Virtual Memory: 276.77 MB used, 276.77 MB peak
[2018.08.19-17.29.59:725][  0]LogMemory: Physical Memory: 7719.28 MB used,  8623.09 MB free, 16342.36 MB total
[2018.08.19-17.29.59:725][  0]LogMemory: Virtual Memory: 4807.34 MB used,  8623.09 MB free, 134217728.00 MB total
[2018.08.19-17.29.59:766][  0]LogInit: Using OS detected language (tr-TR).
[2018.08.19-17.29.59:766][  0]LogInit: Using OS detected locale (tr-TR).
[2018.08.19-17.29.59:766][  0]LogTextLocalizationManager: No localization for 'tr-TR' exists, so 'en' will be used for the language.
[2018.08.19-17.29.59:766][  0]LogTextLocalizationManager: No localization for 'tr-TR' exists, so 'en' will be used for the locale.
[2018.08.19-17.30.00:263][  0]LogStreaming: Display: Took  0.498s to EndInitTextLocalization.
[2018.08.19-17.30.00:310][  0]LogSlate: New Slate User Created.  User Index 0, Is Virtual User: 0
[2018.08.19-17.30.00:310][  0]LogSlate: Slate User Registered.  User Index 0, Is Virtual User: 0
[2018.08.19-17.30.00:323][  0]LogD3D11RHI: D3D11 adapters:
[2018.08.19-17.30.00:426][  0]LogD3D11RHI:    0. 'NVIDIA GeForce GTX 1070' (Feature Level 11_0)
[2018.08.19-17.30.00:426][  0]LogD3D11RHI:       8081/0/8171 MB DedicatedVideo/DedicatedSystem/SharedSystem, Outputs:2, VendorId:0x10de
[2018.08.19-17.30.00:430][  0]LogD3D11RHI:    1. 'Microsoft Basic Render Driver' (Feature Level 11_0)
[2018.08.19-17.30.00:430][  0]LogD3D11RHI:       0/0/8171 MB DedicatedVideo/DedicatedSystem/SharedSystem, Outputs:0, VendorId:0x1414
[2018.08.19-17.30.00:430][  0]LogD3D11RHI: Chosen D3D11 Adapter: 0
[2018.08.19-17.30.00:440][  0]LogD3D11RHI: Creating new Direct3DDevice
[2018.08.19-17.30.00:440][  0]LogD3D11RHI:     GPU DeviceId: 0x1be1 (for the marketing name, search the web for "GPU Device Id")
[2018.08.19-17.30.00:440][  0]LogWindows: EnumDisplayDevices:
[2018.08.19-17.30.00:440][  0]LogWindows:    0. 'NVIDIA GeForce GTX 1070' (P:1 D:1)
[2018.08.19-17.30.00:441][  0]LogWindows:    1. 'NVIDIA GeForce GTX 1070' (P:0 D:1)
[2018.08.19-17.30.00:441][  0]LogWindows:    2. 'NVIDIA GeForce GTX 1070' (P:0 D:0)
[2018.08.19-17.30.00:441][  0]LogWindows:    3. 'NVIDIA GeForce GTX 1070' (P:0 D:0)
[2018.08.19-17.30.00:441][  0]LogWindows: DebugString: GetVideoDriverDetailsInvalid PrimaryIsNotTheChoosenAdapter GetVideoDriverDetailsInvalid PrimaryIsNotTheChoosenAdapter GetVideoDriverDetailsInvalid PrimaryIsNotTheChoosenAdapter GetVideoDriverDetailsInvalid PrimaryIsNotTheChoosenAdapter FoundDriverCount:0 
[2018.08.19-17.30.00:441][  0]LogD3D11RHI:     Adapter Name: NVIDIA GeForce GTX 1070
[2018.08.19-17.30.00:441][  0]LogD3D11RHI:   Driver Version: Unknown (internal:Unknown, unified:Unknown)
[2018.08.19-17.30.00:441][  0]LogD3D11RHI:      Driver Date: Unknown
[2018.08.19-17.30.00:441][  0]LogRHI: Texture pool is 5656 MB (70% of 8081 MB)
[2018.08.19-17.30.00:490][  0]LogD3D11RHI: [Aftermath] Aftermath enabled and primed
[2018.08.19-17.30.00:490][  0]LogD3D11RHI: [Aftermath] Aftermath enabled and primed
[2018.08.19-17.30.00:490][  0]LogD3D11RHI: Async texture creation enabled
[2018.08.19-17.30.00:533][  0]LogD3D11RHI: GPU Timing Frequency: 1000.000000 (Debug: 2 2)
[2018.08.19-17.30.00:630][  0]LogShaderCompilers: Guid format shader working directory is -13 characters bigger than the processId version (../../../../../../Users/Mahir/Documents/GitHub/VogsAmIFree/Intermediate/Shaders/WorkingDirectory/11304/).
[2018.08.19-17.30.00:630][  0]LogShaderCompilers: Cleaned the shader compiler working directory 'C:/Users/Mahir/AppData/Local/Temp/UnrealShaderWorkingDir/1FF1BF6747DE6F8009B40F8AF3112CBB/'.
[2018.08.19-17.30.00:968][  0]LogTemp: Display: Loaded TP WindowsClientTargetPlatform
[2018.08.19-17.30.00:985][  0]LogTemp: Display: Loaded TP WindowsNoEditorTargetPlatform
[2018.08.19-17.30.01:002][  0]LogTemp: Display: Loaded TP WindowsServerTargetPlatform
[2018.08.19-17.30.01:024][  0]LogTemp: Display: Loaded TP WindowsTargetPlatform
[2018.08.19-17.30.01:024][  0]LogTargetPlatformManager: Display: Building Assets For Windows
[2018.08.19-17.30.01:203][  0]LogXGEController: Cannot use XGE Controller as Incredibuild is not installed on this machine.
[2018.08.19-17.30.01:203][  0]LogShaderCompilers: Cannot use XGE Shader Compiler as Incredibuild is not installed on this machine.
[2018.08.19-17.30.01:203][  0]LogShaderCompilers: Display: Using Local Shader Compiler.
[2018.08.19-17.30.02:049][  0]LogDerivedDataCache: Display: Max Cache Size: 512 MB
[2018.08.19-17.30.02:132][  0]LogDerivedDataCache: Loaded boot cache 0.08s 74MB C:/Users/Mahir/AppData/Local/UnrealEngine/4.19/DerivedDataCache/Boot.ddc.
[2018.08.19-17.30.02:132][  0]LogDerivedDataCache: Display: Loaded Boot cache: C:/Users/Mahir/AppData/Local/UnrealEngine/4.19/DerivedDataCache/Boot.ddc
[2018.08.19-17.30.02:132][  0]LogDerivedDataCache: FDerivedDataBackendGraph:  Pak pak cache file ../../../../../../Users/Mahir/Documents/GitHub/VogsAmIFree/DerivedDataCache/DDC.ddp not found, will not use a pak cache.
[2018.08.19-17.30.02:132][  0]LogDerivedDataCache: Unable to find inner node Pak for hierarchical cache Hierarchy.
[2018.08.19-17.30.02:133][  0]LogDerivedDataCache: FDerivedDataBackendGraph:  CompressedPak pak cache file ../../../../../../Users/Mahir/Documents/GitHub/VogsAmIFree/DerivedDataCache/Compressed.ddp not found, will not use a pak cache.
[2018.08.19-17.30.02:133][  0]LogDerivedDataCache: Unable to find inner node CompressedPak for hierarchical cache Hierarchy.
[2018.08.19-17.30.02:150][  0]LogDerivedDataCache: Display: Pak cache opened for reading ../../../Engine/DerivedDataCache/Compressed.ddp.
[2018.08.19-17.30.02:164][  0]LogDerivedDataCache: Using Local data cache path C:/Users/Mahir/AppData/Local/UnrealEngine/Common/DerivedDataCache: Writable
[2018.08.19-17.30.02:164][  0]LogDerivedDataCache: Shared data cache path not found in *engine.ini, will not use an Shared cache.
[2018.08.19-17.30.02:164][  0]LogDerivedDataCache: Unable to find inner node Shared for hierarchical cache Hierarchy.
[2018.08.19-17.30.02:176][  0]LogMaterial: Verifying Global Shaders for PCD3D_SM5
[2018.08.19-17.30.02:177][  0]LogSlate: Using Freetype 2.6.0
[2018.08.19-17.30.02:178][  0]LogSlate: SlateFontCache - WITH_FREETYPE: 1, WITH_HARFBUZZ: 1
[2018.08.19-17.30.02:178][  0]LogSlate: SlateFontCache - WITH_FREETYPE: 1, WITH_HARFBUZZ: 1
[2018.08.19-17.30.02:348][  0]LogAssetRegistry: FAssetRegistry took 0.0050 seconds to start up
[2018.08.19-17.30.02:542][  0]LogPackageLocalizationCache: Processed 9 localized package path(s) for 1 prioritized culture(s) in 0.012285 seconds
[2018.08.19-17.30.02:676][  0]LogInit: Selected Device Profile: [Windows]
[2018.08.19-17.30.02:851][  0]LogSimplygon: Simplygon DLL not present - disabling.
[2018.08.19-17.30.02:855][  0]LogMeshReduction: Using SimplygonSwarm for distributed automatic mesh merging
[2018.08.19-17.30.02:855][  0]LogMeshReduction: Using QuadricMeshReduction for automatic static mesh reduction
[2018.08.19-17.30.02:855][  0]LogMeshReduction: No automatic skeletal mesh reduction module available
[2018.08.19-17.30.02:855][  0]LogMeshReduction: No automatic mesh merging module available
[2018.08.19-17.30.02:855][  0]LogMeshMerging: No automatic mesh merging module available
[2018.08.19-17.30.02:908][  0]LogNetVersion: Am_i_Free , NetCL: 3944462, EngineNetVer: 2, GameNetVer: 0 (Checksum: 3243282978)
[2018.08.19-17.30.03:780][  0]LogMoviePlayer: Initializing movie player
[2018.08.19-17.30.04:225][  0]LogSubstanceCoreModule: Substance [CPU] Engine Loaded, Max Texture Size = 2048
[2018.08.19-17.30.04:257][  0]LogTcpMessaging: Initializing TcpMessaging bridge
[2018.08.19-17.30.04:303][  0]LogUdpMessaging: Initializing bridge on interface 0.0.0.0:0 to multicast group 230.0.0.1:6666.
[2018.08.19-17.30.04:669][  0]SourceControl: Source control is disabled
[2018.08.19-17.30.04:669][  0]SourceControl: Source control is disabled
[2018.08.19-17.30.04:700][  0]SourceControl: Source control is disabled
[2018.08.19-17.30.05:259][  0]LogAndroidPermission: UAndroidPermissionCallbackProxy::GetInstance
[2018.08.19-17.30.05:524][  0]LogOcInput: OculusInput pre-init called
[2018.08.19-17.30.05:586][  0]LogUObjectArray: 40321 objects as part of root set at end of initial load.
[2018.08.19-17.30.05:586][  0]LogUObjectAllocator: 8398208 out of 0 bytes used by permanent object pool.
[2018.08.19-17.30.05:586][  0]LogUObjectArray: CloseDisregardForGC: 0/0 objects in disregard for GC pool
[2018.08.19-17.30.05:644][  0]LogEngine: Initializing Engine...
[2018.08.19-17.30.05:645][  0]LogHMD: Failed to initialize OpenVR with code 110
[2018.08.19-17.30.05:658][  0]LogStats: UGameplayTagsManager::ConstructGameplayTagTree: Construct from data asset -  0.000 s
[2018.08.19-17.30.05:658][  0]LogStats: UGameplayTagsManager::ConstructGameplayTagTree: GameplayTagTreeChangedEvent.Broadcast -  0.000 s
[2018.08.19-17.30.05:900][  0]LogInit: XAudio2 using 'Kulaklıklar (2- SteelSeries Siberia 150)' : 2 channels at 48 kHz using 16 bits per sample (channel mask 0x3)
[2018.08.19-17.30.05:956][  0]LogInit: FAudioDevice initialized.
[2018.08.19-17.30.05:973][  0]LogInit: Texture streaming: Enabled
[2018.08.19-17.30.06:143][  0]LogInit: Display: Game Engine Initialized.
[2018.08.19-17.30.06:144][  0]LogGameplayTags: Display: UGameplayTagsManager::DoneAddingNativeTags. DelegateIsBound: 0
[2018.08.19-17.30.06:144][  0]LogStats: UGameplayTagsManager::ConstructGameplayTagTree: Construct from data asset -  0.000 s
[2018.08.19-17.30.06:144][  0]LogStats: UGameplayTagsManager::ConstructGameplayTagTree: GameplayTagTreeChangedEvent.Broadcast -  0.000 s
[2018.08.19-17.30.06:313][  0]LogInit: Display: Starting Game.
[2018.08.19-17.30.06:313][  0]LogNet: Browse: /Game/map/Maps/Tech_demo?Name=Player
[2018.08.19-17.30.06:313][  0]LogLoad: LoadMap: /Game/map/Maps/Tech_demo?Name=Player
[2018.08.19-17.30.06:331][  0]LogUObjectGlobals: Created PersistentFrame Addr=0x0000023c9fcefee0, Size=16, Default__Tech_demo_C Function /Game/map/Maps/Tech_demo.Tech_demo_C:ExecuteUbergraph_Tech_demo
[2018.08.19-17.30.06:333][  0]LogUObjectGlobals: Created PersistentFrame Addr=0x0000023c9fd0ef80, Size=64, Default__UI_C Function /Game/UI/widget/UI.UI_C:ExecuteUbergraph_UI
[2018.08.19-17.30.06:339][  0]LogUObjectGlobals: Created PersistentFrame Addr=0x0000023c9fd75750, Size=112, Default__AIGuardCharacter_C Function /Game/My_Bp/AIGuard/AIGuardCharacter.AIGuardCharacter_C:ExecuteUbergraph_AIGuardCharacter
[2018.08.19-17.30.06:347][  0]LogUObjectGlobals: Created PersistentFrame Addr=0x0000023c9fd0e340, Size=64, Default__ThirdPerson_AnimBP_C Function /Game/Mannequin/Animations/ThirdPerson_AnimBP.ThirdPerson_AnimBP_C:ExecuteUbergraph_ThirdPerson_AnimBP
[2018.08.19-17.30.06:385][  0]LogUObjectGlobals: Created PersistentFrame Addr=0x0000023c9f4ba780, Size=880, Default__ThirdPersonCharacter_C Function /Game/ThirdPersonBP/Blueprints/ThirdPersonCharacter.ThirdPersonCharacter_C:ExecuteUbergraph_ThirdPersonCharacter
[2018.08.19-17.30.06:387][  0]LogUObjectGlobals: Created PersistentFrame Addr=0x0000023c9e6e6520, Size=32, Default__BP_Hidable_Ceiling_Master_C Function /Game/My_Bp/hide_master/BP_Hidable_Ceiling_Master.BP_Hidable_Ceiling_Master_C:ExecuteUbergraph_BP_Hidable_Ceiling_Master
[2018.08.19-17.30.06:396][  0]LogUObjectGlobals: Created PersistentFrame Addr=0x0000023c9f46ee60, Size=32, Default__BP_Hidable_Master_C Function /Game/My_Bp/hide_master/BP_Hidable_Master.BP_Hidable_Master_C:ExecuteUbergraph_BP_Hidable_Master
[2018.08.19-17.30.06:403][  0]LogUObjectGlobals: Created PersistentFrame Addr=0x0000023c9f478720, Size=72, Default__ThirdPerson_AnimBP_C Function /Game/ThirdPerson_AnimBP.ThirdPerson_AnimBP_C:ExecuteUbergraph_ThirdPerson_AnimBP
[2018.08.19-17.30.06:431][  0]LogUObjectGlobals: Created PersistentFrame Addr=0x0000023c9fdb11a0, Size=112, Default__AIGuardController_C Function /Game/My_Bp/AIGuard/AIGuardController.AIGuardController_C:ExecuteUbergraph_AIGuardController
[2018.08.19-17.30.06:436][  0]LogUObjectGlobals: Created PersistentFrame Addr=0x0000023c9fdc8780, Size=120, Default__BTService_DistanceToObject_C Function /Game/My_Bp/AIGuard/BTService_DistanceToObject.BTService_DistanceToObject_C:ExecuteUbergraph_BTService_DistanceToObject
[2018.08.19-17.30.06:438][  0]LogUObjectGlobals: Created PersistentFrame Addr=0x0000023c9f9c6e40, Size=32, Default__BTTask_BB_DoAttack_C Function /Game/My_Bp/AIGuard/BTTask_BB_DoAttack.BTTask_BB_DoAttack_C:ExecuteUbergraph_BTTask_BB_DoAttack
[2018.08.19-17.30.06:441][  0]LogUObjectGlobals: Created PersistentFrame Addr=0x0000023c9e53df20, Size=16, Default__BTTask_Set_BB_Actor_C Function /Game/My_Bp/AIGuard/BTTask_Set_BB_Actor.BTTask_Set_BB_Actor_C:ExecuteUbergraph_BTTask_Set_BB_Actor
[2018.08.19-17.30.06:443][  0]LogUObjectGlobals: Created PersistentFrame Addr=0x0000023c9e53e140, Size=16, Default__BTTask_SetBB_Bool_C Function /Game/My_Bp/AIGuard/BTTask_SetBB_Bool.BTTask_SetBB_Bool_C:ExecuteUbergraph_BTTask_SetBB_Bool
[2018.08.19-17.30.06:455][  0]LogUObjectGlobals: Created PersistentFrame Addr=0x0000023c9f9e9580, Size=304, Default__door_C Function /Game/My_Bp/door/door.door_C:ExecuteUbergraph_door
[2018.08.19-17.30.06:467][  0]LogUObjectGlobals: Created PersistentFrame Addr=0x0000023c93bfb600, Size=304, Default__lever_door_C Function /Game/My_Bp/door/lever_door.lever_door_C:ExecuteUbergraph_lever_door
[2018.08.19-17.30.06:482][  0]LogUObjectGlobals: Created PersistentFrame Addr=0x0000023c93b765c0, Size=148, Default__Dec_Things_Light_1_C Function /Game/My_Bp/prop_bp/Dec_Things_Light_1.Dec_Things_Light_1_C:ExecuteUbergraph_Dec_Things_Light_1
[2018.08.19-17.30.06:492][  0]LogUObjectGlobals: Created PersistentFrame Addr=0x0000023c93b3bc90, Size=40, Default__Terminal_bp_C Function /Game/My_Bp/terminal/Terminal_bp.Terminal_bp_C:ExecuteUbergraph_Terminal_bp
[2018.08.19-17.30.06:494][  0]LogUObjectGlobals: Created PersistentFrame Addr=0x0000023c93b84270, Size=68, Default__terminal_UI_C Function /Game/UI/termianl_ui/terminal_UI.terminal_UI_C:ExecuteUbergraph_terminal_UI
[2018.08.19-17.30.06:667][  0]LogUObjectGlobals: Destroyed PersistentFrame Addr=0x0000023c9e6e6520, Size=32
[2018.08.19-17.30.06:667][  0]LogUObjectGlobals: Created PersistentFrame Addr=0x0000023ca29cc180, Size=32, Default__BP_Hidable_Ceiling_Master_C Function /Engine/Transient.REINST_BP_Hidable_Ceiling_Master_C_2:ExecuteUbergraph_BP_Hidable_Ceiling_Master
[2018.08.19-17.30.06:667][  0]LogUObjectGlobals: Destroyed PersistentFrame Addr=0x0000023c9f46ee60, Size=32
[2018.08.19-17.30.06:667][  0]LogUObjectGlobals: Created PersistentFrame Addr=0x0000023ca29cc140, Size=32, Default__BP_Hidable_Master_C Function /Engine/Transient.REINST_BP_Hidable_Master_C_3:ExecuteUbergraph_BP_Hidable_Master
[2018.08.19-17.30.06:668][  0]LogUObjectGlobals: Destroyed PersistentFrame Addr=0x0000023c93b765c0, Size=148
[2018.08.19-17.30.06:668][  0]LogUObjectGlobals: Created PersistentFrame Addr=0x0000023ca2962480, Size=148, Default__Dec_Things_Light_1_C Function /Engine/Transient.REINST_Dec_Things_Light_1_C_5:ExecuteUbergraph_Dec_Things_Light_1
[2018.08.19-17.30.06:668][  0]LogUObjectGlobals: Destroyed PersistentFrame Addr=0x0000023c9f9e9580, Size=304
[2018.08.19-17.30.06:668][  0]LogUObjectGlobals: Created PersistentFrame Addr=0x0000023c90d111c0, Size=304, Default__door_C Function /Engine/Transient.REINST_door_C_6:ExecuteUbergraph_door
[2018.08.19-17.30.06:669][  0]LogUObjectGlobals: Destroyed PersistentFrame Addr=0x0000023c93bfb600, Size=304
[2018.08.19-17.30.06:669][  0]LogUObjectGlobals: Created PersistentFrame Addr=0x0000023c90d10cc0, Size=304, Default__lever_door_C Function /Engine/Transient.REINST_lever_door_C_9:ExecuteUbergraph_lever_door
[2018.08.19-17.30.06:669][  0]LogUObjectGlobals: Destroyed PersistentFrame Addr=0x0000023c93b3bc90, Size=40
[2018.08.19-17.30.06:669][  0]LogUObjectGlobals: Created PersistentFrame Addr=0x0000023ca2a07650, Size=40, Default__Terminal_bp_C Function /Engine/Transient.REINST_Terminal_bp_C_10:ExecuteUbergraph_Terminal_bp
[2018.08.19-17.30.06:670][  0]LogUObjectGlobals: Destroyed PersistentFrame Addr=0x0000023c9f478720, Size=72
[2018.08.19-17.30.06:670][  0]LogUObjectGlobals: Created PersistentFrame Addr=0x0000023ca292fdd0, Size=72, Default__ThirdPerson_AnimBP_C Function /Engine/Transient.REINST_ThirdPerson_AnimBP_C_0:ExecuteUbergraph_ThirdPerson_AnimBP
[2018.08.19-17.30.06:670][  0]LogUObjectGlobals: Destroyed PersistentFrame Addr=0x0000023c9fd0e340, Size=64
[2018.08.19-17.30.06:670][  0]LogUObjectGlobals: Created PersistentFrame Addr=0x0000023ca2927dc0, Size=64, ThirdPerson_AnimBP_C_0 Function /Engine/Transient.REINST_ThirdPerson_AnimBP_C_1:ExecuteUbergraph_ThirdPerson_AnimBP
[2018.08.19-17.30.06:670][  0]LogUObjectGlobals: Destroyed PersistentFrame Addr=0x0000023c9fd75750, Size=112
[2018.08.19-17.30.06:670][  0]LogUObjectGlobals: Created PersistentFrame Addr=0x0000023ca296ff90, Size=112, Default__AIGuardCharacter_C Function /Engine/Transient.REINST_AIGuardCharacter_C_11:ExecuteUbergraph_AIGuardCharacter
[2018.08.19-17.30.06:670][  0]LogUObjectGlobals: Destroyed PersistentFrame Addr=0x0000023c9fdb11a0, Size=112
[2018.08.19-17.30.06:670][  0]LogUObjectGlobals: Created PersistentFrame Addr=0x0000023ca296ff20, Size=112, Default__AIGuardController_C Function /Engine/Transient.REINST_AIGuardController_C_12:ExecuteUbergraph_AIGuardController
[2018.08.19-17.30.06:671][  0]LogUObjectGlobals: Destroyed PersistentFrame Addr=0x0000023c9f9c6e40, Size=32
[2018.08.19-17.30.06:671][  0]LogUObjectGlobals: Created PersistentFrame Addr=0x0000023ca2947ea0, Size=32, Default__BTTask_BB_DoAttack_C Function /Engine/Transient.REINST_BTTask_BB_DoAttack_C_13:ExecuteUbergraph_BTTask_BB_DoAttack
[2018.08.19-17.30.06:671][  0]LogUObjectGlobals: Destroyed PersistentFrame Addr=0x0000023c9e53df20, Size=16
[2018.08.19-17.30.06:671][  0]LogUObjectGlobals: Created PersistentFrame Addr=0x0000023ca29b3740, Size=16, Default__BTTask_Set_BB_Actor_C Function /Engine/Transient.REINST_BTTask_Set_BB_Actor_C_14:ExecuteUbergraph_BTTask_Set_BB_Actor
[2018.08.19-17.30.06:671][  0]LogUObjectGlobals: Destroyed PersistentFrame Addr=0x0000023c9e53e140, Size=16
[2018.08.19-17.30.06:671][  0]LogUObjectGlobals: Created PersistentFrame Addr=0x0000023ca29b33f0, Size=16, Default__BTTask_SetBB_Bool_C Function /Engine/Transient.REINST_BTTask_SetBB_Bool_C_15:ExecuteUbergraph_BTTask_SetBB_Bool
[2018.08.19-17.30.06:671][  0]LogUObjectGlobals: Destroyed PersistentFrame Addr=0x0000023c93b84270, Size=68
[2018.08.19-17.30.06:671][  0]LogUObjectGlobals: Created PersistentFrame Addr=0x0000023ca292ee80, Size=68, Default__terminal_UI_C Function /Engine/Transient.REINST_terminal_UI_C_0:ExecuteUbergraph_terminal_UI
[2018.08.19-17.30.06:672][  0]LogUObjectGlobals: Destroyed PersistentFrame Addr=0x0000023c9f4ba780, Size=880
[2018.08.19-17.30.06:672][  0]LogUObjectGlobals: Created PersistentFrame Addr=0x0000023ca2907c80, Size=880, Default__ThirdPersonCharacter_C Function /Engine/Transient.REINST_ThirdPersonCharacter_C_16:ExecuteUbergraph_ThirdPersonCharacter
[2018.08.19-17.30.06:672][  0]LogUObjectGlobals: Destroyed PersistentFrame Addr=0x0000023c9fd0ef80, Size=64
[2018.08.19-17.30.06:672][  0]LogUObjectGlobals: Created PersistentFrame Addr=0x0000023ca2925d00, Size=64, Default__UI_C Function /Engine/Transient.REINST_UI_C_1:ExecuteUbergraph_UI
[2018.08.19-17.30.06:672][  0]LogUObjectGlobals: Destroyed PersistentFrame Addr=0x0000023c9fdc8780, Size=120
[2018.08.19-17.30.06:672][  0]LogUObjectGlobals: Created PersistentFrame Addr=0x0000023ca2992c00, Size=120, Default__BTService_DistanceToObject_C Function /Engine/Transient.REINST_BTService_DistanceToObject_C_17:ExecuteUbergraph_BTService_DistanceToObject
[2018.08.19-17.30.06:733][  0]LogUObjectGlobals: Created PersistentFrame Addr=0x0000023ca2645500, Size=32, Default__BP_Hidable_Ceiling_Master_C Function /Game/My_Bp/hide_master/BP_Hidable_Ceiling_Master.BP_Hidable_Ceiling_Master_C:ExecuteUbergraph_BP_Hidable_Ceiling_Master
[2018.08.19-17.30.06:735][  0]LogUObjectGlobals: Created PersistentFrame Addr=0x0000023ca2644ca0, Size=32, Default__BP_Hidable_Master_C Function /Game/My_Bp/hide_master/BP_Hidable_Master.BP_Hidable_Master_C:ExecuteUbergraph_BP_Hidable_Master
[2018.08.19-17.30.06:736][  0]LogUObjectGlobals: Created PersistentFrame Addr=0x0000023ca25dbb00, Size=148, Default__Dec_Things_Light_1_C Function /Game/My_Bp/prop_bp/Dec_Things_Light_1.Dec_Things_Light_1_C:ExecuteUbergraph_Dec_Things_Light_1
[2018.08.19-17.30.06:738][  0]LogUObjectGlobals: Created PersistentFrame Addr=0x0000023ca265f880, Size=304, Default__door_C Function /Game/My_Bp/door/door.door_C:ExecuteUbergraph_door
[2018.08.19-17.30.06:740][  0]LogUObjectGlobals: Created PersistentFrame Addr=0x0000023ca265f9c0, Size=304, Default__lever_door_C Function /Game/My_Bp/door/lever_door.lever_door_C:ExecuteUbergraph_lever_door
[2018.08.19-17.30.06:741][  0]LogUObjectGlobals: Created PersistentFrame Addr=0x0000023ca2a05210, Size=40, Default__Terminal_bp_C Function /Game/My_Bp/terminal/Terminal_bp.Terminal_bp_C:ExecuteUbergraph_Terminal_bp
[2018.08.19-17.30.06:742][  0]LogUObjectGlobals: Created PersistentFrame Addr=0x0000023ca256f6a0, Size=72, Default__ThirdPerson_AnimBP_C Function /Game/ThirdPerson_AnimBP.ThirdPerson_AnimBP_C:ExecuteUbergraph_ThirdPerson_AnimBP
[2018.08.19-17.30.06:742][  0]LogUObjectGlobals: Created PersistentFrame Addr=0x0000023ca256ec00, Size=72, Default__ThirdPerson_AnimBP_C Function /Game/Mannequin/Animations/ThirdPerson_AnimBP.ThirdPerson_AnimBP_C:ExecuteUbergraph_ThirdPerson_AnimBP
[2018.08.19-17.30.06:743][  0]LogUObjectGlobals: Created PersistentFrame Addr=0x0000023ca2558870, Size=112, Default__AIGuardCharacter_C Function /Game/My_Bp/AIGuard/AIGuardCharacter.AIGuardCharacter_C:ExecuteUbergraph_AIGuardCharacter
[2018.08.19-17.30.06:744][  0]LogUObjectGlobals: Created PersistentFrame Addr=0x0000023ca2535980, Size=112, Default__AIGuardController_C Function /Game/My_Bp/AIGuard/AIGuardController.AIGuardController_C:ExecuteUbergraph_AIGuardController
[2018.08.19-17.30.06:745][  0]LogUObjectGlobals: Created PersistentFrame Addr=0x0000023ca2543760, Size=32, Default__BTTask_BB_DoAttack_C Function /Game/My_Bp/AIGuard/BTTask_BB_DoAttack.BTTask_BB_DoAttack_C:ExecuteUbergraph_BTTask_BB_DoAttack
[2018.08.19-17.30.06:745][  0]LogUObjectGlobals: Created PersistentFrame Addr=0x0000023ca25ee938, Size=24, Default__BTTask_Set_BB_Actor_C Function /Game/My_Bp/AIGuard/BTTask_Set_BB_Actor.BTTask_Set_BB_Actor_C:ExecuteUbergraph_BTTask_Set_BB_Actor
[2018.08.19-17.30.06:746][  0]LogUObjectGlobals: Created PersistentFrame Addr=0x0000023ca25ee830, Size=24, Default__BTTask_SetBB_Bool_C Function /Game/My_Bp/AIGuard/BTTask_SetBB_Bool.BTTask_SetBB_Bool_C:ExecuteUbergraph_BTTask_SetBB_Bool
[2018.08.19-17.30.06:747][  0]LogUObjectGlobals: Created PersistentFrame Addr=0x0000023ca251f510, Size=68, Default__terminal_UI_C Function /Game/UI/termianl_ui/terminal_UI.terminal_UI_C:ExecuteUbergraph_terminal_UI
[2018.08.19-17.30.06:749][  0]LogUObjectGlobals: Created PersistentFrame Addr=0x0000023ca250e080, Size=880, Default__ThirdPersonCharacter_C Function /Game/ThirdPersonBP/Blueprints/ThirdPersonCharacter.ThirdPersonCharacter_C:ExecuteUbergraph_ThirdPersonCharacter
[2018.08.19-17.30.06:750][  0]LogUObjectGlobals: Created PersistentFrame Addr=0x0000023ca254c140, Size=64, Default__UI_C Function /Game/UI/widget/UI.UI_C:ExecuteUbergraph_UI
[2018.08.19-17.30.06:751][  0]LogUObjectGlobals: Created PersistentFrame Addr=0x0000023ca24db920, Size=152, Default__BTService_DistanceToObject_C Function /Game/My_Bp/AIGuard/BTService_DistanceToObject.BTService_DistanceToObject_C:ExecuteUbergraph_BTService_DistanceToObject
[2018.08.19-17.30.06:761][  0]LogUObjectGlobals: Destroyed PersistentFrame Addr=0x0000023c9fcefee0, Size=16
[2018.08.19-17.30.06:761][  0]LogUObjectGlobals: Created PersistentFrame Addr=0x0000023ca2603050, Size=16, Default__Tech_demo_C Function /Engine/Transient.REINST_Tech_demo_C_39:ExecuteUbergraph_Tech_demo
[2018.08.19-17.30.06:762][  0]LogUObjectGlobals: Created PersistentFrame Addr=0x0000023ca2603170, Size=16, Default__Tech_demo_C Function /Game/map/Maps/Tech_demo.Tech_demo_C:ExecuteUbergraph_Tech_demo
[2018.08.19-17.30.07:368][  0]LogSkeletalMesh: Skeletal Mesh found in DDC [14.872441ms] /Game/Mannequin/Character/Mesh/SK_Mannequin.SK_Mannequin
[2018.08.19-17.30.07:426][  0]LogSkeletalMesh: Skeletal Mesh found in DDC [34.600861ms] /Game/meshes/Freda/freda_rig.freda_rig
[2018.08.19-17.30.07:644][  0]LogAIModule: Creating AISystem for world Tech_demo
[2018.08.19-17.30.07:646][  0]LogUObjectGlobals: Created PersistentFrame Addr=0x0000023cabc4afb0, Size=16, Default__ThirdPersonGameMode_C Function /Game/ThirdPersonBP/Blueprints/ThirdPersonGameMode.ThirdPersonGameMode_C:ExecuteUbergraph_ThirdPersonGameMode
[2018.08.19-17.30.07:647][  0]LogUObjectGlobals: Destroyed PersistentFrame Addr=0x0000023cabc4afb0, Size=16
[2018.08.19-17.30.07:647][  0]LogUObjectGlobals: Created PersistentFrame Addr=0x0000023cabc4afb0, Size=16, Default__ThirdPersonGameMode_C Function /Engine/Transient.REINST_ThirdPersonGameMode_C_41:ExecuteUbergraph_ThirdPersonGameMode
[2018.08.19-17.30.07:648][  0]LogUObjectGlobals: Created PersistentFrame Addr=0x0000023cabc4afa0, Size=16, Default__ThirdPersonGameMode_C Function /Game/ThirdPersonBP/Blueprints/ThirdPersonGameMode.ThirdPersonGameMode_C:ExecuteUbergraph_ThirdPersonGameMode
[2018.08.19-17.30.07:649][  0]LogLoad: Game class is 'ThirdPersonGameMode_C'
[2018.08.19-17.30.07:914][  0]LogWorld: Bringing World /Game/map/Maps/Tech_demo.Tech_demo up for play (max tick rate 0) at 2018.08.19-20.30.07
[2018.08.19-17.30.07:918][  0]LogWorld: Bringing up level for play took: 0.267737
[2018.08.19-17.30.07:926][  0]LogLoad: Took 1.612316 seconds to LoadMap(/Game/map/Maps/Tech_demo)
[2018.08.19-17.30.08:020][  0]LogLoad: (Engine Initialization) Total time: 12.30 seconds
[2018.08.19-17.30.08:020][  0]LogLoad: (Engine Initialization) Total Blueprint compile time: 0.00 seconds
[2018.08.19-17.30.08:046][  0]LogRenderer: Reallocating scene render targets to support 1024x1024 Format 10 NumSamples 1 (Frame:1).
[2018.08.19-17.30.08:081][  0]LogRenderer: Reallocating scene render targets to support 1280x1024 Format 10 NumSamples 1 (Frame:1).
[2018.08.19-17.30.08:127][  0]LogWindowsTextInputMethodSystem: Display: IME system now deactivated.
[2018.08.19-17.30.08:130][  0]LogContentStreaming: Texture pool size now 1000 MB
[2018.08.19-17.30.08:193][  1]LogRenderer: Reallocating scene render targets to support 1920x1080 Format 10 NumSamples 1 (Frame:3).
[2018.08.19-17.30.57:703][ 70]LogCharacterMovement: ThirdPersonCharacter_C_11 is stuck and failed to move! Velocity: X=0.00 Y=198.24 Z=0.00 Location: X=4915.25 Y=-4816.04 Z=-146.96 Normal: X=-0.27 Y=0.96 Z=-0.10 PenetrationDepth:13.536 Actor:AIGuardCharacter_2453 Component:CharacterMesh0 BoneName:hand_l (0 other events since notify)
[2018.08.19-17.31.09:237][785]LogUObjectGlobals: Destroyed PersistentFrame Addr=0x0000023ca2603050, Size=16
[2018.08.19-17.31.09:237][785]LogUObjectGlobals: Destroyed PersistentFrame Addr=0x0000023ca2925d00, Size=64
[2018.08.19-17.31.09:237][785]LogUObjectGlobals: Destroyed PersistentFrame Addr=0x0000023ca296ff90, Size=112
[2018.08.19-17.31.09:237][785]LogUObjectGlobals: Destroyed PersistentFrame Addr=0x0000023ca2927dc0, Size=64
[2018.08.19-17.31.09:237][785]LogUObjectGlobals: Destroyed PersistentFrame Addr=0x0000023ca2907c80, Size=880
[2018.08.19-17.31.09:237][785]LogUObjectGlobals: Destroyed PersistentFrame Addr=0x0000023ca29cc180, Size=32
[2018.08.19-17.31.09:237][785]LogUObjectGlobals: Destroyed PersistentFrame Addr=0x0000023ca29cc140, Size=32
[2018.08.19-17.31.09:237][785]LogUObjectGlobals: Destroyed PersistentFrame Addr=0x0000023ca292fdd0, Size=72
[2018.08.19-17.31.09:237][785]LogUObjectGlobals: Destroyed PersistentFrame Addr=0x0000023ca296ff20, Size=112
[2018.08.19-17.31.09:237][785]LogUObjectGlobals: Destroyed PersistentFrame Addr=0x0000023ca2992c00, Size=120
[2018.08.19-17.31.09:237][785]LogUObjectGlobals: Destroyed PersistentFrame Addr=0x0000023ca2947ea0, Size=32
[2018.08.19-17.31.09:237][785]LogUObjectGlobals: Destroyed PersistentFrame Addr=0x0000023ca29b3740, Size=16
[2018.08.19-17.31.09:237][785]LogUObjectGlobals: Destroyed PersistentFrame Addr=0x0000023ca29b33f0, Size=16
[2018.08.19-17.31.09:237][785]LogUObjectGlobals: Destroyed PersistentFrame Addr=0x0000023c90d111c0, Size=304
[2018.08.19-17.31.09:237][785]LogUObjectGlobals: Destroyed PersistentFrame Addr=0x0000023c90d10cc0, Size=304
[2018.08.19-17.31.09:237][785]LogUObjectGlobals: Destroyed PersistentFrame Addr=0x0000023ca2962480, Size=148
[2018.08.19-17.31.09:237][785]LogUObjectGlobals: Destroyed PersistentFrame Addr=0x0000023ca2a07650, Size=40
[2018.08.19-17.31.09:237][785]LogUObjectGlobals: Destroyed PersistentFrame Addr=0x0000023ca292ee80, Size=68
[2018.08.19-17.31.09:238][785]LogUObjectGlobals: Destroyed PersistentFrame Addr=0x0000023cabc4afb0, Size=16
[2018.08.19-17.31.51:614][411]LogSlate: Took 0.007009 seconds to synchronously load lazily loaded font '../../../Engine/Content/Slate/Fonts/Roboto-Regular.ttf' (155K)
[2018.08.19-17.31.54:228][574]LogSlate: FSceneViewport::OnFocusLost() reason 0
[2018.08.19-17.31.54:231][574]LogBlueprintUserMessages: [terminal_UI_C_0] 0.005055
[2018.08.19-17.31.54:247][575]LogBlueprintUserMessages: [terminal_UI_C_0] 0.005111
[2018.08.19-17.31.54:263][576]LogBlueprintUserMessages: [terminal_UI_C_0] 0.005168
[2018.08.19-17.31.54:279][577]LogBlueprintUserMessages: [terminal_UI_C_0] 0.005225
[2018.08.19-17.31.54:296][578]LogBlueprintUserMessages: [terminal_UI_C_0] 0.005284
[2018.08.19-17.31.54:311][579]LogBlueprintUserMessages: [terminal_UI_C_0] 0.005344
[2018.08.19-17.31.54:327][580]LogBlueprintUserMessages: [terminal_UI_C_0] 0.005404
[2018.08.19-17.31.54:344][581]LogBlueprintUserMessages: [terminal_UI_C_0] 0.005466
[2018.08.19-17.31.54:360][582]LogBlueprintUserMessages: [terminal_UI_C_0] 0.005529
[2018.08.19-17.31.54:375][583]LogBlueprintUserMessages: [terminal_UI_C_0] 0.005592
[2018.08.19-17.31.54:391][584]LogBlueprintUserMessages: [terminal_UI_C_0] 0.005657
[2018.08.19-17.31.54:407][585]LogBlueprintUserMessages: [terminal_UI_C_0] 0.005723
[2018.08.19-17.31.54:423][586]LogBlueprintUserMessages: [terminal_UI_C_0] 0.00579
[2018.08.19-17.31.54:440][587]LogBlueprintUserMessages: [terminal_UI_C_0] 0.005858
[2018.08.19-17.31.54:456][588]LogBlueprintUserMessages: [terminal_UI_C_0] 0.005928
[2018.08.19-17.31.54:472][589]LogBlueprintUserMessages: [terminal_UI_C_0] 0.005999
[2018.08.19-17.31.54:488][590]LogBlueprintUserMessages: [terminal_UI_C_0] 0.006071
[2018.08.19-17.31.54:504][591]LogBlueprintUserMessages: [terminal_UI_C_0] 0.006144
[2018.08.19-17.31.54:520][592]LogBlueprintUserMessages: [terminal_UI_C_0] 0.006218
[2018.08.19-17.31.54:537][593]LogBlueprintUserMessages: [terminal_UI_C_0] 0.006294
[2018.08.19-17.31.54:553][594]LogBlueprintUserMessages: [terminal_UI_C_0] 0.006372
[2018.08.19-17.31.54:569][595]LogBlueprintUserMessages: [terminal_UI_C_0] 0.006451
[2018.08.19-17.31.54:585][596]LogBlueprintUserMessages: [terminal_UI_C_0] 0.006531
[2018.08.19-17.31.54:601][597]LogBlueprintUserMessages: [terminal_UI_C_0] 0.006613
[2018.08.19-17.31.54:618][598]LogBlueprintUserMessages: [terminal_UI_C_0] 0.006696
[2018.08.19-17.31.54:634][599]LogBlueprintUserMessages: [terminal_UI_C_0] 0.006781
[2018.08.19-17.31.54:650][600]LogBlueprintUserMessages: [terminal_UI_C_0] 0.006868
[2018.08.19-17.31.54:665][601]LogBlueprintUserMessages: [terminal_UI_C_0] 0.006956
[2018.08.19-17.31.54:682][602]LogBlueprintUserMessages: [terminal_UI_C_0] 0.007046
[2018.08.19-17.31.54:698][603]LogBlueprintUserMessages: [terminal_UI_C_0] 0.007138
[2018.08.19-17.31.54:714][604]LogBlueprintUserMessages: [terminal_UI_C_0] 0.007232
[2018.08.19-17.31.54:730][605]LogBlueprintUserMessages: [terminal_UI_C_0] 0.007328
[2018.08.19-17.31.54:746][606]LogBlueprintUserMessages: [terminal_UI_C_0] 0.007426
[2018.08.19-17.31.54:762][607]LogBlueprintUserMessages: [terminal_UI_C_0] 0.007525
[2018.08.19-17.31.54:779][608]LogBlueprintUserMessages: [terminal_UI_C_0] 0.007627
[2018.08.19-17.31.54:795][609]LogBlueprintUserMessages: [terminal_UI_C_0] 0.007731
[2018.08.19-17.31.54:811][610]LogBlueprintUserMessages: [terminal_UI_C_0] 0.007837
[2018.08.19-17.31.54:827][611]LogBlueprintUserMessages: [terminal_UI_C_0] 0.007946
[2018.08.19-17.31.54:844][612]LogBlueprintUserMessages: [terminal_UI_C_0] 0.008056
[2018.08.19-17.31.54:860][613]LogBlueprintUserMessages: [terminal_UI_C_0] 0.00817
[2018.08.19-17.31.54:876][614]LogBlueprintUserMessages: [terminal_UI_C_0] 0.008285
[2018.08.19-17.31.54:892][615]LogBlueprintUserMessages: [terminal_UI_C_0] 0.008404
[2018.08.19-17.31.54:908][616]LogBlueprintUserMessages: [terminal_UI_C_0] 0.008525
[2018.08.19-17.31.54:924][617]LogBlueprintUserMessages: [terminal_UI_C_0] 0.008649
[2018.08.19-17.31.54:941][618]LogBlueprintUserMessages: [terminal_UI_C_0] 0.008775
[2018.08.19-17.31.54:956][619]LogBlueprintUserMessages: [terminal_UI_C_0] 0.008905
[2018.08.19-17.31.54:972][620]LogBlueprintUserMessages: [terminal_UI_C_0] 0.009038
[2018.08.19-17.31.54:988][621]LogBlueprintUserMessages: [terminal_UI_C_0] 0.009174
[2018.08.19-17.31.55:004][622]LogBlueprintUserMessages: [terminal_UI_C_0] 0.009313
[2018.08.19-17.31.55:021][623]LogBlueprintUserMessages: [terminal_UI_C_0] 0.009455
[2018.08.19-17.31.55:036][624]LogBlueprintUserMessages: [terminal_UI_C_0] 0.009601
[2018.08.19-17.31.55:053][625]LogBlueprintUserMessages: [terminal_UI_C_0] 0.009751
[2018.08.19-17.31.55:069][626]LogBlueprintUserMessages: [terminal_UI_C_0] 0.009905
[2018.08.19-17.31.55:085][627]LogBlueprintUserMessages: [terminal_UI_C_0] 0.010062
[2018.08.19-17.31.55:102][628]LogBlueprintUserMessages: [terminal_UI_C_0] 0.010224
[2018.08.19-17.31.55:117][629]LogBlueprintUserMessages: [terminal_UI_C_0] 0.01039
[2018.08.19-17.31.55:134][630]LogBlueprintUserMessages: [terminal_UI_C_0] 0.01056
[2018.08.19-17.31.55:150][631]LogBlueprintUserMessages: [terminal_UI_C_0] 0.010735
[2018.08.19-17.31.55:166][632]LogBlueprintUserMessages: [terminal_UI_C_0] 0.010915
[2018.08.19-17.31.55:182][633]LogBlueprintUserMessages: [terminal_UI_C_0] 0.011099
[2018.08.19-17.31.55:199][634]LogBlueprintUserMessages: [terminal_UI_C_0] 0.011289
[2018.08.19-17.31.55:215][635]LogBlueprintUserMessages: [terminal_UI_C_0] 0.011484
[2018.08.19-17.31.55:231][636]LogBlueprintUserMessages: [terminal_UI_C_0] 0.011685
[2018.08.19-17.31.55:248][637]LogBlueprintUserMessages: [terminal_UI_C_0] 0.011892
[2018.08.19-17.31.55:263][638]LogBlueprintUserMessages: [terminal_UI_C_0] 0.012105
[2018.08.19-17.31.55:280][639]LogBlueprintUserMessages: [terminal_UI_C_0] 0.012324
[2018.08.19-17.31.55:295][640]LogBlueprintUserMessages: [terminal_UI_C_0] 0.012549
[2018.08.19-17.31.55:312][641]LogBlueprintUserMessages: [terminal_UI_C_0] 0.012782
[2018.08.19-17.31.55:328][642]LogBlueprintUserMessages: [terminal_UI_C_0] 0.013022
[2018.08.19-17.31.55:344][643]LogBlueprintUserMessages: [terminal_UI_C_0] 0.01327
[2018.08.19-17.31.55:360][644]LogBlueprintUserMessages: [terminal_UI_C_0] 0.013526
[2018.08.19-17.31.55:376][645]LogBlueprintUserMessages: [terminal_UI_C_0] 0.01379
[2018.08.19-17.31.55:392][646]LogBlueprintUserMessages: [terminal_UI_C_0] 0.014063
[2018.08.19-17.31.55:408][647]LogBlueprintUserMessages: [terminal_UI_C_0] 0.014345
[2018.08.19-17.31.55:424][648]LogBlueprintUserMessages: [terminal_UI_C_0] 0.014637
[2018.08.19-17.31.55:440][649]LogBlueprintUserMessages: [terminal_UI_C_0] 0.014939
[2018.08.19-17.31.55:456][650]LogBlueprintUserMessages: [terminal_UI_C_0] 0.015252
[2018.08.19-17.31.55:473][651]LogBlueprintUserMessages: [terminal_UI_C_0] 0.015576
[2018.08.19-17.31.55:489][652]LogBlueprintUserMessages: [terminal_UI_C_0] 0.015912
[2018.08.19-17.31.55:505][653]LogBlueprintUserMessages: [terminal_UI_C_0] 0.01626
[2018.08.19-17.31.55:521][654]LogBlueprintUserMessages: [terminal_UI_C_0] 0.016622
[2018.08.19-17.31.55:537][655]LogBlueprintUserMessages: [terminal_UI_C_0] 0.016998
[2018.08.19-17.31.55:553][656]LogBlueprintUserMessages: [terminal_UI_C_0] 0.017389
[2018.08.19-17.31.55:569][657]LogBlueprintUserMessages: [terminal_UI_C_0] 0.017796
[2018.08.19-17.31.55:585][658]LogBlueprintUserMessages: [terminal_UI_C_0] 0.01822
[2018.08.19-17.31.55:602][659]LogBlueprintUserMessages: [terminal_UI_C_0] 0.018661
[2018.08.19-17.31.55:618][660]LogBlueprintUserMessages: [terminal_UI_C_0] 0.019121
[2018.08.19-17.31.55:634][661]LogBlueprintUserMessages: [terminal_UI_C_0] 0.019601
[2018.08.19-17.31.55:650][662]LogBlueprintUserMessages: [terminal_UI_C_0] 0.020103
[2018.08.19-17.31.55:666][663]LogBlueprintUserMessages: [terminal_UI_C_0] 0.020628
[2018.08.19-17.31.55:683][664]LogBlueprintUserMessages: [terminal_UI_C_0] 0.021177
[2018.08.19-17.31.55:699][665]LogBlueprintUserMessages: [terminal_UI_C_0] 0.021753
[2018.08.19-17.31.55:715][666]LogBlueprintUserMessages: [terminal_UI_C_0] 0.022357
[2018.08.19-17.31.55:731][667]LogBlueprintUserMessages: [terminal_UI_C_0] 0.022991
[2018.08.19-17.31.55:748][668]LogBlueprintUserMessages: [terminal_UI_C_0] 0.023657
[2018.08.19-17.31.55:764][669]LogBlueprintUserMessages: [terminal_UI_C_0] 0.024359
[2018.08.19-17.31.55:780][670]LogBlueprintUserMessages: [terminal_UI_C_0] 0.025098
[2018.08.19-17.31.55:796][671]LogBlueprintUserMessages: [terminal_UI_C_0] 0.025879
[2018.08.19-17.31.55:812][672]LogBlueprintUserMessages: [terminal_UI_C_0] 0.026704
[2018.08.19-17.31.55:828][673]LogBlueprintUserMessages: [terminal_UI_C_0] 0.027577
[2018.08.19-17.31.55:844][674]LogBlueprintUserMessages: [terminal_UI_C_0] 0.028503
[2018.08.19-17.31.55:860][675]LogBlueprintUserMessages: [terminal_UI_C_0] 0.029486
[2018.08.19-17.31.55:876][676]LogBlueprintUserMessages: [terminal_UI_C_0] 0.030533
[2018.08.19-17.31.55:893][677]LogBlueprintUserMessages: [terminal_UI_C_0] 0.031648
[2018.08.19-17.31.55:908][678]LogBlueprintUserMessages: [terminal_UI_C_0] 0.03284
[2018.08.19-17.31.55:925][679]LogBlueprintUserMessages: [terminal_UI_C_0] 0.034115
[2018.08.19-17.31.55:942][680]LogBlueprintUserMessages: [terminal_UI_C_0] 0.035484
[2018.08.19-17.31.55:957][681]LogBlueprintUserMessages: [terminal_UI_C_0] 0.036956
[2018.08.19-17.31.55:973][682]LogBlueprintUserMessages: [terminal_UI_C_0] 0.038543
[2018.08.19-17.31.55:989][683]LogBlueprintUserMessages: [terminal_UI_C_0] 0.04026
[2018.08.19-17.31.56:005][684]LogBlueprintUserMessages: [terminal_UI_C_0] 0.042122
[2018.08.19-17.31.56:021][685]LogBlueprintUserMessages: [terminal_UI_C_0] 0.044149
[2018.08.19-17.31.56:037][686]LogBlueprintUserMessages: [terminal_UI_C_0] 0.046363
[2018.08.19-17.31.56:054][687]LogBlueprintUserMessages: [terminal_UI_C_0] 0.048791
[2018.08.19-17.31.56:070][688]LogBlueprintUserMessages: [terminal_UI_C_0] 0.051464
[2018.08.19-17.31.56:086][689]LogBlueprintUserMessages: [terminal_UI_C_0] 0.054422
[2018.08.19-17.31.56:103][690]LogBlueprintUserMessages: [terminal_UI_C_0] 0.05771
[2018.08.19-17.31.56:118][691]LogBlueprintUserMessages: [terminal_UI_C_0] 0.061387
[2018.08.19-17.31.56:135][692]LogBlueprintUserMessages: [terminal_UI_C_0] 0.065523
[2018.08.19-17.31.56:151][693]LogBlueprintUserMessages: [terminal_UI_C_0] 0.07021
[2018.08.19-17.31.56:167][694]LogBlueprintUserMessages: [terminal_UI_C_0] 0.07556
[2018.08.19-17.31.56:183][695]LogBlueprintUserMessages: [terminal_UI_C_0] 0.081723
[2018.08.19-17.31.56:199][696]LogBlueprintUserMessages: [terminal_UI_C_0] 0.088892
[2018.08.19-17.31.56:215][697]LogBlueprintUserMessages: [terminal_UI_C_0] 0.097327
[2018.08.19-17.31.56:231][698]LogBlueprintUserMessages: [terminal_UI_C_0] 0.107384
[2018.08.19-17.31.56:248][699]LogBlueprintUserMessages: [terminal_UI_C_0] 0.119559
[2018.08.19-17.31.56:264][700]LogBlueprintUserMessages: [terminal_UI_C_0] 0.134571
[2018.08.19-17.31.56:280][701]LogBlueprintUserMessages: [terminal_UI_C_0] 0.153488
[2018.08.19-17.31.56:296][702]LogBlueprintUserMessages: [terminal_UI_C_0] 0.177967
[2018.08.19-17.31.56:312][703]LogBlueprintUserMessages: [terminal_UI_C_0] 0.210707
[2018.08.19-17.31.56:328][704]LogBlueprintUserMessages: [terminal_UI_C_0] 0.256369
[2018.08.19-17.31.56:345][705]LogBlueprintUserMessages: [terminal_UI_C_0] 0.323632
[2018.08.19-17.31.56:361][706]LogBlueprintUserMessages: [terminal_UI_C_0] 0.430312
[2018.08.19-17.31.56:376][707]LogBlueprintUserMessages: [terminal_UI_C_0] 0.618063
[2018.08.19-17.31.56:392][708]LogBlueprintUserMessages: [terminal_UI_C_0] 1.003772
[2018.08.19-17.31.56:408][709]LogBlueprintUserMessages: [terminal_UI_C_0] 2.017354
[2018.08.19-17.31.56:424][710]LogBlueprintUserMessages: [terminal_UI_C_0] 6.099175
[2018.08.19-17.31.56:441][711]LogBlueprintUserMessages: [terminal_UI_C_0] 43.335712
[2018.08.19-17.31.56:457][712]LogBlueprintUserMessages: [terminal_UI_C_0] 1921.579712
[2018.08.19-17.31.56:473][713]LogBlueprintUserMessages: [terminal_UI_C_0] 3694401.5
[2018.08.19-17.31.56:489][714]LogBlueprintUserMessages: [terminal_UI_C_0] 13648607051776.0
[2018.08.19-17.31.56:505][715]LogBlueprintUserMessages: [terminal_UI_C_0] 186284481921844054413279232.0
[2018.08.19-17.31.56:522][716]LogBlueprintUserMessages: [terminal_UI_C_0] inf
[2018.08.19-17.32.14:280][817]LogCharacterMovement: ThirdPersonCharacter_C_11 is stuck and failed to move! Velocity: X=0.00 Y=-33.03 Z=0.00 Location: X=3890.68 Y=-3564.01 Z=-144.85 Normal: X=-0.21 Y=0.82 Z=-0.54 PenetrationDepth:8.586 Actor:AIGuardCharacter_2453 Component:CharacterMesh0 BoneName:lowerarm_r (0 other events since notify)
[2018.08.19-17.34.03:915][612]LogSlate: Window 'Am_i_Free (64-bit, PCD3D_SM5) ' being destroyed
[2018.08.19-17.34.03:915][612]LogWindowsTextInputMethodSystem: Display: IME system now deactivated.
[2018.08.19-17.34.03:921][612]LogWindowsTextInputMethodSystem: Display: IME system now deactivated.
[2018.08.19-17.34.03:923][612]LogEngine: All Windows Closed
[2018.08.19-17.34.03:923][612]LogWindows: FPlatformMisc::RequestExit(0)
[2018.08.19-17.34.04:782][613]LogSlate: Slate User Destroyed.  User Index 0, Is Virtual User: 0
[2018.08.19-17.34.04:782][613]LogExit: Preparing to exit.
[2018.08.19-17.34.04:782][613]LogMoviePlayer: Shutting down movie player
[2018.08.19-17.34.05:497][613]LogExit: Game engine shut down
[2018.08.19-17.34.05:512][613]LogUObjectGlobals: Destroyed PersistentFrame Addr=0x0000023ca2645500, Size=32
[2018.08.19-17.34.05:513][613]LogUObjectGlobals: Destroyed PersistentFrame Addr=0x0000023ca2644ca0, Size=32
[2018.08.19-17.34.05:513][613]LogUObjectGlobals: Destroyed PersistentFrame Addr=0x0000023ca25dbb00, Size=148
[2018.08.19-17.34.05:513][613]LogUObjectGlobals: Destroyed PersistentFrame Addr=0x0000023ca265f880, Size=304
[2018.08.19-17.34.05:513][613]LogUObjectGlobals: Destroyed PersistentFrame Addr=0x0000023ca265f9c0, Size=304
[2018.08.19-17.34.05:513][613]LogUObjectGlobals: Destroyed PersistentFrame Addr=0x0000023ca2a05210, Size=40
[2018.08.19-17.34.05:513][613]LogUObjectGlobals: Destroyed PersistentFrame Addr=0x0000023ca256f6a0, Size=72
[2018.08.19-17.34.05:513][613]LogUObjectGlobals: Destroyed PersistentFrame Addr=0x0000023ca256ec00, Size=72
[2018.08.19-17.34.05:513][613]LogUObjectGlobals: Destroyed PersistentFrame Addr=0x0000023ca2558870, Size=112
[2018.08.19-17.34.05:513][613]LogUObjectGlobals: Destroyed PersistentFrame Addr=0x0000023ca2535980, Size=112
[2018.08.19-17.34.05:513][613]LogUObjectGlobals: Destroyed PersistentFrame Addr=0x0000023ca2543760, Size=32
[2018.08.19-17.34.05:513][613]LogUObjectGlobals: Destroyed PersistentFrame Addr=0x0000023ca25ee938, Size=24
[2018.08.19-17.34.05:513][613]LogUObjectGlobals: Destroyed PersistentFrame Addr=0x0000023ca25ee830, Size=24
[2018.08.19-17.34.05:513][613]LogUObjectGlobals: Destroyed PersistentFrame Addr=0x0000023ca251f510, Size=68
[2018.08.19-17.34.05:513][613]LogUObjectGlobals: Destroyed PersistentFrame Addr=0x0000023ca250e080, Size=880
[2018.08.19-17.34.05:513][613]LogUObjectGlobals: Destroyed PersistentFrame Addr=0x0000023ca254c140, Size=64
[2018.08.19-17.34.05:513][613]LogUObjectGlobals: Destroyed PersistentFrame Addr=0x0000023ca24db920, Size=152
[2018.08.19-17.34.05:513][613]LogUObjectGlobals: Destroyed PersistentFrame Addr=0x0000023ca2603170, Size=16
[2018.08.19-17.34.05:514][613]LogUObjectGlobals: Destroyed PersistentFrame Addr=0x0000023cabc4afa0, Size=16
[2018.08.19-17.34.05:581][613]LogExit: Object subsystem successfully closed.
[2018.08.19-17.34.05:600][613]LogShaderCompilers: Display: Shaders left to compile 0
[2018.08.19-17.34.05:604][613]LogD3D11RHI: Shutdown
[2018.08.19-17.34.05:604][613]LogD3D11RHI: CleanupD3DDevice
[2018.08.19-17.34.05:606][613]LogD3D11RHI: ~FD3D11DynamicRHI
[2018.08.19-17.34.05:633][613]LogModuleManager: Shutting down and abandoning module SequenceRecorderSections (334)
[2018.08.19-17.34.05:633][613]LogModuleManager: Shutting down and abandoning module SequenceRecorder (332)
[2018.08.19-17.34.05:633][613]LogModuleManager: Shutting down and abandoning module AutomationController (330)
[2018.08.19-17.34.05:633][613]LogModuleManager: Shutting down and abandoning module AutomationWorker (328)
[2018.08.19-17.34.05:633][613]LogModuleManager: Shutting down and abandoning module AIModule (326)
[2018.08.19-17.34.05:633][613]LogModuleManager: Shutting down and abandoning module GameplayDebugger (325)
[2018.08.19-17.34.05:633][613]LogModuleManager: Shutting down and abandoning module AITestSuite (323)
[2018.08.19-17.34.05:633][613]LogModuleManager: Shutting down and abandoning module WmfMediaFactory (320)
[2018.08.19-17.34.05:633][613]LogModuleManager: Shutting down and abandoning module OpenExrWrapper (318)
[2018.08.19-17.34.05:633][613]LogModuleManager: Shutting down and abandoning module ImgMediaFactory (316)
[2018.08.19-17.34.05:633][613]LogModuleManager: Shutting down and abandoning module AvfMediaFactory (314)
[2018.08.19-17.34.05:633][613]LogModuleManager: Shutting down and abandoning module CharacterAI (312)
[2018.08.19-17.34.05:633][613]LogModuleManager: Shutting down and abandoning module SessionServices (310)
[2018.08.19-17.34.05:633][613]LogModuleManager: Shutting down and abandoning module MovieSceneCapture (308)
[2018.08.19-17.34.05:633][613]LogModuleManager: Shutting down and abandoning module MovieSceneTracks (306)
[2018.08.19-17.34.05:633][613]LogModuleManager: Shutting down and abandoning module MovieScene (304)
[2018.08.19-17.34.05:633][613]LogModuleManager: Shutting down and abandoning module GeometryCache (302)
[2018.08.19-17.34.05:633][613]LogModuleManager: Shutting down and abandoning module GeometryCacheEd (301)
[2018.08.19-17.34.05:633][613]LogModuleManager: Shutting down and abandoning module StreamingPauseRendering (298)
[2018.08.19-17.34.05:633][613]LogModuleManager: Shutting down and abandoning module PortalServices (296)
[2018.08.19-17.34.05:633][613]LogModuleManager: Shutting down and abandoning module PortalRpc (294)
[2018.08.19-17.34.05:633][613]LogModuleManager: Shutting down and abandoning module MessagingRpc (292)
[2018.08.19-17.34.05:633][613]LogModuleManager: Shutting down and abandoning module ProfilerService (290)
[2018.08.19-17.34.05:767][613]LogModuleManager: Shutting down and abandoning module TaskGraph (288)
[2018.08.19-17.34.05:767][613]LogModuleManager: Shutting down and abandoning module SteamVRController (286)
[2018.08.19-17.34.05:767][613]LogModuleManager: Shutting down and abandoning module ProceduralMeshComponent (284)
[2018.08.19-17.34.05:767][613]LogModuleManager: Shutting down and abandoning module OculusInput (282)
[2018.08.19-17.34.05:767][613]LogModuleManager: Shutting down and abandoning module MobilePatchingUtils (280)
[2018.08.19-17.34.05:767][613]LogModuleManager: Shutting down and abandoning module CustomMeshComponent (278)
[2018.08.19-17.34.05:767][613]LogModuleManager: Shutting down and abandoning module CableComponent (276)
[2018.08.19-17.34.05:767][613]LogModuleManager: Shutting down and abandoning module AudioCapture (274)
[2018.08.19-17.34.05:767][613]LogModuleManager: Shutting down and abandoning module ArchVisCharacter (272)
[2018.08.19-17.34.05:767][613]LogModuleManager: Shutting down and abandoning module AndroidPermission (270)
[2018.08.19-17.34.05:767][613]LogModuleManager: Shutting down and abandoning module NUTUnrealEngine4 (266)
[2018.08.19-17.34.05:767][613]LogModuleManager: Shutting down and abandoning module NetcodeUnitTest (264)
[2018.08.19-17.34.05:767][613]LogModuleManager: Shutting down and abandoning module MediaCompositing (262)
[2018.08.19-17.34.05:767][613]LogModuleManager: Shutting down and abandoning module LinearTimecode (260)
[2018.08.19-17.34.05:767][613]LogModuleManager: Shutting down and abandoning module ImgMedia (258)
[2018.08.19-17.34.05:770][613]LogModuleManager: Shutting down and abandoning module HTML5Networking (256)
[2018.08.19-17.34.05:770][613]LogModuleManager: Shutting down and abandoning module DatasmithContent (254)
[2018.08.19-17.34.05:770][613]LogModuleManager: Shutting down and abandoning module CryptoKeysOpenSSL (252)
[2018.08.19-17.34.05:770][613]LogModuleManager: Shutting down and abandoning module CryptoKeys (250)
[2018.08.19-17.34.05:770][613]LogModuleManager: Shutting down and abandoning module VisualStudioSourceCodeAccess (248)
[2018.08.19-17.34.05:770][613]LogModuleManager: Shutting down and abandoning module HotReload (247)
[2018.08.19-17.34.05:770][613]LogModuleManager: Shutting down and abandoning module DirectoryWatcher (246)
[2018.08.19-17.34.05:770][613]LogModuleManager: Shutting down and abandoning module VisualStudioCodeSourceCodeAccess (242)
[2018.08.19-17.34.05:770][613]LogModuleManager: Shutting down and abandoning module UObjectPlugin (240)
[2018.08.19-17.34.05:770][613]LogModuleManager: Shutting down and abandoning module SubversionSourceControl (238)
[2018.08.19-17.34.05:770][613]LogModuleManager: Shutting down and abandoning module PerforceSourceControl (236)
[2018.08.19-17.34.05:770][613]LogModuleManager: Shutting down and abandoning module SourceControl (235)
[2018.08.19-17.34.05:770][613]LogModuleManager: Shutting down and abandoning module CLionSourceCodeAccess (232)
[2018.08.19-17.34.05:770][613]LogModuleManager: Shutting down and abandoning module RuntimePhysXCooking (230)
[2018.08.19-17.34.05:770][613]LogModuleManager: Shutting down and abandoning module PhysXVehiclesEditor (228)
[2018.08.19-17.34.05:771][613]LogModuleManager: Shutting down and abandoning module PhysXVehicles (226)
[2018.08.19-17.34.05:771][613]LogModuleManager: Shutting down and abandoning module LocationServicesBPLibrary (224)
[2018.08.19-17.34.05:771][613]LogModuleManager: Shutting down and abandoning module ImmediatePhysicsEditor (222)
[2018.08.19-17.34.05:771][613]LogModuleManager: Shutting down and abandoning module ImmediatePhysics (220)
[2018.08.19-17.34.05:771][613]LogModuleManager: Shutting down and abandoning module ActorSequence (218)
[2018.08.19-17.34.05:771][613]LogModuleManager: Shutting down and abandoning module UdpMessaging (216)
[2018.08.19-17.34.05:872][613]LogModuleManager: Shutting down and abandoning module TcpMessaging (214)
[2018.08.19-17.34.06:393][613]LogModuleManager: Shutting down and abandoning module SubstanceCore (212)
[2018.08.19-17.34.06:393][613]LogModuleManager: Shutting down and abandoning module GameplayTagsEditor (210)
[2018.08.19-17.34.06:393][613]LogModuleManager: Shutting down and abandoning module FacialAnimation (208)
[2018.08.19-17.34.06:393][613]LogModuleManager: Shutting down and abandoning module DataValidation (206)
[2018.08.19-17.34.06:393][613]LogModuleManager: Shutting down and abandoning module AssetManagerEditor (204)
[2018.08.19-17.34.06:393][613]LogModuleManager: Shutting down and abandoning module TreeMap (203)
[2018.08.19-17.34.06:393][613]LogModuleManager: Shutting down and abandoning module LightPropagationVolumeRuntime (200)
[2018.08.19-17.34.06:393][613]LogModuleManager: Shutting down and abandoning module LiveLink (198)
[2018.08.19-17.34.07:130][613]LogModuleManager: Shutting down and abandoning module Paper2D (196)
[2018.08.19-17.34.07:130][613]LogModuleManager: Shutting down and abandoning module PIEPreviewDeviceProfileSelector (194)
[2018.08.19-17.34.07:130][613]LogModuleManager: Shutting down and abandoning module WindowsMoviePlayer (192)
[2018.08.19-17.34.07:130][613]LogModuleManager: Shutting down and abandoning module WmfMedia (190)
[2018.08.19-17.34.07:131][613]LogModuleManager: Shutting down and abandoning module Media (189)
[2018.08.19-17.34.07:138][613]LogModuleManager: Shutting down and abandoning module PacketHandler (186)
[2018.08.19-17.34.07:138][613]LogModuleManager: Shutting down and abandoning module ClothingSystemEditor (184)
[2018.08.19-17.34.07:138][613]LogModuleManager: Shutting down and abandoning module ClothingSystemRuntime (182)
[2018.08.19-17.34.07:138][613]LogModuleManager: Shutting down and abandoning module MediaAssets (180)
[2018.08.19-17.34.07:138][613]LogModuleManager: Shutting down and abandoning module Overlay (178)
[2018.08.19-17.34.07:138][613]LogModuleManager: Shutting down and abandoning module OverlayEditor (177)
[2018.08.19-17.34.07:138][613]LogModuleManager: Shutting down and abandoning module VREditor (174)
[2018.08.19-17.34.07:138][613]LogModuleManager: Shutting down and abandoning module StringTableEditor (172)
[2018.08.19-17.34.07:138][613]LogModuleManager: Shutting down and abandoning module GameplayTasksEditor (170)
[2018.08.19-17.34.07:138][613]LogModuleManager: Shutting down and abandoning module BehaviorTreeEditor (168)
[2018.08.19-17.34.07:138][613]LogModuleManager: Shutting down and abandoning module FunctionalTesting (166)
[2018.08.19-17.34.07:138][613]LogModuleManager: Shutting down and abandoning module CollisionAnalyzer (164)
[2018.08.19-17.34.07:138][613]LogModuleManager: Shutting down and abandoning module WorkspaceMenuStructure (163)
[2018.08.19-17.34.07:138][613]LogModuleManager: Shutting down and abandoning module UMG (160)
[2018.08.19-17.34.07:138][613]LogModuleManager: Shutting down and abandoning module UMGEditor (159)
[2018.08.19-17.34.07:138][613]LogModuleManager: Shutting down and abandoning module Sequencer (158)
[2018.08.19-17.34.07:138][613]LogModuleManager: Shutting down and abandoning module MessageLog (155)
[2018.08.19-17.34.07:138][613]LogModuleManager: Shutting down and abandoning module SlateReflector (150)
[2018.08.19-17.34.07:139][613]LogModuleManager: Shutting down and abandoning module Slate (148)
[2018.08.19-17.34.07:139][613]LogModuleManager: Shutting down and abandoning module EditorStyle (146)
[2018.08.19-17.34.07:140][613]LogModuleManager: Shutting down and abandoning module MRMesh (144)
[2018.08.19-17.34.07:140][613]LogModuleManager: Shutting down and abandoning module Messaging (142)
[2018.08.19-17.34.07:140][613]LogModuleManager: Shutting down and abandoning module SourceCodeAccess (140)
[2018.08.19-17.34.07:140][613]LogModuleManager: Shutting down and abandoning module HeadMountedDisplay (138)
[2018.08.19-17.34.07:140][613]LogModuleManager: Shutting down and abandoning module XAudio2 (136)
[2018.08.19-17.34.07:140][613]LogModuleManager: Shutting down and abandoning module Networking (134)
[2018.08.19-17.34.07:140][613]LogModuleManager: Shutting down and abandoning module Core (132)
[2018.08.19-17.34.07:140][613]LogModuleManager: Shutting down and abandoning module LevelSequence (130)
[2018.08.19-17.34.07:140][613]LogModuleManager: Shutting down and abandoning module KismetCompiler (128)
[2018.08.19-17.34.07:140][613]LogModuleManager: Shutting down and abandoning module MeshUtilities (126)
[2018.08.19-17.34.07:140][613]LogModuleManager: Shutting down and abandoning module MeshMergeUtilities (125)
[2018.08.19-17.34.07:140][613]LogModuleManager: Shutting down and abandoning module MeshReductionInterface (124)
[2018.08.19-17.34.07:140][613]LogModuleManager: Shutting down and abandoning module SimplygonSwarm (123)
[2018.08.19-17.34.07:140][613]LogModuleManager: Shutting down and abandoning module SimplygonMeshReduction (121)
[2018.08.19-17.34.07:140][613]LogModuleManager: Shutting down and abandoning module QuadricMeshReduction (119)
[2018.08.19-17.34.07:140][613]LogModuleManager: Shutting down and abandoning module MaterialBaking (115)
[2018.08.19-17.34.07:140][613]LogModuleManager: Shutting down and abandoning module DerivedDataCache (110)
[2018.08.19-17.34.07:216][613]LogDerivedDataCache: Shutdown
[2018.08.19-17.34.07:216][613]LogModuleManager: Shutting down and abandoning module XGEController (108)
[2018.08.19-17.34.07:216][613]LogModuleManager: Shutting down and abandoning module TargetPlatform (106)
[2018.08.19-17.34.07:216][613]LogModuleManager: Shutting down and abandoning module VulkanShaderFormat (105)
[2018.08.19-17.34.07:216][613]LogModuleManager: Shutting down and abandoning module ShaderFormatVectorVM (103)
[2018.08.19-17.34.07:216][613]LogModuleManager: Shutting down and abandoning module ShaderFormatOpenGL (101)
[2018.08.19-17.34.07:216][613]LogModuleManager: Shutting down and abandoning module ShaderFormatD3D (99)
[2018.08.19-17.34.07:216][613]LogModuleManager: Shutting down and abandoning module MetalShaderFormat (97)
[2018.08.19-17.34.07:216][613]LogModuleManager: Shutting down and abandoning module TextureFormatUncompressed (95)
[2018.08.19-17.34.07:216][613]LogModuleManager: Shutting down and abandoning module TextureFormatPVR (93)
[2018.08.19-17.34.07:217][613]LogModuleManager: Shutting down and abandoning module TextureFormatDXT (91)
[2018.08.19-17.34.07:217][613]LogModuleManager: Shutting down and abandoning module TextureFormatIntelISPCTexComp (89)
[2018.08.19-17.34.07:217][613]LogModuleManager: Shutting down and abandoning module TextureFormatASTC (87)
[2018.08.19-17.34.07:217][613]LogModuleManager: Shutting down and abandoning module ImageWrapper (86)
[2018.08.19-17.34.07:217][613]LogModuleManager: Shutting down and abandoning module TextureFormatAndroid (83)
[2018.08.19-17.34.07:217][613]LogModuleManager: Shutting down and abandoning module AudioFormatOpus (81)
[2018.08.19-17.34.07:217][613]LogModuleManager: Shutting down and abandoning module AudioFormatOgg (79)
[2018.08.19-17.34.07:217][613]LogModuleManager: Shutting down and abandoning module AudioFormatADPCM (77)
[2018.08.19-17.34.07:217][613]LogModuleManager: Shutting down and abandoning module WindowsTargetPlatform (75)
[2018.08.19-17.34.07:217][613]LogModuleManager: Shutting down and abandoning module WindowsServerTargetPlatform (73)
[2018.08.19-17.34.07:217][613]LogModuleManager: Shutting down and abandoning module WindowsNoEditorTargetPlatform (71)
[2018.08.19-17.34.07:217][613]LogModuleManager: Shutting down and abandoning module WindowsClientTargetPlatform (69)
[2018.08.19-17.34.07:217][613]LogModuleManager: Shutting down and abandoning module InputCore (66)
[2018.08.19-17.34.07:217][613]LogModuleManager: Shutting down and abandoning module Settings (64)
[2018.08.19-17.34.07:217][613]LogModuleManager: Shutting down and abandoning module PhysXCooking (62)
[2018.08.19-17.34.07:217][613]LogModuleManager: Shutting down and abandoning module SteamVR (60)
[2018.08.19-17.34.07:217][613]LogModuleManager: Shutting down and abandoning module OculusHMD (58)
[2018.08.19-17.34.07:217][613]LogModuleManager: Shutting down and abandoning module ExampleDeviceProfileSelector (56)
[2018.08.19-17.34.07:217][613]LogModuleManager: Shutting down and abandoning module AppleARKit (54)
[2018.08.19-17.34.07:217][613]LogModuleManager: Shutting down and abandoning module AugmentedReality (51)
[2018.08.19-17.34.07:217][613]LogModuleManager: Shutting down and abandoning module OnlineBlueprintSupport (48)
[2018.08.19-17.34.07:217][613]LogModuleManager: Shutting down and abandoning module OnlineSubsystem (44)
[2018.08.19-17.34.07:217][613]LogModuleManager: Shutting down and abandoning module XMPP (43)
[2018.08.19-17.34.07:217][613]LogModuleManager: Shutting down and abandoning module HTTP (41)
[2018.08.19-17.34.07:222][613]LogModuleManager: Shutting down and abandoning module SSL (40)
[2018.08.19-17.34.07:224][613]LogModuleManager: Shutting down and abandoning module AnimationModifiers (36)
[2018.08.19-17.34.07:224][613]LogModuleManager: Shutting down and abandoning module PropertyEditor (35)
[2018.08.19-17.34.07:224][613]LogModuleManager: Shutting down and abandoning module AudioEditor (32)
[2018.08.19-17.34.07:224][613]LogModuleManager: Shutting down and abandoning module TextureCompressor (30)
[2018.08.19-17.34.07:224][613]LogModuleManager: Shutting down and abandoning module ShaderCore (28)
[2018.08.19-17.34.07:224][613]LogModuleManager: Shutting down and abandoning module Landscape (26)
[2018.08.19-17.34.07:224][613]LogModuleManager: Shutting down and abandoning module SlateRHIRenderer (24)
[2018.08.19-17.34.07:225][613]LogModuleManager: Shutting down and abandoning module OpenGLDrv (22)
[2018.08.19-17.34.07:225][613]LogModuleManager: Shutting down and abandoning module D3D11RHI (20)
[2018.08.19-17.34.07:225][613]LogModuleManager: Shutting down and abandoning module AnimGraphRuntime (18)
[2018.08.19-17.34.07:225][613]LogModuleManager: Shutting down and abandoning module Renderer (16)
[2018.08.19-17.34.07:225][613]LogModuleManager: Shutting down and abandoning module Engine (14)
[2018.08.19-17.34.07:225][613]LogModuleManager: Shutting down and abandoning module CoreUObject (12)
[2018.08.19-17.34.07:225][613]LogModuleManager: Shutting down and abandoning module NetworkFile (10)
[2018.08.19-17.34.07:225][613]LogModuleManager: Shutting down and abandoning module CookedIterativeFile (8)
[2018.08.19-17.34.07:225][613]LogModuleManager: Shutting down and abandoning module StreamingFile (6)
[2018.08.19-17.34.07:225][613]LogModuleManager: Shutting down and abandoning module SandboxFile (4)
[2018.08.19-17.34.07:225][613]LogModuleManager: Shutting down and abandoning module PakFile (2)
[2018.08.19-17.34.07:230][613]LogExit: Exiting.
[2018.08.19-17.34.07:232][613]Log file closed, 08/19/18 20:34:07
