Log file open, 08/05/18 00:20:51
LogWindows: Failed to load 'aqProf.dll' (GetLastError=126)
LogWindows: File 'aqProf.dll' does not exist
LogWindows: Failed to load 'VtuneApi.dll' (GetLastError=126)
LogWindows: File 'VtuneApi.dll' does not exist
LogWindows: Failed to load 'VtuneApi32e.dll' (GetLastError=126)
LogWindows: File 'VtuneApi32e.dll' does not exist
LogInit: Display: Running engine for game: Am_i_Free
LogPlatformFile: Not using cached read wrapper
LogInit: Display: RandInit(999668470) SRandInit(999668470).
LogInit: Read version file with build ID '3944462'
LogInit: Overriding engine version to CL 4033788, compatible CL 3944462
LogInit: Registered custom module enumerator with build ID '3944462'
LogTaskGraph: Started task graph with 5 named threads and 23 total threads with 3 sets of task threads.
LogStats: Stats thread started at 3.441640
LogD3D11RHI: Aftermath initialized
LogICUInternationalization: Display: ICU TimeZone Detection - Raw Offset: +2:00, Platform Override: ''
LogModuleManager: Display: Found up-to-date module file ../../../Engine/Plugins/2D/Paper2D/Binaries/Win64/UE4Editor-Paper2D.dll (API version 3944462).
LogModuleManager: Display: Found up-to-date module file ../../../Engine/Plugins/2D/Paper2D/Binaries/Win64/UE4Editor-Paper2DEditor.dll (API version 3944462).
LogModuleManager: Display: Found up-to-date module file ../../../Engine/Plugins/2D/Paper2D/Binaries/Win64/UE4Editor-PaperSpriteSheetImporter.dll (API version 3944462).
LogModuleManager: Display: Found up-to-date module file ../../../Engine/Plugins/2D/Paper2D/Binaries/Win64/UE4Editor-PaperTiledImporter.dll (API version 3944462).
LogModuleManager: Display: Found up-to-date module file ../../../Engine/Plugins/2D/Paper2D/Binaries/Win64/UE4Editor-SmartSnapping.dll (API version 3944462).
LogModuleManager: Display: Found up-to-date module file ../../../Engine/Plugins/Blendables/LightPropagationVolume/Binaries/Win64/UE4Editor-LightPropagationVolumeRuntime.dll (API version 3944462).
LogModuleManager: Display: Found up-to-date module file ../../../Engine/Plugins/Blendables/LightPropagationVolume/Binaries/Win64/UE4Editor-LightPropagationVolumeEditor.dll (API version 3944462).
LogModuleManager: Display: Found up-to-date module file ../../../Engine/Plugins/Developer/CLionSourceCodeAccess/Binaries/Win64/UE4Editor-CLionSourceCodeAccess.dll (API version 3944462).
LogModuleManager: Display: Found up-to-date module file ../../../Engine/Plugins/Developer/GitSourceControl/Binaries/Win64/UE4Editor-GitSourceControl.dll (API version 3944462).
LogModuleManager: Display: Found up-to-date module file ../../../Engine/Plugins/Developer/PerforceSourceControl/Binaries/Win64/UE4Editor-PerforceSourceControl.dll (API version 3944462).
LogModuleManager: Display: Found up-to-date module file ../../../Engine/Plugins/Developer/SubversionSourceControl/Binaries/Win64/UE4Editor-SubversionSourceControl.dll (API version 3944462).
LogModuleManager: Display: Found up-to-date module file ../../../Engine/Plugins/Developer/UObjectPlugin/Binaries/Win64/UE4Editor-UObjectPlugin.dll (API version 3944462).
LogModuleManager: Display: Found up-to-date module file ../../../Engine/Plugins/Developer/VisualStudioCodeSourceCodeAccess/Binaries/Win64/UE4Editor-VisualStudioCodeSourceCodeAccess.dll (API version 3944462).
LogModuleManager: Display: Found up-to-date module file ../../../Engine/Plugins/Developer/VisualStudioSourceCodeAccess/Binaries/Win64/UE4Editor-VisualStudioSourceCodeAccess.dll (API version 3944462).
LogModuleManager: Display: Found up-to-date module file ../../../Engine/Plugins/Editor/AssetManagerEditor/Binaries/Win64/UE4Editor-AssetManagerEditor.dll (API version 3944462).
LogModuleManager: Display: Found up-to-date module file ../../../Engine/Plugins/Editor/CryptoKeys/Binaries/Win64/UE4Editor-CryptoKeys.dll (API version 3944462).
LogModuleManager: Display: Found up-to-date module file ../../../Engine/Plugins/Editor/CryptoKeys/Binaries/Win64/UE4Editor-CryptoKeysOpenSSL.dll (API version 3944462).
LogModuleManager: Display: Found up-to-date module file ../../../Engine/Plugins/Editor/DataValidation/Binaries/Win64/UE4Editor-DataValidation.dll (API version 3944462).
LogModuleManager: Display: Found up-to-date module file ../../../Engine/Plugins/Editor/FacialAnimation/Binaries/Win64/UE4Editor-FacialAnimation.dll (API version 3944462).
LogModuleManager: Display: Found up-to-date module file ../../../Engine/Plugins/Editor/FacialAnimation/Binaries/Win64/UE4Editor-FacialAnimationEditor.dll (API version 3944462).
LogModuleManager: Display: Found up-to-date module file ../../../Engine/Plugins/Editor/GameplayTagsEditor/Binaries/Win64/UE4Editor-GameplayTagsEditor.dll (API version 3944462).
LogModuleManager: Display: Found up-to-date module file ../../../Engine/Plugins/Editor/MobileLauncherProfileWizard/Binaries/Win64/UE4Editor-MobileLauncherProfileWizard.dll (API version 3944462).
LogModuleManager: Display: Found up-to-date module file ../../../Engine/Plugins/Editor/PluginBrowser/Binaries/Win64/UE4Editor-PluginBrowser.dll (API version 3944462).
LogModuleManager: Display: Found up-to-date module file ../../../Engine/Plugins/Editor/SpeedTreeImporter/Binaries/Win64/UE4Editor-SpeedTreeImporter.dll (API version 3944462).
LogModuleManager: Display: Found up-to-date module file ../../../Engine/Plugins/Enterprise/DatasmithContent/Binaries/Win64/UE4Editor-DatasmithContent.dll (API version 3944462).
LogModuleManager: Display: Found up-to-date module file ../../../Engine/Plugins/Experimental/AlembicImporter/Binaries/Win64/UE4Editor-AlembicImporter.dll (API version 3944462).
LogModuleManager: Display: Found up-to-date module file ../../../Engine/Plugins/Experimental/AlembicImporter/Binaries/Win64/UE4Editor-AlembicLibrary.dll (API version 3944462).
LogModuleManager: Display: Found up-to-date module file ../../../Engine/Plugins/Experimental/CharacterAI/Binaries/Win64/UE4Editor-CharacterAI.dll (API version 3944462).
LogModuleManager: Display: Found up-to-date module file ../../../Engine/Plugins/Experimental/HTML5Networking/Binaries/Win64/UE4Editor-HTML5Networking.dll (API version 3944462).
LogModuleManager: Display: Found up-to-date module file ../../../Engine/Plugins/Media/AndroidMedia/Binaries/Win64/UE4Editor-AndroidMediaEditor.dll (API version 3944462).
LogModuleManager: Display: Found up-to-date module file ../../../Engine/Plugins/Media/AndroidMedia/Binaries/Win64/UE4Editor-AndroidMediaFactory.dll (API version 3944462).
LogModuleManager: Display: Found up-to-date module file ../../../Engine/Plugins/Media/AvfMedia/Binaries/Win64/UE4Editor-AvfMediaEditor.dll (API version 3944462).
LogModuleManager: Display: Found up-to-date module file ../../../Engine/Plugins/Media/AvfMedia/Binaries/Win64/UE4Editor-AvfMediaFactory.dll (API version 3944462).
LogModuleManager: Display: Found up-to-date module file ../../../Engine/Plugins/Media/AvfMedia/Binaries/Win64/UE4Editor-AvfMediaFactory.dll (API version 3944462).
LogModuleManager: Display: Found up-to-date module file ../../../Engine/Plugins/Media/ImgMedia/Binaries/Win64/UE4Editor-ImgMedia.dll (API version 3944462).
LogModuleManager: Display: Found up-to-date module file ../../../Engine/Plugins/Media/ImgMedia/Binaries/Win64/UE4Editor-ImgMediaEditor.dll (API version 3944462).
LogModuleManager: Display: Found up-to-date module file ../../../Engine/Plugins/Media/ImgMedia/Binaries/Win64/UE4Editor-ImgMediaFactory.dll (API version 3944462).
LogModuleManager: Display: Found up-to-date module file ../../../Engine/Plugins/Media/ImgMedia/Binaries/Win64/UE4Editor-ImgMediaFactory.dll (API version 3944462).
LogModuleManager: Display: Found up-to-date module file ../../../Engine/Plugins/Media/ImgMedia/Binaries/Win64/UE4Editor-OpenExrWrapper.dll (API version 3944462).
LogModuleManager: Display: Found up-to-date module file ../../../Engine/Plugins/Media/LinearTimecode/Binaries/Win64/UE4Editor-LinearTimecode.dll (API version 3944462).
LogModuleManager: Display: Found up-to-date module file ../../../Engine/Plugins/Media/MediaCompositing/Binaries/Win64/UE4Editor-MediaCompositing.dll (API version 3944462).
LogModuleManager: Display: Found up-to-date module file ../../../Engine/Plugins/Media/MediaCompositing/Binaries/Win64/UE4Editor-MediaCompositingEditor.dll (API version 3944462).
LogModuleManager: Display: Found up-to-date module file ../../../Engine/Plugins/Media/MediaPlayerEditor/Binaries/Win64/UE4Editor-MediaPlayerEditor.dll (API version 3944462).
LogModuleManager: Display: Found up-to-date module file ../../../Engine/Plugins/Media/WmfMedia/Binaries/Win64/UE4Editor-WmfMedia.dll (API version 3944462).
LogModuleManager: Display: Found up-to-date module file ../../../Engine/Plugins/Media/WmfMedia/Binaries/Win64/UE4Editor-WmfMediaEditor.dll (API version 3944462).
LogModuleManager: Display: Found up-to-date module file ../../../Engine/Plugins/Media/WmfMedia/Binaries/Win64/UE4Editor-WmfMediaFactory.dll (API version 3944462).
LogModuleManager: Display: Found up-to-date module file ../../../Engine/Plugins/Media/WmfMedia/Binaries/Win64/UE4Editor-WmfMediaFactory.dll (API version 3944462).
LogModuleManager: Display: Found up-to-date module file ../../../Engine/Plugins/Messaging/TcpMessaging/Binaries/Win64/UE4Editor-TcpMessaging.dll (API version 3944462).
LogModuleManager: Display: Found up-to-date module file ../../../Engine/Plugins/Messaging/UdpMessaging/Binaries/Win64/UE4Editor-UdpMessaging.dll (API version 3944462).
LogModuleManager: Display: Found up-to-date module file ../../../Engine/Plugins/MovieScene/ActorSequence/Binaries/Win64/UE4Editor-ActorSequence.dll (API version 3944462).
LogModuleManager: Display: Found up-to-date module file ../../../Engine/Plugins/MovieScene/LevelSequenceEditor/Binaries/Win64/UE4Editor-LevelSequenceEditor.dll (API version 3944462).
LogModuleManager: Display: Found up-to-date module file ../../../Engine/Plugins/MovieScene/MatineeToLevelSequence/Binaries/Win64/UE4Editor-MatineeToLevelSequence.dll (API version 3944462).
LogModuleManager: Display: Found up-to-date module file ../../../Engine/Plugins/NetcodeUnitTest/NetcodeUnitTest/Binaries/Win64/UE4Editor-NetcodeUnitTest.dll (API version 3944462).
LogModuleManager: Display: Found up-to-date module file ../../../Engine/Plugins/NetcodeUnitTest/NUTUnrealEngine4/Binaries/Win64/UE4Editor-NUTUnrealEngine4.dll (API version 3944462).
LogModuleManager: Display: Found up-to-date module file ../../../Engine/Plugins/Online/OnlineSubsystem/Binaries/Win64/UE4Editor-OnlineSubsystem.dll (API version 3944462).
LogModuleManager: Display: Found up-to-date module file ../../../Engine/Plugins/Runtime/AndroidPermission/Binaries/Win64/UE4Editor-AndroidPermission.dll (API version 3944462).
LogModuleManager: Display: Found up-to-date module file ../../../Engine/Plugins/Online/OnlineSubsystemNull/Binaries/Win64/UE4Editor-OnlineSubsystemNull.dll (API version 3944462).
LogModuleManager: Display: Found up-to-date module file ../../../Engine/Plugins/Online/OnlineSubsystemUtils/Binaries/Win64/UE4Editor-OnlineSubsystemUtils.dll (API version 3944462).
LogModuleManager: Display: Found up-to-date module file ../../../Engine/Plugins/Online/OnlineSubsystemUtils/Binaries/Win64/UE4Editor-OnlineBlueprintSupport.dll (API version 3944462).
LogModuleManager: Display: Found up-to-date module file ../../../Engine/Plugins/Runtime/AndroidDeviceProfileSelector/Binaries/Win64/UE4Editor-AndroidDeviceProfileSelector.dll (API version 3944462).
LogModuleManager: Display: Found up-to-date module file ../../../Engine/Plugins/Runtime/AppleARKit/Binaries/Win64/UE4Editor-AppleARKit.dll (API version 3944462).
LogModuleManager: Display: Found up-to-date module file ../../../Engine/Plugins/Runtime/ProceduralMeshComponent/Binaries/Win64/UE4Editor-ProceduralMeshComponent.dll (API version 3944462).
LogModuleManager: Display: Found up-to-date module file ../../../Engine/Plugins/Runtime/ProceduralMeshComponent/Binaries/Win64/UE4Editor-ProceduralMeshComponentEditor.dll (API version 3944462).
LogModuleManager: Display: Found up-to-date module file ../../../Engine/Plugins/Animation/LiveLink/Binaries/Win64/UE4Editor-LiveLink.dll (API version 3944462).
LogModuleManager: Display: Found up-to-date module file ../../../Engine/Plugins/Animation/LiveLink/Binaries/Win64/UE4Editor-LiveLinkEditor.dll (API version 3944462).
LogModuleManager: Display: Found up-to-date module file ../../../Engine/Plugins/Runtime/ArchVisCharacter/Binaries/Win64/UE4Editor-ArchVisCharacter.dll (API version 3944462).
LogModuleManager: Display: Found up-to-date module file ../../../Engine/Plugins/Runtime/AudioCapture/Binaries/Win64/UE4Editor-AudioCapture.dll (API version 3944462).
LogModuleManager: Display: Found up-to-date module file ../../../Engine/Plugins/Runtime/AudioCapture/Binaries/Win64/UE4Editor-AudioCaptureEditor.dll (API version 3944462).
LogModuleManager: Display: Found up-to-date module file ../../../Engine/Plugins/Runtime/CableComponent/Binaries/Win64/UE4Editor-CableComponent.dll (API version 3944462).
LogModuleManager: Display: Found up-to-date module file ../../../Engine/Plugins/Runtime/CustomMeshComponent/Binaries/Win64/UE4Editor-CustomMeshComponent.dll (API version 3944462).
LogModuleManager: Display: Found up-to-date module file ../../../Engine/Plugins/Runtime/ExampleDeviceProfileSelector/Binaries/Win64/UE4Editor-ExampleDeviceProfileSelector.dll (API version 3944462).
LogModuleManager: Display: Found up-to-date module file ../../../Engine/Plugins/Runtime/ImmediatePhysics/Binaries/Win64/UE4Editor-ImmediatePhysics.dll (API version 3944462).
LogModuleManager: Display: Found up-to-date module file ../../../Engine/Plugins/Runtime/ImmediatePhysics/Binaries/Win64/UE4Editor-ImmediatePhysicsEditor.dll (API version 3944462).
LogModuleManager: Display: Found up-to-date module file ../../../Engine/Plugins/Runtime/LocationServicesBPLibrary/Binaries/Win64/UE4Editor-LocationServicesBPLibrary.dll (API version 3944462).
LogModuleManager: Display: Found up-to-date module file ../../../Engine/Plugins/Runtime/MobilePatchingUtils/Binaries/Win64/UE4Editor-MobilePatchingUtils.dll (API version 3944462).
LogModuleManager: Display: Found up-to-date module file ../../../Engine/Plugins/Runtime/Oculus/OculusVR/Binaries/Win64/UE4Editor-OculusHMD.dll (API version 3944462).
LogModuleManager: Display: Found up-to-date module file ../../../Engine/Plugins/Runtime/Oculus/OculusVR/Binaries/Win64/UE4Editor-OculusInput.dll (API version 3944462).
LogModuleManager: Display: Found up-to-date module file ../../../Engine/Plugins/Runtime/Oculus/OculusVR/Binaries/Win64/UE4Editor-OculusEditor.dll (API version 3944462).
LogModuleManager: Display: Found up-to-date module file ../../../Engine/Plugins/Runtime/PhysXVehicles/Binaries/Win64/UE4Editor-PhysXVehicles.dll (API version 3944462).
LogModuleManager: Display: Found up-to-date module file ../../../Engine/Plugins/Runtime/PhysXVehicles/Binaries/Win64/UE4Editor-PhysXVehiclesEditor.dll (API version 3944462).
LogModuleManager: Display: Found up-to-date module file ../../../Engine/Plugins/Runtime/RuntimePhysXCooking/Binaries/Win64/UE4Editor-RuntimePhysXCooking.dll (API version 3944462).
LogModuleManager: Display: Found up-to-date module file ../../../Engine/Plugins/Runtime/Steam/SteamVR/Binaries/Win64/UE4Editor-SteamVR.dll (API version 3944462).
LogModuleManager: Display: Found up-to-date module file ../../../Engine/Plugins/Runtime/Steam/SteamVR/Binaries/Win64/UE4Editor-SteamVRController.dll (API version 3944462).
LogModuleManager: Display: Found up-to-date module file ../../../Engine/Plugins/Runtime/WindowsMoviePlayer/Binaries/Win64/UE4Editor-WindowsMoviePlayer.dll (API version 3944462).
LogPluginManager: Mounting plugin Paper2D
LogPluginManager: Mounting plugin LiveLink
LogPluginManager: Mounting plugin LightPropagationVolume
LogPluginManager: Mounting plugin CLionSourceCodeAccess
LogPluginManager: Mounting plugin CodeLiteSourceCodeAccess
LogPluginManager: Mounting plugin GitSourceControl
LogPluginManager: Mounting plugin KDevelopSourceCodeAccess
LogPluginManager: Mounting plugin NullSourceCodeAccess
LogPluginManager: Mounting plugin PerforceSourceControl
LogPluginManager: Mounting plugin SubversionSourceControl
LogPluginManager: Mounting plugin UObjectPlugin
LogPluginManager: Mounting plugin VisualStudioCodeSourceCodeAccess
LogPluginManager: Mounting plugin VisualStudioSourceCodeAccess
LogPluginManager: Mounting plugin XCodeSourceCodeAccess
LogPluginManager: Mounting plugin AssetManagerEditor
LogPluginManager: Mounting plugin CryptoKeys
LogPluginManager: Mounting plugin DataValidation
LogPluginManager: Mounting plugin FacialAnimation
LogPluginManager: Mounting plugin GameplayTagsEditor
LogPluginManager: Mounting plugin MobileLauncherProfileWizard
LogPluginManager: Mounting plugin PluginBrowser
LogPluginManager: Mounting plugin SpeedTreeImporter
LogPluginManager: Mounting plugin DatasmithContent
LogPluginManager: Mounting plugin AlembicImporter
LogPluginManager: Mounting plugin CharacterAI
LogPluginManager: Mounting plugin HTML5Networking
LogPluginManager: Mounting plugin AndroidMedia
LogPluginManager: Mounting plugin AvfMedia
LogPluginManager: Mounting plugin ImgMedia
LogPluginManager: Mounting plugin LinearTimecode
LogPluginManager: Mounting plugin MediaCompositing
LogPluginManager: Mounting plugin MediaPlayerEditor
LogPluginManager: Mounting plugin WmfMedia
LogPluginManager: Mounting plugin TcpMessaging
LogPluginManager: Mounting plugin UdpMessaging
LogPluginManager: Mounting plugin ActorSequence
LogPluginManager: Mounting plugin LevelSequenceEditor
LogPluginManager: Mounting plugin MatineeToLevelSequence
LogPluginManager: Mounting plugin NetcodeUnitTest
LogPluginManager: Mounting plugin NUTUnrealEngine4
LogPluginManager: Mounting plugin OnlineSubsystemGooglePlay
LogPluginManager: Mounting plugin OnlineSubsystemIOS
LogPluginManager: Mounting plugin OnlineSubsystem
LogPluginManager: Mounting plugin OnlineSubsystemNull
LogPluginManager: Mounting plugin OnlineSubsystemUtils
LogPluginManager: Mounting plugin AndroidDeviceProfileSelector
LogPluginManager: Mounting plugin AndroidMoviePlayer
LogPluginManager: Mounting plugin AndroidPermission
LogPluginManager: Mounting plugin AppleARKit
LogPluginManager: Mounting plugin AppleMoviePlayer
LogPluginManager: Mounting plugin ArchVisCharacter
LogPluginManager: Mounting plugin AudioCapture
LogPluginManager: Mounting plugin CableComponent
LogPluginManager: Mounting plugin CustomMeshComponent
LogPluginManager: Mounting plugin ExampleDeviceProfileSelector
LogPluginManager: Mounting plugin GoogleCloudMessaging
LogPluginManager: Mounting plugin ImmediatePhysics
LogPluginManager: Mounting plugin IOSDeviceProfileSelector
LogPluginManager: Mounting plugin LinuxDeviceProfileSelector
LogPluginManager: Mounting plugin LocationServicesBPLibrary
LogPluginManager: Mounting plugin MobilePatchingUtils
LogPluginManager: Mounting plugin OculusVR
LogPluginManager: Plugin shader directory ../../../Engine/Plugins/Runtime/Oculus/OculusVR/Shaders found
LogPluginManager: Mapping shader source directory ../../../Engine/Plugins/Runtime/Oculus/OculusVR/Shaders to virtual directory /Plugin/OculusVR
LogPluginManager: Mounting plugin PhysXVehicles
LogPluginManager: Mounting plugin ProceduralMeshComponent
LogPluginManager: Mounting plugin RuntimePhysXCooking
LogPluginManager: Mounting plugin SteamVR
LogPluginManager: Mounting plugin WindowsMoviePlayer
LogStreaming: Display: Took  5.676s to configure plugins.
LogInit: Using libcurl 7.47.1
LogInit:  - built for x86_64-pc-win32
LogInit:  - supports SSL with OpenSSL/1.0.2g
LogInit:  - supports HTTP deflate (compression) using libz 1.2.8
LogInit:  - other features:
LogInit:      CURL_VERSION_SSL
LogInit:      CURL_VERSION_LIBZ
LogInit:      CURL_VERSION_IPV6
LogInit:      CURL_VERSION_ASYNCHDNS
LogInit:      CURL_VERSION_LARGEFILE
LogInit:      CURL_VERSION_IDN
LogInit:  CurlRequestOptions (configurable via config and command line):
LogInit:  - bVerifyPeer = false  - Libcurl will NOT verify peer certificate
LogInit:  - bUseHttpProxy = false  - Libcurl will NOT use HTTP proxy
LogInit:  - bDontReuseConnections = false  - Libcurl will reuse connections
LogInit:  - CertBundlePath = nullptr  - Libcurl will use whatever was configured at build time.
LogInit:  - MaxHostConnections = 16  - Libcurl will limit the number of connections to a host
LogInit:  - LocalHostAddr = Default
LogInit: WinSock: version 1.1 (2.2), MaxSocks=32767, MaxUdp=65467
LogInit: WinSock: I am DESKTOP-KQUM2EF (192.168.1.8:0)
LogInit: Build: ++UE4+Release-4.19-CL-4033788
LogInit: Engine Version: 4.19.2-4033788+++UE4+Release-4.19
LogInit: Compatible Engine Version: 4.19.0-3944462+++UE4+Release-4.19
LogInit: Net CL: 3944462
LogDevObjectVersion: Number of dev versions registered: 18
LogDevObjectVersion:   Dev-Blueprints (B0D832E4-1F89-4F0D-ACCF-7EB736FD4AA2): 10
LogDevObjectVersion:   Dev-Build (E1C64328-A22C-4D53-A36C-8E866417BD8C): 0
LogDevObjectVersion:   Dev-Core (375EC13C-06E4-48FB-B500-84F0262A717E): 2
LogDevObjectVersion:   Dev-Editor (E4B068ED-F494-42E9-A231-DA0B2E46BB41): 23
LogDevObjectVersion:   Dev-Framework (CFFC743F-43B0-4480-9391-14DF171D2073): 33
LogDevObjectVersion:   Dev-Mobile (B02B49B5-BB20-44E9-A304-32B752E40360): 2
LogDevObjectVersion:   Dev-Networking (A4E4105C-59A1-49B5-A7C5-40C4547EDFEE): 0
LogDevObjectVersion:   Dev-Online (39C831C9-5AE6-47DC-9A44-9C173E1C8E7C): 0
LogDevObjectVersion:   Dev-Physics (78F01B33-EBEA-4F98-B9B4-84EACCB95AA2): 0
LogDevObjectVersion:   Dev-Platform (6631380F-2D4D-43E0-8009-CF276956A95A): 0
LogDevObjectVersion:   Dev-Rendering (12F88B9F-8875-4AFC-A67C-D90C383ABD29): 25
LogDevObjectVersion:   Dev-Sequencer (7B5AE74C-D270-4C10-A958-57980B212A5A): 6
LogDevObjectVersion:   Dev-VR (D7296918-1DD6-4BDD-9DE2-64A83CC13884): 1
LogDevObjectVersion:   Dev-LoadTimes (C2A15278-BFE7-4AFE-6C17-90FF531DF755): 1
LogDevObjectVersion:   Private-Geometry (6EACA3D4-40EC-4CC1-B786-8BED09428FC5): 2
LogDevObjectVersion:   Dev-AnimPhys (29E575DD-E0A3-4627-9D10-D276232CDCEA): 16
LogDevObjectVersion:   Dev-ReflectionCapture (6B266CEC-1EC7-4B8F-A30B-E4D90942FC07): 1
LogDevObjectVersion:   Dev-Automation (0DF73D61-A23F-47EA-B727-89E90C41499A): 1
LogInit: Compiled (64-bit): Apr 27 2018 02:06:57
LogInit: Compiled with Visual C++: 19.00.24215.01
LogInit: Build Configuration: Development
LogInit: Branch Name: ++UE4+Release-4.19
LogInit: Command Line:  
LogInit: Base Directory: C:/Program Files/Epic Games/UE_4.19/Engine/Binaries/Win64/
LogInit: Installed Engine Build: 1
LogStreaming: Display: Took  0.009s to delete old logs.
LogInit: Presizing for max 8388607 objects, including 0 objects not considered by GC, pre-allocating 0 bytes for permanent pool.
LogInit: Object subsystem initialized
[2018.08.04-21.20.58:682][  0]LogInit: Selected Device Profile: [Windows]
[2018.08.04-21.20.58:682][  0]LogInit: Applying CVar settings loaded from the selected device profile: [Windows]
[2018.08.04-21.20.58:880][  0]LogInit: Computer: DESKTOP-KQUM2EF
[2018.08.04-21.20.58:880][  0]LogInit: User: Mahir
[2018.08.04-21.20.58:880][  0]LogInit: CPU Page size=4096, Cores=4
[2018.08.04-21.20.58:880][  0]LogInit: High frequency timer resolution =2.742188 MHz
[2018.08.04-21.20.58:880][  0]LogMemory: Memory total: Physical=16.0GB (16GB approx)
[2018.08.04-21.20.58:880][  0]LogMemory: Platform Memory Stats for Windows
[2018.08.04-21.20.58:880][  0]LogMemory: Process Physical Memory: 275.05 MB used, 275.05 MB peak
[2018.08.04-21.20.58:880][  0]LogMemory: Process Virtual Memory: 264.75 MB used, 264.75 MB peak
[2018.08.04-21.20.58:880][  0]LogMemory: Physical Memory: 6720.23 MB used,  9622.14 MB free, 16342.36 MB total
[2018.08.04-21.20.58:881][  0]LogMemory: Virtual Memory: 4794.22 MB used,  9622.14 MB free, 134217728.00 MB total
[2018.08.04-21.20.59:738][  0]LogInit: Using OS detected language (tr-TR).
[2018.08.04-21.20.59:738][  0]LogInit: Using OS detected locale (tr-TR).
[2018.08.04-21.21.00:019][  0]LogTextLocalizationManager: No localization for 'tr-TR' exists, so 'en' will be used for the language.
[2018.08.04-21.21.01:143][  0]LogStreaming: Display: Took  1.391s to EndInitTextLocalization.
[2018.08.04-21.21.01:165][  0]LogInit: Setting process to per monitor DPI aware
[2018.08.04-21.21.01:767][  0]LogSlate: New Slate User Created.  User Index 0, Is Virtual User: 0
[2018.08.04-21.21.01:767][  0]LogSlate: Slate User Registered.  User Index 0, Is Virtual User: 0
[2018.08.04-21.21.06:685][  0]LogD3D11RHI: D3D11 adapters:
[2018.08.04-21.21.06:799][  0]LogD3D11RHI:    0. 'NVIDIA GeForce GTX 1070' (Feature Level 11_0)
[2018.08.04-21.21.06:799][  0]LogD3D11RHI:       8081/0/8171 MB DedicatedVideo/DedicatedSystem/SharedSystem, Outputs:1, VendorId:0x10de
[2018.08.04-21.21.06:803][  0]LogD3D11RHI:    1. 'Microsoft Basic Render Driver' (Feature Level 11_0)
[2018.08.04-21.21.06:803][  0]LogD3D11RHI:       0/0/8171 MB DedicatedVideo/DedicatedSystem/SharedSystem, Outputs:0, VendorId:0x1414
[2018.08.04-21.21.06:803][  0]LogD3D11RHI: Chosen D3D11 Adapter: 0
[2018.08.04-21.21.06:812][  0]LogD3D11RHI: Creating new Direct3DDevice
[2018.08.04-21.21.06:813][  0]LogD3D11RHI:     GPU DeviceId: 0x1be1 (for the marketing name, search the web for "GPU Device Id")
[2018.08.04-21.21.06:813][  0]LogWindows: EnumDisplayDevices:
[2018.08.04-21.21.06:813][  0]LogWindows:    0. 'NVIDIA GeForce GTX 1070' (P:1 D:1)
[2018.08.04-21.21.06:813][  0]LogWindows:    1. 'NVIDIA GeForce GTX 1070' (P:0 D:0)
[2018.08.04-21.21.06:813][  0]LogWindows:    2. 'NVIDIA GeForce GTX 1070' (P:0 D:0)
[2018.08.04-21.21.06:813][  0]LogWindows:    3. 'NVIDIA GeForce GTX 1070' (P:0 D:0)
[2018.08.04-21.21.06:814][  0]LogWindows: DebugString: GetVideoDriverDetailsInvalid PrimaryIsNotTheChoosenAdapter GetVideoDriverDetailsInvalid PrimaryIsNotTheChoosenAdapter GetVideoDriverDetailsInvalid PrimaryIsNotTheChoosenAdapter GetVideoDriverDetailsInvalid PrimaryIsNotTheChoosenAdapter FoundDriverCount:0 
[2018.08.04-21.21.06:814][  0]LogD3D11RHI:     Adapter Name: NVIDIA GeForce GTX 1070
[2018.08.04-21.21.06:814][  0]LogD3D11RHI:   Driver Version: Unknown (internal:Unknown, unified:Unknown)
[2018.08.04-21.21.06:814][  0]LogD3D11RHI:      Driver Date: Unknown
[2018.08.04-21.21.06:814][  0]LogRHI: Texture pool is 5656 MB (70% of 8081 MB)
[2018.08.04-21.21.06:872][  0]LogD3D11RHI: [Aftermath] Aftermath enabled and primed
[2018.08.04-21.21.06:872][  0]LogD3D11RHI: [Aftermath] Aftermath enabled and primed
[2018.08.04-21.21.06:872][  0]LogD3D11RHI: Async texture creation enabled
[2018.08.04-21.21.07:103][  0]LogD3D11RHI: GPU Timing Frequency: 1000.000000 (Debug: 2 2)
[2018.08.04-21.21.07:204][  0]LogShaderCompilers: Guid format shader working directory is -12 characters bigger than the processId version (../../../../../../Users/Mahir/Documents/GitHub/VogsAmIFree/Intermediate/Shaders/WorkingDirectory/8812/).
[2018.08.04-21.21.07:212][  0]LogShaderCompilers: Cleaned the shader compiler working directory 'C:/Users/Mahir/AppData/Local/Temp/UnrealShaderWorkingDir/2CB7E57042BA032F89221EBA80B5980D/'.
[2018.08.04-21.21.08:516][  0]LogTemp: Display: Loaded TP AllDesktopTargetPlatform
[2018.08.04-21.21.08:534][  0]LogTemp: Display: Loaded TP MacClientTargetPlatform
[2018.08.04-21.21.08:552][  0]LogTemp: Display: Loaded TP MacNoEditorTargetPlatform
[2018.08.04-21.21.08:569][  0]LogTemp: Display: Loaded TP MacServerTargetPlatform
[2018.08.04-21.21.08:622][  0]LogTemp: Display: Loaded TP MacTargetPlatform
[2018.08.04-21.21.08:639][  0]LogTemp: Display: Loaded TP WindowsClientTargetPlatform
[2018.08.04-21.21.08:658][  0]LogTemp: Display: Loaded TP WindowsNoEditorTargetPlatform
[2018.08.04-21.21.08:675][  0]LogTemp: Display: Loaded TP WindowsServerTargetPlatform
[2018.08.04-21.21.08:686][  0]LogTemp: Display: Loaded TP WindowsTargetPlatform
[2018.08.04-21.21.08:702][  0]LogTemp: Display: Loaded TP Android_ASTCTargetPlatform
[2018.08.04-21.21.08:718][  0]LogTemp: Display: Loaded TP Android_ATCTargetPlatform
[2018.08.04-21.21.08:736][  0]LogTemp: Display: Loaded TP Android_DXTTargetPlatform
[2018.08.04-21.21.08:752][  0]LogTemp: Display: Loaded TP Android_ETC1aTargetPlatform
[2018.08.04-21.21.08:768][  0]LogTemp: Display: Loaded TP Android_ETC1TargetPlatform
[2018.08.04-21.21.08:786][  0]LogTemp: Display: Loaded TP Android_ETC2TargetPlatform
[2018.08.04-21.21.08:818][  0]LogTemp: Display: Loaded TP Android_MultiTargetPlatform
[2018.08.04-21.21.08:818][  0]LogTemp: Display: Loaded TP Android_PVRTCTargetPlatform
[2018.08.04-21.21.08:887][  0]LogTemp: Display: Loaded TP AndroidTargetPlatform
[2018.08.04-21.21.08:891][  0]LogTemp: Display: Loaded TP HTML5TargetPlatform
[2018.08.04-21.21.09:128][  0]LogTemp: Display: Loaded TP IOSTargetPlatform
[2018.08.04-21.21.09:145][  0]LogTemp: Display: Loaded TP TVOSTargetPlatform
[2018.08.04-21.21.09:161][  0]LogTemp: Display: Loaded TP LinuxClientTargetPlatform
[2018.08.04-21.21.09:178][  0]LogTemp: Display: Loaded TP LinuxNoEditorTargetPlatform
[2018.08.04-21.21.09:193][  0]LogTemp: Display: Loaded TP LinuxServerTargetPlatform
[2018.08.04-21.21.09:347][  0]LogTemp: Display: Loaded TP LinuxTargetPlatform
[2018.08.04-21.21.09:347][  0]LogTargetPlatformManager: Display: Building Assets For Windows
[2018.08.04-21.21.10:825][  0]LogXGEController: Cleaning working directory: C:/Users/Mahir/AppData/Local/Temp/UnrealXGEWorkingDir/
[2018.08.04-21.21.10:826][  0]LogXGEController: Cannot use XGE Controller as Incredibuild is not installed on this machine.
[2018.08.04-21.21.10:838][  0]LogShaderCompilers: Cannot use XGE Shader Compiler as Incredibuild is not installed on this machine.
[2018.08.04-21.21.10:838][  0]LogShaderCompilers: Display: Using Local Shader Compiler.
[2018.08.04-21.21.16:518][  0]LogDerivedDataCache: Display: Max Cache Size: 512 MB
[2018.08.04-21.21.17:374][  0]LogDerivedDataCache: Loaded boot cache 0.86s 74MB C:/Users/Mahir/AppData/Local/UnrealEngine/4.19/DerivedDataCache/Boot.ddc.
[2018.08.04-21.21.17:374][  0]LogDerivedDataCache: Display: Loaded Boot cache: C:/Users/Mahir/AppData/Local/UnrealEngine/4.19/DerivedDataCache/Boot.ddc
[2018.08.04-21.21.17:375][  0]LogDerivedDataCache: FDerivedDataBackendGraph:  Pak pak cache file ../../../../../../Users/Mahir/Documents/GitHub/VogsAmIFree/DerivedDataCache/DDC.ddp not found, will not use a pak cache.
[2018.08.04-21.21.17:375][  0]LogDerivedDataCache: Unable to find inner node Pak for hierarchical cache Hierarchy.
[2018.08.04-21.21.17:375][  0]LogDerivedDataCache: FDerivedDataBackendGraph:  CompressedPak pak cache file ../../../../../../Users/Mahir/Documents/GitHub/VogsAmIFree/DerivedDataCache/Compressed.ddp not found, will not use a pak cache.
[2018.08.04-21.21.17:375][  0]LogDerivedDataCache: Unable to find inner node CompressedPak for hierarchical cache Hierarchy.
[2018.08.04-21.21.17:449][  0]LogDerivedDataCache: Display: Pak cache opened for reading ../../../Engine/DerivedDataCache/Compressed.ddp.
[2018.08.04-21.21.17:496][  0]LogDerivedDataCache: Using Local data cache path C:/Users/Mahir/AppData/Local/UnrealEngine/Common/DerivedDataCache: Writable
[2018.08.04-21.21.17:496][  0]LogDerivedDataCache: Shared data cache path not found in *engine.ini, will not use an Shared cache.
[2018.08.04-21.21.17:496][  0]LogDerivedDataCache: Unable to find inner node Shared for hierarchical cache Hierarchy.
[2018.08.04-21.21.17:523][  0]LogMaterial: Verifying Global Shaders for PCD3D_SM5
[2018.08.04-21.21.17:578][  0]LogSlate: Using Freetype 2.6.0
[2018.08.04-21.21.17:669][  0]LogSlate: SlateFontCache - WITH_FREETYPE: 1, WITH_HARFBUZZ: 1
[2018.08.04-21.21.17:669][  0]LogSlate: SlateFontCache - WITH_FREETYPE: 1, WITH_HARFBUZZ: 1
[2018.08.04-21.21.26:939][  0]LogAssetRegistry: FAssetRegistry took 0.0665 seconds to start up
[2018.08.04-21.21.31:434][  0]LogInit: Selected Device Profile: [Windows]
[2018.08.04-21.21.33:342][  0]LogSimplygon: Simplygon DLL not present - disabling.
[2018.08.04-21.21.33:370][  0]LogMeshReduction: Using SimplygonSwarm for distributed automatic mesh merging
[2018.08.04-21.21.33:370][  0]LogMeshReduction: Using QuadricMeshReduction for automatic static mesh reduction
[2018.08.04-21.21.33:370][  0]LogMeshReduction: No automatic skeletal mesh reduction module available
[2018.08.04-21.21.33:370][  0]LogMeshReduction: No automatic mesh merging module available
[2018.08.04-21.21.33:370][  0]LogMeshMerging: No automatic mesh merging module available
[2018.08.04-21.21.33:748][  0]LogNetVersion: Am_i_Free , NetCL: 3944462, EngineNetVer: 2, GameNetVer: 0 (Checksum: 3243282978)
[2018.08.04-21.21.39:345][  0]LogPackageLocalizationCache: Processed 9 localized package path(s) for 1 prioritized culture(s) in 0.187756 seconds
[2018.08.04-21.21.39:362][  0]LogUObjectArray: 36728 objects as part of root set at end of initial load.
[2018.08.04-21.21.39:362][  0]LogUObjectAllocator: 7314304 out of 0 bytes used by permanent object pool.
[2018.08.04-21.21.39:362][  0]LogUObjectArray: CloseDisregardForGC: 0/0 objects in disregard for GC pool
[2018.08.04-21.22.09:946][  0]LogTcpMessaging: Initializing TcpMessaging bridge
[2018.08.04-21.22.10:021][  0]LogUdpMessaging: Initializing bridge on interface 0.0.0.0:0 to multicast group 230.0.0.1:6666.
[2018.08.04-21.22.11:419][  0]SourceControl: Source control is disabled
[2018.08.04-21.22.11:420][  0]SourceControl: Source control is disabled
[2018.08.04-21.22.11:521][  0]SourceControl: Source control is disabled
[2018.08.04-21.22.11:568][  0]SourceControl: Source control is disabled
[2018.08.04-21.22.13:547][  0]LogAndroidPermission: UAndroidPermissionCallbackProxy::GetInstance
[2018.08.04-21.22.14:136][  0]LogOcInput: OculusInput pre-init called
[2018.08.04-21.22.15:039][  0]LogEngine: Initializing Engine...
[2018.08.04-21.22.15:082][  0]LogHMD: Failed to initialize OpenVR with code 110
[2018.08.04-21.22.15:123][  0]LogStats: UGameplayTagsManager::ConstructGameplayTagTree: Construct from data asset -  0.000 s
[2018.08.04-21.22.15:124][  0]LogStats: UGameplayTagsManager::ConstructGameplayTagTree: GameplayTagTreeChangedEvent.Broadcast -  0.000 s
[2018.08.04-21.22.17:233][  0]LogAIModule: Creating AISystem for world Untitled
[2018.08.04-21.22.17:527][  0]LogInit: XAudio2 using 'Speakers (Realtek High Definition Audio)' : 2 channels at 48 kHz using 32 bits per sample (channel mask 0x3)
[2018.08.04-21.22.18:016][  0]LogInit: FAudioDevice initialized.
[2018.08.04-21.22.18:341][  0]LogDerivedDataCache: Saved boot cache 0.30s 74MB C:/Users/Mahir/AppData/Local/UnrealEngine/4.19/DerivedDataCache/Boot.ddc.
[2018.08.04-21.22.18:359][  0]LogInit: Texture streaming: Enabled
[2018.08.04-21.22.18:490][  0]LogEngineSessionManager: EngineSessionManager initialized
[2018.08.04-21.22.18:725][  0]LogInit: Transaction tracking system initialized
[2018.08.04-21.22.19:045][  0]BlueprintLog: New page: Editor Load
[2018.08.04-21.22.20:269][  0]LocalizationService: Localization service is disabled
[2018.08.04-21.22.20:831][  0]LogLinker: Warning: Can't find file '/Game/FirstPersonBP/FirstPersonOverview'
[2018.08.04-21.22.20:855][  0]LogLinker: Warning: Can't find file '/Game/FirstPersonBP/FirstPersonOverview'
[2018.08.04-21.22.20:855][  0]LogUObjectGlobals: Warning: Failed to find object 'Class /Game/FirstPersonBP/FirstPersonOverview.FirstPersonOverview_C'
[2018.08.04-21.22.21:651][  0]LogConsoleResponse: Display: 
[2018.08.04-21.22.26:716][  0]LogFileCache: Scanning file cache for directory 'C:/Users/Mahir/Documents/GitHub/VogsAmIFree/Content/' took 0.03s
[2018.08.04-21.22.26:716][  0]LogCook: Display: Max memory allowance for cook 16384mb min free memory 0mb
[2018.08.04-21.22.26:716][  0]LogCook: Display: Mobile HDR setting 1
[2018.08.04-21.22.26:716][  0]LogGameplayTags: Display: UGameplayTagsManager::DoneAddingNativeTags. DelegateIsBound: 0
[2018.08.04-21.22.26:716][  0]LogStats: UGameplayTagsManager::ConstructGameplayTagTree: Construct from data asset -  0.000 s
[2018.08.04-21.22.26:716][  0]LogStats: UGameplayTagsManager::ConstructGameplayTagTree: GameplayTagTreeChangedEvent.Broadcast -  0.000 s
[2018.08.04-21.22.29:293][  0]SourceControl: Source control is disabled
[2018.08.04-21.22.29:310][  0]Cmd: MAP LOAD FILE="../../../../../../Users/Mahir/Documents/GitHub/VogsAmIFree/Content/map/Maps/Tech_demo.umap" TEMPLATE=0 SHOWPROGRESS=1 FEATURELEVEL=3
[2018.08.04-21.22.29:326][  0]LightingResults: New page: Lighting Build
[2018.08.04-21.22.29:639][  0]MapCheck: New page: Map Check
[2018.08.04-21.22.29:639][  0]LightingResults: New page: Lighting Build
[2018.08.04-21.22.36:493][  0]LogUObjectGlobals: Created PersistentFrame Addr=0x0000012f5f360ce0, Size=16, Default__Tech_demo_C Function /Game/map/Maps/Tech_demo.Tech_demo_C:ExecuteUbergraph_Tech_demo
[2018.08.04-21.22.36:509][  0]LogUObjectGlobals: Destroyed PersistentFrame Addr=0x0000012f5f360ce0, Size=16
[2018.08.04-21.22.36:509][  0]LogUObjectGlobals: Created PersistentFrame Addr=0x0000012f5f360ce0, Size=16, Default__Tech_demo_C Function /Engine/Transient.REINST_Tech_demo_C_2:ExecuteUbergraph_Tech_demo
[2018.08.04-21.22.36:528][  0]LogUObjectGlobals: Created PersistentFrame Addr=0x0000012f5f360ba0, Size=16, Default__Tech_demo_C Function /Game/map/Maps/Tech_demo.Tech_demo_C:ExecuteUbergraph_Tech_demo
[2018.08.04-21.22.51:434][  0]LogAIModule: Creating AISystem for world Tech_demo
[2018.08.04-21.22.51:753][  0]LogEditorServer: Finished looking for orphan Actors (0.000 secs)
[2018.08.04-21.22.51:882][  0]LogUObjectGlobals: Destroyed PersistentFrame Addr=0x0000012f5f360ce0, Size=16
[2018.08.04-21.22.51:912][  0]Cmd: MAP CHECKDEP NOCLEARLOG
[2018.08.04-21.22.52:242][  0]MapCheck: Map check complete: 0 Error(s), 0 Warning(s), took 330,179ms to complete.
[2018.08.04-21.22.52:242][  0]LogFileHelpers: Loading map 'Tech_demo' took 22.937
[2018.08.04-21.22.53:124][  0]LogCollectionManager: Loaded 0 collections in 0.003721 seconds
[2018.08.04-21.22.53:249][  0]LogFileCache: Scanning file cache for directory 'C:/Users/Mahir/Documents/GitHub/VogsAmIFree/Saved/Collections/' took 0.01s
[2018.08.04-21.22.53:250][  0]LogFileCache: Scanning file cache for directory 'C:/Users/Mahir/Documents/GitHub/VogsAmIFree/Content/Developers/Mahir/Collections/' took 0.01s
[2018.08.04-21.22.53:250][  0]LogFileCache: Scanning file cache for directory 'C:/Users/Mahir/Documents/GitHub/VogsAmIFree/Content/Collections/' took 0.01s
[2018.08.04-21.22.53:250][  0]LogCollectionManager: Rebuilt the GUID cache for 0 collections in 0.000001 seconds
[2018.08.04-21.22.53:262][  0]LogContentBrowser: Native class hierarchy populated in 0.0103 seconds. Added 2452 classes and 558 folders.
[2018.08.04-21.22.53:309][  0]LogContentBrowser: Native class hierarchy updated for 'WidgetCarousel' in 0.0003 seconds. Added 0 classes and 0 folders.
[2018.08.04-21.22.55:166][  0]LogContentBrowser: Native class hierarchy updated for 'AddContentDialog' in 0.0002 seconds. Added 0 classes and 0 folders.
[2018.08.04-21.22.55:877][  0]LogContentBrowser: Native class hierarchy updated for 'SceneOutliner' in 0.0003 seconds. Added 1 classes and 2 folders.
[2018.08.04-21.22.56:950][  0]LogSlate: Took 0.024804 seconds to synchronously load lazily loaded font '../../../Engine/Content/Slate/Fonts/Roboto-Regular.ttf' (155K)
[2018.08.04-21.22.56:964][  0]LogSlate: Took 0.006777 seconds to synchronously load lazily loaded font '../../../Engine/Content/Slate/Fonts/Roboto-Bold.ttf' (160K)
[2018.08.04-21.22.56:990][  0]LogSlate: Took 0.024163 seconds to synchronously load lazily loaded font '../../../Engine/Content/Editor/Slate/Fonts/FontAwesome.ttf' (139K)
[2018.08.04-21.22.57:775][  0]LogRenderer: Reallocating scene render targets to support 832x964 Format 10 NumSamples 1 (Frame:1).
[2018.08.04-21.22.58:737][  0]LogContentBrowser: Native class hierarchy updated for 'HierarchicalLODOutliner' in 0.0002 seconds. Added 0 classes and 0 folders.
[2018.08.04-21.22.58:738][  0]LogLoad: (Engine Initialization) Total time: 146.10 seconds
[2018.08.04-21.22.58:738][  0]LogLoad: (Engine Initialization) Total Blueprint compile time: 0.00 seconds
[2018.08.04-21.22.59:442][  0]LogContentStreaming: Texture pool size now 1000 MB
[2018.08.04-21.22.59:775][  0]LogSlate: Took 0.034928 seconds to synchronously load lazily loaded font '../../../Engine/Content/Slate/Fonts/Roboto-Light.ttf' (167K)
[2018.08.04-21.23.00:214][  2]LogAssetRegistry: Asset discovery search completed in 93.3200 seconds
[2018.08.04-21.23.00:223][  2]LogCollectionManager: Rebuilt the object cache for 0 collections in 0.000001 seconds (found 0 objects)
[2018.08.04-21.23.00:223][  2]LogCollectionManager: Fixed up redirectors for 0 collections in 0.000993 seconds (updated 0 objects)
[2018.08.04-21.25.27:207][443]LogSlate: FSceneViewport::OnFocusLost() reason 0
[2018.08.04-21.25.27:281][446]LogTemp: Repeating last play command: New Editor Window (PIE)
[2018.08.04-21.25.27:309][446]LogBlueprintUserMessages: Early PlayInEditor Detection: Level '/Game/map/Maps/Tech_demo.Tech_demo:PersistentLevel' has LevelScriptBlueprint '/Game/map/Maps/Tech_demo.Tech_demo:PersistentLevel.Tech_demo' with GeneratedClass '/Game/map/Maps/Tech_demo.Tech_demo_C' with ClassGeneratedBy '/Game/map/Maps/Tech_demo.Tech_demo:PersistentLevel.Tech_demo'
[2018.08.04-21.25.27:319][446]LogPlayLevel: PlayLevel: No blueprints needed recompiling
[2018.08.04-21.25.27:391][446]PIE: New page: PIE session: Tech_demo (5 Ağu 2018 03:25:27)
[2018.08.04-21.25.27:391][446]LogPlayLevel: Creating play world package: /Game/map/Maps/UEDPIE_0_Tech_demo
[2018.08.04-21.25.27:421][446]LogPlayLevel: PIE: StaticDuplicateObject took: (0.029780s)
[2018.08.04-21.25.27:422][446]LogAIModule: Creating AISystem for world Tech_demo
[2018.08.04-21.25.27:424][446]LogPlayLevel: PIE: World Init took: (0.002068s)
[2018.08.04-21.25.27:424][446]LogPlayLevel: PIE: Created PIE world by copying editor world from /Game/map/Maps/Tech_demo.Tech_demo to /Game/map/Maps/UEDPIE_0_Tech_demo.Tech_demo (0.032060s)
[2018.08.04-21.25.27:445][446]LogInit: XAudio2 using 'Speakers (Realtek High Definition Audio)' : 2 channels at 48 kHz using 32 bits per sample (channel mask 0x3)
[2018.08.04-21.25.27:545][446]LogInit: FAudioDevice initialized.
[2018.08.04-21.25.28:054][446]LogUObjectGlobals: Created PersistentFrame Addr=0x0000012f520c6e00, Size=64, Default__ThirdPerson_AnimBP_C Function /Game/Mannequin/Animations/ThirdPerson_AnimBP.ThirdPerson_AnimBP_C:ExecuteUbergraph_ThirdPerson_AnimBP
[2018.08.04-21.25.28:122][446]LogUObjectGlobals: Destroyed PersistentFrame Addr=0x0000012f520c6e00, Size=64
[2018.08.04-21.25.28:122][446]LogUObjectGlobals: Created PersistentFrame Addr=0x0000012f520c7000, Size=64, Default__ThirdPerson_AnimBP_C Function /Engine/Transient.REINST_ThirdPerson_AnimBP_C_0:ExecuteUbergraph_ThirdPerson_AnimBP
[2018.08.04-21.25.28:152][446]LogUObjectGlobals: Created PersistentFrame Addr=0x0000012f51feee30, Size=72, Default__ThirdPerson_AnimBP_C Function /Game/Mannequin/Animations/ThirdPerson_AnimBP.ThirdPerson_AnimBP_C:ExecuteUbergraph_ThirdPerson_AnimBP
[2018.08.04-21.25.28:884][446]LogUObjectGlobals: Created PersistentFrame Addr=0x0000012f5212fb80, Size=192, Default__ThirdPersonCharacter_C Function /Game/ThirdPersonBP/Blueprints/ThirdPersonCharacter.ThirdPersonCharacter_C:ExecuteUbergraph_ThirdPersonCharacter
[2018.08.04-21.25.28:898][446]LogUObjectGlobals: Destroyed PersistentFrame Addr=0x0000012f5212fb80, Size=192
[2018.08.04-21.25.28:898][446]LogUObjectGlobals: Created PersistentFrame Addr=0x0000012f5212fb80, Size=192, Default__ThirdPersonCharacter_C Function /Engine/Transient.REINST_ThirdPersonCharacter_C_7:ExecuteUbergraph_ThirdPersonCharacter
[2018.08.04-21.25.28:932][446]LogUObjectGlobals: Created PersistentFrame Addr=0x0000012f51ccf1c0, Size=192, Default__ThirdPersonCharacter_C Function /Game/ThirdPersonBP/Blueprints/ThirdPersonCharacter.ThirdPersonCharacter_C:ExecuteUbergraph_ThirdPersonCharacter
[2018.08.04-21.25.28:959][446]LogUObjectGlobals: Created PersistentFrame Addr=0x0000012f520028e0, Size=16, Default__ThirdPersonGameMode_C Function /Game/ThirdPersonBP/Blueprints/ThirdPersonGameMode.ThirdPersonGameMode_C:ExecuteUbergraph_ThirdPersonGameMode
[2018.08.04-21.25.28:960][446]LogUObjectGlobals: Destroyed PersistentFrame Addr=0x0000012f520028e0, Size=16
[2018.08.04-21.25.28:960][446]LogUObjectGlobals: Created PersistentFrame Addr=0x0000012f520028e0, Size=16, Default__ThirdPersonGameMode_C Function /Engine/Transient.REINST_ThirdPersonGameMode_C_9:ExecuteUbergraph_ThirdPersonGameMode
[2018.08.04-21.25.28:961][446]LogUObjectGlobals: Created PersistentFrame Addr=0x0000012f520028a0, Size=16, Default__ThirdPersonGameMode_C Function /Game/ThirdPersonBP/Blueprints/ThirdPersonGameMode.ThirdPersonGameMode_C:ExecuteUbergraph_ThirdPersonGameMode
[2018.08.04-21.25.29:422][446]LogSkeletalMesh: Skeletal Mesh found in DDC [33.506454ms] /Game/Mannequin/Character/Mesh/SK_Mannequin.SK_Mannequin
[2018.08.04-21.25.29:573][446]LogLoad: Game class is 'ThirdPersonGameMode_C'
[2018.08.04-21.25.29:614][446]LogWorld: Bringing World /Game/map/Maps/UEDPIE_0_Tech_demo.Tech_demo up for play (max tick rate 60) at 2018.08.05-00.25.29
[2018.08.04-21.25.29:622][446]LogWorld: Bringing up level for play took: 0.018131
[2018.08.04-21.25.29:688][446]LogContentBrowser: Native class hierarchy updated for 'MovieSceneCapture' in 0.0003 seconds. Added 11 classes and 0 folders.
[2018.08.04-21.25.29:853][446]PIE: Play in editor start time for /Game/map/Maps/UEDPIE_0_Tech_demo 1,625
[2018.08.04-21.25.29:855][446]LogBlueprintUserMessages: Late PlayInEditor Detection: Level '/Game/map/Maps/Tech_demo.Tech_demo:PersistentLevel' has LevelScriptBlueprint '/Game/map/Maps/Tech_demo.Tech_demo:PersistentLevel.Tech_demo' with GeneratedClass '/Game/map/Maps/Tech_demo.Tech_demo_C' with ClassGeneratedBy '/Game/map/Maps/Tech_demo.Tech_demo:PersistentLevel.Tech_demo'
[2018.08.04-21.25.29:911][446]LogRenderer: Reallocating scene render targets to support 1292x964 Format 10 NumSamples 1 (Frame:1).
[2018.08.04-21.25.55:474][939]LogRenderer: Reallocating scene render targets to support 1860x1056 Format 10 NumSamples 1 (Frame:1495).
[2018.08.04-21.26.28:379][905]LogUObjectGlobals: Destroyed PersistentFrame Addr=0x0000012f520c7000, Size=64
[2018.08.04-21.26.28:379][905]LogUObjectGlobals: Destroyed PersistentFrame Addr=0x0000012f5212fb80, Size=192
[2018.08.04-21.26.28:379][905]LogUObjectGlobals: Destroyed PersistentFrame Addr=0x0000012f520028e0, Size=16
[2018.08.04-21.28.42:849][967]LogSlate: FSceneViewport::OnFocusLost() reason 0
[2018.08.04-21.30.14:035][363]LogSlate: Window 'Am_i_Free Game Preview Standalone (64-bit/PCD3D_SM5)' being destroyed
[2018.08.04-21.30.14:054][363]LogBlueprintUserMessages: Early EndPlayMap Detection: Level '/Game/map/Maps/Tech_demo.Tech_demo:PersistentLevel' has LevelScriptBlueprint '/Game/map/Maps/Tech_demo.Tech_demo:PersistentLevel.Tech_demo' with GeneratedClass '/Game/map/Maps/Tech_demo.Tech_demo_C' with ClassGeneratedBy '/Game/map/Maps/Tech_demo.Tech_demo:PersistentLevel.Tech_demo'
[2018.08.04-21.30.14:101][363]LogBlueprintUserMessages: Late EndPlayMap Detection: Level '/Game/map/Maps/Tech_demo.Tech_demo:PersistentLevel' has LevelScriptBlueprint '/Game/map/Maps/Tech_demo.Tech_demo:PersistentLevel.Tech_demo' with GeneratedClass '/Game/map/Maps/Tech_demo.Tech_demo_C' with ClassGeneratedBy '/Game/map/Maps/Tech_demo.Tech_demo:PersistentLevel.Tech_demo'
[2018.08.04-21.30.16:451][409]LogSlate: FSceneViewport::OnFocusLost() reason 2
[2018.08.04-21.30.22:971][797]LogSlate: FSceneViewport::OnFocusLost() reason 0
[2018.08.04-21.32.05:810][513]LogSlate: FSceneViewport::OnFocusLost() reason 2
[2018.08.04-21.32.22:540][514]LogSlate: FSceneViewport::OnFocusLost() reason 0
[2018.08.04-21.32.22:714][517]LogUObjectGlobals: Created PersistentFrame Addr=0x0000012f7ef22200, Size=272, Default__door_C Function /Game/My_Bp/door.door_C:ExecuteUbergraph_door
[2018.08.04-21.32.22:726][517]LogUObjectGlobals: Destroyed PersistentFrame Addr=0x0000012f7ef22200, Size=272
[2018.08.04-21.32.22:726][517]LogUObjectGlobals: Created PersistentFrame Addr=0x0000012f7ef22200, Size=272, Default__door_C Function /Engine/Transient.REINST_door_C_11:ExecuteUbergraph_door
[2018.08.04-21.32.22:734][517]LogUObjectGlobals: Created PersistentFrame Addr=0x0000012f6fe29440, Size=272, Default__door_C Function /Game/My_Bp/door.door_C:ExecuteUbergraph_door
[2018.08.04-21.32.29:696][879]LogSlate: FSceneViewport::OnFocusLost() reason 0
[2018.08.04-21.32.36:654][292]LogSlate: FSceneViewport::OnFocusLost() reason 0
[2018.08.04-21.32.36:737][297]LogTemp: Repeating last play command: New Editor Window (PIE)
[2018.08.04-21.32.36:758][297]LogBlueprintUserMessages: Early PlayInEditor Detection: Level '/Game/map/Maps/Tech_demo.Tech_demo:PersistentLevel' has LevelScriptBlueprint '/Game/map/Maps/Tech_demo.Tech_demo:PersistentLevel.Tech_demo' with GeneratedClass '/Game/map/Maps/Tech_demo.Tech_demo_C' with ClassGeneratedBy '/Game/map/Maps/Tech_demo.Tech_demo:PersistentLevel.Tech_demo'
[2018.08.04-21.32.36:758][297]LogPlayLevel: PlayLevel: No blueprints needed recompiling
[2018.08.04-21.32.36:759][297]PIE: New page: PIE session: Tech_demo (5 Ağu 2018 03:32:36)
[2018.08.04-21.32.36:759][297]LogPlayLevel: Creating play world package: /Game/map/Maps/UEDPIE_0_Tech_demo
[2018.08.04-21.32.36:767][297]LogPlayLevel: PIE: StaticDuplicateObject took: (0.008111s)
[2018.08.04-21.32.36:768][297]LogAIModule: Creating AISystem for world Tech_demo
[2018.08.04-21.32.36:768][297]LogPlayLevel: PIE: World Init took: (0.001279s)
[2018.08.04-21.32.36:768][297]LogPlayLevel: PIE: Created PIE world by copying editor world from /Game/map/Maps/Tech_demo.Tech_demo to /Game/map/Maps/UEDPIE_0_Tech_demo.Tech_demo (0.009548s)
[2018.08.04-21.32.36:781][297]LogUObjectGlobals: Destroyed PersistentFrame Addr=0x0000012f7ef22200, Size=272
[2018.08.04-21.32.36:788][297]LogInit: XAudio2 using 'Speakers (Realtek High Definition Audio)' : 2 channels at 48 kHz using 32 bits per sample (channel mask 0x3)
[2018.08.04-21.32.36:889][297]LogInit: FAudioDevice initialized.
[2018.08.04-21.32.36:944][297]LogLoad: Game class is 'ThirdPersonGameMode_C'
[2018.08.04-21.32.36:950][297]LogWorld: Bringing World /Game/map/Maps/UEDPIE_0_Tech_demo.Tech_demo up for play (max tick rate 60) at 2018.08.05-00.32.36
[2018.08.04-21.32.36:962][297]LogWorld: Bringing up level for play took: 0.017063
[2018.08.04-21.32.36:971][297]PIE: Play in editor start time for /Game/map/Maps/UEDPIE_0_Tech_demo 0,743
[2018.08.04-21.32.36:973][297]LogBlueprintUserMessages: Late PlayInEditor Detection: Level '/Game/map/Maps/Tech_demo.Tech_demo:PersistentLevel' has LevelScriptBlueprint '/Game/map/Maps/Tech_demo.Tech_demo:PersistentLevel.Tech_demo' with GeneratedClass '/Game/map/Maps/Tech_demo.Tech_demo_C' with ClassGeneratedBy '/Game/map/Maps/Tech_demo.Tech_demo:PersistentLevel.Tech_demo'
[2018.08.04-21.32.41:563][568]LogBlueprintUserMessages: Early EndPlayMap Detection: Level '/Game/map/Maps/Tech_demo.Tech_demo:PersistentLevel' has LevelScriptBlueprint '/Game/map/Maps/Tech_demo.Tech_demo:PersistentLevel.Tech_demo' with GeneratedClass '/Game/map/Maps/Tech_demo.Tech_demo_C' with ClassGeneratedBy '/Game/map/Maps/Tech_demo.Tech_demo:PersistentLevel.Tech_demo'
[2018.08.04-21.32.41:584][568]LogSlate: Window 'Am_i_Free Game Preview Standalone (64-bit/PCD3D_SM5)' being destroyed
[2018.08.04-21.32.41:625][568]LogBlueprintUserMessages: Late EndPlayMap Detection: Level '/Game/map/Maps/Tech_demo.Tech_demo:PersistentLevel' has LevelScriptBlueprint '/Game/map/Maps/Tech_demo.Tech_demo:PersistentLevel.Tech_demo' with GeneratedClass '/Game/map/Maps/Tech_demo.Tech_demo_C' with ClassGeneratedBy '/Game/map/Maps/Tech_demo.Tech_demo:PersistentLevel.Tech_demo'
[2018.08.04-21.32.43:141][654]LogEditorViewport: Clicking on Actor (LMB): door_C (door)
[2018.08.04-21.32.51:286][131]LogSlate: FSceneViewport::OnFocusLost() reason 0
[2018.08.04-21.32.51:752][159]LogTemp: Repeating last play command: New Editor Window (PIE)
[2018.08.04-21.32.51:770][159]LogBlueprintUserMessages: Early PlayInEditor Detection: Level '/Game/map/Maps/Tech_demo.Tech_demo:PersistentLevel' has LevelScriptBlueprint '/Game/map/Maps/Tech_demo.Tech_demo:PersistentLevel.Tech_demo' with GeneratedClass '/Game/map/Maps/Tech_demo.Tech_demo_C' with ClassGeneratedBy '/Game/map/Maps/Tech_demo.Tech_demo:PersistentLevel.Tech_demo'
[2018.08.04-21.32.51:771][159]LogPlayLevel: PlayLevel: No blueprints needed recompiling
[2018.08.04-21.32.51:771][159]PIE: New page: PIE session: Tech_demo (5 Ağu 2018 03:32:51)
[2018.08.04-21.32.51:771][159]LogPlayLevel: Creating play world package: /Game/map/Maps/UEDPIE_0_Tech_demo
[2018.08.04-21.32.51:781][159]LogPlayLevel: PIE: StaticDuplicateObject took: (0.009813s)
[2018.08.04-21.32.51:782][159]LogAIModule: Creating AISystem for world Tech_demo
[2018.08.04-21.32.51:782][159]LogPlayLevel: PIE: World Init took: (0.000930s)
[2018.08.04-21.32.51:782][159]LogPlayLevel: PIE: Created PIE world by copying editor world from /Game/map/Maps/Tech_demo.Tech_demo to /Game/map/Maps/UEDPIE_0_Tech_demo.Tech_demo (0.010935s)
[2018.08.04-21.32.51:802][159]LogInit: XAudio2 using 'Speakers (Realtek High Definition Audio)' : 2 channels at 48 kHz using 32 bits per sample (channel mask 0x3)
[2018.08.04-21.32.51:907][159]LogInit: FAudioDevice initialized.
[2018.08.04-21.32.51:959][159]LogLoad: Game class is 'ThirdPersonGameMode_C'
[2018.08.04-21.32.51:966][159]LogWorld: Bringing World /Game/map/Maps/UEDPIE_0_Tech_demo.Tech_demo up for play (max tick rate 60) at 2018.08.05-00.32.51
[2018.08.04-21.32.51:966][159]LogWorld: Bringing up level for play took: 0.006398
[2018.08.04-21.32.51:976][159]PIE: Play in editor start time for /Game/map/Maps/UEDPIE_0_Tech_demo -0,252
[2018.08.04-21.32.51:977][159]LogBlueprintUserMessages: Late PlayInEditor Detection: Level '/Game/map/Maps/Tech_demo.Tech_demo:PersistentLevel' has LevelScriptBlueprint '/Game/map/Maps/Tech_demo.Tech_demo:PersistentLevel.Tech_demo' with GeneratedClass '/Game/map/Maps/Tech_demo.Tech_demo_C' with ClassGeneratedBy '/Game/map/Maps/Tech_demo.Tech_demo:PersistentLevel.Tech_demo'
[2018.08.04-21.33.00:439][663]LogBlueprintUserMessages: Early EndPlayMap Detection: Level '/Game/map/Maps/Tech_demo.Tech_demo:PersistentLevel' has LevelScriptBlueprint '/Game/map/Maps/Tech_demo.Tech_demo:PersistentLevel.Tech_demo' with GeneratedClass '/Game/map/Maps/Tech_demo.Tech_demo_C' with ClassGeneratedBy '/Game/map/Maps/Tech_demo.Tech_demo:PersistentLevel.Tech_demo'
[2018.08.04-21.33.00:458][663]LogSlate: Window 'Am_i_Free Game Preview Standalone (64-bit/PCD3D_SM5)' being destroyed
[2018.08.04-21.33.00:493][663]LogBlueprintUserMessages: Late EndPlayMap Detection: Level '/Game/map/Maps/Tech_demo.Tech_demo:PersistentLevel' has LevelScriptBlueprint '/Game/map/Maps/Tech_demo.Tech_demo:PersistentLevel.Tech_demo' with GeneratedClass '/Game/map/Maps/Tech_demo.Tech_demo_C' with ClassGeneratedBy '/Game/map/Maps/Tech_demo.Tech_demo:PersistentLevel.Tech_demo'
[2018.08.04-21.33.01:405][715]LogTemp: Repeating last play command: New Editor Window (PIE)
[2018.08.04-21.33.01:424][715]LogBlueprintUserMessages: Early PlayInEditor Detection: Level '/Game/map/Maps/Tech_demo.Tech_demo:PersistentLevel' has LevelScriptBlueprint '/Game/map/Maps/Tech_demo.Tech_demo:PersistentLevel.Tech_demo' with GeneratedClass '/Game/map/Maps/Tech_demo.Tech_demo_C' with ClassGeneratedBy '/Game/map/Maps/Tech_demo.Tech_demo:PersistentLevel.Tech_demo'
[2018.08.04-21.33.01:424][715]LogPlayLevel: PlayLevel: No blueprints needed recompiling
[2018.08.04-21.33.01:424][715]PIE: New page: PIE session: Tech_demo (5 Ağu 2018 03:33:01)
[2018.08.04-21.33.01:424][715]LogPlayLevel: Creating play world package: /Game/map/Maps/UEDPIE_0_Tech_demo
[2018.08.04-21.33.01:432][715]LogPlayLevel: PIE: StaticDuplicateObject took: (0.007693s)
[2018.08.04-21.33.01:433][715]LogAIModule: Creating AISystem for world Tech_demo
[2018.08.04-21.33.01:433][715]LogPlayLevel: PIE: World Init took: (0.000884s)
[2018.08.04-21.33.01:433][715]LogPlayLevel: PIE: Created PIE world by copying editor world from /Game/map/Maps/Tech_demo.Tech_demo to /Game/map/Maps/UEDPIE_0_Tech_demo.Tech_demo (0.008791s)
[2018.08.04-21.33.01:453][715]LogInit: XAudio2 using 'Speakers (Realtek High Definition Audio)' : 2 channels at 48 kHz using 32 bits per sample (channel mask 0x3)
[2018.08.04-21.33.01:559][715]LogInit: FAudioDevice initialized.
[2018.08.04-21.33.01:611][715]LogLoad: Game class is 'ThirdPersonGameMode_C'
[2018.08.04-21.33.01:616][715]LogWorld: Bringing World /Game/map/Maps/UEDPIE_0_Tech_demo.Tech_demo up for play (max tick rate 60) at 2018.08.05-00.33.01
[2018.08.04-21.33.01:616][715]LogWorld: Bringing up level for play took: 0.004024
[2018.08.04-21.33.01:624][715]PIE: Play in editor start time for /Game/map/Maps/UEDPIE_0_Tech_demo -0,604
[2018.08.04-21.33.01:624][715]LogBlueprintUserMessages: Late PlayInEditor Detection: Level '/Game/map/Maps/Tech_demo.Tech_demo:PersistentLevel' has LevelScriptBlueprint '/Game/map/Maps/Tech_demo.Tech_demo:PersistentLevel.Tech_demo' with GeneratedClass '/Game/map/Maps/Tech_demo.Tech_demo_C' with ClassGeneratedBy '/Game/map/Maps/Tech_demo.Tech_demo:PersistentLevel.Tech_demo'
[2018.08.04-21.33.10:521][245]LogBlueprintUserMessages: Early EndPlayMap Detection: Level '/Game/map/Maps/Tech_demo.Tech_demo:PersistentLevel' has LevelScriptBlueprint '/Game/map/Maps/Tech_demo.Tech_demo:PersistentLevel.Tech_demo' with GeneratedClass '/Game/map/Maps/Tech_demo.Tech_demo_C' with ClassGeneratedBy '/Game/map/Maps/Tech_demo.Tech_demo:PersistentLevel.Tech_demo'
[2018.08.04-21.33.10:541][245]LogSlate: Window 'Am_i_Free Game Preview Standalone (64-bit/PCD3D_SM5)' being destroyed
[2018.08.04-21.33.10:579][245]LogBlueprintUserMessages: Late EndPlayMap Detection: Level '/Game/map/Maps/Tech_demo.Tech_demo:PersistentLevel' has LevelScriptBlueprint '/Game/map/Maps/Tech_demo.Tech_demo:PersistentLevel.Tech_demo' with GeneratedClass '/Game/map/Maps/Tech_demo.Tech_demo_C' with ClassGeneratedBy '/Game/map/Maps/Tech_demo.Tech_demo:PersistentLevel.Tech_demo'
[2018.08.04-21.33.14:238][461]LogEditorViewport: Clicking on Actor (LMB): door_C (door)
[2018.08.04-21.33.32:757][556]LogSlate: FSceneViewport::OnFocusLost() reason 0
[2018.08.04-21.33.33:124][578]LogTemp: Repeating last play command: New Editor Window (PIE)
[2018.08.04-21.33.33:144][578]LogBlueprintUserMessages: Early PlayInEditor Detection: Level '/Game/map/Maps/Tech_demo.Tech_demo:PersistentLevel' has LevelScriptBlueprint '/Game/map/Maps/Tech_demo.Tech_demo:PersistentLevel.Tech_demo' with GeneratedClass '/Game/map/Maps/Tech_demo.Tech_demo_C' with ClassGeneratedBy '/Game/map/Maps/Tech_demo.Tech_demo:PersistentLevel.Tech_demo'
[2018.08.04-21.33.33:144][578]LogPlayLevel: PlayLevel: No blueprints needed recompiling
[2018.08.04-21.33.33:145][578]PIE: New page: PIE session: Tech_demo (5 Ağu 2018 03:33:33)
[2018.08.04-21.33.33:145][578]LogPlayLevel: Creating play world package: /Game/map/Maps/UEDPIE_0_Tech_demo
[2018.08.04-21.33.33:152][578]LogPlayLevel: PIE: StaticDuplicateObject took: (0.006996s)
[2018.08.04-21.33.33:153][578]LogAIModule: Creating AISystem for world Tech_demo
[2018.08.04-21.33.33:153][578]LogPlayLevel: PIE: World Init took: (0.001275s)
[2018.08.04-21.33.33:153][578]LogPlayLevel: PIE: Created PIE world by copying editor world from /Game/map/Maps/Tech_demo.Tech_demo to /Game/map/Maps/UEDPIE_0_Tech_demo.Tech_demo (0.008510s)
[2018.08.04-21.33.33:170][578]LogInit: XAudio2 using 'Speakers (Realtek High Definition Audio)' : 2 channels at 48 kHz using 32 bits per sample (channel mask 0x3)
[2018.08.04-21.33.33:270][578]LogInit: FAudioDevice initialized.
[2018.08.04-21.33.33:322][578]LogLoad: Game class is 'ThirdPersonGameMode_C'
[2018.08.04-21.33.33:327][578]LogWorld: Bringing World /Game/map/Maps/UEDPIE_0_Tech_demo.Tech_demo up for play (max tick rate 60) at 2018.08.05-00.33.33
[2018.08.04-21.33.33:327][578]LogWorld: Bringing up level for play took: 0.005185
[2018.08.04-21.33.33:335][578]PIE: Play in editor start time for /Game/map/Maps/UEDPIE_0_Tech_demo 1,107
[2018.08.04-21.33.33:336][578]LogBlueprintUserMessages: Late PlayInEditor Detection: Level '/Game/map/Maps/Tech_demo.Tech_demo:PersistentLevel' has LevelScriptBlueprint '/Game/map/Maps/Tech_demo.Tech_demo:PersistentLevel.Tech_demo' with GeneratedClass '/Game/map/Maps/Tech_demo.Tech_demo_C' with ClassGeneratedBy '/Game/map/Maps/Tech_demo.Tech_demo:PersistentLevel.Tech_demo'
[2018.08.04-21.33.36:454][761]LogBlueprintUserMessages: Early EndPlayMap Detection: Level '/Game/map/Maps/Tech_demo.Tech_demo:PersistentLevel' has LevelScriptBlueprint '/Game/map/Maps/Tech_demo.Tech_demo:PersistentLevel.Tech_demo' with GeneratedClass '/Game/map/Maps/Tech_demo.Tech_demo_C' with ClassGeneratedBy '/Game/map/Maps/Tech_demo.Tech_demo:PersistentLevel.Tech_demo'
[2018.08.04-21.33.36:477][761]LogSlate: Window 'Am_i_Free Game Preview Standalone (64-bit/PCD3D_SM5)' being destroyed
[2018.08.04-21.33.36:509][761]LogBlueprintUserMessages: Late EndPlayMap Detection: Level '/Game/map/Maps/Tech_demo.Tech_demo:PersistentLevel' has LevelScriptBlueprint '/Game/map/Maps/Tech_demo.Tech_demo:PersistentLevel.Tech_demo' with GeneratedClass '/Game/map/Maps/Tech_demo.Tech_demo_C' with ClassGeneratedBy '/Game/map/Maps/Tech_demo.Tech_demo:PersistentLevel.Tech_demo'
[2018.08.04-21.33.38:597][882]LogEditorViewport: Clicking on Actor (LMB): StaticMeshActor (map_final_Plane_113)
[2018.08.04-21.33.40:687][988]LogEditorViewport: Clicking on Actor (LMB): StaticMeshActor (map_final_Plane_113)
[2018.08.04-21.33.40:790][993]LogEditorViewport: Clicking on Actor (double click): door_C (door)
[2018.08.04-21.33.42:264][ 77]LogEditorViewport: Clicking on Actor (LMB): StaticMeshActor (map_final_Plane_113)
[2018.08.04-21.33.42:829][106]LogEditorViewport: Clicking on Actor (LMB): StaticMeshActor (map_final_Plane_113)
[2018.08.04-21.33.44:592][209]LogEditorViewport: Clicking on Actor (LMB): door_C (door)
[2018.08.04-21.33.45:698][270]LogEditorViewport: Clicking on Actor (LMB): StaticMeshActor (map_final_Plane_113)
[2018.08.04-21.33.45:768][271]LogEditorViewport: Clicking on Component (LMB): StaticMeshComponent (StaticMeshComponent0)
[2018.08.04-21.33.46:380][305]LogEditorViewport: Clicking on Component (LMB): StaticMeshComponent (StaticMeshComponent0)
[2018.08.04-21.33.46:450][308]LogEditorViewport: Clicking on Actor (double click): StaticMeshActor (map_final_Plane_113)
[2018.08.04-21.33.47:531][371]LogEditorViewport: Clicking on Actor (LMB): StaticMeshActor (map_final_Plane_113)
[2018.08.04-21.33.48:045][401]LogEditorViewport: Clicking on Actor (LMB): StaticMeshActor (map_final_Plane_113)
[2018.08.04-21.33.48:126][405]LogEditorViewport: Clicking on Component (LMB): StaticMeshComponent (StaticMeshComponent0)
[2018.08.04-21.33.48:577][430]LogEditorViewport: Clicking on Component (LMB): StaticMeshComponent (StaticMeshComponent0)
[2018.08.04-21.33.48:821][444]LogEditorViewport: Clicking on Actor (double click): StaticMeshActor (map_final_Plane_113)
[2018.08.04-21.33.49:090][458]LogEditorViewport: Clicking on Actor (LMB): StaticMeshActor (map_final_Plane_113)
[2018.08.04-21.33.49:436][478]LogEditorViewport: Clicking on Actor (LMB): door_C (door)
[2018.08.04-21.33.49:489][479]LogEditorViewport: Clicking on Component (LMB): StaticMeshComponent (left)
[2018.08.04-21.33.50:198][519]LogEditorViewport: Clicking on Component (LMB): StaticMeshComponent (right)
[2018.08.04-21.33.51:133][572]LogEditorViewport: Clicking on Actor (LMB): StaticMeshActor (map_final_Plane_113)
[2018.08.04-21.33.53:637][718]LogSlate: FSceneViewport::OnFocusLost() reason 0
[2018.08.04-21.33.54:936][723]LogSlate: Window 'Save Content' being destroyed
[2018.08.04-21.33.55:048][723]LogSlate: Window 'Am_i_Free - Unreal Editor' being destroyed
[2018.08.04-21.33.55:291][724]Cmd: QUIT_EDITOR
[2018.08.04-21.33.56:022][724]LogWindowsTextInputMethodSystem: Display: IME system now deactivated.
[2018.08.04-21.33.56:039][724]LogSlate: Slate User Destroyed.  User Index 0, Is Virtual User: 0
[2018.08.04-21.33.56:040][724]LogExit: Preparing to exit.
[2018.08.04-21.33.56:442][724]LogDirectoryWatcher: A directory notification for 'C:/Users/Mahir/Documents/GitHub/VogsAmIFree/Content/' was aborted.
[2018.08.04-21.33.56:504][724]LogExit: Editor shut down
[2018.08.04-21.33.56:509][724]LogExit: Transaction tracking system shut down
[2018.08.04-21.33.56:510][724]LogUObjectGlobals: Destroyed PersistentFrame Addr=0x0000012f5f360ba0, Size=16
[2018.08.04-21.33.56:510][724]LogUObjectGlobals: Destroyed PersistentFrame Addr=0x0000012f51feee30, Size=72
[2018.08.04-21.33.56:511][724]LogUObjectGlobals: Destroyed PersistentFrame Addr=0x0000012f6fe29440, Size=272
[2018.08.04-21.33.56:511][724]LogUObjectGlobals: Destroyed PersistentFrame Addr=0x0000012f51ccf1c0, Size=192
[2018.08.04-21.33.56:511][724]LogUObjectGlobals: Destroyed PersistentFrame Addr=0x0000012f520028a0, Size=16
[2018.08.04-21.33.56:693][724]LogDirectoryWatcher: A directory notification for '../../../Engine/Content/' was aborted.
[2018.08.04-21.33.56:693][724]LogDirectoryWatcher: A directory notification for '../../../../../../Users/Mahir/Documents/GitHub/VogsAmIFree/Content/' was aborted.
[2018.08.04-21.33.56:693][724]LogDirectoryWatcher: A directory notification for '../../Plugins/2D/Paper2D/Content/' was aborted.
[2018.08.04-21.33.56:693][724]LogDirectoryWatcher: A directory notification for '../../Plugins/Enterprise/DatasmithContent/Content/' was aborted.
[2018.08.04-21.33.56:693][724]LogDirectoryWatcher: A directory notification for '../../Plugins/Media/MediaCompositing/Content/' was aborted.
[2018.08.04-21.33.56:693][724]LogDirectoryWatcher: A directory notification for '../../Plugins/Runtime/AppleARKit/Content/' was aborted.
[2018.08.04-21.33.56:694][724]LogDirectoryWatcher: A directory notification for '../../Plugins/Runtime/Oculus/OculusVR/Content/' was aborted.
[2018.08.04-21.33.56:694][724]LogDirectoryWatcher: A directory notification for '../../Plugins/Runtime/Steam/SteamVR/Content/' was aborted.
[2018.08.04-21.33.57:158][724]LogExit: Object subsystem successfully closed.
[2018.08.04-21.33.57:227][724]LogShaderCompilers: Display: Shaders left to compile 0
[2018.08.04-21.33.57:239][724]LogD3D11RHI: Shutdown
[2018.08.04-21.33.57:239][724]LogD3D11RHI: CleanupD3DDevice
[2018.08.04-21.33.57:243][724]LogD3D11RHI: ~FD3D11DynamicRHI
[2018.08.04-21.33.57:533][724]LogModuleManager: Shutting down and abandoning module MovieSceneCapture (576)
[2018.08.04-21.33.57:533][724]LogModuleManager: Shutting down and abandoning module HierarchicalLODOutliner (574)
[2018.08.04-21.33.57:533][724]LogModuleManager: Shutting down and abandoning module SceneOutliner (572)
[2018.08.04-21.33.57:533][724]LogModuleManager: Shutting down and abandoning module AddContentDialog (570)
[2018.08.04-21.33.57:534][724]LogDirectoryWatcher: A directory notification for 'C:/Program Files/Epic Games/UE_4.19/FeaturePacks/' was aborted.
[2018.08.04-21.33.57:535][724]LogModuleManager: Shutting down and abandoning module WidgetCarousel (569)
[2018.08.04-21.33.57:535][724]LogModuleManager: Shutting down and abandoning module EditorWidgets (566)
[2018.08.04-21.33.57:535][724]LogModuleManager: Shutting down and abandoning module CollectionManager (564)
[2018.08.04-21.33.57:536][724]LogDirectoryWatcher: A directory notification for 'C:/Users/Mahir/Documents/GitHub/VogsAmIFree/Content/Collections/' was aborted.
[2018.08.04-21.33.57:536][724]LogDirectoryWatcher: A directory notification for 'C:/Users/Mahir/Documents/GitHub/VogsAmIFree/Content/Developers/Mahir/Collections/' was aborted.
[2018.08.04-21.33.57:536][724]LogDirectoryWatcher: A directory notification for 'C:/Users/Mahir/Documents/GitHub/VogsAmIFree/Saved/Collections/' was aborted.
[2018.08.04-21.33.57:537][724]LogModuleManager: Shutting down and abandoning module StatsViewer (562)
[2018.08.04-21.33.57:537][724]LogModuleManager: Shutting down and abandoning module FoliageEdit (560)
[2018.08.04-21.33.57:537][724]LogModuleManager: Shutting down and abandoning module LandscapeEditor (558)
[2018.08.04-21.33.57:538][724]LogModuleManager: Shutting down and abandoning module MeshPaintMode (556)
[2018.08.04-21.33.57:538][724]LogModuleManager: Shutting down and abandoning module SceneDepthPickerMode (554)
[2018.08.04-21.33.57:538][724]LogModuleManager: Shutting down and abandoning module ActorPickerMode (552)
[2018.08.04-21.33.57:538][724]LogModuleManager: Shutting down and abandoning module GeometryMode (550)
[2018.08.04-21.33.57:539][724]LogModuleManager: Shutting down and abandoning module TextureAlignMode (548)
[2018.08.04-21.33.57:539][724]LogModuleManager: Shutting down and abandoning module BspMode (546)
[2018.08.04-21.33.57:539][724]LogModuleManager: Shutting down and abandoning module PIEPreviewDeviceProfileSelector (544)
[2018.08.04-21.33.57:539][724]LogModuleManager: Shutting down and abandoning module HardwareSurvey (542)
[2018.08.04-21.33.57:539][724]LogModuleManager: Shutting down and abandoning module SequenceRecorderSections (540)
[2018.08.04-21.33.57:540][724]LogModuleManager: Shutting down and abandoning module AutomationWorker (538)
[2018.08.04-21.33.57:540][724]LogModuleManager: Shutting down and abandoning module AudioCaptureEditor (536)
[2018.08.04-21.33.57:540][724]LogModuleManager: Shutting down and abandoning module SequenceRecorder (535)
[2018.08.04-21.33.57:540][724]LogModuleManager: Shutting down and abandoning module MatineeToLevelSequence (532)
[2018.08.04-21.33.57:540][724]LogModuleManager: Shutting down and abandoning module LevelSequenceEditor (530)
[2018.08.04-21.33.57:552][724]LogModuleManager: Shutting down and abandoning module PlacementMode (529)
[2018.08.04-21.33.57:553][724]LogModuleManager: Shutting down and abandoning module MaterialEditor (528)
[2018.08.04-21.33.57:578][724]LogModuleManager: Shutting down and abandoning module WmfMediaFactory (524)
[2018.08.04-21.33.57:578][724]LogModuleManager: Shutting down and abandoning module WmfMediaEditor (522)
[2018.08.04-21.33.57:578][724]LogModuleManager: Shutting down and abandoning module MediaPlayerEditor (520)
[2018.08.04-21.33.57:580][724]LogModuleManager: Shutting down and abandoning module OpenExrWrapper (518)
[2018.08.04-21.33.57:580][724]LogModuleManager: Shutting down and abandoning module ImgMediaFactory (516)
[2018.08.04-21.33.57:580][724]LogModuleManager: Shutting down and abandoning module ImgMediaEditor (514)
[2018.08.04-21.33.57:580][724]LogModuleManager: Shutting down and abandoning module AvfMediaFactory (512)
[2018.08.04-21.33.57:580][724]LogModuleManager: Shutting down and abandoning module AvfMediaEditor (510)
[2018.08.04-21.33.57:580][724]LogModuleManager: Shutting down and abandoning module AndroidMediaFactory (508)
[2018.08.04-21.33.57:580][724]LogModuleManager: Shutting down and abandoning module AndroidMediaEditor (506)
[2018.08.04-21.33.57:580][724]LogModuleManager: Shutting down and abandoning module CharacterAI (504)
[2018.08.04-21.33.57:580][724]LogModuleManager: Shutting down and abandoning module SmartSnapping (502)
[2018.08.04-21.33.57:580][724]LogModuleManager: Shutting down and abandoning module SessionServices (500)
[2018.08.04-21.33.57:580][724]LogModuleManager: Shutting down and abandoning module ViewportSnapping (498)
[2018.08.04-21.33.57:580][724]LogModuleManager: Shutting down and abandoning module ViewportInteraction (496)
[2018.08.04-21.33.57:580][724]LogModuleManager: Shutting down and abandoning module ClothPainter (494)
[2018.08.04-21.33.57:585][724]LogModuleManager: Shutting down and abandoning module SkeletalMeshEditor (493)
[2018.08.04-21.33.57:587][724]LogModuleManager: Shutting down and abandoning module LogVisualizer (490)
[2018.08.04-21.33.57:588][724]LogModuleManager: Shutting down and abandoning module IntroTutorials (488)
[2018.08.04-21.33.57:590][724]LogModuleManager: Shutting down and abandoning module GameProjectGeneration (487)
[2018.08.04-21.33.57:591][724]LogModuleManager: Shutting down and abandoning module IOSPlatformEditor (484)
[2018.08.04-21.33.57:592][724]LogModuleManager: Shutting down and abandoning module HTML5PlatformEditor (482)
[2018.08.04-21.33.57:592][724]LogModuleManager: Shutting down and abandoning module AndroidPlatformEditor (480)
[2018.08.04-21.33.57:592][724]LogModuleManager: Shutting down and abandoning module AndroidDeviceDetection (479)
[2018.08.04-21.33.58:017][724]LogModuleManager: Shutting down and abandoning module WindowsPlatformEditor (476)
[2018.08.04-21.33.58:017][724]LogModuleManager: Shutting down and abandoning module IOSRuntimeSettings (474)
[2018.08.04-21.33.58:017][724]LogModuleManager: Shutting down and abandoning module AndroidRuntimeSettings (472)
[2018.08.04-21.33.58:017][724]LogModuleManager: Shutting down and abandoning module InputBindingEditor (470)
[2018.08.04-21.33.58:018][724]LogModuleManager: Shutting down and abandoning module MergeActors (468)
[2018.08.04-21.33.58:019][724]LogModuleManager: Shutting down and abandoning module LocalizationDashboard (466)
[2018.08.04-21.33.58:021][724]LogModuleManager: Shutting down and abandoning module LocalizationService (465)
[2018.08.04-21.33.58:022][724]LogModuleManager: Shutting down and abandoning module HardwareTargeting (462)
[2018.08.04-21.33.58:022][724]LogModuleManager: Shutting down and abandoning module DeviceProfileEditor (460)
[2018.08.04-21.33.58:023][724]LogModuleManager: Shutting down and abandoning module UndoHistory (458)
[2018.08.04-21.33.58:023][724]LogModuleManager: Shutting down and abandoning module XmlParser (456)
[2018.08.04-21.33.58:023][724]LogModuleManager: Shutting down and abandoning module Blutility (454)
[2018.08.04-21.33.58:023][724]LogModuleManager: Shutting down and abandoning module ProjectSettingsViewer (452)
[2018.08.04-21.33.58:023][724]LogModuleManager: Shutting down and abandoning module ProjectTargetPlatformEditor (451)
[2018.08.04-21.33.58:023][724]LogModuleManager: Shutting down and abandoning module EditorSettingsViewer (448)
[2018.08.04-21.33.58:024][724]LogModuleManager: Shutting down and abandoning module SettingsEditor (446)
[2018.08.04-21.33.58:026][724]LogModuleManager: Shutting down and abandoning module ProjectLauncher (444)
[2018.08.04-21.33.58:041][724]LogModuleManager: Shutting down and abandoning module SessionFrontend (442)
[2018.08.04-21.33.58:041][724]LogModuleManager: Shutting down and abandoning module ProfilerClient (440)
[2018.08.04-21.33.58:052][724]LogModuleManager: Shutting down and abandoning module DeviceManager (438)
[2018.08.04-21.33.58:052][724]LogModuleManager: Shutting down and abandoning module TargetDeviceServices (437)
[2018.08.04-21.33.58:107][724]LogModuleManager: Shutting down and abandoning module AutomationController (434)
[2018.08.04-21.33.58:108][724]LogModuleManager: Shutting down and abandoning module AutomationWindow (432)
[2018.08.04-21.33.58:125][724]LogModuleManager: Shutting down and abandoning module Layers (430)
[2018.08.04-21.33.58:141][724]LogModuleManager: Shutting down and abandoning module ComponentVisualizers (428)
[2018.08.04-21.33.58:141][724]LogModuleManager: Shutting down and abandoning module DetailCustomizations (426)
[2018.08.04-21.33.58:141][724]LogModuleManager: Shutting down and abandoning module PackagesDialog (424)
[2018.08.04-21.33.58:141][724]LogModuleManager: Shutting down and abandoning module Persona (422)
[2018.08.04-21.33.58:149][724]LogModuleManager: Shutting down and abandoning module AdvancedPreviewScene (421)
[2018.08.04-21.33.58:149][724]LogModuleManager: Shutting down and abandoning module AnimGraph (419)
[2018.08.04-21.33.58:149][724]LogModuleManager: Shutting down and abandoning module Kismet (416)
[2018.08.04-21.33.58:150][724]LogModuleManager: Shutting down and abandoning module GraphEditor (414)
[2018.08.04-21.33.58:166][724]LogModuleManager: Shutting down and abandoning module ClassViewer (412)
[2018.08.04-21.33.58:166][724]LogModuleManager: Shutting down and abandoning module Toolbox (410)
[2018.08.04-21.33.58:166][724]LogModuleManager: Shutting down and abandoning module ModuleUI (408)
[2018.08.04-21.33.58:175][724]LogModuleManager: Shutting down and abandoning module MovieSceneTools (406)
[2018.08.04-21.33.58:177][724]LogModuleManager: Shutting down and abandoning module OutputLog (404)
[2018.08.04-21.33.58:177][724]LogModuleManager: Shutting down and abandoning module GammaUI (402)
[2018.08.04-21.33.58:177][724]LogModuleManager: Shutting down and abandoning module Documentation (400)
[2018.08.04-21.33.58:178][724]LogModuleManager: Shutting down and abandoning module MovieSceneTracks (398)
[2018.08.04-21.33.58:178][724]LogModuleManager: Shutting down and abandoning module MovieScene (396)
[2018.08.04-21.33.58:178][724]LogModuleManager: Shutting down and abandoning module StreamingPauseRendering (394)
[2018.08.04-21.33.58:178][724]LogModuleManager: Shutting down and abandoning module LauncherPlatform (392)
[2018.08.04-21.33.58:178][724]LogModuleManager: Shutting down and abandoning module AnalyticsET (390)
[2018.08.04-21.33.58:178][724]LogModuleManager: Shutting down and abandoning module PortalServices (388)
[2018.08.04-21.33.58:178][724]LogModuleManager: Shutting down and abandoning module PortalRpc (386)
[2018.08.04-21.33.58:178][724]LogModuleManager: Shutting down and abandoning module MessagingRpc (384)
[2018.08.04-21.33.58:178][724]LogModuleManager: Shutting down and abandoning module AIModule (382)
[2018.08.04-21.33.58:178][724]LogModuleManager: Shutting down and abandoning module GameplayDebugger (381)
[2018.08.04-21.33.58:178][724]LogModuleManager: Shutting down and abandoning module AITestSuite (379)
[2018.08.04-21.33.58:178][724]LogModuleManager: Shutting down and abandoning module DesktopPlatform (376)
[2018.08.04-21.33.58:178][724]LogModuleManager: Shutting down and abandoning module ProfilerService (374)
[2018.08.04-21.33.58:250][724]LogModuleManager: Shutting down and abandoning module TaskGraph (372)
[2018.08.04-21.33.58:251][724]LogModuleManager: Shutting down and abandoning module SteamVRController (370)
[2018.08.04-21.33.58:251][724]LogModuleManager: Shutting down and abandoning module ProceduralMeshComponentEditor (368)
[2018.08.04-21.33.58:251][724]LogModuleManager: Shutting down and abandoning module ProceduralMeshComponent (366)
[2018.08.04-21.33.58:252][724]LogModuleManager: Shutting down and abandoning module OculusInput (364)
[2018.08.04-21.33.58:252][724]LogModuleManager: Shutting down and abandoning module MobilePatchingUtils (362)
[2018.08.04-21.33.58:252][724]LogModuleManager: Shutting down and abandoning module CustomMeshComponent (360)
[2018.08.04-21.33.58:252][724]LogModuleManager: Shutting down and abandoning module CableComponent (358)
[2018.08.04-21.33.58:252][724]LogModuleManager: Shutting down and abandoning module AudioCapture (356)
[2018.08.04-21.33.58:252][724]LogModuleManager: Shutting down and abandoning module ArchVisCharacter (354)
[2018.08.04-21.33.58:252][724]LogModuleManager: Shutting down and abandoning module AndroidPermission (352)
[2018.08.04-21.33.58:252][724]LogModuleManager: Shutting down and abandoning module NUTUnrealEngine4 (348)
[2018.08.04-21.33.58:252][724]LogModuleManager: Shutting down and abandoning module NetcodeUnitTest (346)
[2018.08.04-21.33.58:254][724]LogModuleManager: Shutting down and abandoning module MediaCompositingEditor (344)
[2018.08.04-21.33.58:254][724]LogModuleManager: Shutting down and abandoning module MediaCompositing (342)
[2018.08.04-21.33.58:254][724]LogModuleManager: Shutting down and abandoning module LinearTimecode (340)
[2018.08.04-21.33.58:254][724]LogModuleManager: Shutting down and abandoning module ImgMedia (338)
[2018.08.04-21.33.58:258][724]LogModuleManager: Shutting down and abandoning module HTML5Networking (336)
[2018.08.04-21.33.58:258][724]LogModuleManager: Shutting down and abandoning module AlembicImporter (334)
[2018.08.04-21.33.58:270][724]LogModuleManager: Shutting down and abandoning module AlembicLibrary (333)
[2018.08.04-21.33.58:270][724]LogModuleManager: Shutting down and abandoning module GeometryCache (332)
[2018.08.04-21.33.58:270][724]LogModuleManager: Shutting down and abandoning module GeometryCacheEd (331)
[2018.08.04-21.33.58:270][724]LogModuleManager: Shutting down and abandoning module DatasmithContent (326)
[2018.08.04-21.33.58:270][724]LogModuleManager: Shutting down and abandoning module SpeedTreeImporter (324)
[2018.08.04-21.33.58:270][724]LogModuleManager: Shutting down and abandoning module PluginBrowser (322)
[2018.08.04-21.33.58:274][724]LogModuleManager: Shutting down and abandoning module MobileLauncherProfileWizard (320)
[2018.08.04-21.33.58:320][724]LogModuleManager: Shutting down and abandoning module CryptoKeysOpenSSL (318)
[2018.08.04-21.33.58:320][724]LogModuleManager: Shutting down and abandoning module CryptoKeys (316)
[2018.08.04-21.33.58:320][724]LogModuleManager: Shutting down and abandoning module VisualStudioSourceCodeAccess (314)
[2018.08.04-21.33.58:320][724]LogModuleManager: Shutting down and abandoning module VisualStudioCodeSourceCodeAccess (312)
[2018.08.04-21.33.58:320][724]LogModuleManager: Shutting down and abandoning module UObjectPlugin (310)
[2018.08.04-21.33.58:320][724]LogModuleManager: Shutting down and abandoning module SubversionSourceControl (308)
[2018.08.04-21.33.58:321][724]LogModuleManager: Shutting down and abandoning module PerforceSourceControl (306)
[2018.08.04-21.33.58:333][724]LogModuleManager: Shutting down and abandoning module GitSourceControl (304)
[2018.08.04-21.33.58:335][724]LogModuleManager: Shutting down and abandoning module SourceControl (303)
[2018.08.04-21.33.58:335][724]LogModuleManager: Shutting down and abandoning module CLionSourceCodeAccess (300)
[2018.08.04-21.33.58:336][724]LogModuleManager: Shutting down and abandoning module LightPropagationVolumeEditor (298)
[2018.08.04-21.33.58:336][724]LogModuleManager: Shutting down and abandoning module PaperTiledImporter (296)
[2018.08.04-21.33.58:336][724]LogModuleManager: Shutting down and abandoning module PaperSpriteSheetImporter (294)
[2018.08.04-21.33.58:336][724]LogModuleManager: Shutting down and abandoning module Paper2DEditor (292)
[2018.08.04-21.33.58:337][724]LogModuleManager: Shutting down and abandoning module MeshPaint (291)
[2018.08.04-21.33.58:337][724]LogModuleManager: Shutting down and abandoning module RuntimePhysXCooking (288)
[2018.08.04-21.33.58:337][724]LogModuleManager: Shutting down and abandoning module PhysXVehiclesEditor (286)
[2018.08.04-21.33.58:337][724]LogModuleManager: Shutting down and abandoning module PhysXVehicles (284)
[2018.08.04-21.33.58:337][724]LogModuleManager: Shutting down and abandoning module OculusEditor (282)
[2018.08.04-21.33.58:337][724]LogModuleManager: Shutting down and abandoning module LocationServicesBPLibrary (280)
[2018.08.04-21.33.58:337][724]LogModuleManager: Shutting down and abandoning module ImmediatePhysicsEditor (278)
[2018.08.04-21.33.58:337][724]LogModuleManager: Shutting down and abandoning module ImmediatePhysics (276)
[2018.08.04-21.33.58:338][724]LogModuleManager: Shutting down and abandoning module ActorSequence (274)
[2018.08.04-21.33.58:338][724]LogModuleManager: Shutting down and abandoning module UdpMessaging (272)
[2018.08.04-21.33.58:438][724]LogModuleManager: Shutting down and abandoning module TcpMessaging (270)
[2018.08.04-21.33.58:540][724]LogModuleManager: Shutting down and abandoning module GameplayTagsEditor (268)
[2018.08.04-21.33.58:541][724]LogModuleManager: Shutting down and abandoning module FacialAnimationEditor (266)
[2018.08.04-21.33.58:541][724]LogModuleManager: Shutting down and abandoning module FacialAnimation (264)
[2018.08.04-21.33.58:541][724]LogModuleManager: Shutting down and abandoning module DataValidation (262)
[2018.08.04-21.33.58:541][724]LogModuleManager: Shutting down and abandoning module AssetManagerEditor (260)
[2018.08.04-21.33.58:542][724]LogModuleManager: Shutting down and abandoning module LevelEditor (259)
[2018.08.04-21.33.58:543][724]LogModuleManager: Shutting down and abandoning module PixelInspectorModule (258)
[2018.08.04-21.33.58:543][724]LogModuleManager: Shutting down and abandoning module CommonMenuExtensions (256)
[2018.08.04-21.33.58:544][724]LogModuleManager: Shutting down and abandoning module MainFrame (254)
[2018.08.04-21.33.58:544][724]LogModuleManager: Shutting down and abandoning module HotReload (253)
[2018.08.04-21.33.58:545][724]LogModuleManager: Shutting down and abandoning module ContentBrowser (249)
[2018.08.04-21.33.58:546][724]LogModuleManager: Shutting down and abandoning module TreeMap (247)
[2018.08.04-21.33.58:546][724]LogModuleManager: Shutting down and abandoning module LightPropagationVolumeRuntime (244)
[2018.08.04-21.33.58:546][724]LogModuleManager: Shutting down and abandoning module LiveLinkEditor (242)
[2018.08.04-21.33.58:547][724]LogModuleManager: Shutting down and abandoning module LiveLink (240)
[2018.08.04-21.33.59:473][724]LogModuleManager: Shutting down and abandoning module Paper2D (238)
[2018.08.04-21.33.59:474][724]LogModuleManager: Shutting down and abandoning module WindowsMoviePlayer (236)
[2018.08.04-21.33.59:475][724]LogModuleManager: Shutting down and abandoning module WmfMedia (234)
[2018.08.04-21.33.59:496][724]LogModuleManager: Shutting down and abandoning module Media (233)
[2018.08.04-21.33.59:503][724]LogModuleManager: Shutting down and abandoning module PacketHandler (230)
[2018.08.04-21.33.59:503][724]LogModuleManager: Shutting down and abandoning module ClothingSystemEditor (228)
[2018.08.04-21.33.59:503][724]LogModuleManager: Shutting down and abandoning module ClothingSystemRuntime (226)
[2018.08.04-21.33.59:515][724]LogModuleManager: Shutting down and abandoning module MediaAssets (224)
[2018.08.04-21.33.59:515][724]LogModuleManager: Shutting down and abandoning module Overlay (222)
[2018.08.04-21.33.59:515][724]LogModuleManager: Shutting down and abandoning module OverlayEditor (221)
[2018.08.04-21.33.59:515][724]LogModuleManager: Shutting down and abandoning module VREditor (218)
[2018.08.04-21.33.59:517][724]LogModuleManager: Shutting down and abandoning module StringTableEditor (216)
[2018.08.04-21.33.59:517][724]LogModuleManager: Shutting down and abandoning module GameplayTasksEditor (214)
[2018.08.04-21.33.59:517][724]LogModuleManager: Shutting down and abandoning module BehaviorTreeEditor (212)
[2018.08.04-21.33.59:536][724]LogModuleManager: Shutting down and abandoning module FunctionalTesting (210)
[2018.08.04-21.33.59:537][724]LogModuleManager: Shutting down and abandoning module CollisionAnalyzer (208)
[2018.08.04-21.33.59:538][724]LogModuleManager: Shutting down and abandoning module WorkspaceMenuStructure (207)
[2018.08.04-21.33.59:538][724]LogModuleManager: Shutting down and abandoning module UMG (204)
[2018.08.04-21.33.59:539][724]LogModuleManager: Shutting down and abandoning module UMGEditor (203)
[2018.08.04-21.33.59:547][724]LogModuleManager: Shutting down and abandoning module Sequencer (202)
[2018.08.04-21.33.59:549][724]LogModuleManager: Shutting down and abandoning module MessageLog (199)
[2018.08.04-21.33.59:550][724]LogModuleManager: Shutting down and abandoning module SlateReflector (194)
[2018.08.04-21.33.59:555][724]LogModuleManager: Shutting down and abandoning module Slate (192)
[2018.08.04-21.33.59:555][724]LogModuleManager: Shutting down and abandoning module EditorStyle (190)
[2018.08.04-21.33.59:557][724]LogModuleManager: Shutting down and abandoning module MRMesh (188)
[2018.08.04-21.33.59:557][724]LogModuleManager: Shutting down and abandoning module SourceCodeAccess (186)
[2018.08.04-21.33.59:557][724]LogModuleManager: Shutting down and abandoning module HeadMountedDisplay (184)
[2018.08.04-21.33.59:557][724]LogModuleManager: Shutting down and abandoning module XAudio2 (182)
[2018.08.04-21.33.59:557][724]LogModuleManager: Shutting down and abandoning module Networking (180)
[2018.08.04-21.33.59:557][724]LogModuleManager: Shutting down and abandoning module Core (178)
[2018.08.04-21.33.59:557][724]LogModuleManager: Shutting down and abandoning module LevelSequence (176)
[2018.08.04-21.33.59:558][724]LogModuleManager: Shutting down and abandoning module KismetCompiler (174)
[2018.08.04-21.33.59:558][724]LogModuleManager: Shutting down and abandoning module MeshUtilities (172)
[2018.08.04-21.33.59:558][724]LogModuleManager: Shutting down and abandoning module MeshMergeUtilities (171)
[2018.08.04-21.33.59:558][724]LogModuleManager: Shutting down and abandoning module MeshReductionInterface (170)
[2018.08.04-21.33.59:558][724]LogModuleManager: Shutting down and abandoning module SimplygonSwarm (169)
[2018.08.04-21.33.59:564][724]LogModuleManager: Shutting down and abandoning module SimplygonMeshReduction (167)
[2018.08.04-21.33.59:565][724]LogModuleManager: Shutting down and abandoning module QuadricMeshReduction (165)
[2018.08.04-21.33.59:565][724]LogModuleManager: Shutting down and abandoning module MaterialBaking (161)
[2018.08.04-21.33.59:566][724]LogModuleManager: Shutting down and abandoning module DirectoryWatcher (157)
[2018.08.04-21.33.59:566][724]LogModuleManager: Shutting down and abandoning module DerivedDataCache (154)
[2018.08.04-21.33.59:605][724]LogDerivedDataCache: Shutdown
[2018.08.04-21.33.59:605][724]LogModuleManager: Shutting down and abandoning module XGEController (152)
[2018.08.04-21.33.59:605][724]LogXGEController: Cleaning working directory: C:/Users/Mahir/AppData/Local/Temp/UnrealXGEWorkingDir/
[2018.08.04-21.33.59:606][724]LogModuleManager: Shutting down and abandoning module TargetPlatform (150)
[2018.08.04-21.33.59:606][724]LogModuleManager: Shutting down and abandoning module VulkanShaderFormat (149)
[2018.08.04-21.33.59:606][724]LogModuleManager: Shutting down and abandoning module ShaderFormatVectorVM (147)
[2018.08.04-21.33.59:606][724]LogModuleManager: Shutting down and abandoning module ShaderFormatOpenGL (145)
[2018.08.04-21.33.59:614][724]LogModuleManager: Shutting down and abandoning module ShaderFormatD3D (143)
[2018.08.04-21.33.59:615][724]LogModuleManager: Shutting down and abandoning module MetalShaderFormat (141)
[2018.08.04-21.33.59:616][724]LogModuleManager: Shutting down and abandoning module TextureFormatUncompressed (139)
[2018.08.04-21.33.59:616][724]LogModuleManager: Shutting down and abandoning module TextureFormatPVR (137)
[2018.08.04-21.33.59:616][724]LogModuleManager: Shutting down and abandoning module TextureFormatDXT (135)
[2018.08.04-21.33.59:616][724]LogModuleManager: Shutting down and abandoning module TextureFormatIntelISPCTexComp (133)
[2018.08.04-21.33.59:617][724]LogModuleManager: Shutting down and abandoning module TextureFormatASTC (131)
[2018.08.04-21.33.59:617][724]LogModuleManager: Shutting down and abandoning module ImageWrapper (130)
[2018.08.04-21.33.59:617][724]LogModuleManager: Shutting down and abandoning module TextureFormatAndroid (127)
[2018.08.04-21.33.59:617][724]LogModuleManager: Shutting down and abandoning module AudioFormatOpus (125)
[2018.08.04-21.33.59:617][724]LogModuleManager: Shutting down and abandoning module AudioFormatOgg (123)
[2018.08.04-21.33.59:617][724]LogModuleManager: Shutting down and abandoning module AudioFormatADPCM (121)
[2018.08.04-21.33.59:617][724]LogModuleManager: Shutting down and abandoning module LinuxTargetPlatform (119)
[2018.08.04-21.33.59:617][724]LogModuleManager: Shutting down and abandoning module LinuxServerTargetPlatform (117)
[2018.08.04-21.33.59:617][724]LogModuleManager: Shutting down and abandoning module LinuxNoEditorTargetPlatform (115)
[2018.08.04-21.33.59:617][724]LogModuleManager: Shutting down and abandoning module LinuxClientTargetPlatform (113)
[2018.08.04-21.33.59:617][724]LogModuleManager: Shutting down and abandoning module TVOSTargetPlatform (111)
[2018.08.04-21.33.59:617][724]LogModuleManager: Shutting down and abandoning module Messaging (109)
[2018.08.04-21.33.59:617][724]LogModuleManager: Shutting down and abandoning module IOSTargetPlatform (107)
[2018.08.04-21.33.59:617][724]LogModuleManager: Shutting down and abandoning module HTML5TargetPlatform (105)
[2018.08.04-21.33.59:617][724]LogModuleManager: Shutting down and abandoning module AndroidTargetPlatform (103)
[2018.08.04-21.33.59:617][724]LogModuleManager: Shutting down and abandoning module Android_PVRTCTargetPlatform (101)
[2018.08.04-21.33.59:617][724]LogModuleManager: Shutting down and abandoning module Android_MultiTargetPlatform (99)
[2018.08.04-21.33.59:617][724]LogModuleManager: Shutting down and abandoning module Android_ETC2TargetPlatform (97)
[2018.08.04-21.33.59:617][724]LogModuleManager: Shutting down and abandoning module Android_ETC1TargetPlatform (95)
[2018.08.04-21.33.59:617][724]LogModuleManager: Shutting down and abandoning module Android_ETC1aTargetPlatform (93)
[2018.08.04-21.33.59:617][724]LogModuleManager: Shutting down and abandoning module Android_DXTTargetPlatform (91)
[2018.08.04-21.33.59:617][724]LogModuleManager: Shutting down and abandoning module Android_ATCTargetPlatform (89)
[2018.08.04-21.33.59:617][724]LogModuleManager: Shutting down and abandoning module Android_ASTCTargetPlatform (87)
[2018.08.04-21.33.59:617][724]LogModuleManager: Shutting down and abandoning module WindowsTargetPlatform (85)
[2018.08.04-21.33.59:617][724]LogModuleManager: Shutting down and abandoning module WindowsServerTargetPlatform (83)
[2018.08.04-21.33.59:617][724]LogModuleManager: Shutting down and abandoning module WindowsNoEditorTargetPlatform (81)
[2018.08.04-21.33.59:617][724]LogModuleManager: Shutting down and abandoning module WindowsClientTargetPlatform (79)
[2018.08.04-21.33.59:617][724]LogModuleManager: Shutting down and abandoning module MacTargetPlatform (77)
[2018.08.04-21.33.59:617][724]LogModuleManager: Shutting down and abandoning module MacServerTargetPlatform (75)
[2018.08.04-21.33.59:617][724]LogModuleManager: Shutting down and abandoning module MacNoEditorTargetPlatform (73)
[2018.08.04-21.33.59:617][724]LogModuleManager: Shutting down and abandoning module MacClientTargetPlatform (71)
[2018.08.04-21.33.59:618][724]LogModuleManager: Shutting down and abandoning module AllDesktopTargetPlatform (69)
[2018.08.04-21.33.59:618][724]LogModuleManager: Shutting down and abandoning module InputCore (66)
[2018.08.04-21.33.59:618][724]LogModuleManager: Shutting down and abandoning module Settings (64)
[2018.08.04-21.33.59:618][724]LogModuleManager: Shutting down and abandoning module PhysXCooking (62)
[2018.08.04-21.33.59:618][724]LogModuleManager: Shutting down and abandoning module SteamVR (60)
[2018.08.04-21.33.59:618][724]LogModuleManager: Shutting down and abandoning module OculusHMD (58)
[2018.08.04-21.33.59:619][724]LogModuleManager: Shutting down and abandoning module ExampleDeviceProfileSelector (56)
[2018.08.04-21.33.59:619][724]LogModuleManager: Shutting down and abandoning module AppleARKit (54)
[2018.08.04-21.33.59:619][724]LogModuleManager: Shutting down and abandoning module AugmentedReality (51)
[2018.08.04-21.33.59:619][724]LogModuleManager: Shutting down and abandoning module OnlineBlueprintSupport (48)
[2018.08.04-21.33.59:619][724]LogModuleManager: Shutting down and abandoning module OnlineSubsystem (44)
[2018.08.04-21.33.59:620][724]LogModuleManager: Shutting down and abandoning module XMPP (43)
[2018.08.04-21.33.59:632][724]LogModuleManager: Shutting down and abandoning module HTTP (41)
[2018.08.04-21.33.59:644][724]LogHttp: Display: Http module shutting down, but needs to wait on 1 outstanding Http requests:
[2018.08.04-21.33.59:645][724]LogHttp: Display: 	verb=[POST] url=[https://datarouter.ol.epicgames.com/datarouter/api/v1/public/data?SessionID=%7B29CDAE86-4B16-8624-8BF7-A8A5ACB63214%7D&AppID=UEEditor.Rocket.Release&AppVersion=4.19.2-4033788%2B%2B%2BUE4%2BRelease-4.19&UserID=36145e174824619cf0b45995741cfa7b%7Cc3573e5ff121410290334b7240a91567%7C1ee15df6-40f1-430f-a219-23c610ccec1a&AppEnvironment=datacollector-binary&UploadType=eteventstream] status=Processing
[2018.08.04-21.33.59:652][724]LogModuleManager: Shutting down and abandoning module SSL (40)
[2018.08.04-21.33.59:660][724]LogModuleManager: Shutting down and abandoning module AnimationModifiers (36)
[2018.08.04-21.33.59:665][724]LogModuleManager: Shutting down and abandoning module PropertyEditor (35)
[2018.08.04-21.33.59:678][724]LogModuleManager: Shutting down and abandoning module AudioEditor (32)
[2018.08.04-21.33.59:680][724]LogModuleManager: Shutting down and abandoning module TextureCompressor (30)
[2018.08.04-21.33.59:700][724]LogModuleManager: Shutting down and abandoning module ShaderCore (28)
[2018.08.04-21.33.59:700][724]LogModuleManager: Shutting down and abandoning module Landscape (26)
[2018.08.04-21.33.59:700][724]LogModuleManager: Shutting down and abandoning module SlateRHIRenderer (24)
[2018.08.04-21.33.59:701][724]LogModuleManager: Shutting down and abandoning module OpenGLDrv (22)
[2018.08.04-21.33.59:713][724]LogModuleManager: Shutting down and abandoning module D3D11RHI (20)
[2018.08.04-21.33.59:713][724]LogModuleManager: Shutting down and abandoning module AnimGraphRuntime (18)
[2018.08.04-21.33.59:713][724]LogModuleManager: Shutting down and abandoning module Renderer (16)
[2018.08.04-21.33.59:713][724]LogModuleManager: Shutting down and abandoning module Engine (14)
[2018.08.04-21.33.59:713][724]LogModuleManager: Shutting down and abandoning module CoreUObject (12)
[2018.08.04-21.33.59:714][724]LogModuleManager: Shutting down and abandoning module NetworkFile (10)
[2018.08.04-21.33.59:715][724]LogModuleManager: Shutting down and abandoning module CookedIterativeFile (8)
[2018.08.04-21.33.59:715][724]LogModuleManager: Shutting down and abandoning module StreamingFile (6)
[2018.08.04-21.33.59:715][724]LogModuleManager: Shutting down and abandoning module SandboxFile (4)
[2018.08.04-21.33.59:715][724]LogModuleManager: Shutting down and abandoning module PakFile (2)
[2018.08.04-21.33.59:734][724]LogExit: Exiting.
[2018.08.04-21.33.59:756][724]Log file closed, 08/05/18 00:33:59
